#
# There is insufficient memory for the Java Runtime Environment to continue.
# Native memory allocation (mmap) failed to map 141557760 bytes for committing reserved memory.
# Possible reasons:
#   The system is out of physical RAM or swap space
#   The process is running with CompressedOops enabled, and the Java Heap may be blocking the growth of the native heap
# Possible solutions:
#   Reduce memory load on the system
#   Increase physical memory or swap space
#   Check if swap backing store is full
#   Decrease Java heap size (-Xmx/-Xms)
#   Decrease number of Java threads
#   Decrease Java thread stack sizes (-Xss)
#   Set larger code cache with -XX:ReservedCodeCacheSize=
#   JVM is running with Unscaled Compressed Oops mode in which the Java heap is
#     placed in the first 4GB address space. The Java Heap base address is the
#     maximum limit for the native heap growth. Please use -XX:HeapBaseMinAddress
#     to set the Java Heap base and to place the Java Heap above 4GB virtual address.
# This output file may be truncated or incomplete.
#
#  Out of Memory Error (os_linux.cpp:2754), pid=19630, tid=0x00007f2848dfd700
#
# JRE version: OpenJDK Runtime Environment (8.0_242) (build 1.8.0_242-release-1644-b3-6222593)
# Java VM: OpenJDK 64-Bit Server VM (25.242-b3-6222593 mixed mode linux-amd64 compressed oops)
# Failed to write core dump. Core dumps have been disabled. To enable core dumping, try "ulimit -c unlimited" before starting Java again
#

---------------  T H R E A D  ---------------

Current thread (0x00007f286c078800):  VMThread [stack: 0x00007f2848cfd000,0x00007f2848dfe000] [id=19638]

Stack: [0x00007f2848cfd000,0x00007f2848dfe000],  sp=0x00007f2848dfc4a0,  free space=1021k
Native frames: (J=compiled Java code, j=interpreted, Vv=VM code, C=native code)
V  [libjvm.so+0xa1317d]  VMError::report_and_die()+0x15d
V  [libjvm.so+0x4d7bca]  report_vm_out_of_memory(char const*, int, unsigned long, VMErrorType, char const*)+0x8a
V  [libjvm.so+0x878fb8]  os::pd_commit_memory(char*, unsigned long, unsigned long, bool)+0xd8
V  [libjvm.so+0x87088f]  os::commit_memory(char*, unsigned long, unsigned long, bool)+0x1f
V  [libjvm.so+0x8ea5fb]  PSVirtualSpace::expand_by(unsigned long)+0x5b
V  [libjvm.so+0x8eb250]  PSYoungGen::resize_generation(unsigned long, unsigned long)+0xb0
V  [libjvm.so+0x8eb56b]  PSYoungGen::resize(unsigned long, unsigned long)+0x1b
V  [libjvm.so+0x8e7cc8]  PSScavenge::invoke_no_policy()+0xdb8
V  [libjvm.so+0x8e17a0]  PSParallelCompact::invoke(bool)+0x40
V  [libjvm.so+0x464503]  CollectedHeap::collect_as_vm_thread(GCCause::Cause)+0x143
V  [libjvm.so+0xa14641]  VM_CollectForMetadataAllocation::doit()+0x141
V  [libjvm.so+0xa191b7]  VM_Operation::evaluate()+0x47
V  [libjvm.so+0xa17b98]  VMThread::evaluate_operation(VM_Operation*)+0x218
V  [libjvm.so+0xa17ff9]  VMThread::loop()+0x219
V  [libjvm.so+0xa18453]  VMThread::run()+0x83
V  [libjvm.so+0x8760c2]  java_start(Thread*)+0xf2

VM_Operation (0x00007f281b7f0240): CollectForMetadataAllocation, mode: safepoint, requested by thread 0x00007f281000a800


---------------  P R O C E S S  ---------------

Java Threads: ( => current thread )
  0x00007f27fc271000 JavaThread "Cache worker for file hash cache (/home/quadkastpc/Documents/Workspace/Andriod Projects/FCM-Sender-Kotlin/.gradle/5.6.4/fileHashes)" [_thread_blocked, id=19672, stack(0x00007f281abf4000,0x00007f281acf5000)]
  0x00007f27fc140000 JavaThread "Cache worker for journal cache (/home/quadkastpc/.gradle/caches/journal-1)" [_thread_blocked, id=19667, stack(0x00007f281b0f5000,0x00007f281b1f6000)]
  0x00007f27fc13d800 JavaThread "File lock request listener" [_thread_in_native, id=19666, stack(0x00007f281b1f6000,0x00007f281b2f7000)]
  0x00007f27fc137800 JavaThread "Cache worker for file hash cache (/home/quadkastpc/.gradle/caches/5.6.4/fileHashes)" [_thread_blocked, id=19665, stack(0x00007f281b2f7000,0x00007f281b3f8000)]
  0x00007f27fc011000 JavaThread "Thread-9" [_thread_blocked, id=19664, stack(0x00007f281b3f8000,0x00007f281b4f9000)]
  0x00007f27fc00a800 JavaThread "Stdin handler" [_thread_blocked, id=19663, stack(0x00007f281b4f9000,0x00007f281b5fa000)]
  0x00007f27fc008800 JavaThread "Asynchronous log dispatcher for DefaultDaemonConnection: socket connection from /127.0.0.1:39677 to /127.0.0.1:47648" [_thread_blocked, id=19662, stack(0x00007f281b5fa000,0x00007f281b6fb000)]
  0x00007f281000a800 JavaThread "Daemon worker" [_thread_blocked, id=19659, stack(0x00007f281b6fb000,0x00007f281b7fc000)]
  0x00007f2810008800 JavaThread "Cancel handler" [_thread_blocked, id=19658, stack(0x00007f281b7fc000,0x00007f281b8fd000)]
  0x00007f2810003800 JavaThread "Handler for socket connection from /127.0.0.1:39677 to /127.0.0.1:47648" [_thread_in_native, id=19657, stack(0x00007f281bafd000,0x00007f281bbfe000)]
  0x00007f286d1fe800 JavaThread "Daemon periodic checks" [_thread_blocked, id=19656, stack(0x00007f281bbfe000,0x00007f281bcff000)]
  0x00007f281402b000 JavaThread "Daemon" [_thread_blocked, id=19655, stack(0x00007f281bcff000,0x00007f281be00000)]
  0x00007f286d1e0800 JavaThread "Incoming local TCP Connector on port 39677" [_thread_in_native, id=19654, stack(0x00007f28200e5000,0x00007f28201e6000)]
  0x00007f286c547800 JavaThread "Daemon health stats" [_thread_blocked, id=19652, stack(0x00007f28201eb000,0x00007f28202ec000)]
  0x00007f286c0c9000 JavaThread "Service Thread" daemon [_thread_blocked, id=19645, stack(0x00007f284831e000,0x00007f284841f000)]
  0x00007f286c0bd800 JavaThread "C1 CompilerThread2" daemon [_thread_blocked, id=19644, stack(0x00007f284841f000,0x00007f2848520000)]
  0x00007f286c0bc000 JavaThread "C2 CompilerThread1" daemon [_thread_blocked, id=19643, stack(0x00007f2848520000,0x00007f2848621000)]
  0x00007f286c0b9000 JavaThread "C2 CompilerThread0" daemon [_thread_blocked, id=19642, stack(0x00007f2848621000,0x00007f2848722000)]
  0x00007f286c0b7800 JavaThread "Signal Dispatcher" daemon [_thread_blocked, id=19641, stack(0x00007f2848722000,0x00007f2848823000)]
  0x00007f286c087000 JavaThread "Finalizer" daemon [_thread_blocked, id=19640, stack(0x00007f2848afb000,0x00007f2848bfc000)]
  0x00007f286c082000 JavaThread "Reference Handler" daemon [_thread_blocked, id=19639, stack(0x00007f2848bfc000,0x00007f2848cfd000)]
  0x00007f286c00b000 JavaThread "main" [_thread_blocked, id=19633, stack(0x00007f2873c40000,0x00007f2873d41000)]

Other Threads:
=>0x00007f286c078800 VMThread [stack: 0x00007f2848cfd000,0x00007f2848dfe000] [id=19638]
  0x00007f286c0cb800 WatcherThread [stack: 0x00007f284821d000,0x00007f284831e000] [id=19646]

VM state:at safepoint (normal execution)

VM Mutex/Monitor currently owned by a thread:  ([mutex/lock_event])
[0x00007f286c0072f0] Threads_lock - owner thread: 0x00007f286c078800
[0x00007f286c0077f0] Heap_lock - owner thread: 0x00007f281000a800

heap address: 0x00000000a0000000, size: 1536 MB, Compressed Oops mode: 32-bit
Narrow klass base: 0x0000000000000000, Narrow klass shift: 3
Compressed class space size: 1073741824 Address: 0x0000000100000000

Heap:
 PSYoungGen      total 128000K, used 5108K [0x00000000e0000000, 0x00000000e8200000, 0x0000000100000000)
  eden space 122880K, 0% used [0x00000000e0000000,0x00000000e0000000,0x00000000e7800000)
  from space 5120K, 99% used [0x00000000e7800000,0x00000000e7cfd050,0x00000000e7d00000)
  to   space 5120K, 0% used [0x00000000e7d00000,0x00000000e7d00000,0x00000000e8200000)
 ParOldGen       total 81920K, used 12290K [0x00000000a0000000, 0x00000000a5000000, 0x00000000e0000000)
  object space 81920K, 15% used [0x00000000a0000000,0x00000000a0c00ae8,0x00000000a5000000)
 Metaspace       used 20538K, capacity 21074K, committed 21296K, reserved 1067008K
  class space    used 2985K, capacity 3174K, committed 3200K, reserved 1048576K

Card table byte_map: [0x00007f2871211000,0x00007f2871512000] byte_map_base: 0x00007f2870d11000

Marking Bits: (ParMarkBitMap*) 0x00007f28733387e0
 Begin Bits: [0x00007f2849000000, 0x00007f284a800000)
 End Bits:   [0x00007f284a800000, 0x00007f284c000000)

Polling page: 0x00007f2873d66000

CodeCache: size=245760Kb used=6025Kb max_used=6039Kb free=239734Kb
 bounds [0x00007f285d000000, 0x00007f285d5f0000, 0x00007f286c000000]
 total_blobs=2200 nmethods=1794 adapters=320
 compilation: enabled

Compilation events (10 events):
Event: 7.892 Thread 0x00007f286c0bc000 nmethod 1796 0x00007f285d5db7d0 code [0x00007f285d5db940, 0x00007f285d5dbed8]
Event: 7.910 Thread 0x00007f286c0bd800 1799  s!   2       sun.misc.URLClassPath::getLoader (243 bytes)
Event: 7.911 Thread 0x00007f286c0bc000 1798  s    4       sun.misc.URLClassPath::getNextLoader (88 bytes)
Event: 7.914 Thread 0x00007f286c0bd800 nmethod 1799 0x00007f285d5dc450 code [0x00007f285d5dc740, 0x00007f285d5dde38]
Event: 7.919 Thread 0x00007f286c0bd800 1801       3       org.codehaus.groovy.reflection.GeneratedMetaMethod$DgmMethodRecord::<init> (5 bytes)
Event: 7.919 Thread 0x00007f286c0bd800 nmethod 1801 0x00007f285d5d5f10 code [0x00007f285d5d6080, 0x00007f285d5d6230]
Event: 7.936 Thread 0x00007f286c0b9000 

Event: 7.936 Thread 0x00007f286c0b9000 1802  s    4       java.io.BufferedInputStream::read (113 bytes)
Event: 7.959 Thread 0x00007f286c0b9000 nmethod 1802 0x00007f285d5e8f10 code [0x00007f285d5e90c0, 0x00007f285d5e9ed0]
Event: 7.960 Thread 0x00007f286c0b9000 1800       4       java.io.DataInputStream::readUTF (501 bytes)

GC Heap History (9 events):
Event: 1.428 GC heap before
{Heap before GC invocations=1 (full 0):
 PSYoungGen      total 35840K, used 30720K [0x00000000e0000000, 0x00000000e2800000, 0x0000000100000000)
  eden space 30720K, 100% used [0x00000000e0000000,0x00000000e1e00000,0x00000000e1e00000)
  from space 5120K, 0% used [0x00000000e2300000,0x00000000e2300000,0x00000000e2800000)
  to   space 5120K, 0% used [0x00000000e1e00000,0x00000000e1e00000,0x00000000e2300000)
 ParOldGen       total 81920K, used 0K [0x00000000a0000000, 0x00000000a5000000, 0x00000000e0000000)
  object space 81920K, 0% used [0x00000000a0000000,0x00000000a0000000,0x00000000a5000000)
 Metaspace       used 7042K, capacity 7272K, committed 7424K, reserved 1056768K
  class space    used 862K, capacity 940K, committed 1024K, reserved 1048576K
Event: 1.447 GC heap after
Heap after GC invocations=1 (full 0):
 PSYoungGen      total 35840K, used 4182K [0x00000000e0000000, 0x00000000e4600000, 0x0000000100000000)
  eden space 30720K, 0% used [0x00000000e0000000,0x00000000e0000000,0x00000000e1e00000)
  from space 5120K, 81% used [0x00000000e1e00000,0x00000000e22159f0,0x00000000e2300000)
  to   space 5120K, 0% used [0x00000000e4100000,0x00000000e4100000,0x00000000e4600000)
 ParOldGen       total 81920K, used 8K [0x00000000a0000000, 0x00000000a5000000, 0x00000000e0000000)
  object space 81920K, 0% used [0x00000000a0000000,0x00000000a0002000,0x00000000a5000000)
 Metaspace       used 7042K, capacity 7272K, committed 7424K, reserved 1056768K
  class space    used 862K, capacity 940K, committed 1024K, reserved 1048576K
}
Event: 2.159 GC heap before
{Heap before GC invocations=2 (full 0):
 PSYoungGen      total 35840K, used 34902K [0x00000000e0000000, 0x00000000e4600000, 0x0000000100000000)
  eden space 30720K, 100% used [0x00000000e0000000,0x00000000e1e00000,0x00000000e1e00000)
  from space 5120K, 81% used [0x00000000e1e00000,0x00000000e22159f0,0x00000000e2300000)
  to   space 5120K, 0% used [0x00000000e4100000,0x00000000e4100000,0x00000000e4600000)
 ParOldGen       total 81920K, used 8K [0x00000000a0000000, 0x00000000a5000000, 0x00000000e0000000)
  object space 81920K, 0% used [0x00000000a0000000,0x00000000a0002000,0x00000000a5000000)
 Metaspace       used 7542K, capacity 7746K, committed 7936K, reserved 1056768K
  class space    used 946K, capacity 1013K, committed 1024K, reserved 1048576K
Event: 2.165 GC heap after
Heap after GC invocations=2 (full 0):
 PSYoungGen      total 66560K, used 3569K [0x00000000e0000000, 0x00000000e4600000, 0x0000000100000000)
  eden space 61440K, 0% used [0x00000000e0000000,0x00000000e0000000,0x00000000e3c00000)
  from space 5120K, 69% used [0x00000000e4100000,0x00000000e447c500,0x00000000e4600000)
  to   space 5120K, 0% used [0x00000000e3c00000,0x00000000e3c00000,0x00000000e4100000)
 ParOldGen       total 81920K, used 8K [0x00000000a0000000, 0x00000000a5000000, 0x00000000e0000000)
  object space 81920K, 0% used [0x00000000a0000000,0x00000000a0002000,0x00000000a5000000)
 Metaspace       used 7542K, capacity 7746K, committed 7936K, reserved 1056768K
  class space    used 946K, capacity 1013K, committed 1024K, reserved 1048576K
}
Event: 3.863 GC heap before
{Heap before GC invocations=3 (full 0):
 PSYoungGen      total 66560K, used 65009K [0x00000000e0000000, 0x00000000e4600000, 0x0000000100000000)
  eden space 61440K, 100% used [0x00000000e0000000,0x00000000e3c00000,0x00000000e3c00000)
  from space 5120K, 69% used [0x00000000e4100000,0x00000000e447c500,0x00000000e4600000)
  to   space 5120K, 0% used [0x00000000e3c00000,0x00000000e3c00000,0x00000000e4100000)
 ParOldGen       total 81920K, used 8K [0x00000000a0000000, 0x00000000a5000000, 0x00000000e0000000)
  object space 81920K, 0% used [0x00000000a0000000,0x00000000a0002000,0x00000000a5000000)
 Metaspace       used 14348K, capacity 14758K, committed 14976K, reserved 1062912K
  class space    used 2010K, capacity 2129K, committed 2176K, reserved 1048576K
Event: 3.889 GC heap after
Heap after GC invocations=3 (full 0):
 PSYoungGen      total 66560K, used 5104K [0x00000000e0000000, 0x00000000e8200000, 0x0000000100000000)
  eden space 61440K, 0% used [0x00000000e0000000,0x00000000e0000000,0x00000000e3c00000)
  from space 5120K, 99% used [0x00000000e3c00000,0x00000000e40fc020,0x00000000e4100000)
  to   space 5120K, 0% used [0x00000000e7d00000,0x00000000e7d00000,0x00000000e8200000)
 ParOldGen       total 81920K, used 4266K [0x00000000a0000000, 0x00000000a5000000, 0x00000000e0000000)
  object space 81920K, 5% used [0x00000000a0000000,0x00000000a042aaf0,0x00000000a5000000)
 Metaspace       used 14348K, capacity 14758K, committed 14976K, reserved 1062912K
  class space    used 2010K, capacity 2129K, committed 2176K, reserved 1048576K
}
Event: 7.178 GC heap before
{Heap before GC invocations=4 (full 0):
 PSYoungGen      total 66560K, used 66544K [0x00000000e0000000, 0x00000000e8200000, 0x0000000100000000)
  eden space 61440K, 100% used [0x00000000e0000000,0x00000000e3c00000,0x00000000e3c00000)
  from space 5120K, 99% used [0x00000000e3c00000,0x00000000e40fc020,0x00000000e4100000)
  to   space 5120K, 0% used [0x00000000e7d00000,0x00000000e7d00000,0x00000000e8200000)
 ParOldGen       total 81920K, used 4266K [0x00000000a0000000, 0x00000000a5000000, 0x00000000e0000000)
  object space 81920K, 5% used [0x00000000a0000000,0x00000000a042aaf0,0x00000000a5000000)
 Metaspace       used 19490K, capacity 20062K, committed 20224K, reserved 1067008K
  class space    used 2826K, capacity 3009K, committed 3072K, reserved 1048576K
Event: 7.199 GC heap after
Heap after GC invocations=4 (full 0):
 PSYoungGen      total 128000K, used 5108K [0x00000000e0000000, 0x00000000e8200000, 0x0000000100000000)
  eden space 122880K, 0% used [0x00000000e0000000,0x00000000e0000000,0x00000000e7800000)
  from space 5120K, 99% used [0x00000000e7d00000,0x00000000e81fd050,0x00000000e8200000)
  to   space 5120K, 0% used [0x00000000e7800000,0x00000000e7800000,0x00000000e7d00000)
 ParOldGen       total 81920K, used 11087K [0x00000000a0000000, 0x00000000a5000000, 0x00000000e0000000)
  object space 81920K, 13% used [0x00000000a0000000,0x00000000a0ad3df0,0x00000000a5000000)
 Metaspace       used 19490K, capacity 20062K, committed 20224K, reserved 1067008K
  class space    used 2826K, capacity 3009K, committed 3072K, reserved 1048576K
}
Event: 7.964 GC heap before
{Heap before GC invocations=5 (full 0):
 PSYoungGen      total 128000K, used 15568K [0x00000000e0000000, 0x00000000e8200000, 0x0000000100000000)
  eden space 122880K, 8% used [0x00000000e0000000,0x00000000e0a37330,0x00000000e7800000)
  from space 5120K, 99% used [0x00000000e7d00000,0x00000000e81fd050,0x00000000e8200000)
  to   space 5120K, 0% used [0x00000000e7800000,0x00000000e7800000,0x00000000e7d00000)
 ParOldGen       total 81920K, used 11087K [0x00000000a0000000, 0x00000000a5000000, 0x00000000e0000000)
  object space 81920K, 13% used [0x00000000a0000000,0x00000000a0ad3df0,0x00000000a5000000)
 Metaspace       used 20538K, capacity 21074K, committed 21296K, reserved 1067008K
  class space    used 2985K, capacity 3174K, committed 3200K, reserved 1048576K

Deoptimization events (10 events):
Event: 6.881 Thread 0x00007f281000a800 Uncommon trap: reason=unstable_if action=reinterpret pc=0x00007f285d4d821c method=java.net.URLClassLoader.getAndVerifyPackage(Ljava/lang/String;Ljava/util/jar/Manifest;Ljava/net/URL;)Ljava/lang/Package; @ 62
Event: 7.747 Thread 0x00007f281000a800 Uncommon trap: reason=unstable_if action=reinterpret pc=0x00007f285d23fe1c method=java.io.UnixFileSystem.normalize(Ljava/lang/String;)Ljava/lang/String; @ 60
Event: 7.770 Thread 0x00007f281000a800 Uncommon trap: reason=class_check action=maybe_recompile pc=0x00007f285d1e9938 method=sun.misc.URLClassPath.getLoader(I)Lsun/misc/URLClassPath$Loader; @ 94
Event: 7.772 Thread 0x00007f281000a800 Uncommon trap: reason=class_check action=maybe_recompile pc=0x00007f285d320dec method=sun.misc.URLClassPath.getResource(Ljava/lang/String;Z)Lsun/misc/Resource; @ 62
Event: 7.772 Thread 0x00007f281000a800 Uncommon trap: reason=unstable_if action=reinterpret pc=0x00007f285d445b00 method=java.lang.String.regionMatches(ZILjava/lang/String;II)Z @ 41
Event: 7.812 Thread 0x00007f281000a800 Uncommon trap: reason=unstable_if action=reinterpret pc=0x00007f285d58f85c method=java.lang.ClassLoader.getClassLoadingLock(Ljava/lang/String;)Ljava/lang/Object; @ 6
Event: 7.918 Thread 0x00007f281000a800 Uncommon trap: reason=bimorphic action=maybe_recompile pc=0x00007f285d5724c4 method=java.io.BufferedInputStream.read([BII)I @ 101
Event: 7.919 Thread 0x00007f281000a800 Uncommon trap: reason=bimorphic action=maybe_recompile pc=0x00007f285d5724c4 method=java.io.BufferedInputStream.read([BII)I @ 101
Event: 7.920 Thread 0x00007f281000a800 Uncommon trap: reason=bimorphic action=maybe_recompile pc=0x00007f285d5724c4 method=java.io.BufferedInputStream.read([BII)I @ 101
Event: 7.920 Thread 0x00007f281000a800 Uncommon trap: reason=bimorphic action=maybe_recompile pc=0x00007f285d5724c4 method=java.io.BufferedInputStream.read([BII)I @ 101

Classes redefined (0 events):
No events

Internal exceptions (10 events):
Event: 6.975 Thread 0x00007f281000a800 Exception <a 'java/lang/NoSuchMethodError': <clinit>> (0x00000000e33bab10) thrown at [/buildbot/src/googleplex-android/openjdk/out/hotspot/src/share/vm/prims/jni.cpp, line 1615]
Event: 6.975 Thread 0x00007f281000a800 Exception <a 'java/lang/NoSuchMethodError': <clinit>> (0x00000000e33c4f38) thrown at [/buildbot/src/googleplex-android/openjdk/out/hotspot/src/share/vm/prims/jni.cpp, line 1615]
Event: 6.976 Thread 0x00007f281000a800 Exception <a 'java/lang/NoSuchMethodError': <clinit>> (0x00000000e33ce7c0) thrown at [/buildbot/src/googleplex-android/openjdk/out/hotspot/src/share/vm/prims/jni.cpp, line 1615]
Event: 6.985 Thread 0x00007f281000a800 Exception <a 'java/lang/NoSuchMethodError': <clinit>> (0x00000000e34a22d8) thrown at [/buildbot/src/googleplex-android/openjdk/out/hotspot/src/share/vm/prims/jni.cpp, line 1615]
Event: 6.985 Thread 0x00007f281000a800 Exception <a 'java/lang/NoSuchMethodError': <clinit>> (0x00000000e34a6380) thrown at [/buildbot/src/googleplex-android/openjdk/out/hotspot/src/share/vm/prims/jni.cpp, line 1615]
Event: 6.985 Thread 0x00007f281000a800 Exception <a 'java/lang/NoSuchMethodError': <clinit>> (0x00000000e34a7cb8) thrown at [/buildbot/src/googleplex-android/openjdk/out/hotspot/src/share/vm/prims/jni.cpp, line 1615]
Event: 6.985 Thread 0x00007f281000a800 Exception <a 'java/lang/NoSuchMethodError': <clinit>> (0x00000000e34a9350) thrown at [/buildbot/src/googleplex-android/openjdk/out/hotspot/src/share/vm/prims/jni.cpp, line 1615]
Event: 6.985 Thread 0x00007f281000a800 Exception <a 'java/lang/NoSuchMethodError': <clinit>> (0x00000000e34aac38) thrown at [/buildbot/src/googleplex-android/openjdk/out/hotspot/src/share/vm/prims/jni.cpp, line 1615]
Event: 6.985 Thread 0x00007f281000a800 Exception <a 'java/lang/NoSuchMethodError': <clinit>> (0x00000000e34ac1e8) thrown at [/buildbot/src/googleplex-android/openjdk/out/hotspot/src/share/vm/prims/jni.cpp, line 1615]
Event: 6.985 Thread 0x00007f281000a800 Exception <a 'java/lang/NoSuchMethodError': <clinit>> (0x00000000e34ad638) thrown at [/buildbot/src/googleplex-android/openjdk/out/hotspot/src/share/vm/prims/jni.cpp, line 1615]

Events (10 events):
Event: 7.953 loading class java/util/Optional done
Event: 7.953 loading class org/codehaus/groovy/vmplugin/v8/Java8
Event: 7.953 loading class org/codehaus/groovy/vmplugin/v8/Java8 done
Event: 7.954 loading class org/codehaus/groovy/vmplugin/v7/Java7
Event: 7.954 loading class org/codehaus/groovy/vmplugin/v7/Java7 done
Event: 7.955 loading class org/codehaus/groovy/vmplugin/v6/Java6
Event: 7.955 loading class org/codehaus/groovy/vmplugin/v6/Java6 done
Event: 7.956 loading class org/codehaus/groovy/vmplugin/v5/Java5
Event: 7.956 loading class org/codehaus/groovy/vmplugin/v5/Java5 done
Event: 7.962 Executing VM operation: CollectForMetadataAllocation


Dynamic libraries:
00400000-00401000 r-xp 00000000 08:01 7996534                            /home/quadkastpc/Documents/android-studio/jre/bin/java
00401000-00402000 r--p 00000000 08:01 7996534                            /home/quadkastpc/Documents/android-studio/jre/bin/java
00402000-00403000 rw-p 00001000 08:01 7996534                            /home/quadkastpc/Documents/android-studio/jre/bin/java
01a27000-01a48000 rw-p 00000000 00:00 0                                  [heap]
a0000000-a5000000 rw-p 00000000 00:00 0 
a5000000-e0000000 ---p 00000000 00:00 0 
e0000000-e8200000 rw-p 00000000 00:00 0 
f0900000-100000000 ---p 00000000 00:00 0 
100000000-100320000 rw-p 00000000 00:00 0 
100320000-140000000 ---p 00000000 00:00 0 
7f27e4000000-7f27e4021000 rw-p 00000000 00:00 0 
7f27e4021000-7f27e8000000 ---p 00000000 00:00 0 
7f27e8000000-7f27e8021000 rw-p 00000000 00:00 0 
7f27e8021000-7f27ec000000 ---p 00000000 00:00 0 
7f27ec000000-7f27ec021000 rw-p 00000000 00:00 0 
7f27ec021000-7f27f0000000 ---p 00000000 00:00 0 
7f27f0000000-7f27f0021000 rw-p 00000000 00:00 0 
7f27f0021000-7f27f4000000 ---p 00000000 00:00 0 
7f27f4000000-7f27f4021000 rw-p 00000000 00:00 0 
7f27f4021000-7f27f8000000 ---p 00000000 00:00 0 
7f27f8000000-7f27f8021000 rw-p 00000000 00:00 0 
7f27f8021000-7f27fc000000 ---p 00000000 00:00 0 
7f27fc000000-7f27fc868000 rw-p 00000000 00:00 0 
7f27fc868000-7f2800000000 ---p 00000000 00:00 0 
7f2800000000-7f28002b8000 rw-p 00000000 00:00 0 
7f28002b8000-7f2804000000 ---p 00000000 00:00 0 
7f2804000000-7f2804021000 rw-p 00000000 00:00 0 
7f2804021000-7f2808000000 ---p 00000000 00:00 0 
7f2808000000-7f2808021000 rw-p 00000000 00:00 0 
7f2808021000-7f280c000000 ---p 00000000 00:00 0 
7f280c000000-7f280c021000 rw-p 00000000 00:00 0 
7f280c021000-7f2810000000 ---p 00000000 00:00 0 
7f2810000000-7f2810021000 rw-p 00000000 00:00 0 
7f2810021000-7f2814000000 ---p 00000000 00:00 0 
7f2814000000-7f2814067000 rw-p 00000000 00:00 0 
7f2814067000-7f2818000000 ---p 00000000 00:00 0 
7f281a1fa000-7f281a22c000 r--s 0026d000 08:01 7996946                    /home/quadkastpc/.gradle/caches/jars-3/009a8bde4a19409138958d32735850a8/guava-27.1-jre.jar
7f281a22c000-7f281a246000 r--s 002a7000 08:01 10892083                   /home/quadkastpc/.gradle/caches/jars-3/6d4d04ed0764d34dfa852f0785d704fb/sdk-common.jar
7f281a246000-7f281a270000 r--s 02937000 08:01 10890630                   /home/quadkastpc/.gradle/caches/jars-3/7447b098c032a753e0126307ee76a9d9/sdk-tools.jar
7f281a270000-7f281a5ab000 r--s 04057000 08:01 10761672                   /home/quadkastpc/.gradle/caches/jars-3/d191991b3cd94ca8451af1b567140eb8/android.jar
7f281a5ab000-7f281a5bf000 r--s 0013d000 08:01 7996869                    /home/quadkastpc/.gradle/caches/jars-3/d1ab99c475b94d1d9aa4be806ce14b44/kotlin-stdlib-1.3.72.jar
7f281a5bf000-7f281a5d4000 r--s 00157000 08:01 8127453                    /home/quadkastpc/.gradle/caches/jars-3/7fc840c8fa8837d1fcac745915004484/kotlin-stdlib.jar
7f281a5d4000-7f281a780000 rw-p 00000000 00:00 0 
7f281a780000-7f281a7d4000 ---p 00000000 00:00 0 
7f281a7d4000-7f281aa8b000 r--s 01c2b000 08:01 8004561                    /home/quadkastpc/.gradle/caches/jars-3/e22071f0f647bfca187dcad0e9b116ad/gradle-api-impldep-5.2.1-sp1.jar
7f281aa8b000-7f281abf4000 r--s 00c5e000 08:01 7872607                    /home/quadkastpc/.gradle/caches/jars-3/e7cf29ee4e9099e5a486424dcaa09cdf/gradle-api-5.2.1-sp1.jar
7f281abf4000-7f281abf7000 ---p 00000000 00:00 0 
7f281abf7000-7f281aef5000 rw-p 00000000 00:00 0 
7f281aef5000-7f281b0f5000 rw-p 00000000 00:00 0 
7f281b0f5000-7f281b0f8000 ---p 00000000 00:00 0 
7f281b0f8000-7f281b1f6000 rw-p 00000000 00:00 0 
7f281b1f6000-7f281b1f9000 ---p 00000000 00:00 0 
7f281b1f9000-7f281b2f7000 rw-p 00000000 00:00 0 
7f281b2f7000-7f281b2fa000 ---p 00000000 00:00 0 
7f281b2fa000-7f281b3f8000 rw-p 00000000 00:00 0 
7f281b3f8000-7f281b3fb000 ---p 00000000 00:00 0 
7f281b3fb000-7f281b4f9000 rw-p 00000000 00:00 0 
7f281b4f9000-7f281b4fc000 ---p 00000000 00:00 0 
7f281b4fc000-7f281b5fa000 rw-p 00000000 00:00 0 
7f281b5fa000-7f281b5fd000 ---p 00000000 00:00 0 
7f281b5fd000-7f281b6fb000 rw-p 00000000 00:00 0 
7f281b6fb000-7f281b6fe000 ---p 00000000 00:00 0 
7f281b6fe000-7f281b7fc000 rw-p 00000000 00:00 0 
7f281b7fc000-7f281b7ff000 ---p 00000000 00:00 0 
7f281b7ff000-7f281bafd000 rw-p 00000000 00:00 0 
7f281bafd000-7f281bb00000 ---p 00000000 00:00 0 
7f281bb00000-7f281bbfe000 rw-p 00000000 00:00 0 
7f281bbfe000-7f281bc01000 ---p 00000000 00:00 0 
7f281bc01000-7f281bcff000 rw-p 00000000 00:00 0 
7f281bcff000-7f281bd02000 ---p 00000000 00:00 0 
7f281bd02000-7f281c000000 rw-p 00000000 00:00 0 
7f281c000000-7f281c021000 rw-p 00000000 00:00 0 
7f281c021000-7f2820000000 ---p 00000000 00:00 0 
7f282000b000-7f282000c000 r--s 00000000 08:01 7869188                    /home/quadkastpc/.gradle/caches/jars-3/497c99dc43ce8fece95d0e589f2459bd/gradle-appengine-builder-model-0.1.0.jar
7f282000c000-7f282000e000 r--s 00000000 08:01 8127455                    /home/quadkastpc/.gradle/caches/jars-3/c652b378e165d2dbc2f5847d4fc08b4b/idea-gradle-tooling-api.jar
7f282000e000-7f2820012000 r--s 0002e000 08:01 8127443                    /home/quadkastpc/.gradle/caches/jars-3/6c21f8dae4968635d862ab0cb0fa5eb8/kotlin-gradle-tooling.jar
7f2820012000-7f2820016000 r--s 0004b000 08:01 11035208                   /home/quadkastpc/.gradle/caches/jars-3/ecfffba165da9668423eb04209772a23/android-extensions-ide.jar
7f2820016000-7f282001d000 r--s 000b4000 08:01 10621290                   /home/quadkastpc/.gradle/caches/jars-3/e435371560d53d4a4214ac92b5ffdeed/gradle-tooling-extension-impl.jar
7f282001d000-7f282001f000 r--s 00002000 08:01 10490359                   /home/quadkastpc/.gradle/caches/jars-3/4b43f839e5bcd255d29b06b5798326f0/external-system-rt.jar
7f282001f000-7f282002a000 r--s 000aa000 08:01 7996819                    /home/quadkastpc/.gradle/caches/jars-3/2daa8a88fb68b91149a30998d45aa1f5/ion-java-1.5.2-2.jar
7f282002a000-7f2820052000 r--s 004c2000 08:01 10371260                   /home/quadkastpc/.gradle/caches/jars-3/22f09e98a6fceebf7775af624c1eb1f0/util.jar
7f2820052000-7f282005d000 r--s 00081000 08:01 7996815                    /home/quadkastpc/.gradle/caches/jars-3/b60b5dd218cf67e8c7a89e4eb4952e61/trove4j.jar
7f282005d000-7f2820063000 r--s 00054000 08:01 10230591                   /home/quadkastpc/.gradle/caches/jars-3/b1d2d7d2ab9feecc82013422210ba035/gradle-tooling-extension-api.jar
7f2820063000-7f2820064000 r--s 00002000 08:01 9848594                    /home/quadkastpc/.gradle/caches/jars-3/e3446e3f7a41b3f0fd7e11ad07f4f1fd/gradle-toolingLoaderRt.jar
7f2820064000-7f28200de000 r--s 01104000 08:01 7996528                    /home/quadkastpc/Documents/android-studio/jre/lib/tools.jar
7f28200de000-7f28200e5000 r--s 00000000 08:01 10099969                   /usr/lib/x86_64-linux-gnu/gconv/gconv-modules.cache
7f28200e5000-7f28200e8000 ---p 00000000 00:00 0 
7f28200e8000-7f28201e6000 rw-p 00000000 00:00 0 
7f28201e6000-7f28201eb000 r--s 000a3000 08:01 7996679                    /home/quadkastpc/Documents/android-studio/jre/jre/lib/jsse.jar
7f28201eb000-7f28201ee000 ---p 00000000 00:00 0 
7f28201ee000-7f28202ec000 rw-p 00000000 00:00 0 
7f28202ec000-7f28202f4000 r-xp 00000000 08:01 7996624                    /home/quadkastpc/Documents/android-studio/jre/jre/lib/amd64/libmanagement.so
7f28202f4000-7f28202f5000 r--p 00007000 08:01 7996624                    /home/quadkastpc/Documents/android-studio/jre/jre/lib/amd64/libmanagement.so
7f28202f5000-7f28202f6000 rw-p 00008000 08:01 7996624                    /home/quadkastpc/Documents/android-studio/jre/jre/lib/amd64/libmanagement.so
7f28202f6000-7f28202f8000 r--s 0000f000 08:01 12984377                   /home/quadkastpc/.gradle/wrapper/dists/gradle-5.6.4-all/ankdp27end7byghfw1q2sw75f/gradle-5.6.4/lib/plugins/gradle-tooling-api-builders-5.6.4.jar
7f28202f8000-7f28202f9000 r--s 00005000 08:01 12984397                   /home/quadkastpc/.gradle/wrapper/dists/gradle-5.6.4-all/ankdp27end7byghfw1q2sw75f/gradle-5.6.4/lib/plugins/gradle-build-profile-5.6.4.jar
7f28202f9000-7f28202fb000 r--s 00003000 08:01 12984354                   /home/quadkastpc/.gradle/wrapper/dists/gradle-5.6.4-all/ankdp27end7byghfw1q2sw75f/gradle-5.6.4/lib/plugins/gradle-tooling-native-5.6.4.jar
7f28202fb000-7f28202ff000 r--s 00017000 08:01 12984356                   /home/quadkastpc/.gradle/wrapper/dists/gradle-5.6.4-all/ankdp27end7byghfw1q2sw75f/gradle-5.6.4/lib/plugins/gradle-testing-native-5.6.4.jar
7f28202ff000-7f2820302000 r--s 00011000 08:01 12984470                   /home/quadkastpc/.gradle/wrapper/dists/gradle-5.6.4-all/ankdp27end7byghfw1q2sw75f/gradle-5.6.4/lib/plugins/junit-platform-commons-1.3.1.jar
7f2820302000-7f2820303000 r--s 00001000 08:01 12984472                   /home/quadkastpc/.gradle/wrapper/dists/gradle-5.6.4-all/ankdp27end7byghfw1q2sw75f/gradle-5.6.4/lib/plugins/opentest4j-1.1.1.jar
7f2820303000-7f2820307000 r--s 0001d000 08:01 12984469                   /home/quadkastpc/.gradle/wrapper/dists/gradle-5.6.4-all/ankdp27end7byghfw1q2sw75f/gradle-5.6.4/lib/plugins/junit-platform-engine-1.3.1.jar
7f2820307000-7f2820308000 r--s 00000000 08:01 12984471                   /home/quadkastpc/.gradle/wrapper/dists/gradle-5.6.4-all/ankdp27end7byghfw1q2sw75f/gradle-5.6.4/lib/plugins/apiguardian-api-1.0.0.jar
7f2820308000-7f282030b000 r--s 00015000 08:01 12984433                   /home/quadkastpc/.gradle/wrapper/dists/gradle-5.6.4-all/ankdp27end7byghfw1q2sw75f/gradle-5.6.4/lib/plugins/junit-platform-launcher-1.3.1.jar
7f282030b000-7f282030c000 r--s 00003000 08:01 12984376                   /home/quadkastpc/.gradle/wrapper/dists/gradle-5.6.4-all/ankdp27end7byghfw1q2sw75f/gradle-5.6.4/lib/plugins/gradle-testing-junit-platform-5.6.4.jar
7f282030c000-7f2820314000 r--s 00048000 08:01 12984422                   /home/quadkastpc/.gradle/wrapper/dists/gradle-5.6.4-all/ankdp27end7byghfw1q2sw75f/gradle-5.6.4/lib/plugins/bcpg-jdk15on-1.61.jar
7f2820314000-7f2820317000 r--s 0000f000 08:01 12984353                   /home/quadkastpc/.gradle/wrapper/dists/gradle-5.6.4-all/ankdp27end7byghfw1q2sw75f/gradle-5.6.4/lib/plugins/gradle-signing-5.6.4.jar
7f2820317000-7f2820319000 r--s 00009000 08:01 12984363                   /home/quadkastpc/.gradle/wrapper/dists/gradle-5.6.4-all/ankdp27end7byghfw1q2sw75f/gradle-5.6.4/lib/plugins/gradle-scala-5.6.4.jar
7f2820319000-7f282031a000 r--s 00004000 08:01 12984396                   /home/quadkastpc/.gradle/wrapper/dists/gradle-5.6.4-all/ankdp27end7byghfw1q2sw75f/gradle-5.6.4/lib/plugins/gradle-resources-sftp-5.6.4.jar
7f282031a000-7f2820323000 r--s 0005b000 08:01 12984403                   /home/quadkastpc/.gradle/wrapper/dists/gradle-5.6.4-all/ankdp27end7byghfw1q2sw75f/gradle-5.6.4/lib/plugins/aws-java-sdk-kms-1.11.407.jar
7f2820323000-7f2820325000 r--s 00005000 08:01 12984439                   /home/quadkastpc/.gradle/wrapper/dists/gradle-5.6.4-all/ankdp27end7byghfw1q2sw75f/gradle-5.6.4/lib/plugins/jmespath-java-1.11.407.jar
7f2820325000-7f2820338000 r--s 000ca000 08:01 12984402                   /home/quadkastpc/.gradle/wrapper/dists/gradle-5.6.4-all/ankdp27end7byghfw1q2sw75f/gradle-5.6.4/lib/plugins/aws-java-sdk-s3-1.11.407.jar
7f2820338000-7f2820342000 r--s 00081000 08:01 12984468                   /home/quadkastpc/.gradle/wrapper/dists/gradle-5.6.4-all/ankdp27end7byghfw1q2sw75f/gradle-5.6.4/lib/plugins/ion-java-1.0.2.jar
7f2820342000-7f2820358000 r--s 000ca000 08:01 12984404                   /home/quadkastpc/.gradle/wrapper/dists/gradle-5.6.4-all/ankdp27end7byghfw1q2sw75f/gradle-5.6.4/lib/plugins/aws-java-sdk-core-1.11.407.jar
7f2820358000-7f282035a000 r--s 00004000 08:01 12984392                   /home/quadkastpc/.gradle/wrapper/dists/gradle-5.6.4-all/ankdp27end7byghfw1q2sw75f/gradle-5.6.4/lib/plugins/gradle-resources-s3-5.6.4.jar
7f282035a000-7f282036b000 r--s 0008c000 08:01 12984443                   /home/quadkastpc/.gradle/wrapper/dists/gradle-5.6.4-all/ankdp27end7byghfw1q2sw75f/gradle-5.6.4/lib/plugins/joda-time-2.10.jar
7f282036b000-7f282037d000 r--s 00137000 08:01 12984440                   /home/quadkastpc/.gradle/wrapper/dists/gradle-5.6.4-all/ankdp27end7byghfw1q2sw75f/gradle-5.6.4/lib/plugins/jackson-databind-2.9.8.jar
7f282037d000-7f2820380000 r--s 0000e000 08:01 12984442                   /home/quadkastpc/.gradle/wrapper/dists/gradle-5.6.4-all/ankdp27end7byghfw1q2sw75f/gradle-5.6.4/lib/plugins/jackson-annotations-2.9.8.jar
7f2820380000-7f2820384000 r--s 0004c000 08:01 12984441                   /home/quadkastpc/.gradle/wrapper/dists/gradle-5.6.4-all/ankdp27end7byghfw1q2sw75f/gradle-5.6.4/lib/plugins/jackson-core-2.9.8.jar
7f2820384000-7f2820385000 r--s 00001000 08:01 12984408                   /home/quadkastpc/.gradle/wrapper/dists/gradle-5.6.4-all/ankdp27end7byghfw1q2sw75f/gradle-5.6.4/lib/plugins/google-http-client-jackson2-1.25.0.jar
7f2820385000-7f282038f000 r--s 00056000 08:01 12984409                   /home/quadkastpc/.gradle/wrapper/dists/gradle-5.6.4-all/ankdp27end7byghfw1q2sw75f/gradle-5.6.4/lib/plugins/google-http-client-1.25.0.jar
7f282038f000-7f2820392000 r--s 0000d000 08:01 12984407                   /home/quadkastpc/.gradle/wrapper/dists/gradle-5.6.4-all/ankdp27end7byghfw1q2sw75f/gradle-5.6.4/lib/plugins/google-oauth-client-1.25.0.jar
7f2820392000-7f2820397000 r--s 0002d000 08:01 12984406                   /home/quadkastpc/.gradle/wrapper/dists/gradle-5.6.4-all/ankdp27end7byghfw1q2sw75f/gradle-5.6.4/lib/plugins/google-api-client-1.25.0.jar
7f2820397000-7f282039b000 r--s 0001d000 08:01 12984405                   /home/quadkastpc/.gradle/wrapper/dists/gradle-5.6.4-all/ankdp27end7byghfw1q2sw75f/gradle-5.6.4/lib/plugins/google-api-services-storage-v1-rev136-1.25.0.jar
7f282039b000-7f282039d000 r--s 00003000 08:01 12984393                   /home/quadkastpc/.gradle/wrapper/dists/gradle-5.6.4-all/ankdp27end7byghfw1q2sw75f/gradle-5.6.4/lib/plugins/gradle-resources-gcs-5.6.4.jar
7f282039d000-7f28203a3000 r--s 00031000 08:01 12984366                   /home/quadkastpc/.gradle/wrapper/dists/gradle-5.6.4-all/ankdp27end7byghfw1q2sw75f/gradle-5.6.4/lib/plugins/gradle-platform-play-5.6.4.jar
7f28203a3000-7f28203b5000 r--s 00078000 08:01 12984382                   /home/quadkastpc/.gradle/wrapper/dists/gradle-5.6.4-all/ankdp27end7byghfw1q2sw75f/gradle-5.6.4/lib/plugins/gradle-platform-native-5.6.4.jar
7f28203b5000-7f28203e2000 r--s 0025e000 08:01 12984413                   /home/quadkastpc/.gradle/wrapper/dists/gradle-5.6.4-all/ankdp27end7byghfw1q2sw75f/gradle-5.6.4/lib/plugins/biz.aQute.bndlib-4.0.0.jar
7f28203e2000-7f28203e3000 r--s 00004000 08:01 12984352                   /home/quadkastpc/.gradle/wrapper/dists/gradle-5.6.4-all/ankdp27end7byghfw1q2sw75f/gradle-5.6.4/lib/plugins/gradle-osgi-5.6.4.jar
7f28203e3000-7f28203e6000 r--s 0000c000 08:01 12984375                   /home/quadkastpc/.gradle/wrapper/dists/gradle-5.6.4-all/ankdp27end7byghfw1q2sw75f/gradle-5.6.4/lib/plugins/gradle-language-scala-5.6.4.jar
7f28203e6000-7f28203f2000 r--s 00054000 08:01 12984357                   /home/quadkastpc/.gradle/wrapper/dists/gradle-5.6.4-all/ankdp27end7byghfw1q2sw75f/gradle-5.6.4/lib/plugins/gradle-language-native-5.6.4.jar
7f28203f2000-7f28203f9000 r--s 00035000 08:01 12984425                   /home/quadkastpc/.gradle/wrapper/dists/gradle-5.6.4-all/ankdp27end7byghfw1q2sw75f/gradle-5.6.4/lib/plugins/simple-4.1.21.jar
7f28203f9000-7f2820406000 r--s 00125000 08:01 12984423                   /home/quadkastpc/.gradle/wrapper/dists/gradle-5.6.4-all/ankdp27end7byghfw1q2sw75f/gradle-5.6.4/lib/plugins/rhino-1.7.10.jar
7f2820406000-7f282040a000 r--s 00012000 08:01 12984367                   /home/quadkastpc/.gradle/wrapper/dists/gradle-5.6.4-all/ankdp27end7byghfw1q2sw75f/gradle-5.6.4/lib/plugins/gradle-javascript-5.6.4.jar
7f282040a000-7f282040e000 r--s 00011000 08:01 12984369                   /home/quadkastpc/.gradle/wrapper/dists/gradle-5.6.4-all/ankdp27end7byghfw1q2sw75f/gradle-5.6.4/lib/plugins/gradle-jacoco-5.6.4.jar
7f282040e000-7f2820410000 r--s 00002000 08:01 12984361                   /home/quadkastpc/.gradle/wrapper/dists/gradle-5.6.4-all/ankdp27end7byghfw1q2sw75f/gradle-5.6.4/lib/plugins/gradle-ide-play-5.6.4.jar
7f2820410000-7f2820412000 r--s 00011000 08:01 12984430                   /home/quadkastpc/.gradle/wrapper/dists/gradle-5.6.4-all/ankdp27end7byghfw1q2sw75f/gradle-5.6.4/lib/plugins/dd-plist-1.21.jar
7f2820412000-7f2820419000 r--s 00034000 08:01 12984355                   /home/quadkastpc/.gradle/wrapper/dists/gradle-5.6.4-all/ankdp27end7byghfw1q2sw75f/gradle-5.6.4/lib/plugins/gradle-ide-native-5.6.4.jar
7f2820419000-7f2820423000 r--s 00063000 08:01 12984362                   /home/quadkastpc/.gradle/wrapper/dists/gradle-5.6.4-all/ankdp27end7byghfw1q2sw75f/gradle-5.6.4/lib/plugins/gradle-ide-5.6.4.jar
7f2820423000-7f2820425000 r--s 00008000 08:01 12984365                   /home/quadkastpc/.gradle/wrapper/dists/gradle-5.6.4-all/ankdp27end7byghfw1q2sw75f/gradle-5.6.4/lib/plugins/gradle-ear-5.6.4.jar
7f2820425000-7f282042a000 r--s 0002a000 08:01 12984351                   /home/quadkastpc/.gradle/wrapper/dists/gradle-5.6.4-all/ankdp27end7byghfw1q2sw75f/gradle-5.6.4/lib/plugins/gradle-code-quality-5.6.4.jar
7f282042a000-7f282042c000 r--s 0000b000 08:01 12984427                   /home/quadkastpc/.gradle/wrapper/dists/gradle-5.6.4-all/ankdp27end7byghfw1q2sw75f/gradle-5.6.4/lib/plugins/maven-plugin-api-3.0.4.jar
7f282042c000-7f2820432000 r--s 0003f000 08:01 12984415                   /home/quadkastpc/.gradle/wrapper/dists/gradle-5.6.4-all/ankdp27end7byghfw1q2sw75f/gradle-5.6.4/lib/plugins/maven-compat-3.0.4.jar
7f2820432000-7f282043b000 r--s 0003b000 08:01 12984370                   /home/quadkastpc/.gradle/wrapper/dists/gradle-5.6.4-all/ankdp27end7byghfw1q2sw75f/gradle-5.6.4/lib/plugins/gradle-build-init-5.6.4.jar
7f282043b000-7f2820441000 r--s 0002e000 08:01 12984364                   /home/quadkastpc/.gradle/wrapper/dists/gradle-5.6.4-all/ankdp27end7byghfw1q2sw75f/gradle-5.6.4/lib/plugins/gradle-build-comparison-5.6.4.jar
7f2820441000-7f2820443000 r--s 00002000 08:01 12984394                   /home/quadkastpc/.gradle/wrapper/dists/gradle-5.6.4-all/ankdp27end7byghfw1q2sw75f/gradle-5.6.4/lib/plugins/gradle-build-cache-http-5.6.4.jar
7f2820443000-7f2820445000 r--s 00009000 08:01 12984350                   /home/quadkastpc/.gradle/wrapper/dists/gradle-5.6.4-all/ankdp27end7byghfw1q2sw75f/gradle-5.6.4/lib/plugins/gradle-antlr-5.6.4.jar
7f2820445000-7f2820447000 r--s 00005000 08:01 12984349                   /home/quadkastpc/.gradle/wrapper/dists/gradle-5.6.4-all/ankdp27end7byghfw1q2sw75f/gradle-5.6.4/lib/plugins/gradle-announce-5.6.4.jar
7f2820447000-7f282044a000 r--s 00017000 08:01 12984371                   /home/quadkastpc/.gradle/wrapper/dists/gradle-5.6.4-all/ankdp27end7byghfw1q2sw75f/gradle-5.6.4/lib/plugins/gradle-kotlin-dsl-tooling-builders-5.6.4.jar
7f282044a000-7f282044e000 r--s 00014000 08:01 12984368                   /home/quadkastpc/.gradle/wrapper/dists/gradle-5.6.4-all/ankdp27end7byghfw1q2sw75f/gradle-5.6.4/lib/plugins/gradle-ivy-5.6.4.jar
7f282044e000-7f2820450000 r--s 00009000 08:01 12984384                   /home/quadkastpc/.gradle/wrapper/dists/gradle-5.6.4-all/ankdp27end7byghfw1q2sw75f/gradle-5.6.4/lib/plugins/gradle-publish-5.6.4.jar
7f2820450000-7f2820453000 r--s 0000c000 08:01 12984418                   /home/quadkastpc/.gradle/wrapper/dists/gradle-5.6.4-all/ankdp27end7byghfw1q2sw75f/gradle-5.6.4/lib/plugins/pmaven-groovy-0.8-20100325.jar
7f2820453000-7f2820454000 r--s 00004000 08:01 12984417                   /home/quadkastpc/.gradle/wrapper/dists/gradle-5.6.4-all/ankdp27end7byghfw1q2sw75f/gradle-5.6.4/lib/plugins/pmaven-common-0.8-20100325.jar
7f2820454000-7f2820457000 r--s 0000a000 08:01 12984462                   /home/quadkastpc/.gradle/wrapper/dists/gradle-5.6.4-all/ankdp27end7byghfw1q2sw75f/gradle-5.6.4/lib/plugins/plexus-classworlds-2.5.1.jar
7f2820457000-7f282045b000 r--s 00021000 08:01 12984467                   /home/quadkastpc/.gradle/wrapper/dists/gradle-5.6.4-all/ankdp27end7byghfw1q2sw75f/gradle-5.6.4/lib/plugins/xbean-reflect-3.7.jar
7f282045b000-7f2820462000 r--s 00032000 08:01 12984420                   /home/quadkastpc/.gradle/wrapper/dists/gradle-5.6.4-all/ankdp27end7byghfw1q2sw75f/gradle-5.6.4/lib/plugins/plexus-container-default-1.7.1.jar
7f2820462000-7f2820463000 r--s 00008000 08:01 12984401                   /home/quadkastpc/.gradle/wrapper/dists/gradle-5.6.4-all/ankdp27end7byghfw1q2sw75f/gradle-5.6.4/lib/plugins/wagon-http-shared-3.0.0.jar
7f2820463000-7f2820464000 r--s 00002000 08:01 12984400                   /home/quadkastpc/.gradle/wrapper/dists/gradle-5.6.4-all/ankdp27end7byghfw1q2sw75f/gradle-5.6.4/lib/plugins/wagon-http-3.0.0.jar
7f2820464000-7f2820466000 r--s 0000c000 08:01 12984465                   /home/quadkastpc/.gradle/wrapper/dists/gradle-5.6.4-all/ankdp27end7byghfw1q2sw75f/gradle-5.6.4/lib/plugins/wagon-provider-api-3.0.0.jar
7f2820466000-7f2820467000 r--s 00002000 08:01 12984419                   /home/quadkastpc/.gradle/wrapper/dists/gradle-5.6.4-all/ankdp27end7byghfw1q2sw75f/gradle-5.6.4/lib/plugins/wagon-file-3.0.0.jar
7f2820467000-7f2820469000 r--s 00006000 08:01 12984421                   /home/quadkastpc/.gradle/wrapper/dists/gradle-5.6.4-all/ankdp27end7byghfw1q2sw75f/gradle-5.6.4/lib/plugins/aether-connector-wagon-1.13.1.jar
7f2820469000-7f2820470000 r--s 00031000 08:01 12984360                   /home/quadkastpc/.gradle/wrapper/dists/gradle-5.6.4-all/ankdp27end7byghfw1q2sw75f/gradle-5.6.4/lib/plugins/gradle-maven-5.6.4.jar
7f2820470000-7f2820472000 r--s 0000c000 08:01 12984359                   /home/quadkastpc/.gradle/wrapper/dists/gradle-5.6.4-all/ankdp27end7byghfw1q2sw75f/gradle-5.6.4/lib/plugins/gradle-plugin-development-5.6.4.jar
7f2820472000-7f2820478000 r--s 0003d000 08:01 12984429                   /home/quadkastpc/.gradle/wrapper/dists/gradle-5.6.4-all/ankdp27end7byghfw1q2sw75f/gradle-5.6.4/lib/plugins/snakeyaml-1.17.jar
7f2820478000-7f282047a000 r--s 0000f000 08:01 12984452                   /home/quadkastpc/.gradle/wrapper/dists/gradle-5.6.4-all/ankdp27end7byghfw1q2sw75f/gradle-5.6.4/lib/plugins/jcommander-1.72.jar
7f282047a000-7f2820483000 r--s 00089000 08:01 12984428                   /home/quadkastpc/.gradle/wrapper/dists/gradle-5.6.4-all/ankdp27end7byghfw1q2sw75f/gradle-5.6.4/lib/plugins/testng-6.3.1.jar
7f2820483000-7f2820485000 r--s 00009000 08:01 12984450                   /home/quadkastpc/.gradle/wrapper/dists/gradle-5.6.4-all/ankdp27end7byghfw1q2sw75f/gradle-5.6.4/lib/plugins/hamcrest-core-1.3.jar
7f2820485000-7f282048d000 r--s 00045000 08:01 12984431                   /home/quadkastpc/.gradle/wrapper/dists/gradle-5.6.4-all/ankdp27end7byghfw1q2sw75f/gradle-5.6.4/lib/plugins/junit-4.12.jar
7f282048d000-7f2820492000 r--s 0005a000 08:01 12984432                   /home/quadkastpc/.gradle/wrapper/dists/gradle-5.6.4-all/ankdp27end7byghfw1q2sw75f/gradle-5.6.4/lib/plugins/bsh-2.0b6.jar
7f2820492000-7f2820496000 r--s 0001c000 08:01 12984378                   /home/quadkastpc/.gradle/wrapper/dists/gradle-5.6.4-all/ankdp27end7byghfw1q2sw75f/gradle-5.6.4/lib/plugins/gradle-testing-jvm-5.6.4.jar
7f2820496000-7f282049e000 r--s 00034000 08:01 12984385                   /home/quadkastpc/.gradle/wrapper/dists/gradle-5.6.4-all/ankdp27end7byghfw1q2sw75f/gradle-5.6.4/lib/plugins/gradle-testing-base-5.6.4.jar
7f282049e000-7f28204a1000 r--s 0000e000 08:01 12984374                   /home/quadkastpc/.gradle/wrapper/dists/gradle-5.6.4-all/ankdp27end7byghfw1q2sw75f/gradle-5.6.4/lib/plugins/gradle-language-groovy-5.6.4.jar
7f28204a1000-7f28204aa000 r--s 00045000 08:01 12984379                   /home/quadkastpc/.gradle/wrapper/dists/gradle-5.6.4-all/ankdp27end7byghfw1q2sw75f/gradle-5.6.4/lib/plugins/gradle-language-java-5.6.4.jar
7f28204aa000-7f28204ac000 r--s 00005000 08:01 12984380                   /home/quadkastpc/.gradle/wrapper/dists/gradle-5.6.4-all/ankdp27end7byghfw1q2sw75f/gradle-5.6.4/lib/plugins/gradle-language-jvm-5.6.4.jar
7f28204ac000-7f28204b2000 r--s 0003e000 08:01 12984383                   /home/quadkastpc/.gradle/wrapper/dists/gradle-5.6.4-all/ankdp27end7byghfw1q2sw75f/gradle-5.6.4/lib/plugins/gradle-diagnostics-5.6.4.jar
7f28204b2000-7f28204b6000 r--s 0001b000 08:01 12984381                   /home/quadkastpc/.gradle/wrapper/dists/gradle-5.6.4-all/ankdp27end7byghfw1q2sw75f/gradle-5.6.4/lib/plugins/gradle-platform-jvm-5.6.4.jar
7f28204b6000-7f28204bd000 r--s 0002a000 08:01 12984386                   /home/quadkastpc/.gradle/wrapper/dists/gradle-5.6.4-all/ankdp27end7byghfw1q2sw75f/gradle-5.6.4/lib/plugins/gradle-platform-base-5.6.4.jar
7f28204bd000-7f28204bf000 r--s 00006000 08:01 12984426                   /home/quadkastpc/.gradle/wrapper/dists/gradle-5.6.4-all/ankdp27end7byghfw1q2sw75f/gradle-5.6.4/lib/plugins/jatl-0.2.3.jar
7f28204bf000-7f28204c1000 r--s 00010000 08:01 12984391                   /home/quadkastpc/.gradle/wrapper/dists/gradle-5.6.4-all/ankdp27end7byghfw1q2sw75f/gradle-5.6.4/lib/plugins/gradle-reporting-5.6.4.jar
7f28204c1000-7f28204c9000 r--s 00047000 08:01 12984372                   /home/quadkastpc/.gradle/wrapper/dists/gradle-5.6.4-all/ankdp27end7byghfw1q2sw75f/gradle-5.6.4/lib/plugins/gradle-plugins-5.6.4.jar
7f28204c9000-7f28204ce000 r--s 0002c000 08:01 12984358                   /home/quadkastpc/.gradle/wrapper/dists/gradle-5.6.4-all/ankdp27end7byghfw1q2sw75f/gradle-5.6.4/lib/plugins/gradle-kotlin-dsl-provider-plugins-5.6.4.jar
7f28204ce000-7f28204d3000 r--s 00040000 08:01 12984437                   /home/quadkastpc/.gradle/wrapper/dists/gradle-5.6.4-all/ankdp27end7byghfw1q2sw75f/gradle-5.6.4/lib/plugins/jsch-0.1.54.jar
7f28204d3000-7f28204d5000 r--s 00010000 08:01 12984453                   /home/quadkastpc/.gradle/wrapper/dists/gradle-5.6.4-all/ankdp27end7byghfw1q2sw75f/gradle-5.6.4/lib/plugins/jzlib-1.1.3.jar
7f28204d5000-7f28204fa000 r--s 00265000 08:01 12984399                   /home/quadkastpc/.gradle/wrapper/dists/gradle-5.6.4-all/ankdp27end7byghfw1q2sw75f/gradle-5.6.4/lib/plugins/org.eclipse.jgit-5.0.3.201809091024-r.jar
7f28204fa000-7f28204fd000 r--s 0000c000 08:01 12984388                   /home/quadkastpc/.gradle/wrapper/dists/gradle-5.6.4-all/ankdp27end7byghfw1q2sw75f/gradle-5.6.4/lib/plugins/gradle-version-control-5.6.4.jar
7f28204fd000-7f28204ff000 r--s 00006000 08:01 12984457                   /home/quadkastpc/.gradle/wrapper/dists/gradle-5.6.4-all/ankdp27end7byghfw1q2sw75f/gradle-5.6.4/lib/plugins/maven-repository-metadata-3.0.4.jar
7f28204ff000-7f2820501000 r--s 0000c000 08:01 12984445                   /home/quadkastpc/.gradle/wrapper/dists/gradle-5.6.4-all/ankdp27end7byghfw1q2sw75f/gradle-5.6.4/lib/plugins/maven-aether-provider-3.0.4.jar
7f2820501000-7f2820502000 r--s 00003000 08:01 12984448                   /home/quadkastpc/.gradle/wrapper/dists/gradle-5.6.4-all/ankdp27end7byghfw1q2sw75f/gradle-5.6.4/lib/plugins/aether-spi-1.13.1.jar
7f2820502000-7f2820505000 r--s 0001d000 08:01 12984446                   /home/quadkastpc/.gradle/wrapper/dists/gradle-5.6.4-all/ankdp27end7byghfw1q2sw75f/gradle-5.6.4/lib/plugins/aether-impl-1.13.1.jar
7f2820505000-7f2820509000 r--s 0001c000 08:01 12984447                   /home/quadkastpc/.gradle/wrapper/dists/gradle-5.6.4-all/ankdp27end7byghfw1q2sw75f/gradle-5.6.4/lib/plugins/aether-util-1.13.1.jar
7f2820509000-7f282050c000 r--s 00013000 08:01 12984449                   /home/quadkastpc/.gradle/wrapper/dists/gradle-5.6.4-all/ankdp27end7byghfw1q2sw75f/gradle-5.6.4/lib/plugins/aether-api-1.13.1.jar
7f282050c000-7f282050e000 r--s 0000b000 08:01 12984454                   /home/quadkastpc/.gradle/wrapper/dists/gradle-5.6.4-all/ankdp27end7byghfw1q2sw75f/gradle-5.6.4/lib/plugins/maven-artifact-3.0.4.jar
7f282050e000-7f2820510000 r--s 00000000 08:01 12984463                   /home/quadkastpc/.gradle/wrapper/dists/gradle-5.6.4-all/ankdp27end7byghfw1q2sw75f/gradle-5.6.4/lib/plugins/plexus-component-annotations-1.5.5.jar
7f2820510000-7f2820512000 r--s 0000d000 08:01 12984464                   /home/quadkastpc/.gradle/wrapper/dists/gradle-5.6.4-all/ankdp27end7byghfw1q2sw75f/gradle-5.6.4/lib/plugins/plexus-interpolation-1.14.jar
7f2820512000-7f2820516000 r--s 00021000 08:01 12984455                   /home/quadkastpc/.gradle/wrapper/dists/gradle-5.6.4-all/ankdp27end7byghfw1q2sw75f/gradle-5.6.4/lib/plugins/maven-model-builder-3.0.4.jar
7f2820516000-7f2820518000 r--s 00026000 08:01 12984456                   /home/quadkastpc/.gradle/wrapper/dists/gradle-5.6.4-all/ankdp27end7byghfw1q2sw75f/gradle-5.6.4/lib/plugins/maven-model-3.0.4.jar
7f2820518000-7f282051a000 r--s 0000a000 08:01 12984459                   /home/quadkastpc/.gradle/wrapper/dists/gradle-5.6.4-all/ankdp27end7byghfw1q2sw75f/gradle-5.6.4/lib/plugins/maven-settings-3.0.4.jar
7f282051a000-7f282051c000 r--s 00002000 08:01 12984461                   /home/quadkastpc/.gradle/wrapper/dists/gradle-5.6.4-all/ankdp27end7byghfw1q2sw75f/gradle-5.6.4/lib/plugins/plexus-cipher-1.7.jar
7f282051c000-7f282051d000 r--s 00006000 08:01 12984460                   /home/quadkastpc/.gradle/wrapper/dists/gradle-5.6.4-all/ankdp27end7byghfw1q2sw75f/gradle-5.6.4/lib/plugins/plexus-sec-dispatcher-1.3.jar
7f282051d000-7f2820521000 r--s 0003c000 08:01 12984466                   /home/quadkastpc/.gradle/wrapper/dists/gradle-5.6.4-all/ankdp27end7byghfw1q2sw75f/gradle-5.6.4/lib/plugins/plexus-utils-3.1.0.jar
7f2820521000-7f2820524000 r--s 00008000 08:01 12984458                   /home/quadkastpc/.gradle/wrapper/dists/gradle-5.6.4-all/ankdp27end7byghfw1q2sw75f/gradle-5.6.4/lib/plugins/maven-settings-builder-3.0.4.jar
7f2820524000-7f2820530000 r--s 0007d000 08:01 12984416                   /home/quadkastpc/.gradle/wrapper/dists/gradle-5.6.4-all/ankdp27end7byghfw1q2sw75f/gradle-5.6.4/lib/plugins/maven-core-3.0.4.jar
7f2820530000-7f2820545000 r--s 00116000 08:01 12984414                   /home/quadkastpc/.gradle/wrapper/dists/gradle-5.6.4-all/ankdp27end7byghfw1q2sw75f/gradle-5.6.4/lib/plugins/ivy-2.3.0.jar
7f2820545000-7f282054a000 r--s 00036000 08:01 12984424                   /home/quadkastpc/.gradle/wrapper/dists/gradle-5.6.4-all/ankdp27end7byghfw1q2sw75f/gradle-5.6.4/lib/plugins/gson-2.8.5.jar
7f282054a000-7f28205a9000 r--s 003f7000 08:01 12984444                   /home/quadkastpc/.gradle/wrapper/dists/gradle-5.6.4-all/ankdp27end7byghfw1q2sw75f/gradle-5.6.4/lib/plugins/bcprov-jdk15on-1.61.jar
7f28205a9000-7f28205aa000 r--s 00013000 08:01 12984412                   /home/quadkastpc/.gradle/wrapper/dists/gradle-5.6.4-all/ankdp27end7byghfw1q2sw75f/gradle-5.6.4/lib/plugins/asm-util-7.1.jar
7f28205aa000-7f28205e0000 r--s 001d8000 08:01 12984389                   /home/quadkastpc/.gradle/wrapper/dists/gradle-5.6.4-all/ankdp27end7byghfw1q2sw75f/gradle-5.6.4/lib/plugins/gradle-dependency-management-5.6.4.jar
7f28205e0000-7f28205e2000 r--s 0000d000 08:01 12984387                   /home/quadkastpc/.gradle/wrapper/dists/gradle-5.6.4-all/ankdp27end7byghfw1q2sw75f/gradle-5.6.4/lib/plugins/gradle-plugin-use-5.6.4.jar
7f28205e2000-7f28205e5000 r--s 0000d000 08:01 12984390                   /home/quadkastpc/.gradle/wrapper/dists/gradle-5.6.4-all/ankdp27end7byghfw1q2sw75f/gradle-5.6.4/lib/plugins/gradle-composite-builds-5.6.4.jar
7f28205e5000-7f28205fe000 r--s 0013a000 08:01 12984436                   /home/quadkastpc/.gradle/wrapper/dists/gradle-5.6.4-all/ankdp27end7byghfw1q2sw75f/gradle-5.6.4/lib/plugins/xercesImpl-2.12.0.jar
7f28205fe000-7f2820604000 r--s 0005b000 08:01 12984434                   /home/quadkastpc/.gradle/wrapper/dists/gradle-5.6.4-all/ankdp27end7byghfw1q2sw75f/gradle-5.6.4/lib/plugins/jcifs-1.3.17.jar
7f2820604000-7f282060b000 r--s 0004b000 08:01 12984411                   /home/quadkastpc/.gradle/wrapper/dists/gradle-5.6.4-all/ankdp27end7byghfw1q2sw75f/gradle-5.6.4/lib/plugins/commons-codec-1.11.jar
7f282060b000-7f2820612000 r--s 00049000 08:01 12984451                   /home/quadkastpc/.gradle/wrapper/dists/gradle-5.6.4-all/ankdp27end7byghfw1q2sw75f/gradle-5.6.4/lib/plugins/httpcore-4.4.10.jar
7f2820612000-7f2820628000 r-xp 00000000 08:01 3936901                    /lib/x86_64-linux-gnu/libgcc_s.so.1
7f2820628000-7f2820827000 ---p 00016000 08:01 3936901                    /lib/x86_64-linux-gnu/libgcc_s.so.1
7f2820827000-7f2820828000 rw-p 00015000 08:01 3936901                    /lib/x86_64-linux-gnu/libgcc_s.so.1
7f2820828000-7f282099a000 r-xp 00000000 08:01 9832582                    /usr/lib/x86_64-linux-gnu/libstdc++.so.6.0.21
7f282099a000-7f2820b9a000 ---p 00172000 08:01 9832582                    /usr/lib/x86_64-linux-gnu/libstdc++.so.6.0.21
7f2820b9a000-7f2820ba4000 r--p 00172000 08:01 9832582                    /usr/lib/x86_64-linux-gnu/libstdc++.so.6.0.21
7f2820ba4000-7f2820ba6000 rw-p 0017c000 08:01 9832582                    /usr/lib/x86_64-linux-gnu/libstdc++.so.6.0.21
7f2820ba6000-7f2820baa000 rw-p 00000000 00:00 0 
7f2820baa000-7f2820bab000 r--s 00000000 08:01 12977359                   /home/quadkastpc/.gradle/wrapper/dists/gradle-5.6.4-all/ankdp27end7byghfw1q2sw75f/gradle-5.6.4/lib/gradle-runtime-api-info-5.6.4.jar
7f2820bab000-7f2820bac000 r--s 00000000 08:01 12977363                   /home/quadkastpc/.gradle/wrapper/dists/gradle-5.6.4-all/ankdp27end7byghfw1q2sw75f/gradle-5.6.4/lib/gradle-installation-beacon-5.6.4.jar
7f2820bac000-7f2820bae000 r--s 0001d000 08:01 12984435                   /home/quadkastpc/.gradle/wrapper/dists/gradle-5.6.4-all/ankdp27end7byghfw1q2sw75f/gradle-5.6.4/lib/plugins/nekohtml-1.9.22.jar
7f2820bae000-7f2820bbb000 r--s 000af000 08:01 12984410                   /home/quadkastpc/.gradle/wrapper/dists/gradle-5.6.4-all/ankdp27end7byghfw1q2sw75f/gradle-5.6.4/lib/plugins/httpclient-4.5.6.jar
7f2820bbb000-7f2820bbe000 r--s 0000e000 08:01 12984395                   /home/quadkastpc/.gradle/wrapper/dists/gradle-5.6.4-all/ankdp27end7byghfw1q2sw75f/gradle-5.6.4/lib/plugins/gradle-resources-http-5.6.4.jar
7f2820bbe000-7f2820bc3000 r--s 0001d000 08:01 12984398                   /home/quadkastpc/.gradle/wrapper/dists/gradle-5.6.4-all/ankdp27end7byghfw1q2sw75f/gradle-5.6.4/lib/plugins/gradle-workers-5.6.4.jar
7f2820bc3000-7f2820bc9000 r-xp 00000000 08:01 7874212                    /home/quadkastpc/.gradle/native/30/linux-amd64/libnative-platform.so
7f2820bc9000-7f2820dc8000 ---p 00006000 08:01 7874212                    /home/quadkastpc/.gradle/native/30/linux-amd64/libnative-platform.so
7f2820dc8000-7f2820dc9000 rw-p 00005000 08:01 7874212                    /home/quadkastpc/.gradle/native/30/linux-amd64/libnative-platform.so
7f2820dc9000-7f2820dd4000 r--s 00081000 08:01 12984320                   /home/quadkastpc/.gradle/wrapper/dists/gradle-5.6.4-all/ankdp27end7byghfw1q2sw75f/gradle-5.6.4/lib/trove4j-1.0.20181211.jar
7f2820dd4000-7f2820dd6000 r--s 00009000 08:01 12984328                   /home/quadkastpc/.gradle/wrapper/dists/gradle-5.6.4-all/ankdp27end7byghfw1q2sw75f/gradle-5.6.4/lib/kotlin-script-runtime-1.3.41.jar
7f2820dd6000-7f2820ffd000 r--s 0204c000 08:01 12984290                   /home/quadkastpc/.gradle/wrapper/dists/gradle-5.6.4-all/ankdp27end7byghfw1q2sw75f/gradle-5.6.4/lib/kotlin-compiler-embeddable-1.3.41-patched-for-gradle-5.6.4.jar
7f2820ffd000-7f2820fff000 r--s 00006000 08:01 12977362                   /home/quadkastpc/.gradle/wrapper/dists/gradle-5.6.4-all/ankdp27end7byghfw1q2sw75f/gradle-5.6.4/lib/gradle-wrapper-5.6.4.jar
7f2820fff000-7f2824000000 rw-p 00000000 00:00 0 
7f2824000000-7f2824021000 rw-p 00000000 00:00 0 
7f2824021000-7f2828000000 ---p 00000000 00:00 0 
7f2828000000-7f2828021000 rw-p 00000000 00:00 0 
7f2828021000-7f282c000000 ---p 00000000 00:00 0 
7f282c000000-7f282dd17000 rw-p 00000000 00:00 0 
7f282dd17000-7f2830000000 ---p 00000000 00:00 0 
7f2830000000-7f2830508000 rw-p 00000000 00:00 0 
7f2830508000-7f2834000000 ---p 00000000 00:00 0 
7f2834000000-7f2834021000 rw-p 00000000 00:00 0 
7f2834021000-7f2838000000 ---p 00000000 00:00 0 
7f2838000000-7f28397de000 rw-p 00000000 00:00 0 
7f28397de000-7f283c000000 ---p 00000000 00:00 0 
7f283c000000-7f283c021000 rw-p 00000000 00:00 0 
7f283c021000-7f2840000000 ---p 00000000 00:00 0 
7f2840000000-7f2840021000 rw-p 00000000 00:00 0 
7f2840021000-7f2844000000 ---p 00000000 00:00 0 
7f2844000000-7f28442ba000 rw-p 00000000 00:00 0 
7f28442ba000-7f2848000000 ---p 00000000 00:00 0 
7f2848000000-7f2848001000 r--s 00001000 08:01 12984289                   /home/quadkastpc/.gradle/wrapper/dists/gradle-5.6.4-all/ankdp27end7byghfw1q2sw75f/gradle-5.6.4/lib/gradle-kotlin-dsl-tooling-models-5.6.4.jar
7f2848001000-7f2848010000 r--s 0004d000 08:01 12977361                   /home/quadkastpc/.gradle/wrapper/dists/gradle-5.6.4-all/ankdp27end7byghfw1q2sw75f/gradle-5.6.4/lib/gradle-tooling-api-5.6.4.jar
7f2848010000-7f2848020000 r--s 0026b000 08:01 12984312                   /home/quadkastpc/.gradle/wrapper/dists/gradle-5.6.4-all/ankdp27end7byghfw1q2sw75f/gradle-5.6.4/lib/kotlinx-metadata-jvm-0.1.0.jar
7f2848020000-7f2848021000 r--s 00002000 08:01 12984311                   /home/quadkastpc/.gradle/wrapper/dists/gradle-5.6.4-all/ankdp27end7byghfw1q2sw75f/gradle-5.6.4/lib/kotlin-sam-with-receiver-compiler-plugin-1.3.41.jar
7f2848021000-7f2848028000 r--s 00047000 08:01 12984310                   /home/quadkastpc/.gradle/wrapper/dists/gradle-5.6.4-all/ankdp27end7byghfw1q2sw75f/gradle-5.6.4/lib/kotlin-scripting-compiler-impl-embeddable-1.3.41.jar
7f2848028000-7f2848029000 r--s 00009000 08:01 12984309                   /home/quadkastpc/.gradle/wrapper/dists/gradle-5.6.4-all/ankdp27end7byghfw1q2sw75f/gradle-5.6.4/lib/kotlin-scripting-compiler-embeddable-1.3.41.jar
7f2848029000-7f2848044000 r--s 0015f000 08:01 12977360                   /home/quadkastpc/.gradle/wrapper/dists/gradle-5.6.4-all/ankdp27end7byghfw1q2sw75f/gradle-5.6.4/lib/gradle-kotlin-dsl-5.6.4.jar
7f2848044000-7f2848046000 r--s 00005000 08:01 12984275                   /home/quadkastpc/.gradle/wrapper/dists/gradle-5.6.4-all/ankdp27end7byghfw1q2sw75f/gradle-5.6.4/lib/gradle-worker-processes-5.6.4.jar
7f2848046000-7f284804c000 r--s 00028000 08:01 12977369                   /home/quadkastpc/.gradle/wrapper/dists/gradle-5.6.4-all/ankdp27end7byghfw1q2sw75f/gradle-5.6.4/lib/gradle-execution-5.6.4.jar
7f284804c000-7f284804e000 r--s 00007000 08:01 12977368                   /home/quadkastpc/.gradle/wrapper/dists/gradle-5.6.4-all/ankdp27end7byghfw1q2sw75f/gradle-5.6.4/lib/gradle-model-groovy-5.6.4.jar
7f284804e000-7f2848050000 r--s 00000000 08:01 12984278                   /home/quadkastpc/.gradle/wrapper/dists/gradle-5.6.4-all/ankdp27end7byghfw1q2sw75f/gradle-5.6.4/lib/gradle-jvm-services-5.6.4.jar
7f2848050000-7f2848052000 r--s 00006000 08:01 12977371                   /home/quadkastpc/.gradle/wrapper/dists/gradle-5.6.4-all/ankdp27end7byghfw1q2sw75f/gradle-5.6.4/lib/gradle-build-cache-packaging-5.6.4.jar
7f2848052000-7f2848056000 r--s 0000e000 08:01 12977372                   /home/quadkastpc/.gradle/wrapper/dists/gradle-5.6.4-all/ankdp27end7byghfw1q2sw75f/gradle-5.6.4/lib/gradle-build-cache-5.6.4.jar
7f2848056000-7f2848057000 r--s 00005000 08:01 12984293                   /home/quadkastpc/.gradle/wrapper/dists/gradle-5.6.4-all/ankdp27end7byghfw1q2sw75f/gradle-5.6.4/lib/gradle-docs-5.6.4.jar
7f2848057000-7f284808f000 r--s 00273000 08:01 12984322                   /home/quadkastpc/.gradle/wrapper/dists/gradle-5.6.4-all/ankdp27end7byghfw1q2sw75f/gradle-5.6.4/lib/kotlin-reflect-1.3.41.jar
7f284808f000-7f2848090000 r--s 00000000 08:01 12984323                   /home/quadkastpc/.gradle/wrapper/dists/gradle-5.6.4-all/ankdp27end7byghfw1q2sw75f/gradle-5.6.4/lib/kotlin-stdlib-jdk7-1.3.41.jar
7f2848090000-7f2848092000 r--s 00002000 08:01 12984307                   /home/quadkastpc/.gradle/wrapper/dists/gradle-5.6.4-all/ankdp27end7byghfw1q2sw75f/gradle-5.6.4/lib/kotlin-stdlib-jdk8-1.3.41.jar
7f2848092000-7f284809b000 r--s 000b3000 08:01 12977365                   /home/quadkastpc/.gradle/wrapper/dists/gradle-5.6.4-all/ankdp27end7byghfw1q2sw75f/gradle-5.6.4/lib/gradle-instant-execution-5.6.4.jar
7f284809b000-7f28480a4000 r--s 0002d000 08:01 12984321                   /home/quadkastpc/.gradle/wrapper/dists/gradle-5.6.4-all/ankdp27end7byghfw1q2sw75f/gradle-5.6.4/lib/xml-apis-1.4.01.jar
7f28480a4000-7f28480af000 r--s 00086000 08:01 12984313                   /home/quadkastpc/.gradle/wrapper/dists/gradle-5.6.4-all/ankdp27end7byghfw1q2sw75f/gradle-5.6.4/lib/commons-compress-1.18.jar
7f28480af000-7f28480b1000 r--s 00007000 08:01 12984303                   /home/quadkastpc/.gradle/wrapper/dists/gradle-5.6.4-all/ankdp27end7byghfw1q2sw75f/gradle-5.6.4/lib/asm-analysis-7.1.jar
7f28480b1000-7f28480b3000 r--s 0000b000 08:01 12984304                   /home/quadkastpc/.gradle/wrapper/dists/gradle-5.6.4-all/ankdp27end7byghfw1q2sw75f/gradle-5.6.4/lib/asm-tree-7.1.jar
7f28480b3000-7f28480b5000 r--s 00010000 08:01 12984302                   /home/quadkastpc/.gradle/wrapper/dists/gradle-5.6.4-all/ankdp27end7byghfw1q2sw75f/gradle-5.6.4/lib/asm-commons-7.1.jar
7f28480b5000-7f28480b9000 r--s 00010000 08:01 12984287                   /home/quadkastpc/.gradle/wrapper/dists/gradle-5.6.4-all/ankdp27end7byghfw1q2sw75f/gradle-5.6.4/lib/gradle-snapshots-5.6.4.jar
7f28480b9000-7f28480c0000 r--s 00021000 08:01 12984330                   /home/quadkastpc/.gradle/wrapper/dists/gradle-5.6.4-all/ankdp27end7byghfw1q2sw75f/gradle-5.6.4/lib/kotlin-stdlib-common-1.3.41.jar
7f28480c0000-7f28480c2000 r--s 00003000 08:01 12984325                   /home/quadkastpc/.gradle/wrapper/dists/gradle-5.6.4-all/ankdp27end7byghfw1q2sw75f/gradle-5.6.4/lib/annotations-13.0.jar
7f28480c2000-7f28480d6000 r--s 00128000 08:01 12984324                   /home/quadkastpc/.gradle/wrapper/dists/gradle-5.6.4-all/ankdp27end7byghfw1q2sw75f/gradle-5.6.4/lib/kotlin-stdlib-1.3.41.jar
7f28480d6000-7f28480ed000 r--s 000d6000 08:01 12977370                   /home/quadkastpc/.gradle/wrapper/dists/gradle-5.6.4-all/ankdp27end7byghfw1q2sw75f/gradle-5.6.4/lib/gradle-model-core-5.6.4.jar
7f28480ed000-7f28480f2000 r--s 00015000 08:01 12984280                   /home/quadkastpc/.gradle/wrapper/dists/gradle-5.6.4-all/ankdp27end7byghfw1q2sw75f/gradle-5.6.4/lib/gradle-resources-5.6.4.jar
7f28480f2000-7f28480f9000 r--s 00036000 08:01 12977374                   /home/quadkastpc/.gradle/wrapper/dists/gradle-5.6.4-all/ankdp27end7byghfw1q2sw75f/gradle-5.6.4/lib/gradle-persistent-cache-5.6.4.jar
7f28480f9000-7f28480fb000 r--s 00006000 08:01 12984283                   /home/quadkastpc/.gradle/wrapper/dists/gradle-5.6.4-all/ankdp27end7byghfw1q2sw75f/gradle-5.6.4/lib/gradle-base-services-groovy-5.6.4.jar
7f28480fb000-7f28480fc000 r--s 00000000 08:01 12984308                   /home/quadkastpc/.gradle/wrapper/dists/gradle-5.6.4-all/ankdp27end7byghfw1q2sw75f/gradle-5.6.4/lib/javax.inject-1.jar
7f28480fc000-7f2848101000 r--s 0001f000 08:01 12977367                   /home/quadkastpc/.gradle/wrapper/dists/gradle-5.6.4-all/ankdp27end7byghfw1q2sw75f/gradle-5.6.4/lib/gradle-file-collections-5.6.4.jar
7f2848101000-7f2848103000 r--s 00006000 08:01 12984279                   /home/quadkastpc/.gradle/wrapper/dists/gradle-5.6.4-all/ankdp27end7byghfw1q2sw75f/gradle-5.6.4/lib/gradle-process-services-5.6.4.jar
7f2848103000-7f2848105000 r--s 00004000 08:01 12984296                   /home/quadkastpc/.gradle/wrapper/dists/gradle-5.6.4-all/ankdp27end7byghfw1q2sw75f/gradle-5.6.4/lib/log4j-over-slf4j-1.7.25.jar
7f2848105000-7f2848107000 r--s 00000000 08:01 12984295                   /home/quadkastpc/.gradle/wrapper/dists/gradle-5.6.4-all/ankdp27end7byghfw1q2sw75f/gradle-5.6.4/lib/jul-to-slf4j-1.7.25.jar
7f2848107000-7f2848109000 r--s 00003000 08:01 12984297                   /home/quadkastpc/.gradle/wrapper/dists/gradle-5.6.4-all/ankdp27end7byghfw1q2sw75f/gradle-5.6.4/lib/jcl-over-slf4j-1.7.25.jar
7f2848109000-7f2848111000 r--s 00038000 08:01 12984277                   /home/quadkastpc/.gradle/wrapper/dists/gradle-5.6.4-all/ankdp27end7byghfw1q2sw75f/gradle-5.6.4/lib/gradle-logging-5.6.4.jar
7f2848111000-7f2848113000 r--s 00004000 08:01 12984288                   /home/quadkastpc/.gradle/wrapper/dists/gradle-5.6.4-all/ankdp27end7byghfw1q2sw75f/gradle-5.6.4/lib/gradle-files-5.6.4.jar
7f2848113000-7f2848114000 r--s 00004000 08:01 12984331                   /home/quadkastpc/.gradle/wrapper/dists/gradle-5.6.4-all/ankdp27end7byghfw1q2sw75f/gradle-5.6.4/lib/native-platform-freebsd-amd64-libcpp-0.18.jar
7f2848114000-7f2848115000 r--s 00004000 08:01 12984332                   /home/quadkastpc/.gradle/wrapper/dists/gradle-5.6.4-all/ankdp27end7byghfw1q2sw75f/gradle-5.6.4/lib/native-platform-freebsd-amd64-libstdcpp-0.18.jar
7f2848115000-7f2848116000 r--s 00004000 08:01 12984333                   /home/quadkastpc/.gradle/wrapper/dists/gradle-5.6.4-all/ankdp27end7byghfw1q2sw75f/gradle-5.6.4/lib/native-platform-freebsd-i386-libcpp-0.18.jar
7f2848116000-7f2848117000 r--s 00004000 08:01 12984334                   /home/quadkastpc/.gradle/wrapper/dists/gradle-5.6.4-all/ankdp27end7byghfw1q2sw75f/gradle-5.6.4/lib/native-platform-freebsd-i386-libstdcpp-0.18.jar
7f2848117000-7f2848118000 r--s 00002000 08:01 12984335                   /home/quadkastpc/.gradle/wrapper/dists/gradle-5.6.4-all/ankdp27end7byghfw1q2sw75f/gradle-5.6.4/lib/native-platform-linux-aarch64-0.18.jar
7f2848118000-7f2848119000 r--s 00002000 08:01 12984336                   /home/quadkastpc/.gradle/wrapper/dists/gradle-5.6.4-all/ankdp27end7byghfw1q2sw75f/gradle-5.6.4/lib/native-platform-linux-amd64-0.18.jar
7f2848119000-7f284811a000 r--s 00002000 08:01 12984337                   /home/quadkastpc/.gradle/wrapper/dists/gradle-5.6.4-all/ankdp27end7byghfw1q2sw75f/gradle-5.6.4/lib/native-platform-linux-i386-0.18.jar
7f284811a000-7f284811b000 r--s 00003000 08:01 12984338                   /home/quadkastpc/.gradle/wrapper/dists/gradle-5.6.4-all/ankdp27end7byghfw1q2sw75f/gradle-5.6.4/lib/native-platform-osx-amd64-0.18.jar
7f284811b000-7f284811c000 r--s 00011000 08:01 12984339                   /home/quadkastpc/.gradle/wrapper/dists/gradle-5.6.4-all/ankdp27end7byghfw1q2sw75f/gradle-5.6.4/lib/native-platform-windows-amd64-0.18.jar
7f284811c000-7f284811e000 r--s 00010000 08:01 12984340                   /home/quadkastpc/.gradle/wrapper/dists/gradle-5.6.4-all/ankdp27end7byghfw1q2sw75f/gradle-5.6.4/lib/native-platform-windows-amd64-min-0.18.jar
7f284811e000-7f284811f000 r--s 0000f000 08:01 12984341                   /home/quadkastpc/.gradle/wrapper/dists/gradle-5.6.4-all/ankdp27end7byghfw1q2sw75f/gradle-5.6.4/lib/native-platform-windows-i386-0.18.jar
7f284811f000-7f2848120000 r--s 0000f000 08:01 12984342                   /home/quadkastpc/.gradle/wrapper/dists/gradle-5.6.4-all/ankdp27end7byghfw1q2sw75f/gradle-5.6.4/lib/native-platform-windows-i386-min-0.18.jar
7f2848120000-7f2848121000 r--s 00001000 08:01 12984343                   /home/quadkastpc/.gradle/wrapper/dists/gradle-5.6.4-all/ankdp27end7byghfw1q2sw75f/gradle-5.6.4/lib/native-platform-linux-aarch64-ncurses5-0.18.jar
7f2848121000-7f2848123000 r--s 00001000 08:01 12984344                   /home/quadkastpc/.gradle/wrapper/dists/gradle-5.6.4-all/ankdp27end7byghfw1q2sw75f/gradle-5.6.4/lib/native-platform-linux-amd64-ncurses5-0.18.jar
7f2848123000-7f2848124000 r--s 00001000 08:01 12984345                   /home/quadkastpc/.gradle/wrapper/dists/gradle-5.6.4-all/ankdp27end7byghfw1q2sw75f/gradle-5.6.4/lib/native-platform-linux-amd64-ncurses6-0.18.jar
7f2848124000-7f2848125000 r--s 00001000 08:01 12984346                   /home/quadkastpc/.gradle/wrapper/dists/gradle-5.6.4-all/ankdp27end7byghfw1q2sw75f/gradle-5.6.4/lib/native-platform-linux-i386-ncurses5-0.18.jar
7f2848125000-7f284812a000 r--s 0001a000 08:01 12984318                   /home/quadkastpc/.gradle/wrapper/dists/gradle-5.6.4-all/ankdp27end7byghfw1q2sw75f/gradle-5.6.4/lib/native-platform-0.18.jar
7f284812a000-7f284812e000 r--s 00042000 08:01 12984315                   /home/quadkastpc/.gradle/wrapper/dists/gradle-5.6.4-all/ankdp27end7byghfw1q2sw75f/gradle-5.6.4/lib/jansi-1.17.1.jar
7f284812e000-7f2848131000 r--s 0000c000 08:01 12984282                   /home/quadkastpc/.gradle/wrapper/dists/gradle-5.6.4-all/ankdp27end7byghfw1q2sw75f/gradle-5.6.4/lib/gradle-native-5.6.4.jar
7f2848131000-7f2848161000 r--s 0024c000 08:01 12984299                   /home/quadkastpc/.gradle/wrapper/dists/gradle-5.6.4-all/ankdp27end7byghfw1q2sw75f/gradle-5.6.4/lib/guava-27.1-android.jar
7f2848161000-7f28481df000 r--s 00759000 08:01 12984294                   /home/quadkastpc/.gradle/wrapper/dists/gradle-5.6.4-all/ankdp27end7byghfw1q2sw75f/gradle-5.6.4/lib/groovy-all-1.3-2.5.4.jar
7f28481df000-7f284821d000 r--s 0020d000 08:01 12977366                   /home/quadkastpc/.gradle/wrapper/dists/gradle-5.6.4-all/ankdp27end7byghfw1q2sw75f/gradle-5.6.4/lib/gradle-core-5.6.4.jar
7f284821d000-7f284821e000 ---p 00000000 00:00 0 
7f284821e000-7f284831e000 rw-p 00000000 00:00 0 
7f284831e000-7f2848321000 ---p 00000000 00:00 0 
7f2848321000-7f284841f000 rw-p 00000000 00:00 0 
7f284841f000-7f2848422000 ---p 00000000 00:00 0 
7f2848422000-7f2848520000 rw-p 00000000 00:00 0 
7f2848520000-7f2848523000 ---p 00000000 00:00 0 
7f2848523000-7f2848621000 rw-p 00000000 00:00 0 
7f2848621000-7f2848624000 ---p 00000000 00:00 0 
7f2848624000-7f2848722000 rw-p 00000000 00:00 0 
7f2848722000-7f2848725000 ---p 00000000 00:00 0 
7f2848725000-7f2848823000 rw-p 00000000 00:00 0 
7f2848823000-7f2848afb000 r--p 00000000 08:01 9830667                    /usr/lib/locale/locale-archive
7f2848afb000-7f2848afe000 ---p 00000000 00:00 0 
7f2848afe000-7f2848bfc000 rw-p 00000000 00:00 0 
7f2848bfc000-7f2848bff000 ---p 00000000 00:00 0 
7f2848bff000-7f2848cfd000 rw-p 00000000 00:00 0 
7f2848cfd000-7f2848cfe000 ---p 00000000 00:00 0 
7f2848cfe000-7f284c000000 rw-p 00000000 00:00 0 
7f284c000000-7f284c021000 rw-p 00000000 00:00 0 
7f284c021000-7f2850000000 ---p 00000000 00:00 0 
7f2850000000-7f2850021000 rw-p 00000000 00:00 0 
7f2850021000-7f2854000000 ---p 00000000 00:00 0 
7f2854000000-7f2854021000 rw-p 00000000 00:00 0 
7f2854021000-7f2858000000 ---p 00000000 00:00 0 
7f2858000000-7f2858021000 rw-p 00000000 00:00 0 
7f2858021000-7f285c000000 ---p 00000000 00:00 0 
7f285c000000-7f285c001000 r--s 00001000 08:01 12984347                   /home/quadkastpc/.gradle/wrapper/dists/gradle-5.6.4-all/ankdp27end7byghfw1q2sw75f/gradle-5.6.4/lib/native-platform-linux-i386-ncurses6-0.18.jar
7f285c001000-7f285c002000 r--s 00003000 08:01 12984285                   /home/quadkastpc/.gradle/wrapper/dists/gradle-5.6.4-all/ankdp27end7byghfw1q2sw75f/gradle-5.6.4/lib/gradle-build-option-5.6.4.jar
7f285c002000-7f285c004000 r--s 0000c000 08:01 12984319                   /home/quadkastpc/.gradle/wrapper/dists/gradle-5.6.4-all/ankdp27end7byghfw1q2sw75f/gradle-5.6.4/lib/objenesis-2.6.jar
7f285c004000-7f285c006000 r--s 00000000 08:01 12984327                   /home/quadkastpc/.gradle/wrapper/dists/gradle-5.6.4-all/ankdp27end7byghfw1q2sw75f/gradle-5.6.4/lib/minlog-1.2.jar
7f285c006000-7f285c00c000 r--s 0004d000 08:01 12984317                   /home/quadkastpc/.gradle/wrapper/dists/gradle-5.6.4-all/ankdp27end7byghfw1q2sw75f/gradle-5.6.4/lib/kryo-2.24.0.jar
7f285c00c000-7f285c00f000 r--s 0001c000 08:01 12984314                   /home/quadkastpc/.gradle/wrapper/dists/gradle-5.6.4-all/ankdp27end7byghfw1q2sw75f/gradle-5.6.4/lib/fastutil-8.2.1-min.jar
7f285c00f000-7f285c016000 r--s 0002f000 08:01 12984281                   /home/quadkastpc/.gradle/wrapper/dists/gradle-5.6.4-all/ankdp27end7byghfw1q2sw75f/gradle-5.6.4/lib/gradle-messaging-5.6.4.jar
7f285c016000-7f285c018000 r--s 00005000 08:01 12984286                   /home/quadkastpc/.gradle/wrapper/dists/gradle-5.6.4-all/ankdp27end7byghfw1q2sw75f/gradle-5.6.4/lib/gradle-cli-5.6.4.jar
7f285c018000-7f285c01a000 r--s 00003000 08:01 12984291                   /home/quadkastpc/.gradle/wrapper/dists/gradle-5.6.4-all/ankdp27end7byghfw1q2sw75f/gradle-5.6.4/lib/gradle-hashing-5.6.4.jar
7f285c01a000-7f285c01c000 r--s 00003000 08:01 12984316                   /home/quadkastpc/.gradle/wrapper/dists/gradle-5.6.4-all/ankdp27end7byghfw1q2sw75f/gradle-5.6.4/lib/jsr305-3.0.2.jar
7f285c01c000-7f285c03b000 r--s 001db000 08:01 12984306                   /home/quadkastpc/.gradle/wrapper/dists/gradle-5.6.4-all/ankdp27end7byghfw1q2sw75f/gradle-5.6.4/lib/ant-1.9.14.jar
7f285c03b000-7f285c049000 r--s 00043000 08:01 12977373                   /home/quadkastpc/.gradle/wrapper/dists/gradle-5.6.4-all/ankdp27end7byghfw1q2sw75f/gradle-5.6.4/lib/gradle-core-api-5.6.4.jar
7f285c049000-7f285c056000 r--s 00064000 08:01 12984284                   /home/quadkastpc/.gradle/wrapper/dists/gradle-5.6.4-all/ankdp27end7byghfw1q2sw75f/gradle-5.6.4/lib/gradle-base-services-5.6.4.jar
7f285c056000-7f285c06d000 r-xp 00000000 08:01 7996627                    /home/quadkastpc/Documents/android-studio/jre/jre/lib/amd64/libnet.so
7f285c06d000-7f285c06e000 r--p 00016000 08:01 7996627                    /home/quadkastpc/Documents/android-studio/jre/jre/lib/amd64/libnet.so
7f285c06e000-7f285c06f000 rw-p 00017000 08:01 7996627                    /home/quadkastpc/Documents/android-studio/jre/jre/lib/amd64/libnet.so
7f285c06f000-7f285ce2d000 rw-p 00000000 00:00 0 
7f285ce2d000-7f285d000000 r--s 03cdf000 08:01 7996664                    /home/quadkastpc/Documents/android-studio/jre/jre/lib/rt.jar
7f285d000000-7f285d5f0000 rwxp 00000000 00:00 0 
7f285d5f0000-7f286c000000 ---p 00000000 00:00 0 
7f286c000000-7f286d201000 rw-p 00000000 00:00 0 
7f286d201000-7f2870000000 ---p 00000000 00:00 0 
7f2870000000-7f2870001000 r--s 00000000 08:01 12984292                   /home/quadkastpc/.gradle/wrapper/dists/gradle-5.6.4-all/ankdp27end7byghfw1q2sw75f/gradle-5.6.4/lib/gradle-pineapple-5.6.4.jar
7f2870001000-7f2870003000 r--s 00000000 08:01 12984329                   /home/quadkastpc/.gradle/wrapper/dists/gradle-5.6.4-all/ankdp27end7byghfw1q2sw75f/gradle-5.6.4/lib/failureaccess-1.0.1.jar
7f2870003000-7f2870008000 r--s 00041000 08:01 12984301                   /home/quadkastpc/.gradle/wrapper/dists/gradle-5.6.4-all/ankdp27end7byghfw1q2sw75f/gradle-5.6.4/lib/commons-lang-2.6.jar
7f2870008000-7f2870018000 r-xp 00000000 08:01 7996648                    /home/quadkastpc/Documents/android-studio/jre/jre/lib/amd64/libnio.so
7f2870018000-7f2870019000 ---p 00010000 08:01 7996648                    /home/quadkastpc/Documents/android-studio/jre/jre/lib/amd64/libnio.so
7f2870019000-7f287001a000 r--p 00010000 08:01 7996648                    /home/quadkastpc/Documents/android-studio/jre/jre/lib/amd64/libnio.so
7f287001a000-7f287001b000 rw-p 00011000 08:01 7996648                    /home/quadkastpc/Documents/android-studio/jre/jre/lib/amd64/libnio.so
7f287001b000-7f2870c0d000 rw-p 00000000 00:00 0 
7f2870c0d000-7f2870c0e000 ---p 00000000 00:00 0 
7f2870c0e000-7f2870d0e000 rw-p 00000000 00:00 0 
7f2870d0e000-7f2870d0f000 ---p 00000000 00:00 0 
7f2870d0f000-7f2870e0f000 rw-p 00000000 00:00 0 
7f2870e0f000-7f2870e10000 ---p 00000000 00:00 0 
7f2870e10000-7f2870f10000 rw-p 00000000 00:00 0 
7f2870f10000-7f2870f11000 ---p 00000000 00:00 0 
7f2870f11000-7f2871039000 rw-p 00000000 00:00 0 
7f2871039000-7f2871211000 ---p 00000000 00:00 0 
7f2871211000-7f2871239000 rw-p 00000000 00:00 0 
7f2871239000-7f2871411000 ---p 00000000 00:00 0 
7f2871411000-7f2871452000 rw-p 00000000 00:00 0 
7f2871452000-7f2871511000 ---p 00000000 00:00 0 
7f2871511000-7f287152a000 rw-p 00000000 00:00 0 
7f287152a000-7f28718d2000 ---p 00000000 00:00 0 
7f28718d2000-7f28718dd000 r-xp 00000000 08:01 3936718                    /lib/x86_64-linux-gnu/libnss_files-2.23.so
7f28718dd000-7f2871adc000 ---p 0000b000 08:01 3936718                    /lib/x86_64-linux-gnu/libnss_files-2.23.so
7f2871adc000-7f2871add000 r--p 0000a000 08:01 3936718                    /lib/x86_64-linux-gnu/libnss_files-2.23.so
7f2871add000-7f2871ade000 rw-p 0000b000 08:01 3936718                    /lib/x86_64-linux-gnu/libnss_files-2.23.so
7f2871ade000-7f2871ae4000 rw-p 00000000 00:00 0 
7f2871ae4000-7f2871aef000 r-xp 00000000 08:01 3936722                    /lib/x86_64-linux-gnu/libnss_nis-2.23.so
7f2871aef000-7f2871cee000 ---p 0000b000 08:01 3936722                    /lib/x86_64-linux-gnu/libnss_nis-2.23.so
7f2871cee000-7f2871cef000 r--p 0000a000 08:01 3936722                    /lib/x86_64-linux-gnu/libnss_nis-2.23.so
7f2871cef000-7f2871cf0000 rw-p 0000b000 08:01 3936722                    /lib/x86_64-linux-gnu/libnss_nis-2.23.so
7f2871cf0000-7f2871d06000 r-xp 00000000 08:01 3936708                    /lib/x86_64-linux-gnu/libnsl-2.23.so
7f2871d06000-7f2871f05000 ---p 00016000 08:01 3936708                    /lib/x86_64-linux-gnu/libnsl-2.23.so
7f2871f05000-7f2871f06000 r--p 00015000 08:01 3936708                    /lib/x86_64-linux-gnu/libnsl-2.23.so
7f2871f06000-7f2871f07000 rw-p 00016000 08:01 3936708                    /lib/x86_64-linux-gnu/libnsl-2.23.so
7f2871f07000-7f2871f09000 rw-p 00000000 00:00 0 
7f2871f09000-7f2871f11000 r-xp 00000000 08:01 3936720                    /lib/x86_64-linux-gnu/libnss_compat-2.23.so
7f2871f11000-7f2872110000 ---p 00008000 08:01 3936720                    /lib/x86_64-linux-gnu/libnss_compat-2.23.so
7f2872110000-7f2872111000 r--p 00007000 08:01 3936720                    /lib/x86_64-linux-gnu/libnss_compat-2.23.so
7f2872111000-7f2872112000 rw-p 00008000 08:01 3936720                    /lib/x86_64-linux-gnu/libnss_compat-2.23.so
7f2872112000-7f2872119000 r-xp 00000000 08:01 3936725                    /lib/x86_64-linux-gnu/librt-2.23.so
7f2872119000-7f2872318000 ---p 00007000 08:01 3936725                    /lib/x86_64-linux-gnu/librt-2.23.so
7f2872318000-7f2872319000 r--p 00006000 08:01 3936725                    /lib/x86_64-linux-gnu/librt-2.23.so
7f2872319000-7f287231a000 rw-p 00007000 08:01 3936725                    /lib/x86_64-linux-gnu/librt-2.23.so
7f287231a000-7f2872422000 r-xp 00000000 08:01 3936709                    /lib/x86_64-linux-gnu/libm-2.23.so
7f2872422000-7f2872621000 ---p 00108000 08:01 3936709                    /lib/x86_64-linux-gnu/libm-2.23.so
7f2872621000-7f2872622000 r--p 00107000 08:01 3936709                    /lib/x86_64-linux-gnu/libm-2.23.so
7f2872622000-7f2872623000 rw-p 00108000 08:01 3936709                    /lib/x86_64-linux-gnu/libm-2.23.so
7f2872623000-7f2873252000 r-xp 00000000 08:01 7996641                    /home/quadkastpc/Documents/android-studio/jre/jre/lib/amd64/server/libjvm.so
7f2873252000-7f28732fa000 r--p 00c2e000 08:01 7996641                    /home/quadkastpc/Documents/android-studio/jre/jre/lib/amd64/server/libjvm.so
7f28732fa000-7f2873323000 rw-p 00cd6000 08:01 7996641                    /home/quadkastpc/Documents/android-studio/jre/jre/lib/amd64/server/libjvm.so
7f2873323000-7f2873367000 rw-p 00000000 00:00 0 
7f2873367000-7f2873527000 r-xp 00000000 08:01 3936705                    /lib/x86_64-linux-gnu/libc-2.23.so
7f2873527000-7f2873727000 ---p 001c0000 08:01 3936705                    /lib/x86_64-linux-gnu/libc-2.23.so
7f2873727000-7f287372b000 r--p 001c0000 08:01 3936705                    /lib/x86_64-linux-gnu/libc-2.23.so
7f287372b000-7f287372d000 rw-p 001c4000 08:01 3936705                    /lib/x86_64-linux-gnu/libc-2.23.so
7f287372d000-7f2873731000 rw-p 00000000 00:00 0 
7f2873731000-7f2873734000 r-xp 00000000 08:01 3936703                    /lib/x86_64-linux-gnu/libdl-2.23.so
7f2873734000-7f2873933000 ---p 00003000 08:01 3936703                    /lib/x86_64-linux-gnu/libdl-2.23.so
7f2873933000-7f2873934000 r--p 00002000 08:01 3936703                    /lib/x86_64-linux-gnu/libdl-2.23.so
7f2873934000-7f2873935000 rw-p 00003000 08:01 3936703                    /lib/x86_64-linux-gnu/libdl-2.23.so
7f2873935000-7f287394d000 r-xp 00000000 08:01 3936706                    /lib/x86_64-linux-gnu/libpthread-2.23.so
7f287394d000-7f2873b4c000 ---p 00018000 08:01 3936706                    /lib/x86_64-linux-gnu/libpthread-2.23.so
7f2873b4c000-7f2873b4d000 r--p 00017000 08:01 3936706                    /lib/x86_64-linux-gnu/libpthread-2.23.so
7f2873b4d000-7f2873b4e000 rw-p 00018000 08:01 3936706                    /lib/x86_64-linux-gnu/libpthread-2.23.so
7f2873b4e000-7f2873b52000 rw-p 00000000 00:00 0 
7f2873b52000-7f2873b78000 r-xp 00000000 08:01 3936716                    /lib/x86_64-linux-gnu/ld-2.23.so
7f2873b78000-7f2873b7c000 r--s 00031000 08:01 12984300                   /home/quadkastpc/.gradle/wrapper/dists/gradle-5.6.4-all/ankdp27end7byghfw1q2sw75f/gradle-5.6.4/lib/commons-io-2.6.jar
7f2873b7c000-7f2873b89000 r--s 0006c000 08:01 12977358                   /home/quadkastpc/.gradle/wrapper/dists/gradle-5.6.4-all/ankdp27end7byghfw1q2sw75f/gradle-5.6.4/lib/gradle-launcher-5.6.4.jar
7f2873b89000-7f2873bf0000 rw-p 00000000 00:00 0 
7f2873bf0000-7f2873c0b000 r-xp 00000000 08:01 7996623                    /home/quadkastpc/Documents/android-studio/jre/jre/lib/amd64/libzip.so
7f2873c0b000-7f2873c0c000 r--p 0001a000 08:01 7996623                    /home/quadkastpc/Documents/android-studio/jre/jre/lib/amd64/libzip.so
7f2873c0c000-7f2873c0d000 rw-p 0001b000 08:01 7996623                    /home/quadkastpc/Documents/android-studio/jre/jre/lib/amd64/libzip.so
7f2873c0d000-7f2873c15000 rw-s 00000000 08:01 8263338                    /tmp/hsperfdata_quadkastpc/19630
7f2873c15000-7f2873c3d000 r-xp 00000000 08:01 7996631                    /home/quadkastpc/Documents/android-studio/jre/jre/lib/amd64/libjava.so
7f2873c3d000-7f2873c3e000 r--p 00027000 08:01 7996631                    /home/quadkastpc/Documents/android-studio/jre/jre/lib/amd64/libjava.so
7f2873c3e000-7f2873c40000 rw-p 00028000 08:01 7996631                    /home/quadkastpc/Documents/android-studio/jre/jre/lib/amd64/libjava.so
7f2873c40000-7f2873c43000 ---p 00000000 00:00 0 
7f2873c43000-7f2873d45000 rw-p 00000000 00:00 0 
7f2873d45000-7f2873d5b000 r-xp 00000000 08:01 7996522                    /home/quadkastpc/Documents/android-studio/jre/lib/amd64/jli/libjli.so
7f2873d5b000-7f2873d5c000 r--p 00015000 08:01 7996522                    /home/quadkastpc/Documents/android-studio/jre/lib/amd64/jli/libjli.so
7f2873d5c000-7f2873d5d000 rw-p 00016000 08:01 7996522                    /home/quadkastpc/Documents/android-studio/jre/lib/amd64/jli/libjli.so
7f2873d5d000-7f2873d5e000 rw-p 00000000 00:00 0 
7f2873d5e000-7f2873d60000 r--s 0001b000 08:01 12984305                   /home/quadkastpc/.gradle/wrapper/dists/gradle-5.6.4-all/ankdp27end7byghfw1q2sw75f/gradle-5.6.4/lib/asm-7.1.jar
7f2873d60000-7f2873d62000 r--s 00009000 08:01 12984298                   /home/quadkastpc/.gradle/wrapper/dists/gradle-5.6.4-all/ankdp27end7byghfw1q2sw75f/gradle-5.6.4/lib/slf4j-api-1.7.25.jar
7f2873d62000-7f2873d63000 r--s 00004000 08:01 12984326                   /home/quadkastpc/.gradle/wrapper/dists/gradle-5.6.4-all/ankdp27end7byghfw1q2sw75f/gradle-5.6.4/lib/ant-launcher-1.9.14.jar
7f2873d63000-7f2873d65000 r--s 00001000 08:01 12977364                   /home/quadkastpc/.gradle/wrapper/dists/gradle-5.6.4-all/ankdp27end7byghfw1q2sw75f/gradle-5.6.4/lib/gradle-bootstrap-5.6.4.jar
7f2873d65000-7f2873d66000 rw-p 00000000 00:00 0 
7f2873d66000-7f2873d67000 ---p 00000000 00:00 0 
7f2873d67000-7f2873d74000 r-xp 00000000 08:01 7996619                    /home/quadkastpc/Documents/android-studio/jre/jre/lib/amd64/libverify.so
7f2873d74000-7f2873d76000 r--p 0000c000 08:01 7996619                    /home/quadkastpc/Documents/android-studio/jre/jre/lib/amd64/libverify.so
7f2873d76000-7f2873d77000 rw-p 0000e000 08:01 7996619                    /home/quadkastpc/Documents/android-studio/jre/jre/lib/amd64/libverify.so
7f2873d77000-7f2873d78000 r--p 00025000 08:01 3936716                    /lib/x86_64-linux-gnu/ld-2.23.so
7f2873d78000-7f2873d79000 rw-p 00026000 08:01 3936716                    /lib/x86_64-linux-gnu/ld-2.23.so
7f2873d79000-7f2873d7a000 rw-p 00000000 00:00 0 
7ffcff7ab000-7ffcff7cc000 rw-p 00000000 00:00 0                          [stack]
7ffcff7ed000-7ffcff7f0000 r--p 00000000 00:00 0                          [vvar]
7ffcff7f0000-7ffcff7f2000 r-xp 00000000 00:00 0                          [vdso]
ffffffffff600000-ffffffffff601000 r-xp 00000000 00:00 0                  [vsyscall]

VM Arguments:
jvm_args: -Xmx1536m -Dfile.encoding=UTF-8 -Duser.country=IN -Duser.language=en -Duser.variant 
java_command: org.gradle.launcher.daemon.bootstrap.GradleDaemon 5.6.4
java_class_path (initial): /home/quadkastpc/.gradle/wrapper/dists/gradle-5.6.4-all/ankdp27end7byghfw1q2sw75f/gradle-5.6.4/lib/gradle-launcher-5.6.4.jar
Launcher Type: SUN_STANDARD

Environment Variables:
PATH=/home/quadkastpc/bin:/home/quadkastpc/.local/bin:/usr/local/sbin:/usr/local/bin:/usr/sbin:/usr/bin:/sbin:/bin:/usr/games:/usr/local/games:/snap/bin
SHELL=/bin/bash
DISPLAY=:0

Signal Handlers:
SIGSEGV: [libjvm.so+0xa13c80], sa_mask[0]=11111111011111111101111111111110, sa_flags=SA_RESTART|SA_SIGINFO
SIGBUS: [libjvm.so+0xa13c80], sa_mask[0]=11111111011111111101111111111110, sa_flags=SA_RESTART|SA_SIGINFO
SIGFPE: [libjvm.so+0x874670], sa_mask[0]=11111111011111111101111111111110, sa_flags=SA_RESTART|SA_SIGINFO
SIGPIPE: [libjvm.so+0x874670], sa_mask[0]=11111111011111111101111111111110, sa_flags=SA_RESTART|SA_SIGINFO
SIGXFSZ: [libjvm.so+0x874670], sa_mask[0]=11111111011111111101111111111110, sa_flags=SA_RESTART|SA_SIGINFO
SIGILL: [libjvm.so+0x874670], sa_mask[0]=11111111011111111101111111111110, sa_flags=SA_RESTART|SA_SIGINFO
SIGUSR1: SIG_DFL, sa_mask[0]=00000000000000000000000000000000, sa_flags=none
SIGUSR2: [libjvm.so+0x874540], sa_mask[0]=00100000000000000000000000000000, sa_flags=SA_RESTART|SA_SIGINFO
SIGHUP: SIG_IGN, sa_mask[0]=00000000000000000000000000000000, sa_flags=none
SIGINT: [libjvm.so+0x874730], sa_mask[0]=11111111011111111101111111111110, sa_flags=SA_RESTART|SA_SIGINFO
SIGTERM: [libjvm.so+0x874730], sa_mask[0]=11111111011111111101111111111110, sa_flags=SA_RESTART|SA_SIGINFO
SIGQUIT: [libjvm.so+0x874730], sa_mask[0]=11111111011111111101111111111110, sa_flags=SA_RESTART|SA_SIGINFO


---------------  S Y S T E M  ---------------

OS:DISTRIB_ID=Ubuntu
DISTRIB_RELEASE=16.04
DISTRIB_CODENAME=xenial
DISTRIB_DESCRIPTION="Ubuntu 16.04.7 LTS"

uname:Linux 4.15.0-117-generic #118~16.04.1-Ubuntu SMP Sat Sep 5 23:35:06 UTC 2020 x86_64
libc:glibc 2.23 NPTL 2.23 
rlimit: STACK 8192k, CORE 0k, NPROC 30468, NOFILE 1048576, AS infinity
load average:3.62 1.57 3.20

/proc/meminfo:
MemTotal:        7860964 kB
MemFree:          114128 kB
MemAvailable:      18300 kB
Buffers:             884 kB
Cached:           464412 kB
SwapCached:         6848 kB
Active:          6647688 kB
Inactive:         841232 kB
Active(anon):    6639800 kB
Inactive(anon):   830052 kB
Active(file):       7888 kB
Inactive(file):    11180 kB
Unevictable:          96 kB
Mlocked:              96 kB
SwapTotal:        999420 kB
SwapFree:              0 kB
Dirty:               160 kB
Writeback:             0 kB
AnonPages:       7020208 kB
Mapped:           123804 kB
Shmem:            445624 kB
Slab:             116344 kB
SReclaimable:      60740 kB
SUnreclaim:        55604 kB
KernelStack:       14864 kB
PageTables:        69696 kB
NFS_Unstable:          0 kB
Bounce:                0 kB
WritebackTmp:          0 kB
CommitLimit:     4929900 kB
Committed_AS:   15603864 kB
VmallocTotal:   34359738367 kB
VmallocUsed:           0 kB
VmallocChunk:          0 kB
HardwareCorrupted:     0 kB
AnonHugePages:         0 kB
ShmemHugePages:        0 kB
ShmemPmdMapped:        0 kB
CmaTotal:              0 kB
CmaFree:               0 kB
HugePages_Total:       0
HugePages_Free:        0
HugePages_Rsvd:        0
HugePages_Surp:        0
Hugepagesize:       2048 kB
DirectMap4k:      457328 kB
DirectMap2M:     7620608 kB
DirectMap1G:           0 kB

container (cgroup) information:
container_type: cgroupv1
cpu_cpuset_cpus: 0-3
cpu_memory_nodes: 0
active_processor_count: 4
cpu_quota: -1
cpu_period: 100000
cpu_shares: -1
memory_limit_in_bytes: -1
memory_and_swap_limit_in_bytes: -2
memory_soft_limit_in_bytes: -1
memory_usage_in_bytes: 7668310016
memory_max_usage_in_bytes: 4120576


CPU:total 4 (initial active 4) (2 cores per cpu, 2 threads per core) family 6 model 61 stepping 4, cmov, cx8, fxsr, mmx, sse, sse2, sse3, ssse3, sse4.1, sse4.2, popcnt, avx, avx2, aes, clmul, erms, 3dnowpref, lzcnt, ht, tsc, tscinvbit, bmi1, bmi2, adx

/proc/cpuinfo:
processor	: 0
vendor_id	: GenuineIntel
cpu family	: 6
model		: 61
model name	: Intel(R) Core(TM) i5-5200U CPU @ 2.20GHz
stepping	: 4
microcode	: 0x2f
cpu MHz		: 2494.244
cache size	: 3072 KB
physical id	: 0
siblings	: 4
core id		: 0
cpu cores	: 2
apicid		: 0
initial apicid	: 0
fpu		: yes
fpu_exception	: yes
cpuid level	: 20
wp		: yes
flags		: fpu vme de pse tsc msr pae mce cx8 apic sep mtrr pge mca cmov pat pse36 clflush dts acpi mmx fxsr sse sse2 ss ht tm pbe syscall nx pdpe1gb rdtscp lm constant_tsc arch_perfmon pebs bts rep_good nopl xtopology nonstop_tsc cpuid aperfmperf pni pclmulqdq dtes64 monitor ds_cpl vmx est tm2 ssse3 sdbg fma cx16 xtpr pdcm pcid sse4_1 sse4_2 x2apic movbe popcnt tsc_deadline_timer aes xsave avx f16c rdrand lahf_lm abm 3dnowprefetch cpuid_fault epb invpcid_single pti ssbd ibrs ibpb stibp tpr_shadow vnmi flexpriority ept vpid fsgsbase tsc_adjust bmi1 avx2 smep bmi2 erms invpcid rdseed adx smap intel_pt xsaveopt dtherm ida arat pln pts md_clear flush_l1d
bugs		: cpu_meltdown spectre_v1 spectre_v2 spec_store_bypass l1tf mds swapgs itlb_multihit srbds
bogomips	: 4389.79
clflush size	: 64
cache_alignment	: 64
address sizes	: 39 bits physical, 48 bits virtual
power management:

processor	: 1
vendor_id	: GenuineIntel
cpu family	: 6
model		: 61
model name	: Intel(R) Core(TM) i5-5200U CPU @ 2.20GHz
stepping	: 4
microcode	: 0x2f
cpu MHz		: 2494.195
cache size	: 3072 KB
physical id	: 0
siblings	: 4
core id		: 0
cpu cores	: 2
apicid		: 1
initial apicid	: 1
fpu		: yes
fpu_exception	: yes
cpuid level	: 20
wp		: yes
flags		: fpu vme de pse tsc msr pae mce cx8 apic sep mtrr pge mca cmov pat pse36 clflush dts acpi mmx fxsr sse sse2 ss ht tm pbe syscall nx pdpe1gb rdtscp lm constant_tsc arch_perfmon pebs bts rep_good nopl xtopology nonstop_tsc cpuid aperfmperf pni pclmulqdq dtes64 monitor ds_cpl vmx est tm2 ssse3 sdbg fma cx16 xtpr pdcm pcid sse4_1 sse4_2 x2apic movbe popcnt tsc_deadline_timer aes xsave avx f16c rdrand lahf_lm abm 3dnowprefetch cpuid_fault epb invpcid_single pti ssbd ibrs ibpb stibp tpr_shadow vnmi flexpriority ept vpid fsgsbase tsc_adjust bmi1 avx2 smep bmi2 erms invpcid rdseed adx smap intel_pt xsaveopt dtherm ida arat pln pts md_clear flush_l1d
bugs		: cpu_meltdown spectre_v1 spectre_v2 spec_store_bypass l1tf mds swapgs itlb_multihit srbds
bogomips	: 4389.79
clflush size	: 64
cache_alignment	: 64
address sizes	: 39 bits physical, 48 bits virtual
power management:

processor	: 2
vendor_id	: GenuineIntel
cpu family	: 6
model		: 61
model name	: Intel(R) Core(TM) i5-5200U CPU @ 2.20GHz
stepping	: 4
microcode	: 0x2f
cpu MHz		: 2505.462
cache size	: 3072 KB
physical id	: 0
siblings	: 4
core id		: 1
cpu cores	: 2
apicid		: 2
initial apicid	: 2
fpu		: yes
fpu_exception	: yes
cpuid level	: 20
wp		: yes
flags		: fpu vme de pse tsc msr pae mce cx8 apic sep mtrr pge mca cmov pat pse36 clflush dts acpi mmx fxsr sse sse2 ss ht tm pbe syscall nx pdpe1gb rdtscp lm constant_tsc arch_perfmon pebs bts rep_good nopl xtopology nonstop_tsc cpuid aperfmperf pni pclmulqdq dtes64 monitor ds_cpl vmx est tm2 ssse3 sdbg fma cx16 xtpr pdcm pcid sse4_1 sse4_2 x2apic movbe popcnt tsc_deadline_timer aes xsave avx f16c rdrand lahf_lm abm 3dnowprefetch cpuid_fault epb invpcid_single pti ssbd ibrs ibpb stibp tpr_shadow vnmi flexpriority ept vpid fsgsbase tsc_adjust bmi1 avx2 smep bmi2 erms invpcid rdseed adx smap intel_pt xsaveopt dtherm ida arat pln pts md_clear flush_l1d
bugs		: cpu_meltdown spectre_v1 spectre_v2 spec_store_bypass l1tf mds swapgs itlb_multihit srbds
bogomips	: 4389.79
clflush size	: 64
cache_alignment	: 64
address sizes	: 39 bits physical, 48 bits virtual
power management:

processor	: 3
vendor_id	: GenuineIntel
cpu family	: 6
model		: 61
model name	: Intel(R) Core(TM) i5-5200U CPU @ 2.20GHz
stepping	: 4
microcode	: 0x2f
cpu MHz		: 2496.412
cache size	: 3072 KB
physical id	: 0
siblings	: 4
core id		: 1
cpu cores	: 2
apicid		: 3
initial apicid	: 3
fpu		: yes
fpu_exception	: yes
cpuid level	: 20
wp		: yes
flags		: fpu vme de pse tsc msr pae mce cx8 apic sep mtrr pge mca cmov pat pse36 clflush dts acpi mmx fxsr sse sse2 ss ht tm pbe syscall nx pdpe1gb rdtscp lm constant_tsc arch_perfmon pebs bts rep_good nopl xtopology nonstop_tsc cpuid aperfmperf pni pclmulqdq dtes64 monitor ds_cpl vmx est tm2 ssse3 sdbg fma cx16 xtpr pdcm pcid sse4_1 sse4_2 x2apic movbe popcnt tsc_deadline_timer aes xsave avx f16c rdrand lahf_lm abm 3dnowprefetch cpuid_fault epb invpcid_single pti ssbd ibrs ibpb stibp tpr_shadow vnmi flexpriority ept vpid fsgsbase tsc_adjust bmi1 avx2 smep bmi2 erms invpcid rdseed adx smap intel_pt xsaveopt dtherm ida arat pln pts md_clear flush_l1d
bugs		: cpu_meltdown spectre_v1 spectre_v2 spec_store_bypass l1tf mds swapgs itlb_multihit srbds
bogomips	: 4389.79
clflush size	: 64
cache_alignment	: 64
address sizes	: 39 bits physical, 48 bits virtual
power management:



Memory: 4k page, physical 7860964k(111056k free), swap 999420k(0k free)

vm_info: OpenJDK 64-Bit Server VM (25.242-b3-6222593) for linux-amd64 JRE (1.8.0_242-release-1644-b3-6222593), built by "android-build" with gcc 4.8

time: Mon Sep 21 22:33:44 2020
timezone: IST
elapsed time: 8 seconds (0d 0h 0m 8s)

