#
# There is insufficient memory for the Java Runtime Environment to continue.
# Native memory allocation (mmap) failed to map 141557760 bytes for committing reserved memory.
# Possible reasons:
#   The system is out of physical RAM or swap space
#   The process is running with CompressedOops enabled, and the Java Heap may be blocking the growth of the native heap
# Possible solutions:
#   Reduce memory load on the system
#   Increase physical memory or swap space
#   Check if swap backing store is full
#   Decrease Java heap size (-Xmx/-Xms)
#   Decrease number of Java threads
#   Decrease Java thread stack sizes (-Xss)
#   Set larger code cache with -XX:ReservedCodeCacheSize=
#   JVM is running with Unscaled Compressed Oops mode in which the Java heap is
#     placed in the first 4GB address space. The Java Heap base address is the
#     maximum limit for the native heap growth. Please use -XX:HeapBaseMinAddress
#     to set the Java Heap base and to place the Java Heap above 4GB virtual address.
# This output file may be truncated or incomplete.
#
#  Out of Memory Error (os_linux.cpp:2754), pid=19109, tid=0x00007f6b0c7b5700
#
# JRE version: OpenJDK Runtime Environment (8.0_242) (build 1.8.0_242-release-1644-b3-6222593)
# Java VM: OpenJDK 64-Bit Server VM (25.242-b3-6222593 mixed mode linux-amd64 compressed oops)
# Failed to write core dump. Core dumps have been disabled. To enable core dumping, try "ulimit -c unlimited" before starting Java again
#

---------------  T H R E A D  ---------------

Current thread (0x00007f6b1c078800):  VMThread [stack: 0x00007f6b0c6b5000,0x00007f6b0c7b6000] [id=19117]

Stack: [0x00007f6b0c6b5000,0x00007f6b0c7b6000],  sp=0x00007f6b0c7b44a0,  free space=1021k
Native frames: (J=compiled Java code, j=interpreted, Vv=VM code, C=native code)
V  [libjvm.so+0xa1317d]  VMError::report_and_die()+0x15d
V  [libjvm.so+0x4d7bca]  report_vm_out_of_memory(char const*, int, unsigned long, VMErrorType, char const*)+0x8a
V  [libjvm.so+0x878fb8]  os::pd_commit_memory(char*, unsigned long, unsigned long, bool)+0xd8
V  [libjvm.so+0x87088f]  os::commit_memory(char*, unsigned long, unsigned long, bool)+0x1f
V  [libjvm.so+0x8ea5fb]  PSVirtualSpace::expand_by(unsigned long)+0x5b
V  [libjvm.so+0x8eb250]  PSYoungGen::resize_generation(unsigned long, unsigned long)+0xb0
V  [libjvm.so+0x8eb56b]  PSYoungGen::resize(unsigned long, unsigned long)+0x1b
V  [libjvm.so+0x8e7cc8]  PSScavenge::invoke_no_policy()+0xdb8
V  [libjvm.so+0x8e17a0]  PSParallelCompact::invoke(bool)+0x40
V  [libjvm.so+0x464503]  CollectedHeap::collect_as_vm_thread(GCCause::Cause)+0x143
V  [libjvm.so+0xa14641]  VM_CollectForMetadataAllocation::doit()+0x141
V  [libjvm.so+0xa191b7]  VM_Operation::evaluate()+0x47
V  [libjvm.so+0xa17b98]  VMThread::evaluate_operation(VM_Operation*)+0x218
V  [libjvm.so+0xa17ff9]  VMThread::loop()+0x219
V  [libjvm.so+0xa18453]  VMThread::run()+0x83
V  [libjvm.so+0x8760c2]  java_start(Thread*)+0xf2

VM_Operation (0x00007f6afc218240): CollectForMetadataAllocation, mode: safepoint, requested by thread 0x00007f6ac400a800


---------------  P R O C E S S  ---------------

Java Threads: ( => current thread )
  0x00007f6ab0b37000 JavaThread "Cache worker for file hash cache (/home/quadkastpc/Documents/Workspace/Andriod Projects/FCM-Sender-Kotlin/.gradle/5.6.4/fileHashes)" [_thread_blocked, id=19141, stack(0x00007f6aaf355000,0x00007f6aaf456000)]
  0x00007f6ab0137800 JavaThread "Cache worker for journal cache (/home/quadkastpc/.gradle/caches/journal-1)" [_thread_blocked, id=19140, stack(0x00007f6aafafb000,0x00007f6aafbfc000)]
  0x00007f6ab0135000 JavaThread "File lock request listener" [_thread_in_native, id=19139, stack(0x00007f6aafbfc000,0x00007f6aafcfd000)]
  0x00007f6ab012f000 JavaThread "Cache worker for file hash cache (/home/quadkastpc/.gradle/caches/5.6.4/fileHashes)" [_thread_blocked, id=19138, stack(0x00007f6aafcfd000,0x00007f6aafdfe000)]
  0x00007f6ab0011000 JavaThread "Thread-9" [_thread_blocked, id=19137, stack(0x00007f6aafdfe000,0x00007f6aafeff000)]
  0x00007f6ab000a800 JavaThread "Stdin handler" [_thread_blocked, id=19136, stack(0x00007f6aafeff000,0x00007f6ab0000000)]
  0x00007f6ab0008800 JavaThread "Asynchronous log dispatcher for DefaultDaemonConnection: socket connection from /127.0.0.1:43273 to /127.0.0.1:53242" [_thread_blocked, id=19135, stack(0x00007f6afc022000,0x00007f6afc123000)]
  0x00007f6ac400a800 JavaThread "Daemon worker" [_thread_blocked, id=19132, stack(0x00007f6afc123000,0x00007f6afc224000)]
  0x00007f6ac4008800 JavaThread "Cancel handler" [_thread_blocked, id=19131, stack(0x00007f6afc224000,0x00007f6afc325000)]
  0x00007f6ac4003800 JavaThread "Handler for socket connection from /127.0.0.1:43273 to /127.0.0.1:53242" [_thread_in_native, id=19130, stack(0x00007f6afc525000,0x00007f6afc626000)]
  0x00007f6acc02b000 JavaThread "Daemon" [_thread_blocked, id=19129, stack(0x00007f6afc626000,0x00007f6afc727000)]
  0x00007f6b1c52d800 JavaThread "Daemon periodic checks" [_thread_blocked, id=19128, stack(0x00007f6afc727000,0x00007f6afc828000)]
  0x00007f6b1c146000 JavaThread "Incoming local TCP Connector on port 43273" [_thread_in_native, id=19127, stack(0x00007f6afc82f000,0x00007f6afc930000)]
  0x00007f6b1c322000 JavaThread "Daemon health stats" [_thread_blocked, id=19126, stack(0x00007f6afcb35000,0x00007f6afcc36000)]
  0x00007f6b1c0db000 JavaThread "Service Thread" daemon [_thread_blocked, id=19124, stack(0x00007f6b04bfc000,0x00007f6b04cfd000)]
  0x00007f6b1c0bd800 JavaThread "C1 CompilerThread2" daemon [_thread_blocked, id=19123, stack(0x00007f6b04cfd000,0x00007f6b04dfe000)]
  0x00007f6b1c0bc000 JavaThread "C2 CompilerThread1" daemon [_thread_blocked, id=19122, stack(0x00007f6b04dfe000,0x00007f6b04eff000)]
  0x00007f6b1c0b9000 JavaThread "C2 CompilerThread0" daemon [_thread_blocked, id=19121, stack(0x00007f6b04eff000,0x00007f6b05000000)]
  0x00007f6b1c0b7800 JavaThread "Signal Dispatcher" daemon [_thread_blocked, id=19120, stack(0x00007f6b0c0da000,0x00007f6b0c1db000)]
  0x00007f6b1c087000 JavaThread "Finalizer" daemon [_thread_blocked, id=19119, stack(0x00007f6b0c4b3000,0x00007f6b0c5b4000)]
  0x00007f6b1c082000 JavaThread "Reference Handler" daemon [_thread_blocked, id=19118, stack(0x00007f6b0c5b4000,0x00007f6b0c6b5000)]
  0x00007f6b1c00b000 JavaThread "main" [_thread_blocked, id=19112, stack(0x00007f6b2458a000,0x00007f6b2468b000)]

Other Threads:
=>0x00007f6b1c078800 VMThread [stack: 0x00007f6b0c6b5000,0x00007f6b0c7b6000] [id=19117]
  0x00007f6b1c0dd800 WatcherThread [stack: 0x00007f6b04afb000,0x00007f6b04bfc000] [id=19125]

VM state:at safepoint (normal execution)

VM Mutex/Monitor currently owned by a thread:  ([mutex/lock_event])
[0x00007f6b1c0072f0] Threads_lock - owner thread: 0x00007f6b1c078800
[0x00007f6b1c0077f0] Heap_lock - owner thread: 0x00007f6ac400a800

heap address: 0x00000000a0000000, size: 1536 MB, Compressed Oops mode: 32-bit
Narrow klass base: 0x0000000000000000, Narrow klass shift: 3
Compressed class space size: 1073741824 Address: 0x0000000100000000

Heap:
 PSYoungGen      total 128000K, used 5088K [0x00000000e0000000, 0x00000000e8200000, 0x0000000100000000)
  eden space 122880K, 0% used [0x00000000e0000000,0x00000000e0000000,0x00000000e7800000)
  from space 5120K, 99% used [0x00000000e7800000,0x00000000e7cf8040,0x00000000e7d00000)
  to   space 5120K, 0% used [0x00000000e7d00000,0x00000000e7d00000,0x00000000e8200000)
 ParOldGen       total 81920K, used 12356K [0x00000000a0000000, 0x00000000a5000000, 0x00000000e0000000)
  object space 81920K, 15% used [0x00000000a0000000,0x00000000a0c11010,0x00000000a5000000)
 Metaspace       used 20536K, capacity 21070K, committed 21296K, reserved 1067008K
  class space    used 2984K, capacity 3174K, committed 3200K, reserved 1048576K

Card table byte_map: [0x00007f6b21b5b000,0x00007f6b21e5c000] byte_map_base: 0x00007f6b2165b000

Marking Bits: (ParMarkBitMap*) 0x00007f6b23c827e0
 Begin Bits: [0x00007f6b05000000, 0x00007f6b06800000)
 End Bits:   [0x00007f6b06800000, 0x00007f6b08000000)

Polling page: 0x00007f6b246b0000

CodeCache: size=245760Kb used=6010Kb max_used=6010Kb free=239749Kb
 bounds [0x00007f6b0d000000, 0x00007f6b0d5f0000, 0x00007f6b1c000000]
 total_blobs=2204 nmethods=1796 adapters=320
 compilation: enabled

Compilation events (10 events):
Event: 4.372 Thread 0x00007f6b1c0bd800 1796       3       org.codehaus.groovy.reflection.GeneratedMetaMethod$DgmMethodRecord::<init> (5 bytes)
Event: 4.372 Thread 0x00007f6b1c0bd800 nmethod 1796 0x00007f6b0d5dafd0 code [0x00007f6b0d5db140, 0x00007f6b0d5db2f0]
Event: 4.376 Thread 0x00007f6b1c0b9000 nmethod 1790 0x00007f6b0d5de510 code [0x00007f6b0d5de680, 0x00007f6b0d5dec18]
Event: 4.377 Thread 0x00007f6b1c0b9000 1797  s    4       java.io.BufferedInputStream::read (113 bytes)
Event: 4.390 Thread 0x00007f6b1c0b9000 nmethod 1797 0x00007f6b0d5db9d0 code [0x00007f6b0d5dbb80, 0x00007f6b0d5dc950]
Event: 4.390 Thread 0x00007f6b1c0b9000 1795       4       java.io.DataInputStream::readUTF (501 bytes)
Event: 4.401 Thread 0x00007f6b1c0bd800 1798       3       java.util.Stack::empty (13 bytes)
Event: 4.404 Thread 0x00007f6b1c0bd800 nmethod 1798 0x00007f6b0d5db390 code [0x00007f6b0d5db500, 0x00007f6b0d5db8d0]
Event: 4.405 Thread 0x00007f6b1c0bd800 1799   !   2       java.lang.ClassLoader::getPackage (118 bytes)
Event: 4.406 Thread 0x00007f6b1c0bd800 nmethod 1799 0x00007f6b0d5dda50 code [0x00007f6b0d5ddc00, 0x00007f6b0d5de228]

GC Heap History (9 events):
Event: 0.802 GC heap before
{Heap before GC invocations=1 (full 0):
 PSYoungGen      total 35840K, used 30720K [0x00000000e0000000, 0x00000000e2800000, 0x0000000100000000)
  eden space 30720K, 100% used [0x00000000e0000000,0x00000000e1e00000,0x00000000e1e00000)
  from space 5120K, 0% used [0x00000000e2300000,0x00000000e2300000,0x00000000e2800000)
  to   space 5120K, 0% used [0x00000000e1e00000,0x00000000e1e00000,0x00000000e2300000)
 ParOldGen       total 81920K, used 0K [0x00000000a0000000, 0x00000000a5000000, 0x00000000e0000000)
  object space 81920K, 0% used [0x00000000a0000000,0x00000000a0000000,0x00000000a5000000)
 Metaspace       used 7029K, capacity 7268K, committed 7424K, reserved 1056768K
  class space    used 862K, capacity 940K, committed 1024K, reserved 1048576K
Event: 0.814 GC heap after
Heap after GC invocations=1 (full 0):
 PSYoungGen      total 35840K, used 4163K [0x00000000e0000000, 0x00000000e4600000, 0x0000000100000000)
  eden space 30720K, 0% used [0x00000000e0000000,0x00000000e0000000,0x00000000e1e00000)
  from space 5120K, 81% used [0x00000000e1e00000,0x00000000e2210c30,0x00000000e2300000)
  to   space 5120K, 0% used [0x00000000e4100000,0x00000000e4100000,0x00000000e4600000)
 ParOldGen       total 81920K, used 8K [0x00000000a0000000, 0x00000000a5000000, 0x00000000e0000000)
  object space 81920K, 0% used [0x00000000a0000000,0x00000000a0002000,0x00000000a5000000)
 Metaspace       used 7029K, capacity 7268K, committed 7424K, reserved 1056768K
  class space    used 862K, capacity 940K, committed 1024K, reserved 1048576K
}
Event: 1.197 GC heap before
{Heap before GC invocations=2 (full 0):
 PSYoungGen      total 35840K, used 34883K [0x00000000e0000000, 0x00000000e4600000, 0x0000000100000000)
  eden space 30720K, 100% used [0x00000000e0000000,0x00000000e1e00000,0x00000000e1e00000)
  from space 5120K, 81% used [0x00000000e1e00000,0x00000000e2210c30,0x00000000e2300000)
  to   space 5120K, 0% used [0x00000000e4100000,0x00000000e4100000,0x00000000e4600000)
 ParOldGen       total 81920K, used 8K [0x00000000a0000000, 0x00000000a5000000, 0x00000000e0000000)
  object space 81920K, 0% used [0x00000000a0000000,0x00000000a0002000,0x00000000a5000000)
 Metaspace       used 7545K, capacity 7806K, committed 7936K, reserved 1056768K
  class space    used 946K, capacity 1013K, committed 1024K, reserved 1048576K
Event: 1.200 GC heap after
Heap after GC invocations=2 (full 0):
 PSYoungGen      total 66560K, used 3569K [0x00000000e0000000, 0x00000000e4600000, 0x0000000100000000)
  eden space 61440K, 0% used [0x00000000e0000000,0x00000000e0000000,0x00000000e3c00000)
  from space 5120K, 69% used [0x00000000e4100000,0x00000000e447c500,0x00000000e4600000)
  to   space 5120K, 0% used [0x00000000e3c00000,0x00000000e3c00000,0x00000000e4100000)
 ParOldGen       total 81920K, used 16K [0x00000000a0000000, 0x00000000a5000000, 0x00000000e0000000)
  object space 81920K, 0% used [0x00000000a0000000,0x00000000a0004000,0x00000000a5000000)
 Metaspace       used 7545K, capacity 7806K, committed 7936K, reserved 1056768K
  class space    used 946K, capacity 1013K, committed 1024K, reserved 1048576K
}
Event: 1.971 GC heap before
{Heap before GC invocations=3 (full 0):
 PSYoungGen      total 66560K, used 65009K [0x00000000e0000000, 0x00000000e4600000, 0x0000000100000000)
  eden space 61440K, 100% used [0x00000000e0000000,0x00000000e3c00000,0x00000000e3c00000)
  from space 5120K, 69% used [0x00000000e4100000,0x00000000e447c500,0x00000000e4600000)
  to   space 5120K, 0% used [0x00000000e3c00000,0x00000000e3c00000,0x00000000e4100000)
 ParOldGen       total 81920K, used 16K [0x00000000a0000000, 0x00000000a5000000, 0x00000000e0000000)
  object space 81920K, 0% used [0x00000000a0000000,0x00000000a0004000,0x00000000a5000000)
 Metaspace       used 14329K, capacity 14690K, committed 14976K, reserved 1062912K
  class space    used 2007K, capacity 2129K, committed 2176K, reserved 1048576K
Event: 1.981 GC heap after
Heap after GC invocations=3 (full 0):
 PSYoungGen      total 66560K, used 5088K [0x00000000e0000000, 0x00000000e8200000, 0x0000000100000000)
  eden space 61440K, 0% used [0x00000000e0000000,0x00000000e0000000,0x00000000e3c00000)
  from space 5120K, 99% used [0x00000000e3c00000,0x00000000e40f8030,0x00000000e4100000)
  to   space 5120K, 0% used [0x00000000e7d00000,0x00000000e7d00000,0x00000000e8200000)
 ParOldGen       total 81920K, used 4320K [0x00000000a0000000, 0x00000000a5000000, 0x00000000e0000000)
  object space 81920K, 5% used [0x00000000a0000000,0x00000000a0438338,0x00000000a5000000)
 Metaspace       used 14329K, capacity 14690K, committed 14976K, reserved 1062912K
  class space    used 2007K, capacity 2129K, committed 2176K, reserved 1048576K
}
Event: 3.680 GC heap before
{Heap before GC invocations=4 (full 0):
 PSYoungGen      total 66560K, used 66528K [0x00000000e0000000, 0x00000000e8200000, 0x0000000100000000)
  eden space 61440K, 100% used [0x00000000e0000000,0x00000000e3c00000,0x00000000e3c00000)
  from space 5120K, 99% used [0x00000000e3c00000,0x00000000e40f8030,0x00000000e4100000)
  to   space 5120K, 0% used [0x00000000e7d00000,0x00000000e7d00000,0x00000000e8200000)
 ParOldGen       total 81920K, used 4320K [0x00000000a0000000, 0x00000000a5000000, 0x00000000e0000000)
  object space 81920K, 5% used [0x00000000a0000000,0x00000000a0438338,0x00000000a5000000)
 Metaspace       used 19522K, capacity 20122K, committed 20480K, reserved 1067008K
  class space    used 2831K, capacity 3009K, committed 3072K, reserved 1048576K
Event: 3.705 GC heap after
Heap after GC invocations=4 (full 0):
 PSYoungGen      total 128000K, used 5108K [0x00000000e0000000, 0x00000000e8200000, 0x0000000100000000)
  eden space 122880K, 0% used [0x00000000e0000000,0x00000000e0000000,0x00000000e7800000)
  from space 5120K, 99% used [0x00000000e7d00000,0x00000000e81fd070,0x00000000e8200000)
  to   space 5120K, 0% used [0x00000000e7800000,0x00000000e7800000,0x00000000e7d00000)
 ParOldGen       total 81920K, used 11115K [0x00000000a0000000, 0x00000000a5000000, 0x00000000e0000000)
  object space 81920K, 13% used [0x00000000a0000000,0x00000000a0adaf80,0x00000000a5000000)
 Metaspace       used 19522K, capacity 20122K, committed 20480K, reserved 1067008K
  class space    used 2831K, capacity 3009K, committed 3072K, reserved 1048576K
}
Event: 4.421 GC heap before
{Heap before GC invocations=5 (full 0):
 PSYoungGen      total 128000K, used 16199K [0x00000000e0000000, 0x00000000e8200000, 0x0000000100000000)
  eden space 122880K, 9% used [0x00000000e0000000,0x00000000e0ad4bb8,0x00000000e7800000)
  from space 5120K, 99% used [0x00000000e7d00000,0x00000000e81fd070,0x00000000e8200000)
  to   space 5120K, 0% used [0x00000000e7800000,0x00000000e7800000,0x00000000e7d00000)
 ParOldGen       total 81920K, used 11115K [0x00000000a0000000, 0x00000000a5000000, 0x00000000e0000000)
  object space 81920K, 13% used [0x00000000a0000000,0x00000000a0adaf80,0x00000000a5000000)
 Metaspace       used 20536K, capacity 21070K, committed 21296K, reserved 1067008K
  class space    used 2984K, capacity 3174K, committed 3200K, reserved 1048576K

Deoptimization events (10 events):
Event: 3.219 Thread 0x00007f6ac400a800 Uncommon trap: reason=unstable_if action=reinterpret pc=0x00007f6b0d528a64 method=java.net.URLClassLoader.getAndVerifyPackage(Ljava/lang/String;Ljava/util/jar/Manifest;Ljava/net/URL;)Ljava/lang/Package; @ 62
Event: 4.174 Thread 0x00007f6ac400a800 Uncommon trap: reason=unstable_if action=reinterpret pc=0x00007f6b0d2321dc method=java.io.UnixFileSystem.normalize(Ljava/lang/String;)Ljava/lang/String; @ 60
Event: 4.186 Thread 0x00007f6ac400a800 Uncommon trap: reason=class_check action=maybe_recompile pc=0x00007f6b0d1e66f8 method=sun.misc.URLClassPath.getLoader(I)Lsun/misc/URLClassPath$Loader; @ 94
Event: 4.190 Thread 0x00007f6ac400a800 Uncommon trap: reason=class_check action=maybe_recompile pc=0x00007f6b0d31176c method=sun.misc.URLClassPath.getResource(Ljava/lang/String;Z)Lsun/misc/Resource; @ 62
Event: 4.190 Thread 0x00007f6ac400a800 Uncommon trap: reason=unstable_if action=reinterpret pc=0x00007f6b0d448d40 method=java.lang.String.regionMatches(ZILjava/lang/String;II)Z @ 41
Event: 4.200 Thread 0x00007f6ac400a800 Uncommon trap: reason=unstable_if action=reinterpret pc=0x00007f6b0d56f3e4 method=java.lang.ClassLoader.getClassLoadingLock(Ljava/lang/String;)Ljava/lang/Object; @ 6
Event: 4.371 Thread 0x00007f6ac400a800 Uncommon trap: reason=bimorphic action=maybe_recompile pc=0x00007f6b0d55e160 method=java.io.BufferedInputStream.read([BII)I @ 101
Event: 4.372 Thread 0x00007f6ac400a800 Uncommon trap: reason=bimorphic action=maybe_recompile pc=0x00007f6b0d55e160 method=java.io.BufferedInputStream.read([BII)I @ 101
Event: 4.373 Thread 0x00007f6ac400a800 Uncommon trap: reason=bimorphic action=maybe_recompile pc=0x00007f6b0d55e160 method=java.io.BufferedInputStream.read([BII)I @ 101
Event: 4.374 Thread 0x00007f6ac400a800 Uncommon trap: reason=bimorphic action=maybe_recompile pc=0x00007f6b0d55e160 method=java.io.BufferedInputStream.read([BII)I @ 101

Classes redefined (0 events):
No events

Internal exceptions (10 events):
Event: 3.351 Thread 0x00007f6ac400a800 Exception <a 'java/lang/NoSuchMethodError': <clinit>> (0x00000000e330f7e0) thrown at [/buildbot/src/googleplex-android/openjdk/out/hotspot/src/share/vm/prims/jni.cpp, line 1615]
Event: 3.352 Thread 0x00007f6ac400a800 Exception <a 'java/lang/NoSuchMethodError': <clinit>> (0x00000000e3319c08) thrown at [/buildbot/src/googleplex-android/openjdk/out/hotspot/src/share/vm/prims/jni.cpp, line 1615]
Event: 3.354 Thread 0x00007f6ac400a800 Exception <a 'java/lang/NoSuchMethodError': <clinit>> (0x00000000e3323438) thrown at [/buildbot/src/googleplex-android/openjdk/out/hotspot/src/share/vm/prims/jni.cpp, line 1615]
Event: 3.372 Thread 0x00007f6ac400a800 Exception <a 'java/lang/NoSuchMethodError': <clinit>> (0x00000000e33f7060) thrown at [/buildbot/src/googleplex-android/openjdk/out/hotspot/src/share/vm/prims/jni.cpp, line 1615]
Event: 3.372 Thread 0x00007f6ac400a800 Exception <a 'java/lang/NoSuchMethodError': <clinit>> (0x00000000e33fb108) thrown at [/buildbot/src/googleplex-android/openjdk/out/hotspot/src/share/vm/prims/jni.cpp, line 1615]
Event: 3.372 Thread 0x00007f6ac400a800 Exception <a 'java/lang/NoSuchMethodError': <clinit>> (0x00000000e33fca40) thrown at [/buildbot/src/googleplex-android/openjdk/out/hotspot/src/share/vm/prims/jni.cpp, line 1615]
Event: 3.373 Thread 0x00007f6ac400a800 Exception <a 'java/lang/NoSuchMethodError': <clinit>> (0x00000000e33fe0d8) thrown at [/buildbot/src/googleplex-android/openjdk/out/hotspot/src/share/vm/prims/jni.cpp, line 1615]
Event: 3.373 Thread 0x00007f6ac400a800 Exception <a 'java/lang/NoSuchMethodError': <clinit>> (0x00000000e33ff9c0) thrown at [/buildbot/src/googleplex-android/openjdk/out/hotspot/src/share/vm/prims/jni.cpp, line 1615]
Event: 3.373 Thread 0x00007f6ac400a800 Exception <a 'java/lang/NoSuchMethodError': <clinit>> (0x00000000e3400f70) thrown at [/buildbot/src/googleplex-android/openjdk/out/hotspot/src/share/vm/prims/jni.cpp, line 1615]
Event: 3.373 Thread 0x00007f6ac400a800 Exception <a 'java/lang/NoSuchMethodError': <clinit>> (0x00000000e34023c0) thrown at [/buildbot/src/googleplex-android/openjdk/out/hotspot/src/share/vm/prims/jni.cpp, line 1615]

Events (10 events):
Event: 4.411 loading class java/util/Optional done
Event: 4.411 loading class org/codehaus/groovy/vmplugin/v8/Java8
Event: 4.411 loading class org/codehaus/groovy/vmplugin/v8/Java8 done
Event: 4.412 loading class org/codehaus/groovy/vmplugin/v7/Java7
Event: 4.412 loading class org/codehaus/groovy/vmplugin/v7/Java7 done
Event: 4.414 loading class org/codehaus/groovy/vmplugin/v6/Java6
Event: 4.414 loading class org/codehaus/groovy/vmplugin/v6/Java6 done
Event: 4.415 loading class org/codehaus/groovy/vmplugin/v5/Java5
Event: 4.415 loading class org/codehaus/groovy/vmplugin/v5/Java5 done
Event: 4.419 Executing VM operation: CollectForMetadataAllocation


Dynamic libraries:
00400000-00401000 r-xp 00000000 08:01 7996534                            /home/quadkastpc/Documents/android-studio/jre/bin/java
00401000-00402000 r--p 00000000 08:01 7996534                            /home/quadkastpc/Documents/android-studio/jre/bin/java
00402000-00403000 rw-p 00001000 08:01 7996534                            /home/quadkastpc/Documents/android-studio/jre/bin/java
00699000-006ba000 rw-p 00000000 00:00 0                                  [heap]
a0000000-a5000000 rw-p 00000000 00:00 0 
a5000000-e0000000 ---p 00000000 00:00 0 
e0000000-e8200000 rw-p 00000000 00:00 0 
f0900000-100000000 ---p 00000000 00:00 0 
100000000-100320000 rw-p 00000000 00:00 0 
100320000-140000000 ---p 00000000 00:00 0 
7f6a90000000-7f6a90021000 rw-p 00000000 00:00 0 
7f6a90021000-7f6a94000000 ---p 00000000 00:00 0 
7f6a98000000-7f6a98021000 rw-p 00000000 00:00 0 
7f6a98021000-7f6a9c000000 ---p 00000000 00:00 0 
7f6a9c000000-7f6a9c021000 rw-p 00000000 00:00 0 
7f6a9c021000-7f6aa0000000 ---p 00000000 00:00 0 
7f6aa0000000-7f6aa0021000 rw-p 00000000 00:00 0 
7f6aa0021000-7f6aa4000000 ---p 00000000 00:00 0 
7f6aa4000000-7f6aa4021000 rw-p 00000000 00:00 0 
7f6aa4021000-7f6aa8000000 ---p 00000000 00:00 0 
7f6aa8000000-7f6aa8021000 rw-p 00000000 00:00 0 
7f6aa8021000-7f6aac000000 ---p 00000000 00:00 0 
7f6aaeb63000-7f6aaee9e000 r--s 04057000 08:01 10761672                   /home/quadkastpc/.gradle/caches/jars-3/d191991b3cd94ca8451af1b567140eb8/android.jar
7f6aaee9e000-7f6aaf04a000 rw-p 00000000 00:00 0 
7f6aaf04a000-7f6aaf09e000 ---p 00000000 00:00 0 
7f6aaf09e000-7f6aaf355000 r--s 01c2b000 08:01 8004561                    /home/quadkastpc/.gradle/caches/jars-3/e22071f0f647bfca187dcad0e9b116ad/gradle-api-impldep-5.2.1-sp1.jar
7f6aaf355000-7f6aaf358000 ---p 00000000 00:00 0 
7f6aaf358000-7f6aaf656000 rw-p 00000000 00:00 0 
7f6aaf6b8000-7f6aaf6cc000 r--s 0013d000 08:01 7996869                    /home/quadkastpc/.gradle/caches/jars-3/d1ab99c475b94d1d9aa4be806ce14b44/kotlin-stdlib-1.3.72.jar
7f6aaf6cc000-7f6aaf6e1000 r--s 00157000 08:01 8127453                    /home/quadkastpc/.gradle/caches/jars-3/7fc840c8fa8837d1fcac745915004484/kotlin-stdlib.jar
7f6aaf6e1000-7f6aaf6e5000 r--s 0002e000 08:01 8127443                    /home/quadkastpc/.gradle/caches/jars-3/6c21f8dae4968635d862ab0cb0fa5eb8/kotlin-gradle-tooling.jar
7f6aaf6e5000-7f6aaf6e9000 r--s 0004b000 08:01 11035208                   /home/quadkastpc/.gradle/caches/jars-3/ecfffba165da9668423eb04209772a23/android-extensions-ide.jar
7f6aaf6e9000-7f6aaf6f0000 r--s 000b4000 08:01 10621290                   /home/quadkastpc/.gradle/caches/jars-3/e435371560d53d4a4214ac92b5ffdeed/gradle-tooling-extension-impl.jar
7f6aaf6f0000-7f6aaf718000 r--s 004c2000 08:01 10371260                   /home/quadkastpc/.gradle/caches/jars-3/22f09e98a6fceebf7775af624c1eb1f0/util.jar
7f6aaf718000-7f6aaf881000 r--s 00c5e000 08:01 7872607                    /home/quadkastpc/.gradle/caches/jars-3/e7cf29ee4e9099e5a486424dcaa09cdf/gradle-api-5.2.1-sp1.jar
7f6aaf881000-7f6aaf8fb000 r--s 01104000 08:01 7996528                    /home/quadkastpc/Documents/android-studio/jre/lib/tools.jar
7f6aaf8fb000-7f6aafafb000 rw-p 00000000 00:00 0 
7f6aafafb000-7f6aafafe000 ---p 00000000 00:00 0 
7f6aafafe000-7f6aafbfc000 rw-p 00000000 00:00 0 
7f6aafbfc000-7f6aafbff000 ---p 00000000 00:00 0 
7f6aafbff000-7f6aafcfd000 rw-p 00000000 00:00 0 
7f6aafcfd000-7f6aafd00000 ---p 00000000 00:00 0 
7f6aafd00000-7f6aafdfe000 rw-p 00000000 00:00 0 
7f6aafdfe000-7f6aafe01000 ---p 00000000 00:00 0 
7f6aafe01000-7f6aafeff000 rw-p 00000000 00:00 0 
7f6aafeff000-7f6aaff02000 ---p 00000000 00:00 0 
7f6aaff02000-7f6ab0000000 rw-p 00000000 00:00 0 
7f6ab0000000-7f6ab1029000 rw-p 00000000 00:00 0 
7f6ab1029000-7f6ab4000000 ---p 00000000 00:00 0 
7f6ab4000000-7f6ab42b8000 rw-p 00000000 00:00 0 
7f6ab42b8000-7f6ab8000000 ---p 00000000 00:00 0 
7f6ab8000000-7f6ab8021000 rw-p 00000000 00:00 0 
7f6ab8021000-7f6abc000000 ---p 00000000 00:00 0 
7f6abc000000-7f6abc021000 rw-p 00000000 00:00 0 
7f6abc021000-7f6ac0000000 ---p 00000000 00:00 0 
7f6ac0000000-7f6ac0021000 rw-p 00000000 00:00 0 
7f6ac0021000-7f6ac4000000 ---p 00000000 00:00 0 
7f6ac4000000-7f6ac4021000 rw-p 00000000 00:00 0 
7f6ac4021000-7f6ac8000000 ---p 00000000 00:00 0 
7f6ac8000000-7f6ac8021000 rw-p 00000000 00:00 0 
7f6ac8021000-7f6acc000000 ---p 00000000 00:00 0 
7f6acc000000-7f6acc067000 rw-p 00000000 00:00 0 
7f6acc067000-7f6ad0000000 ---p 00000000 00:00 0 
7f6ad0000000-7f6ad0021000 rw-p 00000000 00:00 0 
7f6ad0021000-7f6ad4000000 ---p 00000000 00:00 0 
7f6ad4000000-7f6ad4021000 rw-p 00000000 00:00 0 
7f6ad4021000-7f6ad8000000 ---p 00000000 00:00 0 
7f6ad8000000-7f6ada0b3000 rw-p 00000000 00:00 0 
7f6ada0b3000-7f6adc000000 ---p 00000000 00:00 0 
7f6adc000000-7f6adc501000 rw-p 00000000 00:00 0 
7f6adc501000-7f6ae0000000 ---p 00000000 00:00 0 
7f6ae0000000-7f6ae0021000 rw-p 00000000 00:00 0 
7f6ae0021000-7f6ae4000000 ---p 00000000 00:00 0 
7f6ae4000000-7f6ae5876000 rw-p 00000000 00:00 0 
7f6ae5876000-7f6ae8000000 ---p 00000000 00:00 0 
7f6ae8000000-7f6ae8021000 rw-p 00000000 00:00 0 
7f6ae8021000-7f6aec000000 ---p 00000000 00:00 0 
7f6aec000000-7f6aec021000 rw-p 00000000 00:00 0 
7f6aec021000-7f6af0000000 ---p 00000000 00:00 0 
7f6af0000000-7f6af0021000 rw-p 00000000 00:00 0 
7f6af0021000-7f6af4000000 ---p 00000000 00:00 0 
7f6af4000000-7f6af42ba000 rw-p 00000000 00:00 0 
7f6af42ba000-7f6af8000000 ---p 00000000 00:00 0 
7f6af8000000-7f6af8026000 rw-p 00000000 00:00 0 
7f6af8026000-7f6afc000000 ---p 00000000 00:00 0 
7f6afc000000-7f6afc002000 r--s 00000000 08:01 8127455                    /home/quadkastpc/.gradle/caches/jars-3/c652b378e165d2dbc2f5847d4fc08b4b/idea-gradle-tooling-api.jar
7f6afc002000-7f6afc003000 r--s 00000000 08:01 7869188                    /home/quadkastpc/.gradle/caches/jars-3/497c99dc43ce8fece95d0e589f2459bd/gradle-appengine-builder-model-0.1.0.jar
7f6afc003000-7f6afc005000 r--s 00002000 08:01 10490359                   /home/quadkastpc/.gradle/caches/jars-3/4b43f839e5bcd255d29b06b5798326f0/external-system-rt.jar
7f6afc005000-7f6afc010000 r--s 000aa000 08:01 7996819                    /home/quadkastpc/.gradle/caches/jars-3/2daa8a88fb68b91149a30998d45aa1f5/ion-java-1.5.2-2.jar
7f6afc010000-7f6afc01b000 r--s 00081000 08:01 7996815                    /home/quadkastpc/.gradle/caches/jars-3/b60b5dd218cf67e8c7a89e4eb4952e61/trove4j.jar
7f6afc01b000-7f6afc021000 r--s 00054000 08:01 10230591                   /home/quadkastpc/.gradle/caches/jars-3/b1d2d7d2ab9feecc82013422210ba035/gradle-tooling-extension-api.jar
7f6afc021000-7f6afc022000 r--s 00002000 08:01 9848594                    /home/quadkastpc/.gradle/caches/jars-3/e3446e3f7a41b3f0fd7e11ad07f4f1fd/gradle-toolingLoaderRt.jar
7f6afc022000-7f6afc025000 ---p 00000000 00:00 0 
7f6afc025000-7f6afc123000 rw-p 00000000 00:00 0 
7f6afc123000-7f6afc126000 ---p 00000000 00:00 0 
7f6afc126000-7f6afc224000 rw-p 00000000 00:00 0 
7f6afc224000-7f6afc227000 ---p 00000000 00:00 0 
7f6afc227000-7f6afc525000 rw-p 00000000 00:00 0 
7f6afc525000-7f6afc528000 ---p 00000000 00:00 0 
7f6afc528000-7f6afc626000 rw-p 00000000 00:00 0 
7f6afc626000-7f6afc629000 ---p 00000000 00:00 0 
7f6afc629000-7f6afc727000 rw-p 00000000 00:00 0 
7f6afc727000-7f6afc72a000 ---p 00000000 00:00 0 
7f6afc72a000-7f6afc828000 rw-p 00000000 00:00 0 
7f6afc828000-7f6afc82f000 r--s 00000000 08:01 10099969                   /usr/lib/x86_64-linux-gnu/gconv/gconv-modules.cache
7f6afc82f000-7f6afc832000 ---p 00000000 00:00 0 
7f6afc832000-7f6afc930000 rw-p 00000000 00:00 0 
7f6afc930000-7f6afc935000 r--s 000a3000 08:01 7996679                    /home/quadkastpc/Documents/android-studio/jre/jre/lib/jsse.jar
7f6afc935000-7f6afcb35000 rw-p 00000000 00:00 0 
7f6afcb35000-7f6afcb38000 ---p 00000000 00:00 0 
7f6afcb38000-7f6afcc36000 rw-p 00000000 00:00 0 
7f6afcc36000-7f6afcc3e000 r-xp 00000000 08:01 7996624                    /home/quadkastpc/Documents/android-studio/jre/jre/lib/amd64/libmanagement.so
7f6afcc3e000-7f6afcc3f000 r--p 00007000 08:01 7996624                    /home/quadkastpc/Documents/android-studio/jre/jre/lib/amd64/libmanagement.so
7f6afcc3f000-7f6afcc40000 rw-p 00008000 08:01 7996624                    /home/quadkastpc/Documents/android-studio/jre/jre/lib/amd64/libmanagement.so
7f6afcc40000-7f6afcc42000 r--s 0000f000 08:01 12984377                   /home/quadkastpc/.gradle/wrapper/dists/gradle-5.6.4-all/ankdp27end7byghfw1q2sw75f/gradle-5.6.4/lib/plugins/gradle-tooling-api-builders-5.6.4.jar
7f6afcc42000-7f6afcc43000 r--s 00005000 08:01 12984397                   /home/quadkastpc/.gradle/wrapper/dists/gradle-5.6.4-all/ankdp27end7byghfw1q2sw75f/gradle-5.6.4/lib/plugins/gradle-build-profile-5.6.4.jar
7f6afcc43000-7f6afcc45000 r--s 00003000 08:01 12984354                   /home/quadkastpc/.gradle/wrapper/dists/gradle-5.6.4-all/ankdp27end7byghfw1q2sw75f/gradle-5.6.4/lib/plugins/gradle-tooling-native-5.6.4.jar
7f6afcc45000-7f6afcc49000 r--s 00017000 08:01 12984356                   /home/quadkastpc/.gradle/wrapper/dists/gradle-5.6.4-all/ankdp27end7byghfw1q2sw75f/gradle-5.6.4/lib/plugins/gradle-testing-native-5.6.4.jar
7f6afcc49000-7f6afcc4c000 r--s 00011000 08:01 12984470                   /home/quadkastpc/.gradle/wrapper/dists/gradle-5.6.4-all/ankdp27end7byghfw1q2sw75f/gradle-5.6.4/lib/plugins/junit-platform-commons-1.3.1.jar
7f6afcc4c000-7f6afcc4d000 r--s 00001000 08:01 12984472                   /home/quadkastpc/.gradle/wrapper/dists/gradle-5.6.4-all/ankdp27end7byghfw1q2sw75f/gradle-5.6.4/lib/plugins/opentest4j-1.1.1.jar
7f6afcc4d000-7f6afcc51000 r--s 0001d000 08:01 12984469                   /home/quadkastpc/.gradle/wrapper/dists/gradle-5.6.4-all/ankdp27end7byghfw1q2sw75f/gradle-5.6.4/lib/plugins/junit-platform-engine-1.3.1.jar
7f6afcc51000-7f6afcc52000 r--s 00000000 08:01 12984471                   /home/quadkastpc/.gradle/wrapper/dists/gradle-5.6.4-all/ankdp27end7byghfw1q2sw75f/gradle-5.6.4/lib/plugins/apiguardian-api-1.0.0.jar
7f6afcc52000-7f6afcc55000 r--s 00015000 08:01 12984433                   /home/quadkastpc/.gradle/wrapper/dists/gradle-5.6.4-all/ankdp27end7byghfw1q2sw75f/gradle-5.6.4/lib/plugins/junit-platform-launcher-1.3.1.jar
7f6afcc55000-7f6afcc56000 r--s 00003000 08:01 12984376                   /home/quadkastpc/.gradle/wrapper/dists/gradle-5.6.4-all/ankdp27end7byghfw1q2sw75f/gradle-5.6.4/lib/plugins/gradle-testing-junit-platform-5.6.4.jar
7f6afcc56000-7f6afcc5e000 r--s 00048000 08:01 12984422                   /home/quadkastpc/.gradle/wrapper/dists/gradle-5.6.4-all/ankdp27end7byghfw1q2sw75f/gradle-5.6.4/lib/plugins/bcpg-jdk15on-1.61.jar
7f6afcc5e000-7f6afcc61000 r--s 0000f000 08:01 12984353                   /home/quadkastpc/.gradle/wrapper/dists/gradle-5.6.4-all/ankdp27end7byghfw1q2sw75f/gradle-5.6.4/lib/plugins/gradle-signing-5.6.4.jar
7f6afcc61000-7f6afcc63000 r--s 00009000 08:01 12984363                   /home/quadkastpc/.gradle/wrapper/dists/gradle-5.6.4-all/ankdp27end7byghfw1q2sw75f/gradle-5.6.4/lib/plugins/gradle-scala-5.6.4.jar
7f6afcc63000-7f6afcc64000 r--s 00004000 08:01 12984396                   /home/quadkastpc/.gradle/wrapper/dists/gradle-5.6.4-all/ankdp27end7byghfw1q2sw75f/gradle-5.6.4/lib/plugins/gradle-resources-sftp-5.6.4.jar
7f6afcc64000-7f6afcc6d000 r--s 0005b000 08:01 12984403                   /home/quadkastpc/.gradle/wrapper/dists/gradle-5.6.4-all/ankdp27end7byghfw1q2sw75f/gradle-5.6.4/lib/plugins/aws-java-sdk-kms-1.11.407.jar
7f6afcc6d000-7f6afcc6f000 r--s 00005000 08:01 12984439                   /home/quadkastpc/.gradle/wrapper/dists/gradle-5.6.4-all/ankdp27end7byghfw1q2sw75f/gradle-5.6.4/lib/plugins/jmespath-java-1.11.407.jar
7f6afcc6f000-7f6afcc82000 r--s 000ca000 08:01 12984402                   /home/quadkastpc/.gradle/wrapper/dists/gradle-5.6.4-all/ankdp27end7byghfw1q2sw75f/gradle-5.6.4/lib/plugins/aws-java-sdk-s3-1.11.407.jar
7f6afcc82000-7f6afcc8c000 r--s 00081000 08:01 12984468                   /home/quadkastpc/.gradle/wrapper/dists/gradle-5.6.4-all/ankdp27end7byghfw1q2sw75f/gradle-5.6.4/lib/plugins/ion-java-1.0.2.jar
7f6afcc8c000-7f6afcca2000 r--s 000ca000 08:01 12984404                   /home/quadkastpc/.gradle/wrapper/dists/gradle-5.6.4-all/ankdp27end7byghfw1q2sw75f/gradle-5.6.4/lib/plugins/aws-java-sdk-core-1.11.407.jar
7f6afcca2000-7f6afcca4000 r--s 00004000 08:01 12984392                   /home/quadkastpc/.gradle/wrapper/dists/gradle-5.6.4-all/ankdp27end7byghfw1q2sw75f/gradle-5.6.4/lib/plugins/gradle-resources-s3-5.6.4.jar
7f6afcca4000-7f6afccb5000 r--s 0008c000 08:01 12984443                   /home/quadkastpc/.gradle/wrapper/dists/gradle-5.6.4-all/ankdp27end7byghfw1q2sw75f/gradle-5.6.4/lib/plugins/joda-time-2.10.jar
7f6afccb5000-7f6afccc7000 r--s 00137000 08:01 12984440                   /home/quadkastpc/.gradle/wrapper/dists/gradle-5.6.4-all/ankdp27end7byghfw1q2sw75f/gradle-5.6.4/lib/plugins/jackson-databind-2.9.8.jar
7f6afccc7000-7f6afccca000 r--s 0000e000 08:01 12984442                   /home/quadkastpc/.gradle/wrapper/dists/gradle-5.6.4-all/ankdp27end7byghfw1q2sw75f/gradle-5.6.4/lib/plugins/jackson-annotations-2.9.8.jar
7f6afccca000-7f6afccce000 r--s 0004c000 08:01 12984441                   /home/quadkastpc/.gradle/wrapper/dists/gradle-5.6.4-all/ankdp27end7byghfw1q2sw75f/gradle-5.6.4/lib/plugins/jackson-core-2.9.8.jar
7f6afccce000-7f6afcccf000 r--s 00001000 08:01 12984408                   /home/quadkastpc/.gradle/wrapper/dists/gradle-5.6.4-all/ankdp27end7byghfw1q2sw75f/gradle-5.6.4/lib/plugins/google-http-client-jackson2-1.25.0.jar
7f6afcccf000-7f6afccd9000 r--s 00056000 08:01 12984409                   /home/quadkastpc/.gradle/wrapper/dists/gradle-5.6.4-all/ankdp27end7byghfw1q2sw75f/gradle-5.6.4/lib/plugins/google-http-client-1.25.0.jar
7f6afccd9000-7f6afccdc000 r--s 0000d000 08:01 12984407                   /home/quadkastpc/.gradle/wrapper/dists/gradle-5.6.4-all/ankdp27end7byghfw1q2sw75f/gradle-5.6.4/lib/plugins/google-oauth-client-1.25.0.jar
7f6afccdc000-7f6afcce1000 r--s 0002d000 08:01 12984406                   /home/quadkastpc/.gradle/wrapper/dists/gradle-5.6.4-all/ankdp27end7byghfw1q2sw75f/gradle-5.6.4/lib/plugins/google-api-client-1.25.0.jar
7f6afcce1000-7f6afcce5000 r--s 0001d000 08:01 12984405                   /home/quadkastpc/.gradle/wrapper/dists/gradle-5.6.4-all/ankdp27end7byghfw1q2sw75f/gradle-5.6.4/lib/plugins/google-api-services-storage-v1-rev136-1.25.0.jar
7f6afcce5000-7f6afcce7000 r--s 00003000 08:01 12984393                   /home/quadkastpc/.gradle/wrapper/dists/gradle-5.6.4-all/ankdp27end7byghfw1q2sw75f/gradle-5.6.4/lib/plugins/gradle-resources-gcs-5.6.4.jar
7f6afcce7000-7f6afcced000 r--s 00031000 08:01 12984366                   /home/quadkastpc/.gradle/wrapper/dists/gradle-5.6.4-all/ankdp27end7byghfw1q2sw75f/gradle-5.6.4/lib/plugins/gradle-platform-play-5.6.4.jar
7f6afcced000-7f6afccff000 r--s 00078000 08:01 12984382                   /home/quadkastpc/.gradle/wrapper/dists/gradle-5.6.4-all/ankdp27end7byghfw1q2sw75f/gradle-5.6.4/lib/plugins/gradle-platform-native-5.6.4.jar
7f6afccff000-7f6afcd2c000 r--s 0025e000 08:01 12984413                   /home/quadkastpc/.gradle/wrapper/dists/gradle-5.6.4-all/ankdp27end7byghfw1q2sw75f/gradle-5.6.4/lib/plugins/biz.aQute.bndlib-4.0.0.jar
7f6afcd2c000-7f6afcd2d000 r--s 00004000 08:01 12984352                   /home/quadkastpc/.gradle/wrapper/dists/gradle-5.6.4-all/ankdp27end7byghfw1q2sw75f/gradle-5.6.4/lib/plugins/gradle-osgi-5.6.4.jar
7f6afcd2d000-7f6afcd30000 r--s 0000c000 08:01 12984375                   /home/quadkastpc/.gradle/wrapper/dists/gradle-5.6.4-all/ankdp27end7byghfw1q2sw75f/gradle-5.6.4/lib/plugins/gradle-language-scala-5.6.4.jar
7f6afcd30000-7f6afcd3c000 r--s 00054000 08:01 12984357                   /home/quadkastpc/.gradle/wrapper/dists/gradle-5.6.4-all/ankdp27end7byghfw1q2sw75f/gradle-5.6.4/lib/plugins/gradle-language-native-5.6.4.jar
7f6afcd3c000-7f6afcd43000 r--s 00035000 08:01 12984425                   /home/quadkastpc/.gradle/wrapper/dists/gradle-5.6.4-all/ankdp27end7byghfw1q2sw75f/gradle-5.6.4/lib/plugins/simple-4.1.21.jar
7f6afcd43000-7f6afcd50000 r--s 00125000 08:01 12984423                   /home/quadkastpc/.gradle/wrapper/dists/gradle-5.6.4-all/ankdp27end7byghfw1q2sw75f/gradle-5.6.4/lib/plugins/rhino-1.7.10.jar
7f6afcd50000-7f6afcd54000 r--s 00012000 08:01 12984367                   /home/quadkastpc/.gradle/wrapper/dists/gradle-5.6.4-all/ankdp27end7byghfw1q2sw75f/gradle-5.6.4/lib/plugins/gradle-javascript-5.6.4.jar
7f6afcd54000-7f6afcd58000 r--s 00011000 08:01 12984369                   /home/quadkastpc/.gradle/wrapper/dists/gradle-5.6.4-all/ankdp27end7byghfw1q2sw75f/gradle-5.6.4/lib/plugins/gradle-jacoco-5.6.4.jar
7f6afcd58000-7f6afcd5a000 r--s 00002000 08:01 12984361                   /home/quadkastpc/.gradle/wrapper/dists/gradle-5.6.4-all/ankdp27end7byghfw1q2sw75f/gradle-5.6.4/lib/plugins/gradle-ide-play-5.6.4.jar
7f6afcd5a000-7f6afcd5c000 r--s 00011000 08:01 12984430                   /home/quadkastpc/.gradle/wrapper/dists/gradle-5.6.4-all/ankdp27end7byghfw1q2sw75f/gradle-5.6.4/lib/plugins/dd-plist-1.21.jar
7f6afcd5c000-7f6afcd63000 r--s 00034000 08:01 12984355                   /home/quadkastpc/.gradle/wrapper/dists/gradle-5.6.4-all/ankdp27end7byghfw1q2sw75f/gradle-5.6.4/lib/plugins/gradle-ide-native-5.6.4.jar
7f6afcd63000-7f6afcd6d000 r--s 00063000 08:01 12984362                   /home/quadkastpc/.gradle/wrapper/dists/gradle-5.6.4-all/ankdp27end7byghfw1q2sw75f/gradle-5.6.4/lib/plugins/gradle-ide-5.6.4.jar
7f6afcd6d000-7f6afcd6f000 r--s 00008000 08:01 12984365                   /home/quadkastpc/.gradle/wrapper/dists/gradle-5.6.4-all/ankdp27end7byghfw1q2sw75f/gradle-5.6.4/lib/plugins/gradle-ear-5.6.4.jar
7f6afcd6f000-7f6afcd74000 r--s 0002a000 08:01 12984351                   /home/quadkastpc/.gradle/wrapper/dists/gradle-5.6.4-all/ankdp27end7byghfw1q2sw75f/gradle-5.6.4/lib/plugins/gradle-code-quality-5.6.4.jar
7f6afcd74000-7f6afcd76000 r--s 0000b000 08:01 12984427                   /home/quadkastpc/.gradle/wrapper/dists/gradle-5.6.4-all/ankdp27end7byghfw1q2sw75f/gradle-5.6.4/lib/plugins/maven-plugin-api-3.0.4.jar
7f6afcd76000-7f6afcd7c000 r--s 0003f000 08:01 12984415                   /home/quadkastpc/.gradle/wrapper/dists/gradle-5.6.4-all/ankdp27end7byghfw1q2sw75f/gradle-5.6.4/lib/plugins/maven-compat-3.0.4.jar
7f6afcd7c000-7f6afcd85000 r--s 0003b000 08:01 12984370                   /home/quadkastpc/.gradle/wrapper/dists/gradle-5.6.4-all/ankdp27end7byghfw1q2sw75f/gradle-5.6.4/lib/plugins/gradle-build-init-5.6.4.jar
7f6afcd85000-7f6afcd8b000 r--s 0002e000 08:01 12984364                   /home/quadkastpc/.gradle/wrapper/dists/gradle-5.6.4-all/ankdp27end7byghfw1q2sw75f/gradle-5.6.4/lib/plugins/gradle-build-comparison-5.6.4.jar
7f6afcd8b000-7f6afcd8d000 r--s 00002000 08:01 12984394                   /home/quadkastpc/.gradle/wrapper/dists/gradle-5.6.4-all/ankdp27end7byghfw1q2sw75f/gradle-5.6.4/lib/plugins/gradle-build-cache-http-5.6.4.jar
7f6afcd8d000-7f6afcd8f000 r--s 00009000 08:01 12984350                   /home/quadkastpc/.gradle/wrapper/dists/gradle-5.6.4-all/ankdp27end7byghfw1q2sw75f/gradle-5.6.4/lib/plugins/gradle-antlr-5.6.4.jar
7f6afcd8f000-7f6afcd91000 r--s 00005000 08:01 12984349                   /home/quadkastpc/.gradle/wrapper/dists/gradle-5.6.4-all/ankdp27end7byghfw1q2sw75f/gradle-5.6.4/lib/plugins/gradle-announce-5.6.4.jar
7f6afcd91000-7f6afcd94000 r--s 00017000 08:01 12984371                   /home/quadkastpc/.gradle/wrapper/dists/gradle-5.6.4-all/ankdp27end7byghfw1q2sw75f/gradle-5.6.4/lib/plugins/gradle-kotlin-dsl-tooling-builders-5.6.4.jar
7f6afcd94000-7f6afcd98000 r--s 00014000 08:01 12984368                   /home/quadkastpc/.gradle/wrapper/dists/gradle-5.6.4-all/ankdp27end7byghfw1q2sw75f/gradle-5.6.4/lib/plugins/gradle-ivy-5.6.4.jar
7f6afcd98000-7f6afcd9a000 r--s 00009000 08:01 12984384                   /home/quadkastpc/.gradle/wrapper/dists/gradle-5.6.4-all/ankdp27end7byghfw1q2sw75f/gradle-5.6.4/lib/plugins/gradle-publish-5.6.4.jar
7f6afcd9a000-7f6afcd9d000 r--s 0000c000 08:01 12984418                   /home/quadkastpc/.gradle/wrapper/dists/gradle-5.6.4-all/ankdp27end7byghfw1q2sw75f/gradle-5.6.4/lib/plugins/pmaven-groovy-0.8-20100325.jar
7f6afcd9d000-7f6afcd9e000 r--s 00004000 08:01 12984417                   /home/quadkastpc/.gradle/wrapper/dists/gradle-5.6.4-all/ankdp27end7byghfw1q2sw75f/gradle-5.6.4/lib/plugins/pmaven-common-0.8-20100325.jar
7f6afcd9e000-7f6afcda1000 r--s 0000a000 08:01 12984462                   /home/quadkastpc/.gradle/wrapper/dists/gradle-5.6.4-all/ankdp27end7byghfw1q2sw75f/gradle-5.6.4/lib/plugins/plexus-classworlds-2.5.1.jar
7f6afcda1000-7f6afcda5000 r--s 00021000 08:01 12984467                   /home/quadkastpc/.gradle/wrapper/dists/gradle-5.6.4-all/ankdp27end7byghfw1q2sw75f/gradle-5.6.4/lib/plugins/xbean-reflect-3.7.jar
7f6afcda5000-7f6afcdac000 r--s 00032000 08:01 12984420                   /home/quadkastpc/.gradle/wrapper/dists/gradle-5.6.4-all/ankdp27end7byghfw1q2sw75f/gradle-5.6.4/lib/plugins/plexus-container-default-1.7.1.jar
7f6afcdac000-7f6afcdad000 r--s 00008000 08:01 12984401                   /home/quadkastpc/.gradle/wrapper/dists/gradle-5.6.4-all/ankdp27end7byghfw1q2sw75f/gradle-5.6.4/lib/plugins/wagon-http-shared-3.0.0.jar
7f6afcdad000-7f6afcdae000 r--s 00002000 08:01 12984400                   /home/quadkastpc/.gradle/wrapper/dists/gradle-5.6.4-all/ankdp27end7byghfw1q2sw75f/gradle-5.6.4/lib/plugins/wagon-http-3.0.0.jar
7f6afcdae000-7f6afcdb0000 r--s 0000c000 08:01 12984465                   /home/quadkastpc/.gradle/wrapper/dists/gradle-5.6.4-all/ankdp27end7byghfw1q2sw75f/gradle-5.6.4/lib/plugins/wagon-provider-api-3.0.0.jar
7f6afcdb0000-7f6afcdb1000 r--s 00002000 08:01 12984419                   /home/quadkastpc/.gradle/wrapper/dists/gradle-5.6.4-all/ankdp27end7byghfw1q2sw75f/gradle-5.6.4/lib/plugins/wagon-file-3.0.0.jar
7f6afcdb1000-7f6afcdb3000 r--s 00006000 08:01 12984421                   /home/quadkastpc/.gradle/wrapper/dists/gradle-5.6.4-all/ankdp27end7byghfw1q2sw75f/gradle-5.6.4/lib/plugins/aether-connector-wagon-1.13.1.jar
7f6afcdb3000-7f6afcdba000 r--s 00031000 08:01 12984360                   /home/quadkastpc/.gradle/wrapper/dists/gradle-5.6.4-all/ankdp27end7byghfw1q2sw75f/gradle-5.6.4/lib/plugins/gradle-maven-5.6.4.jar
7f6afcdba000-7f6afcdbc000 r--s 0000c000 08:01 12984359                   /home/quadkastpc/.gradle/wrapper/dists/gradle-5.6.4-all/ankdp27end7byghfw1q2sw75f/gradle-5.6.4/lib/plugins/gradle-plugin-development-5.6.4.jar
7f6afcdbc000-7f6afcdc2000 r--s 0003d000 08:01 12984429                   /home/quadkastpc/.gradle/wrapper/dists/gradle-5.6.4-all/ankdp27end7byghfw1q2sw75f/gradle-5.6.4/lib/plugins/snakeyaml-1.17.jar
7f6afcdc2000-7f6afcdc4000 r--s 0000f000 08:01 12984452                   /home/quadkastpc/.gradle/wrapper/dists/gradle-5.6.4-all/ankdp27end7byghfw1q2sw75f/gradle-5.6.4/lib/plugins/jcommander-1.72.jar
7f6afcdc4000-7f6afcdcd000 r--s 00089000 08:01 12984428                   /home/quadkastpc/.gradle/wrapper/dists/gradle-5.6.4-all/ankdp27end7byghfw1q2sw75f/gradle-5.6.4/lib/plugins/testng-6.3.1.jar
7f6afcdcd000-7f6afcdd5000 r--s 00045000 08:01 12984431                   /home/quadkastpc/.gradle/wrapper/dists/gradle-5.6.4-all/ankdp27end7byghfw1q2sw75f/gradle-5.6.4/lib/plugins/junit-4.12.jar
7f6afcdd5000-7f6afcdda000 r--s 0005a000 08:01 12984432                   /home/quadkastpc/.gradle/wrapper/dists/gradle-5.6.4-all/ankdp27end7byghfw1q2sw75f/gradle-5.6.4/lib/plugins/bsh-2.0b6.jar
7f6afcdda000-7f6afcdde000 r--s 0001c000 08:01 12984378                   /home/quadkastpc/.gradle/wrapper/dists/gradle-5.6.4-all/ankdp27end7byghfw1q2sw75f/gradle-5.6.4/lib/plugins/gradle-testing-jvm-5.6.4.jar
7f6afcdde000-7f6afcde6000 r--s 00034000 08:01 12984385                   /home/quadkastpc/.gradle/wrapper/dists/gradle-5.6.4-all/ankdp27end7byghfw1q2sw75f/gradle-5.6.4/lib/plugins/gradle-testing-base-5.6.4.jar
7f6afcde6000-7f6afcde9000 r--s 0000e000 08:01 12984374                   /home/quadkastpc/.gradle/wrapper/dists/gradle-5.6.4-all/ankdp27end7byghfw1q2sw75f/gradle-5.6.4/lib/plugins/gradle-language-groovy-5.6.4.jar
7f6afcde9000-7f6afcdff000 r-xp 00000000 08:01 3936901                    /lib/x86_64-linux-gnu/libgcc_s.so.1
7f6afcdff000-7f6afcffe000 ---p 00016000 08:01 3936901                    /lib/x86_64-linux-gnu/libgcc_s.so.1
7f6afcffe000-7f6afcfff000 rw-p 00015000 08:01 3936901                    /lib/x86_64-linux-gnu/libgcc_s.so.1
7f6afcfff000-7f6b00000000 rw-p 00000000 00:00 0 
7f6b00000000-7f6b00021000 rw-p 00000000 00:00 0 
7f6b00021000-7f6b04000000 ---p 00000000 00:00 0 
7f6b04000000-7f6b04002000 r--s 00009000 08:01 12984450                   /home/quadkastpc/.gradle/wrapper/dists/gradle-5.6.4-all/ankdp27end7byghfw1q2sw75f/gradle-5.6.4/lib/plugins/hamcrest-core-1.3.jar
7f6b04002000-7f6b0400b000 r--s 00045000 08:01 12984379                   /home/quadkastpc/.gradle/wrapper/dists/gradle-5.6.4-all/ankdp27end7byghfw1q2sw75f/gradle-5.6.4/lib/plugins/gradle-language-java-5.6.4.jar
7f6b0400b000-7f6b0400d000 r--s 00005000 08:01 12984380                   /home/quadkastpc/.gradle/wrapper/dists/gradle-5.6.4-all/ankdp27end7byghfw1q2sw75f/gradle-5.6.4/lib/plugins/gradle-language-jvm-5.6.4.jar
7f6b0400d000-7f6b04013000 r--s 0003e000 08:01 12984383                   /home/quadkastpc/.gradle/wrapper/dists/gradle-5.6.4-all/ankdp27end7byghfw1q2sw75f/gradle-5.6.4/lib/plugins/gradle-diagnostics-5.6.4.jar
7f6b04013000-7f6b04017000 r--s 0001b000 08:01 12984381                   /home/quadkastpc/.gradle/wrapper/dists/gradle-5.6.4-all/ankdp27end7byghfw1q2sw75f/gradle-5.6.4/lib/plugins/gradle-platform-jvm-5.6.4.jar
7f6b04017000-7f6b0401e000 r--s 0002a000 08:01 12984386                   /home/quadkastpc/.gradle/wrapper/dists/gradle-5.6.4-all/ankdp27end7byghfw1q2sw75f/gradle-5.6.4/lib/plugins/gradle-platform-base-5.6.4.jar
7f6b0401e000-7f6b04020000 r--s 00006000 08:01 12984426                   /home/quadkastpc/.gradle/wrapper/dists/gradle-5.6.4-all/ankdp27end7byghfw1q2sw75f/gradle-5.6.4/lib/plugins/jatl-0.2.3.jar
7f6b04020000-7f6b04022000 r--s 00010000 08:01 12984391                   /home/quadkastpc/.gradle/wrapper/dists/gradle-5.6.4-all/ankdp27end7byghfw1q2sw75f/gradle-5.6.4/lib/plugins/gradle-reporting-5.6.4.jar
7f6b04022000-7f6b0402a000 r--s 00047000 08:01 12984372                   /home/quadkastpc/.gradle/wrapper/dists/gradle-5.6.4-all/ankdp27end7byghfw1q2sw75f/gradle-5.6.4/lib/plugins/gradle-plugins-5.6.4.jar
7f6b0402a000-7f6b0402f000 r--s 0002c000 08:01 12984358                   /home/quadkastpc/.gradle/wrapper/dists/gradle-5.6.4-all/ankdp27end7byghfw1q2sw75f/gradle-5.6.4/lib/plugins/gradle-kotlin-dsl-provider-plugins-5.6.4.jar
7f6b0402f000-7f6b04034000 r--s 00040000 08:01 12984437                   /home/quadkastpc/.gradle/wrapper/dists/gradle-5.6.4-all/ankdp27end7byghfw1q2sw75f/gradle-5.6.4/lib/plugins/jsch-0.1.54.jar
7f6b04034000-7f6b04036000 r--s 00010000 08:01 12984453                   /home/quadkastpc/.gradle/wrapper/dists/gradle-5.6.4-all/ankdp27end7byghfw1q2sw75f/gradle-5.6.4/lib/plugins/jzlib-1.1.3.jar
7f6b04036000-7f6b0405b000 r--s 00265000 08:01 12984399                   /home/quadkastpc/.gradle/wrapper/dists/gradle-5.6.4-all/ankdp27end7byghfw1q2sw75f/gradle-5.6.4/lib/plugins/org.eclipse.jgit-5.0.3.201809091024-r.jar
7f6b0405b000-7f6b0405e000 r--s 0000c000 08:01 12984388                   /home/quadkastpc/.gradle/wrapper/dists/gradle-5.6.4-all/ankdp27end7byghfw1q2sw75f/gradle-5.6.4/lib/plugins/gradle-version-control-5.6.4.jar
7f6b0405e000-7f6b04060000 r--s 00006000 08:01 12984457                   /home/quadkastpc/.gradle/wrapper/dists/gradle-5.6.4-all/ankdp27end7byghfw1q2sw75f/gradle-5.6.4/lib/plugins/maven-repository-metadata-3.0.4.jar
7f6b04060000-7f6b04062000 r--s 0000c000 08:01 12984445                   /home/quadkastpc/.gradle/wrapper/dists/gradle-5.6.4-all/ankdp27end7byghfw1q2sw75f/gradle-5.6.4/lib/plugins/maven-aether-provider-3.0.4.jar
7f6b04062000-7f6b04063000 r--s 00003000 08:01 12984448                   /home/quadkastpc/.gradle/wrapper/dists/gradle-5.6.4-all/ankdp27end7byghfw1q2sw75f/gradle-5.6.4/lib/plugins/aether-spi-1.13.1.jar
7f6b04063000-7f6b04066000 r--s 0001d000 08:01 12984446                   /home/quadkastpc/.gradle/wrapper/dists/gradle-5.6.4-all/ankdp27end7byghfw1q2sw75f/gradle-5.6.4/lib/plugins/aether-impl-1.13.1.jar
7f6b04066000-7f6b0406a000 r--s 0001c000 08:01 12984447                   /home/quadkastpc/.gradle/wrapper/dists/gradle-5.6.4-all/ankdp27end7byghfw1q2sw75f/gradle-5.6.4/lib/plugins/aether-util-1.13.1.jar
7f6b0406a000-7f6b0406d000 r--s 00013000 08:01 12984449                   /home/quadkastpc/.gradle/wrapper/dists/gradle-5.6.4-all/ankdp27end7byghfw1q2sw75f/gradle-5.6.4/lib/plugins/aether-api-1.13.1.jar
7f6b0406d000-7f6b0406f000 r--s 0000b000 08:01 12984454                   /home/quadkastpc/.gradle/wrapper/dists/gradle-5.6.4-all/ankdp27end7byghfw1q2sw75f/gradle-5.6.4/lib/plugins/maven-artifact-3.0.4.jar
7f6b0406f000-7f6b04071000 r--s 00000000 08:01 12984463                   /home/quadkastpc/.gradle/wrapper/dists/gradle-5.6.4-all/ankdp27end7byghfw1q2sw75f/gradle-5.6.4/lib/plugins/plexus-component-annotations-1.5.5.jar
7f6b04071000-7f6b04073000 r--s 0000d000 08:01 12984464                   /home/quadkastpc/.gradle/wrapper/dists/gradle-5.6.4-all/ankdp27end7byghfw1q2sw75f/gradle-5.6.4/lib/plugins/plexus-interpolation-1.14.jar
7f6b04073000-7f6b04077000 r--s 00021000 08:01 12984455                   /home/quadkastpc/.gradle/wrapper/dists/gradle-5.6.4-all/ankdp27end7byghfw1q2sw75f/gradle-5.6.4/lib/plugins/maven-model-builder-3.0.4.jar
7f6b04077000-7f6b04079000 r--s 00026000 08:01 12984456                   /home/quadkastpc/.gradle/wrapper/dists/gradle-5.6.4-all/ankdp27end7byghfw1q2sw75f/gradle-5.6.4/lib/plugins/maven-model-3.0.4.jar
7f6b04079000-7f6b0407b000 r--s 0000a000 08:01 12984459                   /home/quadkastpc/.gradle/wrapper/dists/gradle-5.6.4-all/ankdp27end7byghfw1q2sw75f/gradle-5.6.4/lib/plugins/maven-settings-3.0.4.jar
7f6b0407b000-7f6b0407d000 r--s 00002000 08:01 12984461                   /home/quadkastpc/.gradle/wrapper/dists/gradle-5.6.4-all/ankdp27end7byghfw1q2sw75f/gradle-5.6.4/lib/plugins/plexus-cipher-1.7.jar
7f6b0407d000-7f6b0407e000 r--s 00006000 08:01 12984460                   /home/quadkastpc/.gradle/wrapper/dists/gradle-5.6.4-all/ankdp27end7byghfw1q2sw75f/gradle-5.6.4/lib/plugins/plexus-sec-dispatcher-1.3.jar
7f6b0407e000-7f6b04082000 r--s 0003c000 08:01 12984466                   /home/quadkastpc/.gradle/wrapper/dists/gradle-5.6.4-all/ankdp27end7byghfw1q2sw75f/gradle-5.6.4/lib/plugins/plexus-utils-3.1.0.jar
7f6b04082000-7f6b04085000 r--s 00008000 08:01 12984458                   /home/quadkastpc/.gradle/wrapper/dists/gradle-5.6.4-all/ankdp27end7byghfw1q2sw75f/gradle-5.6.4/lib/plugins/maven-settings-builder-3.0.4.jar
7f6b04085000-7f6b04091000 r--s 0007d000 08:01 12984416                   /home/quadkastpc/.gradle/wrapper/dists/gradle-5.6.4-all/ankdp27end7byghfw1q2sw75f/gradle-5.6.4/lib/plugins/maven-core-3.0.4.jar
7f6b04091000-7f6b040a6000 r--s 00116000 08:01 12984414                   /home/quadkastpc/.gradle/wrapper/dists/gradle-5.6.4-all/ankdp27end7byghfw1q2sw75f/gradle-5.6.4/lib/plugins/ivy-2.3.0.jar
7f6b040a6000-7f6b040ab000 r--s 00036000 08:01 12984424                   /home/quadkastpc/.gradle/wrapper/dists/gradle-5.6.4-all/ankdp27end7byghfw1q2sw75f/gradle-5.6.4/lib/plugins/gson-2.8.5.jar
7f6b040ab000-7f6b0410a000 r--s 003f7000 08:01 12984444                   /home/quadkastpc/.gradle/wrapper/dists/gradle-5.6.4-all/ankdp27end7byghfw1q2sw75f/gradle-5.6.4/lib/plugins/bcprov-jdk15on-1.61.jar
7f6b0410a000-7f6b0410b000 r--s 00013000 08:01 12984412                   /home/quadkastpc/.gradle/wrapper/dists/gradle-5.6.4-all/ankdp27end7byghfw1q2sw75f/gradle-5.6.4/lib/plugins/asm-util-7.1.jar
7f6b0410b000-7f6b04141000 r--s 001d8000 08:01 12984389                   /home/quadkastpc/.gradle/wrapper/dists/gradle-5.6.4-all/ankdp27end7byghfw1q2sw75f/gradle-5.6.4/lib/plugins/gradle-dependency-management-5.6.4.jar
7f6b04141000-7f6b04143000 r--s 0000d000 08:01 12984387                   /home/quadkastpc/.gradle/wrapper/dists/gradle-5.6.4-all/ankdp27end7byghfw1q2sw75f/gradle-5.6.4/lib/plugins/gradle-plugin-use-5.6.4.jar
7f6b04143000-7f6b04146000 r--s 0000d000 08:01 12984390                   /home/quadkastpc/.gradle/wrapper/dists/gradle-5.6.4-all/ankdp27end7byghfw1q2sw75f/gradle-5.6.4/lib/plugins/gradle-composite-builds-5.6.4.jar
7f6b04146000-7f6b0415f000 r--s 0013a000 08:01 12984436                   /home/quadkastpc/.gradle/wrapper/dists/gradle-5.6.4-all/ankdp27end7byghfw1q2sw75f/gradle-5.6.4/lib/plugins/xercesImpl-2.12.0.jar
7f6b0415f000-7f6b04165000 r--s 0005b000 08:01 12984434                   /home/quadkastpc/.gradle/wrapper/dists/gradle-5.6.4-all/ankdp27end7byghfw1q2sw75f/gradle-5.6.4/lib/plugins/jcifs-1.3.17.jar
7f6b04165000-7f6b0416c000 r--s 0004b000 08:01 12984411                   /home/quadkastpc/.gradle/wrapper/dists/gradle-5.6.4-all/ankdp27end7byghfw1q2sw75f/gradle-5.6.4/lib/plugins/commons-codec-1.11.jar
7f6b0416c000-7f6b04173000 r--s 00049000 08:01 12984451                   /home/quadkastpc/.gradle/wrapper/dists/gradle-5.6.4-all/ankdp27end7byghfw1q2sw75f/gradle-5.6.4/lib/plugins/httpcore-4.4.10.jar
7f6b04173000-7f6b042e5000 r-xp 00000000 08:01 9832582                    /usr/lib/x86_64-linux-gnu/libstdc++.so.6.0.21
7f6b042e5000-7f6b044e5000 ---p 00172000 08:01 9832582                    /usr/lib/x86_64-linux-gnu/libstdc++.so.6.0.21
7f6b044e5000-7f6b044ef000 r--p 00172000 08:01 9832582                    /usr/lib/x86_64-linux-gnu/libstdc++.so.6.0.21
7f6b044ef000-7f6b044f1000 rw-p 0017c000 08:01 9832582                    /usr/lib/x86_64-linux-gnu/libstdc++.so.6.0.21
7f6b044f1000-7f6b044f5000 rw-p 00000000 00:00 0 
7f6b044f5000-7f6b044f6000 r--s 00000000 08:01 12977359                   /home/quadkastpc/.gradle/wrapper/dists/gradle-5.6.4-all/ankdp27end7byghfw1q2sw75f/gradle-5.6.4/lib/gradle-runtime-api-info-5.6.4.jar
7f6b044f6000-7f6b044f7000 r--s 00000000 08:01 12977363                   /home/quadkastpc/.gradle/wrapper/dists/gradle-5.6.4-all/ankdp27end7byghfw1q2sw75f/gradle-5.6.4/lib/gradle-installation-beacon-5.6.4.jar
7f6b044f7000-7f6b044f9000 r--s 0001d000 08:01 12984435                   /home/quadkastpc/.gradle/wrapper/dists/gradle-5.6.4-all/ankdp27end7byghfw1q2sw75f/gradle-5.6.4/lib/plugins/nekohtml-1.9.22.jar
7f6b044f9000-7f6b04506000 r--s 000af000 08:01 12984410                   /home/quadkastpc/.gradle/wrapper/dists/gradle-5.6.4-all/ankdp27end7byghfw1q2sw75f/gradle-5.6.4/lib/plugins/httpclient-4.5.6.jar
7f6b04506000-7f6b04509000 r--s 0000e000 08:01 12984395                   /home/quadkastpc/.gradle/wrapper/dists/gradle-5.6.4-all/ankdp27end7byghfw1q2sw75f/gradle-5.6.4/lib/plugins/gradle-resources-http-5.6.4.jar
7f6b04509000-7f6b0450e000 r--s 0001d000 08:01 12984398                   /home/quadkastpc/.gradle/wrapper/dists/gradle-5.6.4-all/ankdp27end7byghfw1q2sw75f/gradle-5.6.4/lib/plugins/gradle-workers-5.6.4.jar
7f6b0450e000-7f6b04514000 r-xp 00000000 08:01 7874212                    /home/quadkastpc/.gradle/native/30/linux-amd64/libnative-platform.so
7f6b04514000-7f6b04713000 ---p 00006000 08:01 7874212                    /home/quadkastpc/.gradle/native/30/linux-amd64/libnative-platform.so
7f6b04713000-7f6b04714000 rw-p 00005000 08:01 7874212                    /home/quadkastpc/.gradle/native/30/linux-amd64/libnative-platform.so
7f6b04714000-7f6b0471f000 r--s 00081000 08:01 12984320                   /home/quadkastpc/.gradle/wrapper/dists/gradle-5.6.4-all/ankdp27end7byghfw1q2sw75f/gradle-5.6.4/lib/trove4j-1.0.20181211.jar
7f6b0471f000-7f6b04721000 r--s 00009000 08:01 12984328                   /home/quadkastpc/.gradle/wrapper/dists/gradle-5.6.4-all/ankdp27end7byghfw1q2sw75f/gradle-5.6.4/lib/kotlin-script-runtime-1.3.41.jar
7f6b04721000-7f6b04948000 r--s 0204c000 08:01 12984290                   /home/quadkastpc/.gradle/wrapper/dists/gradle-5.6.4-all/ankdp27end7byghfw1q2sw75f/gradle-5.6.4/lib/kotlin-compiler-embeddable-1.3.41-patched-for-gradle-5.6.4.jar
7f6b04948000-7f6b04949000 r--s 00001000 08:01 12984289                   /home/quadkastpc/.gradle/wrapper/dists/gradle-5.6.4-all/ankdp27end7byghfw1q2sw75f/gradle-5.6.4/lib/gradle-kotlin-dsl-tooling-models-5.6.4.jar
7f6b04949000-7f6b0494b000 r--s 00006000 08:01 12977362                   /home/quadkastpc/.gradle/wrapper/dists/gradle-5.6.4-all/ankdp27end7byghfw1q2sw75f/gradle-5.6.4/lib/gradle-wrapper-5.6.4.jar
7f6b0494b000-7f6b0495a000 r--s 0004d000 08:01 12977361                   /home/quadkastpc/.gradle/wrapper/dists/gradle-5.6.4-all/ankdp27end7byghfw1q2sw75f/gradle-5.6.4/lib/gradle-tooling-api-5.6.4.jar
7f6b0495a000-7f6b0496a000 r--s 0026b000 08:01 12984312                   /home/quadkastpc/.gradle/wrapper/dists/gradle-5.6.4-all/ankdp27end7byghfw1q2sw75f/gradle-5.6.4/lib/kotlinx-metadata-jvm-0.1.0.jar
7f6b0496a000-7f6b0496b000 r--s 00002000 08:01 12984311                   /home/quadkastpc/.gradle/wrapper/dists/gradle-5.6.4-all/ankdp27end7byghfw1q2sw75f/gradle-5.6.4/lib/kotlin-sam-with-receiver-compiler-plugin-1.3.41.jar
7f6b0496b000-7f6b04972000 r--s 00047000 08:01 12984310                   /home/quadkastpc/.gradle/wrapper/dists/gradle-5.6.4-all/ankdp27end7byghfw1q2sw75f/gradle-5.6.4/lib/kotlin-scripting-compiler-impl-embeddable-1.3.41.jar
7f6b04972000-7f6b04973000 r--s 00009000 08:01 12984309                   /home/quadkastpc/.gradle/wrapper/dists/gradle-5.6.4-all/ankdp27end7byghfw1q2sw75f/gradle-5.6.4/lib/kotlin-scripting-compiler-embeddable-1.3.41.jar
7f6b04973000-7f6b0498e000 r--s 0015f000 08:01 12977360                   /home/quadkastpc/.gradle/wrapper/dists/gradle-5.6.4-all/ankdp27end7byghfw1q2sw75f/gradle-5.6.4/lib/gradle-kotlin-dsl-5.6.4.jar
7f6b0498e000-7f6b04990000 r--s 00005000 08:01 12984275                   /home/quadkastpc/.gradle/wrapper/dists/gradle-5.6.4-all/ankdp27end7byghfw1q2sw75f/gradle-5.6.4/lib/gradle-worker-processes-5.6.4.jar
7f6b04990000-7f6b04996000 r--s 00028000 08:01 12977369                   /home/quadkastpc/.gradle/wrapper/dists/gradle-5.6.4-all/ankdp27end7byghfw1q2sw75f/gradle-5.6.4/lib/gradle-execution-5.6.4.jar
7f6b04996000-7f6b04998000 r--s 00007000 08:01 12977368                   /home/quadkastpc/.gradle/wrapper/dists/gradle-5.6.4-all/ankdp27end7byghfw1q2sw75f/gradle-5.6.4/lib/gradle-model-groovy-5.6.4.jar
7f6b04998000-7f6b0499a000 r--s 00000000 08:01 12984278                   /home/quadkastpc/.gradle/wrapper/dists/gradle-5.6.4-all/ankdp27end7byghfw1q2sw75f/gradle-5.6.4/lib/gradle-jvm-services-5.6.4.jar
7f6b0499a000-7f6b0499c000 r--s 00006000 08:01 12977371                   /home/quadkastpc/.gradle/wrapper/dists/gradle-5.6.4-all/ankdp27end7byghfw1q2sw75f/gradle-5.6.4/lib/gradle-build-cache-packaging-5.6.4.jar
7f6b0499c000-7f6b049a0000 r--s 0000e000 08:01 12977372                   /home/quadkastpc/.gradle/wrapper/dists/gradle-5.6.4-all/ankdp27end7byghfw1q2sw75f/gradle-5.6.4/lib/gradle-build-cache-5.6.4.jar
7f6b049a0000-7f6b049a1000 r--s 00005000 08:01 12984293                   /home/quadkastpc/.gradle/wrapper/dists/gradle-5.6.4-all/ankdp27end7byghfw1q2sw75f/gradle-5.6.4/lib/gradle-docs-5.6.4.jar
7f6b049a1000-7f6b049d9000 r--s 00273000 08:01 12984322                   /home/quadkastpc/.gradle/wrapper/dists/gradle-5.6.4-all/ankdp27end7byghfw1q2sw75f/gradle-5.6.4/lib/kotlin-reflect-1.3.41.jar
7f6b049d9000-7f6b049da000 r--s 00000000 08:01 12984323                   /home/quadkastpc/.gradle/wrapper/dists/gradle-5.6.4-all/ankdp27end7byghfw1q2sw75f/gradle-5.6.4/lib/kotlin-stdlib-jdk7-1.3.41.jar
7f6b049da000-7f6b049dc000 r--s 00002000 08:01 12984307                   /home/quadkastpc/.gradle/wrapper/dists/gradle-5.6.4-all/ankdp27end7byghfw1q2sw75f/gradle-5.6.4/lib/kotlin-stdlib-jdk8-1.3.41.jar
7f6b049dc000-7f6b049e5000 r--s 000b3000 08:01 12977365                   /home/quadkastpc/.gradle/wrapper/dists/gradle-5.6.4-all/ankdp27end7byghfw1q2sw75f/gradle-5.6.4/lib/gradle-instant-execution-5.6.4.jar
7f6b049e5000-7f6b049ee000 r--s 0002d000 08:01 12984321                   /home/quadkastpc/.gradle/wrapper/dists/gradle-5.6.4-all/ankdp27end7byghfw1q2sw75f/gradle-5.6.4/lib/xml-apis-1.4.01.jar
7f6b049ee000-7f6b049f9000 r--s 00086000 08:01 12984313                   /home/quadkastpc/.gradle/wrapper/dists/gradle-5.6.4-all/ankdp27end7byghfw1q2sw75f/gradle-5.6.4/lib/commons-compress-1.18.jar
7f6b049f9000-7f6b049fb000 r--s 00007000 08:01 12984303                   /home/quadkastpc/.gradle/wrapper/dists/gradle-5.6.4-all/ankdp27end7byghfw1q2sw75f/gradle-5.6.4/lib/asm-analysis-7.1.jar
7f6b049fb000-7f6b049fd000 r--s 0000b000 08:01 12984304                   /home/quadkastpc/.gradle/wrapper/dists/gradle-5.6.4-all/ankdp27end7byghfw1q2sw75f/gradle-5.6.4/lib/asm-tree-7.1.jar
7f6b049fd000-7f6b049ff000 r--s 00010000 08:01 12984302                   /home/quadkastpc/.gradle/wrapper/dists/gradle-5.6.4-all/ankdp27end7byghfw1q2sw75f/gradle-5.6.4/lib/asm-commons-7.1.jar
7f6b049ff000-7f6b04a03000 r--s 00010000 08:01 12984287                   /home/quadkastpc/.gradle/wrapper/dists/gradle-5.6.4-all/ankdp27end7byghfw1q2sw75f/gradle-5.6.4/lib/gradle-snapshots-5.6.4.jar
7f6b04a03000-7f6b04a0a000 r--s 00021000 08:01 12984330                   /home/quadkastpc/.gradle/wrapper/dists/gradle-5.6.4-all/ankdp27end7byghfw1q2sw75f/gradle-5.6.4/lib/kotlin-stdlib-common-1.3.41.jar
7f6b04a0a000-7f6b04a0c000 r--s 00003000 08:01 12984325                   /home/quadkastpc/.gradle/wrapper/dists/gradle-5.6.4-all/ankdp27end7byghfw1q2sw75f/gradle-5.6.4/lib/annotations-13.0.jar
7f6b04a0c000-7f6b04a20000 r--s 00128000 08:01 12984324                   /home/quadkastpc/.gradle/wrapper/dists/gradle-5.6.4-all/ankdp27end7byghfw1q2sw75f/gradle-5.6.4/lib/kotlin-stdlib-1.3.41.jar
7f6b04a20000-7f6b04a37000 r--s 000d6000 08:01 12977370                   /home/quadkastpc/.gradle/wrapper/dists/gradle-5.6.4-all/ankdp27end7byghfw1q2sw75f/gradle-5.6.4/lib/gradle-model-core-5.6.4.jar
7f6b04a37000-7f6b04a3c000 r--s 00015000 08:01 12984280                   /home/quadkastpc/.gradle/wrapper/dists/gradle-5.6.4-all/ankdp27end7byghfw1q2sw75f/gradle-5.6.4/lib/gradle-resources-5.6.4.jar
7f6b04a3c000-7f6b04a43000 r--s 00036000 08:01 12977374                   /home/quadkastpc/.gradle/wrapper/dists/gradle-5.6.4-all/ankdp27end7byghfw1q2sw75f/gradle-5.6.4/lib/gradle-persistent-cache-5.6.4.jar
7f6b04a43000-7f6b04a45000 r--s 00006000 08:01 12984283                   /home/quadkastpc/.gradle/wrapper/dists/gradle-5.6.4-all/ankdp27end7byghfw1q2sw75f/gradle-5.6.4/lib/gradle-base-services-groovy-5.6.4.jar
7f6b04a45000-7f6b04a46000 r--s 00000000 08:01 12984308                   /home/quadkastpc/.gradle/wrapper/dists/gradle-5.6.4-all/ankdp27end7byghfw1q2sw75f/gradle-5.6.4/lib/javax.inject-1.jar
7f6b04a46000-7f6b04a4b000 r--s 0001f000 08:01 12977367                   /home/quadkastpc/.gradle/wrapper/dists/gradle-5.6.4-all/ankdp27end7byghfw1q2sw75f/gradle-5.6.4/lib/gradle-file-collections-5.6.4.jar
7f6b04a4b000-7f6b04a4d000 r--s 00006000 08:01 12984279                   /home/quadkastpc/.gradle/wrapper/dists/gradle-5.6.4-all/ankdp27end7byghfw1q2sw75f/gradle-5.6.4/lib/gradle-process-services-5.6.4.jar
7f6b04a4d000-7f6b04a4f000 r--s 00004000 08:01 12984296                   /home/quadkastpc/.gradle/wrapper/dists/gradle-5.6.4-all/ankdp27end7byghfw1q2sw75f/gradle-5.6.4/lib/log4j-over-slf4j-1.7.25.jar
7f6b04a4f000-7f6b04a51000 r--s 00000000 08:01 12984295                   /home/quadkastpc/.gradle/wrapper/dists/gradle-5.6.4-all/ankdp27end7byghfw1q2sw75f/gradle-5.6.4/lib/jul-to-slf4j-1.7.25.jar
7f6b04a51000-7f6b04a53000 r--s 00003000 08:01 12984297                   /home/quadkastpc/.gradle/wrapper/dists/gradle-5.6.4-all/ankdp27end7byghfw1q2sw75f/gradle-5.6.4/lib/jcl-over-slf4j-1.7.25.jar
7f6b04a53000-7f6b04a5b000 r--s 00038000 08:01 12984277                   /home/quadkastpc/.gradle/wrapper/dists/gradle-5.6.4-all/ankdp27end7byghfw1q2sw75f/gradle-5.6.4/lib/gradle-logging-5.6.4.jar
7f6b04a5b000-7f6b04a5d000 r--s 00004000 08:01 12984288                   /home/quadkastpc/.gradle/wrapper/dists/gradle-5.6.4-all/ankdp27end7byghfw1q2sw75f/gradle-5.6.4/lib/gradle-files-5.6.4.jar
7f6b04a5d000-7f6b04a5e000 r--s 00004000 08:01 12984331                   /home/quadkastpc/.gradle/wrapper/dists/gradle-5.6.4-all/ankdp27end7byghfw1q2sw75f/gradle-5.6.4/lib/native-platform-freebsd-amd64-libcpp-0.18.jar
7f6b04a5e000-7f6b04a5f000 r--s 00004000 08:01 12984332                   /home/quadkastpc/.gradle/wrapper/dists/gradle-5.6.4-all/ankdp27end7byghfw1q2sw75f/gradle-5.6.4/lib/native-platform-freebsd-amd64-libstdcpp-0.18.jar
7f6b04a5f000-7f6b04a60000 r--s 00004000 08:01 12984333                   /home/quadkastpc/.gradle/wrapper/dists/gradle-5.6.4-all/ankdp27end7byghfw1q2sw75f/gradle-5.6.4/lib/native-platform-freebsd-i386-libcpp-0.18.jar
7f6b04a60000-7f6b04a61000 r--s 00004000 08:01 12984334                   /home/quadkastpc/.gradle/wrapper/dists/gradle-5.6.4-all/ankdp27end7byghfw1q2sw75f/gradle-5.6.4/lib/native-platform-freebsd-i386-libstdcpp-0.18.jar
7f6b04a61000-7f6b04a62000 r--s 00002000 08:01 12984335                   /home/quadkastpc/.gradle/wrapper/dists/gradle-5.6.4-all/ankdp27end7byghfw1q2sw75f/gradle-5.6.4/lib/native-platform-linux-aarch64-0.18.jar
7f6b04a62000-7f6b04a63000 r--s 00002000 08:01 12984336                   /home/quadkastpc/.gradle/wrapper/dists/gradle-5.6.4-all/ankdp27end7byghfw1q2sw75f/gradle-5.6.4/lib/native-platform-linux-amd64-0.18.jar
7f6b04a63000-7f6b04a64000 r--s 00002000 08:01 12984337                   /home/quadkastpc/.gradle/wrapper/dists/gradle-5.6.4-all/ankdp27end7byghfw1q2sw75f/gradle-5.6.4/lib/native-platform-linux-i386-0.18.jar
7f6b04a64000-7f6b04a65000 r--s 00003000 08:01 12984338                   /home/quadkastpc/.gradle/wrapper/dists/gradle-5.6.4-all/ankdp27end7byghfw1q2sw75f/gradle-5.6.4/lib/native-platform-osx-amd64-0.18.jar
7f6b04a65000-7f6b04a66000 r--s 00011000 08:01 12984339                   /home/quadkastpc/.gradle/wrapper/dists/gradle-5.6.4-all/ankdp27end7byghfw1q2sw75f/gradle-5.6.4/lib/native-platform-windows-amd64-0.18.jar
7f6b04a66000-7f6b04a68000 r--s 00010000 08:01 12984340                   /home/quadkastpc/.gradle/wrapper/dists/gradle-5.6.4-all/ankdp27end7byghfw1q2sw75f/gradle-5.6.4/lib/native-platform-windows-amd64-min-0.18.jar
7f6b04a68000-7f6b04a69000 r--s 0000f000 08:01 12984341                   /home/quadkastpc/.gradle/wrapper/dists/gradle-5.6.4-all/ankdp27end7byghfw1q2sw75f/gradle-5.6.4/lib/native-platform-windows-i386-0.18.jar
7f6b04a69000-7f6b04a6a000 r--s 0000f000 08:01 12984342                   /home/quadkastpc/.gradle/wrapper/dists/gradle-5.6.4-all/ankdp27end7byghfw1q2sw75f/gradle-5.6.4/lib/native-platform-windows-i386-min-0.18.jar
7f6b04a6a000-7f6b04a6b000 r--s 00001000 08:01 12984343                   /home/quadkastpc/.gradle/wrapper/dists/gradle-5.6.4-all/ankdp27end7byghfw1q2sw75f/gradle-5.6.4/lib/native-platform-linux-aarch64-ncurses5-0.18.jar
7f6b04a6b000-7f6b04a6d000 r--s 00001000 08:01 12984344                   /home/quadkastpc/.gradle/wrapper/dists/gradle-5.6.4-all/ankdp27end7byghfw1q2sw75f/gradle-5.6.4/lib/native-platform-linux-amd64-ncurses5-0.18.jar
7f6b04a6d000-7f6b04a6e000 r--s 00001000 08:01 12984345                   /home/quadkastpc/.gradle/wrapper/dists/gradle-5.6.4-all/ankdp27end7byghfw1q2sw75f/gradle-5.6.4/lib/native-platform-linux-amd64-ncurses6-0.18.jar
7f6b04a6e000-7f6b04a6f000 r--s 00001000 08:01 12984346                   /home/quadkastpc/.gradle/wrapper/dists/gradle-5.6.4-all/ankdp27end7byghfw1q2sw75f/gradle-5.6.4/lib/native-platform-linux-i386-ncurses5-0.18.jar
7f6b04a6f000-7f6b04a70000 r--s 00001000 08:01 12984347                   /home/quadkastpc/.gradle/wrapper/dists/gradle-5.6.4-all/ankdp27end7byghfw1q2sw75f/gradle-5.6.4/lib/native-platform-linux-i386-ncurses6-0.18.jar
7f6b04a70000-7f6b04a75000 r--s 0001a000 08:01 12984318                   /home/quadkastpc/.gradle/wrapper/dists/gradle-5.6.4-all/ankdp27end7byghfw1q2sw75f/gradle-5.6.4/lib/native-platform-0.18.jar
7f6b04a75000-7f6b04a79000 r--s 00042000 08:01 12984315                   /home/quadkastpc/.gradle/wrapper/dists/gradle-5.6.4-all/ankdp27end7byghfw1q2sw75f/gradle-5.6.4/lib/jansi-1.17.1.jar
7f6b04a79000-7f6b04a7c000 r--s 0000c000 08:01 12984282                   /home/quadkastpc/.gradle/wrapper/dists/gradle-5.6.4-all/ankdp27end7byghfw1q2sw75f/gradle-5.6.4/lib/gradle-native-5.6.4.jar
7f6b04a7c000-7f6b04a7d000 r--s 00003000 08:01 12984285                   /home/quadkastpc/.gradle/wrapper/dists/gradle-5.6.4-all/ankdp27end7byghfw1q2sw75f/gradle-5.6.4/lib/gradle-build-option-5.6.4.jar
7f6b04a7d000-7f6b04afb000 r--s 00759000 08:01 12984294                   /home/quadkastpc/.gradle/wrapper/dists/gradle-5.6.4-all/ankdp27end7byghfw1q2sw75f/gradle-5.6.4/lib/groovy-all-1.3-2.5.4.jar
7f6b04afb000-7f6b04afc000 ---p 00000000 00:00 0 
7f6b04afc000-7f6b04bfc000 rw-p 00000000 00:00 0 
7f6b04bfc000-7f6b04bff000 ---p 00000000 00:00 0 
7f6b04bff000-7f6b04cfd000 rw-p 00000000 00:00 0 
7f6b04cfd000-7f6b04d00000 ---p 00000000 00:00 0 
7f6b04d00000-7f6b04dfe000 rw-p 00000000 00:00 0 
7f6b04dfe000-7f6b04e01000 ---p 00000000 00:00 0 
7f6b04e01000-7f6b04eff000 rw-p 00000000 00:00 0 
7f6b04eff000-7f6b04f02000 ---p 00000000 00:00 0 
7f6b04f02000-7f6b08000000 rw-p 00000000 00:00 0 
7f6b08000000-7f6b08021000 rw-p 00000000 00:00 0 
7f6b08021000-7f6b0c000000 ---p 00000000 00:00 0 
7f6b0c000000-7f6b0c002000 r--s 0000c000 08:01 12984319                   /home/quadkastpc/.gradle/wrapper/dists/gradle-5.6.4-all/ankdp27end7byghfw1q2sw75f/gradle-5.6.4/lib/objenesis-2.6.jar
7f6b0c002000-7f6b0c004000 r--s 00000000 08:01 12984327                   /home/quadkastpc/.gradle/wrapper/dists/gradle-5.6.4-all/ankdp27end7byghfw1q2sw75f/gradle-5.6.4/lib/minlog-1.2.jar
7f6b0c004000-7f6b0c00a000 r--s 0004d000 08:01 12984317                   /home/quadkastpc/.gradle/wrapper/dists/gradle-5.6.4-all/ankdp27end7byghfw1q2sw75f/gradle-5.6.4/lib/kryo-2.24.0.jar
7f6b0c00a000-7f6b0c00d000 r--s 0001c000 08:01 12984314                   /home/quadkastpc/.gradle/wrapper/dists/gradle-5.6.4-all/ankdp27end7byghfw1q2sw75f/gradle-5.6.4/lib/fastutil-8.2.1-min.jar
7f6b0c00d000-7f6b0c014000 r--s 0002f000 08:01 12984281                   /home/quadkastpc/.gradle/wrapper/dists/gradle-5.6.4-all/ankdp27end7byghfw1q2sw75f/gradle-5.6.4/lib/gradle-messaging-5.6.4.jar
7f6b0c014000-7f6b0c016000 r--s 00005000 08:01 12984286                   /home/quadkastpc/.gradle/wrapper/dists/gradle-5.6.4-all/ankdp27end7byghfw1q2sw75f/gradle-5.6.4/lib/gradle-cli-5.6.4.jar
7f6b0c016000-7f6b0c017000 r--s 00000000 08:01 12984292                   /home/quadkastpc/.gradle/wrapper/dists/gradle-5.6.4-all/ankdp27end7byghfw1q2sw75f/gradle-5.6.4/lib/gradle-pineapple-5.6.4.jar
7f6b0c017000-7f6b0c019000 r--s 00003000 08:01 12984291                   /home/quadkastpc/.gradle/wrapper/dists/gradle-5.6.4-all/ankdp27end7byghfw1q2sw75f/gradle-5.6.4/lib/gradle-hashing-5.6.4.jar
7f6b0c019000-7f6b0c049000 r--s 0024c000 08:01 12984299                   /home/quadkastpc/.gradle/wrapper/dists/gradle-5.6.4-all/ankdp27end7byghfw1q2sw75f/gradle-5.6.4/lib/guava-27.1-android.jar
7f6b0c049000-7f6b0c068000 r--s 001db000 08:01 12984306                   /home/quadkastpc/.gradle/wrapper/dists/gradle-5.6.4-all/ankdp27end7byghfw1q2sw75f/gradle-5.6.4/lib/ant-1.9.14.jar
7f6b0c068000-7f6b0c0a6000 r--s 0020d000 08:01 12977366                   /home/quadkastpc/.gradle/wrapper/dists/gradle-5.6.4-all/ankdp27end7byghfw1q2sw75f/gradle-5.6.4/lib/gradle-core-5.6.4.jar
7f6b0c0a6000-7f6b0c0b4000 r--s 00043000 08:01 12977373                   /home/quadkastpc/.gradle/wrapper/dists/gradle-5.6.4-all/ankdp27end7byghfw1q2sw75f/gradle-5.6.4/lib/gradle-core-api-5.6.4.jar
7f6b0c0b4000-7f6b0c0c1000 r--s 00064000 08:01 12984284                   /home/quadkastpc/.gradle/wrapper/dists/gradle-5.6.4-all/ankdp27end7byghfw1q2sw75f/gradle-5.6.4/lib/gradle-base-services-5.6.4.jar
7f6b0c0c1000-7f6b0c0d8000 r-xp 00000000 08:01 7996627                    /home/quadkastpc/Documents/android-studio/jre/jre/lib/amd64/libnet.so
7f6b0c0d8000-7f6b0c0d9000 r--p 00016000 08:01 7996627                    /home/quadkastpc/Documents/android-studio/jre/jre/lib/amd64/libnet.so
7f6b0c0d9000-7f6b0c0da000 rw-p 00017000 08:01 7996627                    /home/quadkastpc/Documents/android-studio/jre/jre/lib/amd64/libnet.so
7f6b0c0da000-7f6b0c0dd000 ---p 00000000 00:00 0 
7f6b0c0dd000-7f6b0c1db000 rw-p 00000000 00:00 0 
7f6b0c1db000-7f6b0c4b3000 r--p 00000000 08:01 9830667                    /usr/lib/locale/locale-archive
7f6b0c4b3000-7f6b0c4b6000 ---p 00000000 00:00 0 
7f6b0c4b6000-7f6b0c5b4000 rw-p 00000000 00:00 0 
7f6b0c5b4000-7f6b0c5b7000 ---p 00000000 00:00 0 
7f6b0c5b7000-7f6b0c6b5000 rw-p 00000000 00:00 0 
7f6b0c6b5000-7f6b0c6b6000 ---p 00000000 00:00 0 
7f6b0c6b6000-7f6b0d000000 rw-p 00000000 00:00 0 
7f6b0d000000-7f6b0d5f0000 rwxp 00000000 00:00 0 
7f6b0d5f0000-7f6b1c000000 ---p 00000000 00:00 0 
7f6b1c000000-7f6b1d22b000 rw-p 00000000 00:00 0 
7f6b1d22b000-7f6b20000000 ---p 00000000 00:00 0 
7f6b20000000-7f6b20002000 r--s 00003000 08:01 12984316                   /home/quadkastpc/.gradle/wrapper/dists/gradle-5.6.4-all/ankdp27end7byghfw1q2sw75f/gradle-5.6.4/lib/jsr305-3.0.2.jar
7f6b20002000-7f6b20004000 r--s 00000000 08:01 12984329                   /home/quadkastpc/.gradle/wrapper/dists/gradle-5.6.4-all/ankdp27end7byghfw1q2sw75f/gradle-5.6.4/lib/failureaccess-1.0.1.jar
7f6b20004000-7f6b20009000 r--s 00041000 08:01 12984301                   /home/quadkastpc/.gradle/wrapper/dists/gradle-5.6.4-all/ankdp27end7byghfw1q2sw75f/gradle-5.6.4/lib/commons-lang-2.6.jar
7f6b20009000-7f6b20019000 r-xp 00000000 08:01 7996648                    /home/quadkastpc/Documents/android-studio/jre/jre/lib/amd64/libnio.so
7f6b20019000-7f6b2001a000 ---p 00010000 08:01 7996648                    /home/quadkastpc/Documents/android-studio/jre/jre/lib/amd64/libnio.so
7f6b2001a000-7f6b2001b000 r--p 00010000 08:01 7996648                    /home/quadkastpc/Documents/android-studio/jre/jre/lib/amd64/libnio.so
7f6b2001b000-7f6b2001c000 rw-p 00011000 08:01 7996648                    /home/quadkastpc/Documents/android-studio/jre/jre/lib/amd64/libnio.so
7f6b2001c000-7f6b207b3000 rw-p 00000000 00:00 0 
7f6b207b3000-7f6b20986000 r--s 03cdf000 08:01 7996664                    /home/quadkastpc/Documents/android-studio/jre/jre/lib/rt.jar
7f6b20986000-7f6b21557000 rw-p 00000000 00:00 0 
7f6b21557000-7f6b21558000 ---p 00000000 00:00 0 
7f6b21558000-7f6b21658000 rw-p 00000000 00:00 0 
7f6b21658000-7f6b21659000 ---p 00000000 00:00 0 
7f6b21659000-7f6b21759000 rw-p 00000000 00:00 0 
7f6b21759000-7f6b2175a000 ---p 00000000 00:00 0 
7f6b2175a000-7f6b2185a000 rw-p 00000000 00:00 0 
7f6b2185a000-7f6b2185b000 ---p 00000000 00:00 0 
7f6b2185b000-7f6b21983000 rw-p 00000000 00:00 0 
7f6b21983000-7f6b21b5b000 ---p 00000000 00:00 0 
7f6b21b5b000-7f6b21b83000 rw-p 00000000 00:00 0 
7f6b21b83000-7f6b21d5b000 ---p 00000000 00:00 0 
7f6b21d5b000-7f6b21d9c000 rw-p 00000000 00:00 0 
7f6b21d9c000-7f6b21e5b000 ---p 00000000 00:00 0 
7f6b21e5b000-7f6b21e74000 rw-p 00000000 00:00 0 
7f6b21e74000-7f6b2221c000 ---p 00000000 00:00 0 
7f6b2221c000-7f6b22227000 r-xp 00000000 08:01 3936718                    /lib/x86_64-linux-gnu/libnss_files-2.23.so
7f6b22227000-7f6b22426000 ---p 0000b000 08:01 3936718                    /lib/x86_64-linux-gnu/libnss_files-2.23.so
7f6b22426000-7f6b22427000 r--p 0000a000 08:01 3936718                    /lib/x86_64-linux-gnu/libnss_files-2.23.so
7f6b22427000-7f6b22428000 rw-p 0000b000 08:01 3936718                    /lib/x86_64-linux-gnu/libnss_files-2.23.so
7f6b22428000-7f6b2242e000 rw-p 00000000 00:00 0 
7f6b2242e000-7f6b22439000 r-xp 00000000 08:01 3936722                    /lib/x86_64-linux-gnu/libnss_nis-2.23.so
7f6b22439000-7f6b22638000 ---p 0000b000 08:01 3936722                    /lib/x86_64-linux-gnu/libnss_nis-2.23.so
7f6b22638000-7f6b22639000 r--p 0000a000 08:01 3936722                    /lib/x86_64-linux-gnu/libnss_nis-2.23.so
7f6b22639000-7f6b2263a000 rw-p 0000b000 08:01 3936722                    /lib/x86_64-linux-gnu/libnss_nis-2.23.so
7f6b2263a000-7f6b22650000 r-xp 00000000 08:01 3936708                    /lib/x86_64-linux-gnu/libnsl-2.23.so
7f6b22650000-7f6b2284f000 ---p 00016000 08:01 3936708                    /lib/x86_64-linux-gnu/libnsl-2.23.so
7f6b2284f000-7f6b22850000 r--p 00015000 08:01 3936708                    /lib/x86_64-linux-gnu/libnsl-2.23.so
7f6b22850000-7f6b22851000 rw-p 00016000 08:01 3936708                    /lib/x86_64-linux-gnu/libnsl-2.23.so
7f6b22851000-7f6b22853000 rw-p 00000000 00:00 0 
7f6b22853000-7f6b2285b000 r-xp 00000000 08:01 3936720                    /lib/x86_64-linux-gnu/libnss_compat-2.23.so
7f6b2285b000-7f6b22a5a000 ---p 00008000 08:01 3936720                    /lib/x86_64-linux-gnu/libnss_compat-2.23.so
7f6b22a5a000-7f6b22a5b000 r--p 00007000 08:01 3936720                    /lib/x86_64-linux-gnu/libnss_compat-2.23.so
7f6b22a5b000-7f6b22a5c000 rw-p 00008000 08:01 3936720                    /lib/x86_64-linux-gnu/libnss_compat-2.23.so
7f6b22a5c000-7f6b22a63000 r-xp 00000000 08:01 3936725                    /lib/x86_64-linux-gnu/librt-2.23.so
7f6b22a63000-7f6b22c62000 ---p 00007000 08:01 3936725                    /lib/x86_64-linux-gnu/librt-2.23.so
7f6b22c62000-7f6b22c63000 r--p 00006000 08:01 3936725                    /lib/x86_64-linux-gnu/librt-2.23.so
7f6b22c63000-7f6b22c64000 rw-p 00007000 08:01 3936725                    /lib/x86_64-linux-gnu/librt-2.23.so
7f6b22c64000-7f6b22d6c000 r-xp 00000000 08:01 3936709                    /lib/x86_64-linux-gnu/libm-2.23.so
7f6b22d6c000-7f6b22f6b000 ---p 00108000 08:01 3936709                    /lib/x86_64-linux-gnu/libm-2.23.so
7f6b22f6b000-7f6b22f6c000 r--p 00107000 08:01 3936709                    /lib/x86_64-linux-gnu/libm-2.23.so
7f6b22f6c000-7f6b22f6d000 rw-p 00108000 08:01 3936709                    /lib/x86_64-linux-gnu/libm-2.23.so
7f6b22f6d000-7f6b23b9c000 r-xp 00000000 08:01 7996641                    /home/quadkastpc/Documents/android-studio/jre/jre/lib/amd64/server/libjvm.so
7f6b23b9c000-7f6b23c44000 r--p 00c2e000 08:01 7996641                    /home/quadkastpc/Documents/android-studio/jre/jre/lib/amd64/server/libjvm.so
7f6b23c44000-7f6b23c6d000 rw-p 00cd6000 08:01 7996641                    /home/quadkastpc/Documents/android-studio/jre/jre/lib/amd64/server/libjvm.so
7f6b23c6d000-7f6b23cb1000 rw-p 00000000 00:00 0 
7f6b23cb1000-7f6b23e71000 r-xp 00000000 08:01 3936705                    /lib/x86_64-linux-gnu/libc-2.23.so
7f6b23e71000-7f6b24071000 ---p 001c0000 08:01 3936705                    /lib/x86_64-linux-gnu/libc-2.23.so
7f6b24071000-7f6b24075000 r--p 001c0000 08:01 3936705                    /lib/x86_64-linux-gnu/libc-2.23.so
7f6b24075000-7f6b24077000 rw-p 001c4000 08:01 3936705                    /lib/x86_64-linux-gnu/libc-2.23.so
7f6b24077000-7f6b2407b000 rw-p 00000000 00:00 0 
7f6b2407b000-7f6b2407e000 r-xp 00000000 08:01 3936703                    /lib/x86_64-linux-gnu/libdl-2.23.so
7f6b2407e000-7f6b2427d000 ---p 00003000 08:01 3936703                    /lib/x86_64-linux-gnu/libdl-2.23.so
7f6b2427d000-7f6b2427e000 r--p 00002000 08:01 3936703                    /lib/x86_64-linux-gnu/libdl-2.23.so
7f6b2427e000-7f6b2427f000 rw-p 00003000 08:01 3936703                    /lib/x86_64-linux-gnu/libdl-2.23.so
7f6b2427f000-7f6b24297000 r-xp 00000000 08:01 3936706                    /lib/x86_64-linux-gnu/libpthread-2.23.so
7f6b24297000-7f6b24496000 ---p 00018000 08:01 3936706                    /lib/x86_64-linux-gnu/libpthread-2.23.so
7f6b24496000-7f6b24497000 r--p 00017000 08:01 3936706                    /lib/x86_64-linux-gnu/libpthread-2.23.so
7f6b24497000-7f6b24498000 rw-p 00018000 08:01 3936706                    /lib/x86_64-linux-gnu/libpthread-2.23.so
7f6b24498000-7f6b2449c000 rw-p 00000000 00:00 0 
7f6b2449c000-7f6b244c2000 r-xp 00000000 08:01 3936716                    /lib/x86_64-linux-gnu/ld-2.23.so
7f6b244c2000-7f6b244c6000 r--s 00031000 08:01 12984300                   /home/quadkastpc/.gradle/wrapper/dists/gradle-5.6.4-all/ankdp27end7byghfw1q2sw75f/gradle-5.6.4/lib/commons-io-2.6.jar
7f6b244c6000-7f6b244d3000 r--s 0006c000 08:01 12977358                   /home/quadkastpc/.gradle/wrapper/dists/gradle-5.6.4-all/ankdp27end7byghfw1q2sw75f/gradle-5.6.4/lib/gradle-launcher-5.6.4.jar
7f6b244d3000-7f6b2453a000 rw-p 00000000 00:00 0 
7f6b2453a000-7f6b24555000 r-xp 00000000 08:01 7996623                    /home/quadkastpc/Documents/android-studio/jre/jre/lib/amd64/libzip.so
7f6b24555000-7f6b24556000 r--p 0001a000 08:01 7996623                    /home/quadkastpc/Documents/android-studio/jre/jre/lib/amd64/libzip.so
7f6b24556000-7f6b24557000 rw-p 0001b000 08:01 7996623                    /home/quadkastpc/Documents/android-studio/jre/jre/lib/amd64/libzip.so
7f6b24557000-7f6b2455f000 rw-s 00000000 08:01 8263104                    /tmp/hsperfdata_quadkastpc/19109
7f6b2455f000-7f6b24587000 r-xp 00000000 08:01 7996631                    /home/quadkastpc/Documents/android-studio/jre/jre/lib/amd64/libjava.so
7f6b24587000-7f6b24588000 r--p 00027000 08:01 7996631                    /home/quadkastpc/Documents/android-studio/jre/jre/lib/amd64/libjava.so
7f6b24588000-7f6b2458a000 rw-p 00028000 08:01 7996631                    /home/quadkastpc/Documents/android-studio/jre/jre/lib/amd64/libjava.so
7f6b2458a000-7f6b2458d000 ---p 00000000 00:00 0 
7f6b2458d000-7f6b2468f000 rw-p 00000000 00:00 0 
7f6b2468f000-7f6b246a5000 r-xp 00000000 08:01 7996522                    /home/quadkastpc/Documents/android-studio/jre/lib/amd64/jli/libjli.so
7f6b246a5000-7f6b246a6000 r--p 00015000 08:01 7996522                    /home/quadkastpc/Documents/android-studio/jre/lib/amd64/jli/libjli.so
7f6b246a6000-7f6b246a7000 rw-p 00016000 08:01 7996522                    /home/quadkastpc/Documents/android-studio/jre/lib/amd64/jli/libjli.so
7f6b246a7000-7f6b246a8000 rw-p 00000000 00:00 0 
7f6b246a8000-7f6b246aa000 r--s 0001b000 08:01 12984305                   /home/quadkastpc/.gradle/wrapper/dists/gradle-5.6.4-all/ankdp27end7byghfw1q2sw75f/gradle-5.6.4/lib/asm-7.1.jar
7f6b246aa000-7f6b246ac000 r--s 00009000 08:01 12984298                   /home/quadkastpc/.gradle/wrapper/dists/gradle-5.6.4-all/ankdp27end7byghfw1q2sw75f/gradle-5.6.4/lib/slf4j-api-1.7.25.jar
7f6b246ac000-7f6b246ad000 r--s 00004000 08:01 12984326                   /home/quadkastpc/.gradle/wrapper/dists/gradle-5.6.4-all/ankdp27end7byghfw1q2sw75f/gradle-5.6.4/lib/ant-launcher-1.9.14.jar
7f6b246ad000-7f6b246af000 r--s 00001000 08:01 12977364                   /home/quadkastpc/.gradle/wrapper/dists/gradle-5.6.4-all/ankdp27end7byghfw1q2sw75f/gradle-5.6.4/lib/gradle-bootstrap-5.6.4.jar
7f6b246af000-7f6b246b0000 rw-p 00000000 00:00 0 
7f6b246b0000-7f6b246b1000 ---p 00000000 00:00 0 
7f6b246b1000-7f6b246be000 r-xp 00000000 08:01 7996619                    /home/quadkastpc/Documents/android-studio/jre/jre/lib/amd64/libverify.so
7f6b246be000-7f6b246c0000 r--p 0000c000 08:01 7996619                    /home/quadkastpc/Documents/android-studio/jre/jre/lib/amd64/libverify.so
7f6b246c0000-7f6b246c1000 rw-p 0000e000 08:01 7996619                    /home/quadkastpc/Documents/android-studio/jre/jre/lib/amd64/libverify.so
7f6b246c1000-7f6b246c2000 r--p 00025000 08:01 3936716                    /lib/x86_64-linux-gnu/ld-2.23.so
7f6b246c2000-7f6b246c3000 rw-p 00026000 08:01 3936716                    /lib/x86_64-linux-gnu/ld-2.23.so
7f6b246c3000-7f6b246c4000 rw-p 00000000 00:00 0 
7ffc7e766000-7ffc7e787000 rw-p 00000000 00:00 0                          [stack]
7ffc7e78f000-7ffc7e792000 r--p 00000000 00:00 0                          [vvar]
7ffc7e792000-7ffc7e794000 r-xp 00000000 00:00 0                          [vdso]
ffffffffff600000-ffffffffff601000 r-xp 00000000 00:00 0                  [vsyscall]

VM Arguments:
jvm_args: -Xmx1536m -Dfile.encoding=UTF-8 -Duser.country=IN -Duser.language=en -Duser.variant 
java_command: org.gradle.launcher.daemon.bootstrap.GradleDaemon 5.6.4
java_class_path (initial): /home/quadkastpc/.gradle/wrapper/dists/gradle-5.6.4-all/ankdp27end7byghfw1q2sw75f/gradle-5.6.4/lib/gradle-launcher-5.6.4.jar
Launcher Type: SUN_STANDARD

Environment Variables:
PATH=/home/quadkastpc/bin:/home/quadkastpc/.local/bin:/usr/local/sbin:/usr/local/bin:/usr/sbin:/usr/bin:/sbin:/bin:/usr/games:/usr/local/games:/snap/bin
SHELL=/bin/bash
DISPLAY=:0

Signal Handlers:
SIGSEGV: [libjvm.so+0xa13c80], sa_mask[0]=11111111011111111101111111111110, sa_flags=SA_RESTART|SA_SIGINFO
SIGBUS: [libjvm.so+0xa13c80], sa_mask[0]=11111111011111111101111111111110, sa_flags=SA_RESTART|SA_SIGINFO
SIGFPE: [libjvm.so+0x874670], sa_mask[0]=11111111011111111101111111111110, sa_flags=SA_RESTART|SA_SIGINFO
SIGPIPE: [libjvm.so+0x874670], sa_mask[0]=11111111011111111101111111111110, sa_flags=SA_RESTART|SA_SIGINFO
SIGXFSZ: [libjvm.so+0x874670], sa_mask[0]=11111111011111111101111111111110, sa_flags=SA_RESTART|SA_SIGINFO
SIGILL: [libjvm.so+0x874670], sa_mask[0]=11111111011111111101111111111110, sa_flags=SA_RESTART|SA_SIGINFO
SIGUSR1: SIG_DFL, sa_mask[0]=00000000000000000000000000000000, sa_flags=none
SIGUSR2: [libjvm.so+0x874540], sa_mask[0]=00100000000000000000000000000000, sa_flags=SA_RESTART|SA_SIGINFO
SIGHUP: SIG_IGN, sa_mask[0]=00000000000000000000000000000000, sa_flags=none
SIGINT: [libjvm.so+0x874730], sa_mask[0]=11111111011111111101111111111110, sa_flags=SA_RESTART|SA_SIGINFO
SIGTERM: [libjvm.so+0x874730], sa_mask[0]=11111111011111111101111111111110, sa_flags=SA_RESTART|SA_SIGINFO
SIGQUIT: [libjvm.so+0x874730], sa_mask[0]=11111111011111111101111111111110, sa_flags=SA_RESTART|SA_SIGINFO


---------------  S Y S T E M  ---------------

OS:DISTRIB_ID=Ubuntu
DISTRIB_RELEASE=16.04
DISTRIB_CODENAME=xenial
DISTRIB_DESCRIPTION="Ubuntu 16.04.7 LTS"

uname:Linux 4.15.0-117-generic #118~16.04.1-Ubuntu SMP Sat Sep 5 23:35:06 UTC 2020 x86_64
libc:glibc 2.23 NPTL 2.23 
rlimit: STACK 8192k, CORE 0k, NPROC 30468, NOFILE 1048576, AS infinity
load average:2.61 7.45 6.93

/proc/meminfo:
MemTotal:        7860964 kB
MemFree:          101528 kB
MemAvailable:       3252 kB
Buffers:             780 kB
Cached:           459384 kB
SwapCached:         7504 kB
Active:          6647144 kB
Inactive:         854200 kB
Active(anon):    6640900 kB
Inactive(anon):   846516 kB
Active(file):       6244 kB
Inactive(file):     7684 kB
Unevictable:          96 kB
Mlocked:              96 kB
SwapTotal:        999420 kB
SwapFree:              0 kB
Dirty:               120 kB
Writeback:             0 kB
AnonPages:       7036672 kB
Mapped:           126336 kB
Shmem:            445736 kB
Slab:             116188 kB
SReclaimable:      60988 kB
SUnreclaim:        55200 kB
KernelStack:       14848 kB
PageTables:        69780 kB
NFS_Unstable:          0 kB
Bounce:                0 kB
WritebackTmp:          0 kB
CommitLimit:     4929900 kB
Committed_AS:   15580332 kB
VmallocTotal:   34359738367 kB
VmallocUsed:           0 kB
VmallocChunk:          0 kB
HardwareCorrupted:     0 kB
AnonHugePages:         0 kB
ShmemHugePages:        0 kB
ShmemPmdMapped:        0 kB
CmaTotal:              0 kB
CmaFree:               0 kB
HugePages_Total:       0
HugePages_Free:        0
HugePages_Rsvd:        0
HugePages_Surp:        0
Hugepagesize:       2048 kB
DirectMap4k:      457328 kB
DirectMap2M:     7620608 kB
DirectMap1G:           0 kB

container (cgroup) information:
container_type: cgroupv1
cpu_cpuset_cpus: 0-3
cpu_memory_nodes: 0
active_processor_count: 4
cpu_quota: -1
cpu_period: 100000
cpu_shares: -1
memory_limit_in_bytes: -1
memory_and_swap_limit_in_bytes: -2
memory_soft_limit_in_bytes: -1
memory_usage_in_bytes: 7679287296
memory_max_usage_in_bytes: 4120576


CPU:total 4 (initial active 4) (2 cores per cpu, 2 threads per core) family 6 model 61 stepping 4, cmov, cx8, fxsr, mmx, sse, sse2, sse3, ssse3, sse4.1, sse4.2, popcnt, avx, avx2, aes, clmul, erms, 3dnowpref, lzcnt, ht, tsc, tscinvbit, bmi1, bmi2, adx

/proc/cpuinfo:
processor	: 0
vendor_id	: GenuineIntel
cpu family	: 6
model		: 61
model name	: Intel(R) Core(TM) i5-5200U CPU @ 2.20GHz
stepping	: 4
microcode	: 0x2f
cpu MHz		: 2494.212
cache size	: 3072 KB
physical id	: 0
siblings	: 4
core id		: 0
cpu cores	: 2
apicid		: 0
initial apicid	: 0
fpu		: yes
fpu_exception	: yes
cpuid level	: 20
wp		: yes
flags		: fpu vme de pse tsc msr pae mce cx8 apic sep mtrr pge mca cmov pat pse36 clflush dts acpi mmx fxsr sse sse2 ss ht tm pbe syscall nx pdpe1gb rdtscp lm constant_tsc arch_perfmon pebs bts rep_good nopl xtopology nonstop_tsc cpuid aperfmperf pni pclmulqdq dtes64 monitor ds_cpl vmx est tm2 ssse3 sdbg fma cx16 xtpr pdcm pcid sse4_1 sse4_2 x2apic movbe popcnt tsc_deadline_timer aes xsave avx f16c rdrand lahf_lm abm 3dnowprefetch cpuid_fault epb invpcid_single pti ssbd ibrs ibpb stibp tpr_shadow vnmi flexpriority ept vpid fsgsbase tsc_adjust bmi1 avx2 smep bmi2 erms invpcid rdseed adx smap intel_pt xsaveopt dtherm ida arat pln pts md_clear flush_l1d
bugs		: cpu_meltdown spectre_v1 spectre_v2 spec_store_bypass l1tf mds swapgs itlb_multihit srbds
bogomips	: 4389.79
clflush size	: 64
cache_alignment	: 64
address sizes	: 39 bits physical, 48 bits virtual
power management:

processor	: 1
vendor_id	: GenuineIntel
cpu family	: 6
model		: 61
model name	: Intel(R) Core(TM) i5-5200U CPU @ 2.20GHz
stepping	: 4
microcode	: 0x2f
cpu MHz		: 2494.211
cache size	: 3072 KB
physical id	: 0
siblings	: 4
core id		: 0
cpu cores	: 2
apicid		: 1
initial apicid	: 1
fpu		: yes
fpu_exception	: yes
cpuid level	: 20
wp		: yes
flags		: fpu vme de pse tsc msr pae mce cx8 apic sep mtrr pge mca cmov pat pse36 clflush dts acpi mmx fxsr sse sse2 ss ht tm pbe syscall nx pdpe1gb rdtscp lm constant_tsc arch_perfmon pebs bts rep_good nopl xtopology nonstop_tsc cpuid aperfmperf pni pclmulqdq dtes64 monitor ds_cpl vmx est tm2 ssse3 sdbg fma cx16 xtpr pdcm pcid sse4_1 sse4_2 x2apic movbe popcnt tsc_deadline_timer aes xsave avx f16c rdrand lahf_lm abm 3dnowprefetch cpuid_fault epb invpcid_single pti ssbd ibrs ibpb stibp tpr_shadow vnmi flexpriority ept vpid fsgsbase tsc_adjust bmi1 avx2 smep bmi2 erms invpcid rdseed adx smap intel_pt xsaveopt dtherm ida arat pln pts md_clear flush_l1d
bugs		: cpu_meltdown spectre_v1 spectre_v2 spec_store_bypass l1tf mds swapgs itlb_multihit srbds
bogomips	: 4389.79
clflush size	: 64
cache_alignment	: 64
address sizes	: 39 bits physical, 48 bits virtual
power management:

processor	: 2
vendor_id	: GenuineIntel
cpu family	: 6
model		: 61
model name	: Intel(R) Core(TM) i5-5200U CPU @ 2.20GHz
stepping	: 4
microcode	: 0x2f
cpu MHz		: 2494.199
cache size	: 3072 KB
physical id	: 0
siblings	: 4
core id		: 1
cpu cores	: 2
apicid		: 2
initial apicid	: 2
fpu		: yes
fpu_exception	: yes
cpuid level	: 20
wp		: yes
flags		: fpu vme de pse tsc msr pae mce cx8 apic sep mtrr pge mca cmov pat pse36 clflush dts acpi mmx fxsr sse sse2 ss ht tm pbe syscall nx pdpe1gb rdtscp lm constant_tsc arch_perfmon pebs bts rep_good nopl xtopology nonstop_tsc cpuid aperfmperf pni pclmulqdq dtes64 monitor ds_cpl vmx est tm2 ssse3 sdbg fma cx16 xtpr pdcm pcid sse4_1 sse4_2 x2apic movbe popcnt tsc_deadline_timer aes xsave avx f16c rdrand lahf_lm abm 3dnowprefetch cpuid_fault epb invpcid_single pti ssbd ibrs ibpb stibp tpr_shadow vnmi flexpriority ept vpid fsgsbase tsc_adjust bmi1 avx2 smep bmi2 erms invpcid rdseed adx smap intel_pt xsaveopt dtherm ida arat pln pts md_clear flush_l1d
bugs		: cpu_meltdown spectre_v1 spectre_v2 spec_store_bypass l1tf mds swapgs itlb_multihit srbds
bogomips	: 4389.79
clflush size	: 64
cache_alignment	: 64
address sizes	: 39 bits physical, 48 bits virtual
power management:

processor	: 3
vendor_id	: GenuineIntel
cpu family	: 6
model		: 61
model name	: Intel(R) Core(TM) i5-5200U CPU @ 2.20GHz
stepping	: 4
microcode	: 0x2f
cpu MHz		: 2494.192
cache size	: 3072 KB
physical id	: 0
siblings	: 4
core id		: 1
cpu cores	: 2
apicid		: 3
initial apicid	: 3
fpu		: yes
fpu_exception	: yes
cpuid level	: 20
wp		: yes
flags		: fpu vme de pse tsc msr pae mce cx8 apic sep mtrr pge mca cmov pat pse36 clflush dts acpi mmx fxsr sse sse2 ss ht tm pbe syscall nx pdpe1gb rdtscp lm constant_tsc arch_perfmon pebs bts rep_good nopl xtopology nonstop_tsc cpuid aperfmperf pni pclmulqdq dtes64 monitor ds_cpl vmx est tm2 ssse3 sdbg fma cx16 xtpr pdcm pcid sse4_1 sse4_2 x2apic movbe popcnt tsc_deadline_timer aes xsave avx f16c rdrand lahf_lm abm 3dnowprefetch cpuid_fault epb invpcid_single pti ssbd ibrs ibpb stibp tpr_shadow vnmi flexpriority ept vpid fsgsbase tsc_adjust bmi1 avx2 smep bmi2 erms invpcid rdseed adx smap intel_pt xsaveopt dtherm ida arat pln pts md_clear flush_l1d
bugs		: cpu_meltdown spectre_v1 spectre_v2 spec_store_bypass l1tf mds swapgs itlb_multihit srbds
bogomips	: 4389.79
clflush size	: 64
cache_alignment	: 64
address sizes	: 39 bits physical, 48 bits virtual
power management:



Memory: 4k page, physical 7860964k(103504k free), swap 999420k(0k free)

vm_info: OpenJDK 64-Bit Server VM (25.242-b3-6222593) for linux-amd64 JRE (1.8.0_242-release-1644-b3-6222593), built by "android-build" with gcc 4.8

time: Mon Sep 21 22:19:35 2020
timezone: IST
elapsed time: 4 seconds (0d 0h 0m 4s)

