#
# There is insufficient memory for the Java Runtime Environment to continue.
# Native memory allocation (mmap) failed to map 78643200 bytes for committing reserved memory.
# Possible reasons:
#   The system is out of physical RAM or swap space
#   The process is running with CompressedOops enabled, and the Java Heap may be blocking the growth of the native heap
# Possible solutions:
#   Reduce memory load on the system
#   Increase physical memory or swap space
#   Check if swap backing store is full
#   Decrease Java heap size (-Xmx/-Xms)
#   Decrease number of Java threads
#   Decrease Java thread stack sizes (-Xss)
#   Set larger code cache with -XX:ReservedCodeCacheSize=
#   JVM is running with Unscaled Compressed Oops mode in which the Java heap is
#     placed in the first 4GB address space. The Java Heap base address is the
#     maximum limit for the native heap growth. Please use -XX:HeapBaseMinAddress
#     to set the Java Heap base and to place the Java Heap above 4GB virtual address.
# This output file may be truncated or incomplete.
#
#  Out of Memory Error (os_linux.cpp:2754), pid=19500, tid=0x00007fa00d9f9700
#
# JRE version: OpenJDK Runtime Environment (8.0_242) (build 1.8.0_242-release-1644-b3-6222593)
# Java VM: OpenJDK 64-Bit Server VM (25.242-b3-6222593 mixed mode linux-amd64 compressed oops)
# Failed to write core dump. Core dumps have been disabled. To enable core dumping, try "ulimit -c unlimited" before starting Java again
#

---------------  T H R E A D  ---------------

Current thread (0x00007fa020078800):  VMThread [stack: 0x00007fa00d8f9000,0x00007fa00d9fa000] [id=19508]

Stack: [0x00007fa00d8f9000,0x00007fa00d9fa000],  sp=0x00007fa00d9f84c0,  free space=1021k
Native frames: (J=compiled Java code, j=interpreted, Vv=VM code, C=native code)
V  [libjvm.so+0xa1317d]  VMError::report_and_die()+0x15d
V  [libjvm.so+0x4d7bca]  report_vm_out_of_memory(char const*, int, unsigned long, VMErrorType, char const*)+0x8a
V  [libjvm.so+0x878fb8]  os::pd_commit_memory(char*, unsigned long, unsigned long, bool)+0xd8
V  [libjvm.so+0x87088f]  os::commit_memory(char*, unsigned long, unsigned long, bool)+0x1f
V  [libjvm.so+0x8ea5fb]  PSVirtualSpace::expand_by(unsigned long)+0x5b
V  [libjvm.so+0x8eb250]  PSYoungGen::resize_generation(unsigned long, unsigned long)+0xb0
V  [libjvm.so+0x8eb56b]  PSYoungGen::resize(unsigned long, unsigned long)+0x1b
V  [libjvm.so+0x8e7cc8]  PSScavenge::invoke_no_policy()+0xdb8
V  [libjvm.so+0x8e8458]  PSScavenge::invoke()+0x38
V  [libjvm.so+0x89c9e3]  ParallelScavengeHeap::failed_mem_allocate(unsigned long)+0x63
V  [libjvm.so+0xa14d24]  VM_ParallelGCFailedAllocation::doit()+0x84
V  [libjvm.so+0xa191b7]  VM_Operation::evaluate()+0x47
V  [libjvm.so+0xa17b98]  VMThread::evaluate_operation(VM_Operation*)+0x218
V  [libjvm.so+0xa17ff9]  VMThread::loop()+0x219
V  [libjvm.so+0xa18453]  VMThread::run()+0x83
V  [libjvm.so+0x8760c2]  java_start(Thread*)+0xf2

VM_Operation (0x00007f9fd44a0960): ParallelGCFailedAllocation, mode: safepoint, requested by thread 0x00007f9fc000a800


---------------  P R O C E S S  ---------------

Java Threads: ( => current thread )
  0x00007f9fbca17000 JavaThread "Cache worker for file hash cache (/home/quadkastpc/Documents/Workspace/Andriod Projects/FCM-Sender-Kotlin/.gradle/5.6.4/fileHashes)" [_thread_blocked, id=19537, stack(0x00007f9faf9fc000,0x00007f9fafafd000)]
  0x00007f9fbc128000 JavaThread "Cache worker for journal cache (/home/quadkastpc/.gradle/caches/journal-1)" [_thread_blocked, id=19536, stack(0x00007f9fafcfd000,0x00007f9fafdfe000)]
  0x00007f9fbc125800 JavaThread "File lock request listener" [_thread_in_native, id=19535, stack(0x00007f9fafdfe000,0x00007f9fafeff000)]
  0x00007f9fbc11f800 JavaThread "Cache worker for file hash cache (/home/quadkastpc/.gradle/caches/5.6.4/fileHashes)" [_thread_blocked, id=19534, stack(0x00007f9fafeff000,0x00007f9fb0000000)]
  0x00007f9fbc011800 JavaThread "Thread-9" [_thread_blocked, id=19533, stack(0x00007f9fd40a5000,0x00007f9fd41a6000)]
  0x00007f9fbc00b000 JavaThread "Stdin handler" [_thread_blocked, id=19532, stack(0x00007f9fd41a6000,0x00007f9fd42a7000)]
  0x00007f9fbc009000 JavaThread "Asynchronous log dispatcher for DefaultDaemonConnection: socket connection from /127.0.0.1:39601 to /127.0.0.1:51946" [_thread_blocked, id=19531, stack(0x00007f9fd42a7000,0x00007f9fd43a8000)]
  0x00007f9fc000a800 JavaThread "Daemon worker" [_thread_blocked, id=19528, stack(0x00007f9fd43a8000,0x00007f9fd44a9000)]
  0x00007f9fc0008800 JavaThread "Cancel handler" [_thread_blocked, id=19527, stack(0x00007f9fd44a9000,0x00007f9fd45aa000)]
  0x00007f9fc0003800 JavaThread "Handler for socket connection from /127.0.0.1:39601 to /127.0.0.1:51946" [_thread_in_native, id=19526, stack(0x00007f9fd47aa000,0x00007f9fd48ab000)]
  0x00007f9fc802b000 JavaThread "Daemon" [_thread_blocked, id=19525, stack(0x00007f9fd48ab000,0x00007f9fd49ac000)]
  0x00007fa020248800 JavaThread "Daemon periodic checks" [_thread_blocked, id=19524, stack(0x00007f9fd49ac000,0x00007f9fd4aad000)]
  0x00007fa0202cd800 JavaThread "Incoming local TCP Connector on port 39601" [_thread_in_native, id=19523, stack(0x00007f9fd4ab4000,0x00007f9fd4bb5000)]
  0x00007fa0202c6000 JavaThread "Daemon health stats" [_thread_blocked, id=19522, stack(0x00007f9fd4dba000,0x00007f9fd4ebb000)]
  0x00007fa0200c9000 JavaThread "Service Thread" daemon [_thread_blocked, id=19515, stack(0x00007fa00cf1a000,0x00007fa00d01b000)]
  0x00007fa0200bd800 JavaThread "C1 CompilerThread2" daemon [_thread_blocked, id=19514, stack(0x00007fa00d01b000,0x00007fa00d11c000)]
  0x00007fa0200bc000 JavaThread "C2 CompilerThread1" daemon [_thread_blocked, id=19513, stack(0x00007fa00d11c000,0x00007fa00d21d000)]
  0x00007fa0200b9000 JavaThread "C2 CompilerThread0" daemon [_thread_blocked, id=19512, stack(0x00007fa00d21d000,0x00007fa00d31e000)]
  0x00007fa0200b7800 JavaThread "Signal Dispatcher" daemon [_thread_blocked, id=19511, stack(0x00007fa00d31e000,0x00007fa00d41f000)]
  0x00007fa020087000 JavaThread "Finalizer" daemon [_thread_blocked, id=19510, stack(0x00007fa00d6f7000,0x00007fa00d7f8000)]
  0x00007fa020082000 JavaThread "Reference Handler" daemon [_thread_blocked, id=19509, stack(0x00007fa00d7f8000,0x00007fa00d8f9000)]
  0x00007fa02000b000 JavaThread "main" [_thread_blocked, id=19503, stack(0x00007fa02880f000,0x00007fa028910000)]

Other Threads:
=>0x00007fa020078800 VMThread [stack: 0x00007fa00d8f9000,0x00007fa00d9fa000] [id=19508]
  0x00007fa0200cb800 WatcherThread [stack: 0x00007fa00ce19000,0x00007fa00cf1a000] [id=19516]

VM state:at safepoint (normal execution)

VM Mutex/Monitor currently owned by a thread:  ([mutex/lock_event])
[0x00007fa0200072f0] Threads_lock - owner thread: 0x00007fa020078800
[0x00007fa0200077f0] Heap_lock - owner thread: 0x00007f9fc000a800

heap address: 0x00000000a0000000, size: 1536 MB, Compressed Oops mode: 32-bit
Narrow klass base: 0x0000000000000000, Narrow klass shift: 3
Compressed class space size: 1073741824 Address: 0x0000000100000000

Heap:
 PSYoungGen      total 66560K, used 5104K [0x00000000e0000000, 0x00000000e4600000, 0x0000000100000000)
  eden space 61440K, 0% used [0x00000000e0000000,0x00000000e0000000,0x00000000e3c00000)
  from space 5120K, 99% used [0x00000000e3c00000,0x00000000e40fc050,0x00000000e4100000)
  to   space 5120K, 0% used [0x00000000e4100000,0x00000000e4100000,0x00000000e4600000)
 ParOldGen       total 81920K, used 10572K [0x00000000a0000000, 0x00000000a5000000, 0x00000000e0000000)
  object space 81920K, 12% used [0x00000000a0000000,0x00000000a0a53130,0x00000000a5000000)
 Metaspace       used 19916K, capacity 20456K, committed 20864K, reserved 1067008K
  class space    used 2902K, capacity 3076K, committed 3200K, reserved 1048576K

Card table byte_map: [0x00007fa025de0000,0x00007fa0260e1000] byte_map_base: 0x00007fa0258e0000

Marking Bits: (ParMarkBitMap*) 0x00007fa027f077e0
 Begin Bits: [0x00007fa00e000000, 0x00007fa00f800000)
 End Bits:   [0x00007fa00f800000, 0x00007fa011000000)

Polling page: 0x00007fa028935000

CodeCache: size=245760Kb used=5889Kb max_used=5903Kb free=239870Kb
 bounds [0x00007fa011000000, 0x00007fa0115d0000, 0x00007fa020000000]
 total_blobs=2144 nmethods=1739 adapters=319
 compilation: enabled

Compilation events (10 events):
Event: 5.096 Thread 0x00007fa0200bc000 nmethod 1736 0x00007fa011580610 code [0x00007fa011580740, 0x00007fa011580798]
Event: 5.096 Thread 0x00007fa0200bc000 1737       4       sun.security.provider.MD5::II (31 bytes)
Event: 5.096 Thread 0x00007fa0200bc000 nmethod 1737 0x00007fa01159af90 code [0x00007fa01159b0c0, 0x00007fa01159b138]
Event: 5.101 Thread 0x00007fa0200b9000 nmethod 1729 0x00007fa0115c38d0 code [0x00007fa0115c3ae0, 0x00007fa0115c4b30]
Event: 5.110 Thread 0x00007fa0200bc000 1738   !   4       java.util.zip.ZipFile$ZipFileInflaterInputStream::close (67 bytes)
Event: 5.123 Thread 0x00007fa0200bd800 1739       3       com.google.common.base.Equivalence::hash (12 bytes)
Event: 5.126 Thread 0x00007fa0200bd800 nmethod 1739 0x00007fa0115bc090 code [0x00007fa0115bc200, 0x00007fa0115bc468]
Event: 5.131 Thread 0x00007fa0200bc000 nmethod 1738 0x00007fa0115c5510 code [0x00007fa0115c5720, 0x00007fa0115c66e0]
Event: 5.132 Thread 0x00007fa0200bd800 1740       3       java.lang.Class::arrayContentsEq (70 bytes)
Event: 5.132 Thread 0x00007fa0200bd800 nmethod 1740 0x00007fa0115bb950 code [0x00007fa0115bbae0, 0x00007fa0115bbf10]

GC Heap History (9 events):
Event: 0.902 GC heap before
{Heap before GC invocations=1 (full 0):
 PSYoungGen      total 35840K, used 30720K [0x00000000e0000000, 0x00000000e2800000, 0x0000000100000000)
  eden space 30720K, 100% used [0x00000000e0000000,0x00000000e1e00000,0x00000000e1e00000)
  from space 5120K, 0% used [0x00000000e2300000,0x00000000e2300000,0x00000000e2800000)
  to   space 5120K, 0% used [0x00000000e1e00000,0x00000000e1e00000,0x00000000e2300000)
 ParOldGen       total 81920K, used 0K [0x00000000a0000000, 0x00000000a5000000, 0x00000000e0000000)
  object space 81920K, 0% used [0x00000000a0000000,0x00000000a0000000,0x00000000a5000000)
 Metaspace       used 7038K, capacity 7268K, committed 7424K, reserved 1056768K
  class space    used 862K, capacity 940K, committed 1024K, reserved 1048576K
Event: 0.911 GC heap after
Heap after GC invocations=1 (full 0):
 PSYoungGen      total 35840K, used 4183K [0x00000000e0000000, 0x00000000e2800000, 0x0000000100000000)
  eden space 30720K, 0% used [0x00000000e0000000,0x00000000e0000000,0x00000000e1e00000)
  from space 5120K, 81% used [0x00000000e1e00000,0x00000000e2215f50,0x00000000e2300000)
  to   space 5120K, 0% used [0x00000000e2300000,0x00000000e2300000,0x00000000e2800000)
 ParOldGen       total 81920K, used 8K [0x00000000a0000000, 0x00000000a5000000, 0x00000000e0000000)
  object space 81920K, 0% used [0x00000000a0000000,0x00000000a0002000,0x00000000a5000000)
 Metaspace       used 7038K, capacity 7268K, committed 7424K, reserved 1056768K
  class space    used 862K, capacity 940K, committed 1024K, reserved 1048576K
}
Event: 1.296 GC heap before
{Heap before GC invocations=2 (full 0):
 PSYoungGen      total 35840K, used 34903K [0x00000000e0000000, 0x00000000e2800000, 0x0000000100000000)
  eden space 30720K, 100% used [0x00000000e0000000,0x00000000e1e00000,0x00000000e1e00000)
  from space 5120K, 81% used [0x00000000e1e00000,0x00000000e2215f50,0x00000000e2300000)
  to   space 5120K, 0% used [0x00000000e2300000,0x00000000e2300000,0x00000000e2800000)
 ParOldGen       total 81920K, used 8K [0x00000000a0000000, 0x00000000a5000000, 0x00000000e0000000)
  object space 81920K, 0% used [0x00000000a0000000,0x00000000a0002000,0x00000000a5000000)
 Metaspace       used 7535K, capacity 7742K, committed 7936K, reserved 1056768K
  class space    used 946K, capacity 1013K, committed 1024K, reserved 1048576K
Event: 1.301 GC heap after
Heap after GC invocations=2 (full 0):
 PSYoungGen      total 35840K, used 3617K [0x00000000e0000000, 0x00000000e4600000, 0x0000000100000000)
  eden space 30720K, 0% used [0x00000000e0000000,0x00000000e0000000,0x00000000e1e00000)
  from space 5120K, 70% used [0x00000000e2300000,0x00000000e2688510,0x00000000e2800000)
  to   space 5120K, 0% used [0x00000000e1e00000,0x00000000e1e00000,0x00000000e2300000)
 ParOldGen       total 81920K, used 16K [0x00000000a0000000, 0x00000000a5000000, 0x00000000e0000000)
  object space 81920K, 0% used [0x00000000a0000000,0x00000000a0004000,0x00000000a5000000)
 Metaspace       used 7535K, capacity 7742K, committed 7936K, reserved 1056768K
  class space    used 946K, capacity 1013K, committed 1024K, reserved 1048576K
}
Event: 1.925 GC heap before
{Heap before GC invocations=3 (full 0):
 PSYoungGen      total 35840K, used 34337K [0x00000000e0000000, 0x00000000e4600000, 0x0000000100000000)
  eden space 30720K, 100% used [0x00000000e0000000,0x00000000e1e00000,0x00000000e1e00000)
  from space 5120K, 70% used [0x00000000e2300000,0x00000000e2688510,0x00000000e2800000)
  to   space 5120K, 0% used [0x00000000e1e00000,0x00000000e1e00000,0x00000000e2300000)
 ParOldGen       total 81920K, used 16K [0x00000000a0000000, 0x00000000a5000000, 0x00000000e0000000)
  object space 81920K, 0% used [0x00000000a0000000,0x00000000a0004000,0x00000000a5000000)
 Metaspace       used 12212K, capacity 12628K, committed 12928K, reserved 1060864K
  class space    used 1660K, capacity 1804K, committed 1920K, reserved 1048576K
Event: 1.935 GC heap after
Heap after GC invocations=3 (full 0):
 PSYoungGen      total 35840K, used 5088K [0x00000000e0000000, 0x00000000e4600000, 0x0000000100000000)
  eden space 30720K, 0% used [0x00000000e0000000,0x00000000e0000000,0x00000000e1e00000)
  from space 5120K, 99% used [0x00000000e1e00000,0x00000000e22f8030,0x00000000e2300000)
  to   space 5120K, 0% used [0x00000000e4100000,0x00000000e4100000,0x00000000e4600000)
 ParOldGen       total 81920K, used 1318K [0x00000000a0000000, 0x00000000a5000000, 0x00000000e0000000)
  object space 81920K, 1% used [0x00000000a0000000,0x00000000a0149a68,0x00000000a5000000)
 Metaspace       used 12212K, capacity 12628K, committed 12928K, reserved 1060864K
  class space    used 1660K, capacity 1804K, committed 1920K, reserved 1048576K
}
Event: 2.286 GC heap before
{Heap before GC invocations=4 (full 0):
 PSYoungGen      total 35840K, used 35808K [0x00000000e0000000, 0x00000000e4600000, 0x0000000100000000)
  eden space 30720K, 100% used [0x00000000e0000000,0x00000000e1e00000,0x00000000e1e00000)
  from space 5120K, 99% used [0x00000000e1e00000,0x00000000e22f8030,0x00000000e2300000)
  to   space 5120K, 0% used [0x00000000e4100000,0x00000000e4100000,0x00000000e4600000)
 ParOldGen       total 81920K, used 1318K [0x00000000a0000000, 0x00000000a5000000, 0x00000000e0000000)
  object space 81920K, 1% used [0x00000000a0000000,0x00000000a0149a68,0x00000000a5000000)
 Metaspace       used 14451K, capacity 14884K, committed 15232K, reserved 1062912K
  class space    used 2031K, capacity 2130K, committed 2176K, reserved 1048576K
Event: 2.299 GC heap after
Heap after GC invocations=4 (full 0):
 PSYoungGen      total 66560K, used 5104K [0x00000000e0000000, 0x00000000e4600000, 0x0000000100000000)
  eden space 61440K, 0% used [0x00000000e0000000,0x00000000e0000000,0x00000000e3c00000)
  from space 5120K, 99% used [0x00000000e4100000,0x00000000e45fc2f8,0x00000000e4600000)
  to   space 5120K, 0% used [0x00000000e3c00000,0x00000000e3c00000,0x00000000e4100000)
 ParOldGen       total 81920K, used 3471K [0x00000000a0000000, 0x00000000a5000000, 0x00000000e0000000)
  object space 81920K, 4% used [0x00000000a0000000,0x00000000a0363ca8,0x00000000a5000000)
 Metaspace       used 14451K, capacity 14884K, committed 15232K, reserved 1062912K
  class space    used 2031K, capacity 2130K, committed 2176K, reserved 1048576K
}
Event: 5.150 GC heap before
{Heap before GC invocations=5 (full 0):
 PSYoungGen      total 66560K, used 66544K [0x00000000e0000000, 0x00000000e4600000, 0x0000000100000000)
  eden space 61440K, 100% used [0x00000000e0000000,0x00000000e3c00000,0x00000000e3c00000)
  from space 5120K, 99% used [0x00000000e4100000,0x00000000e45fc2f8,0x00000000e4600000)
  to   space 5120K, 0% used [0x00000000e3c00000,0x00000000e3c00000,0x00000000e4100000)
 ParOldGen       total 81920K, used 3471K [0x00000000a0000000, 0x00000000a5000000, 0x00000000e0000000)
  object space 81920K, 4% used [0x00000000a0000000,0x00000000a0363ca8,0x00000000a5000000)
 Metaspace       used 19916K, capacity 20456K, committed 20864K, reserved 1067008K
  class space    used 2902K, capacity 3076K, committed 3200K, reserved 1048576K

Deoptimization events (10 events):
Event: 2.619 Thread 0x00007f9fc000a800 Uncommon trap: reason=unstable_if action=reinterpret pc=0x00007fa011413ad0 method=java.util.HashMap.putVal(ILjava/lang/Object;Ljava/lang/Object;ZZ)Ljava/lang/Object; @ 236
Event: 3.336 Thread 0x00007f9fc000a800 Uncommon trap: reason=unstable_if action=reinterpret pc=0x00007fa0112a1864 method=java.io.File.getName()Ljava/lang/String; @ 16
Event: 3.488 Thread 0x00007f9fc000a800 Uncommon trap: reason=bimorphic action=maybe_recompile pc=0x00007fa0114580cc method=java.lang.ClassLoader.loadClass(Ljava/lang/String;Z)Ljava/lang/Class; @ 38
Event: 3.494 Thread 0x00007f9fc000a800 Uncommon trap: reason=bimorphic action=maybe_recompile pc=0x00007fa0114e9b8c method=java.lang.ClassLoader.getPackage(Ljava/lang/String;)Ljava/lang/Package; @ 47
Event: 3.495 Thread 0x00007f9fc000a800 Uncommon trap: reason=bimorphic action=maybe_recompile pc=0x00007fa0114580cc method=java.lang.ClassLoader.loadClass(Ljava/lang/String;Z)Ljava/lang/Class; @ 38
Event: 3.499 Thread 0x00007f9fc000a800 Uncommon trap: reason=bimorphic action=maybe_recompile pc=0x00007fa0114580cc method=java.lang.ClassLoader.loadClass(Ljava/lang/String;Z)Ljava/lang/Class; @ 38
Event: 3.499 Thread 0x00007f9fc000a800 Uncommon trap: reason=bimorphic action=maybe_recompile pc=0x00007fa0114580cc method=java.lang.ClassLoader.loadClass(Ljava/lang/String;Z)Ljava/lang/Class; @ 38
Event: 3.502 Thread 0x00007f9fc000a800 Uncommon trap: reason=unstable_if action=reinterpret pc=0x00007fa0114e9664 method=java.net.URLClassLoader.getAndVerifyPackage(Ljava/lang/String;Ljava/util/jar/Manifest;Ljava/net/URL;)Ljava/lang/Package; @ 62
Event: 3.503 Thread 0x00007f9fc000a800 Uncommon trap: reason=bimorphic action=maybe_recompile pc=0x00007fa01153a8b8 method=java.lang.ClassLoader.getPackage(Ljava/lang/String;)Ljava/lang/Package; @ 47
Event: 3.504 Thread 0x00007f9fc000a800 Uncommon trap: reason=unstable_if action=reinterpret pc=0x00007fa01153a564 method=java.net.URLClassLoader.getAndVerifyPackage(Ljava/lang/String;Ljava/util/jar/Manifest;Ljava/net/URL;)Ljava/lang/Package; @ 62

Classes redefined (0 events):
No events

Internal exceptions (10 events):
Event: 3.609 Thread 0x00007f9fc000a800 Exception <a 'java/lang/NoSuchMethodError': <clinit>> (0x00000000e2f76680) thrown at [/buildbot/src/googleplex-android/openjdk/out/hotspot/src/share/vm/prims/jni.cpp, line 1615]
Event: 3.610 Thread 0x00007f9fc000a800 Exception <a 'java/lang/NoSuchMethodError': <clinit>> (0x00000000e2f80aa8) thrown at [/buildbot/src/googleplex-android/openjdk/out/hotspot/src/share/vm/prims/jni.cpp, line 1615]
Event: 3.612 Thread 0x00007f9fc000a800 Exception <a 'java/lang/NoSuchMethodError': <clinit>> (0x00000000e2f8a2d8) thrown at [/buildbot/src/googleplex-android/openjdk/out/hotspot/src/share/vm/prims/jni.cpp, line 1615]
Event: 3.624 Thread 0x00007f9fc000a800 Exception <a 'java/lang/NoSuchMethodError': <clinit>> (0x00000000e305dde0) thrown at [/buildbot/src/googleplex-android/openjdk/out/hotspot/src/share/vm/prims/jni.cpp, line 1615]
Event: 3.624 Thread 0x00007f9fc000a800 Exception <a 'java/lang/NoSuchMethodError': <clinit>> (0x00000000e3061e88) thrown at [/buildbot/src/googleplex-android/openjdk/out/hotspot/src/share/vm/prims/jni.cpp, line 1615]
Event: 3.624 Thread 0x00007f9fc000a800 Exception <a 'java/lang/NoSuchMethodError': <clinit>> (0x00000000e30637c0) thrown at [/buildbot/src/googleplex-android/openjdk/out/hotspot/src/share/vm/prims/jni.cpp, line 1615]
Event: 3.625 Thread 0x00007f9fc000a800 Exception <a 'java/lang/NoSuchMethodError': <clinit>> (0x00000000e3064e58) thrown at [/buildbot/src/googleplex-android/openjdk/out/hotspot/src/share/vm/prims/jni.cpp, line 1615]
Event: 3.625 Thread 0x00007f9fc000a800 Exception <a 'java/lang/NoSuchMethodError': <clinit>> (0x00000000e3066740) thrown at [/buildbot/src/googleplex-android/openjdk/out/hotspot/src/share/vm/prims/jni.cpp, line 1615]
Event: 3.625 Thread 0x00007f9fc000a800 Exception <a 'java/lang/NoSuchMethodError': <clinit>> (0x00000000e3067cf0) thrown at [/buildbot/src/googleplex-android/openjdk/out/hotspot/src/share/vm/prims/jni.cpp, line 1615]
Event: 3.625 Thread 0x00007f9fc000a800 Exception <a 'java/lang/NoSuchMethodError': <clinit>> (0x00000000e3069140) thrown at [/buildbot/src/googleplex-android/openjdk/out/hotspot/src/share/vm/prims/jni.cpp, line 1615]

Events (10 events):
Event: 5.134 loading class java/math/MutableBigInteger done
Event: 5.143 loading class com/google/common/io/ByteStreams
Event: 5.143 loading class com/google/common/io/ByteStreams done
Event: 5.145 loading class com/google/common/io/ByteArrayDataInput
Event: 5.145 loading class com/google/common/io/ByteArrayDataInput done
Event: 5.146 loading class com/google/common/io/ByteArrayDataOutput
Event: 5.146 loading class com/google/common/io/ByteArrayDataOutput done
Event: 5.146 loading class com/google/common/io/ByteStreams$1
Event: 5.146 loading class com/google/common/io/ByteStreams$1 done
Event: 5.149 Executing VM operation: ParallelGCFailedAllocation


Dynamic libraries:
00400000-00401000 r-xp 00000000 08:01 7996534                            /home/quadkastpc/Documents/android-studio/jre/bin/java
00401000-00402000 r--p 00000000 08:01 7996534                            /home/quadkastpc/Documents/android-studio/jre/bin/java
00402000-00403000 rw-p 00001000 08:01 7996534                            /home/quadkastpc/Documents/android-studio/jre/bin/java
01a2e000-01a4f000 rw-p 00000000 00:00 0                                  [heap]
a0000000-a5000000 rw-p 00000000 00:00 0 
a5000000-e0000000 ---p 00000000 00:00 0 
e0000000-e4600000 rw-p 00000000 00:00 0 
e9100000-100000000 ---p 00000000 00:00 0 
100000000-100320000 rw-p 00000000 00:00 0 
100320000-140000000 ---p 00000000 00:00 0 
7f9f94000000-7f9f94021000 rw-p 00000000 00:00 0 
7f9f94021000-7f9f98000000 ---p 00000000 00:00 0 
7f9f9c000000-7f9f9c021000 rw-p 00000000 00:00 0 
7f9f9c021000-7f9fa0000000 ---p 00000000 00:00 0 
7f9fa0000000-7f9fa0021000 rw-p 00000000 00:00 0 
7f9fa0021000-7f9fa4000000 ---p 00000000 00:00 0 
7f9fa4000000-7f9fa4021000 rw-p 00000000 00:00 0 
7f9fa4021000-7f9fa8000000 ---p 00000000 00:00 0 
7f9fa8000000-7f9fa8021000 rw-p 00000000 00:00 0 
7f9fa8021000-7f9fac000000 ---p 00000000 00:00 0 
7f9faed92000-7f9faf0cd000 r--s 04057000 08:01 10761672                   /home/quadkastpc/.gradle/caches/jars-3/d191991b3cd94ca8451af1b567140eb8/android.jar
7f9faf0cd000-7f9faf20d000 rw-p 00000000 00:00 0 
7f9faf20d000-7f9faf2cd000 ---p 00000000 00:00 0 
7f9faf2cd000-7f9faf584000 r--s 01c2b000 08:01 8004561                    /home/quadkastpc/.gradle/caches/jars-3/e22071f0f647bfca187dcad0e9b116ad/gradle-api-impldep-5.2.1-sp1.jar
7f9faf584000-7f9faf6ed000 r--s 00c5e000 08:01 7872607                    /home/quadkastpc/.gradle/caches/jars-3/e7cf29ee4e9099e5a486424dcaa09cdf/gradle-api-5.2.1-sp1.jar
7f9faf6ed000-7f9faf8ed000 rw-p 00000000 00:00 0 
7f9faf9a5000-7f9faf9a7000 r--s 00000000 08:01 8127455                    /home/quadkastpc/.gradle/caches/jars-3/c652b378e165d2dbc2f5847d4fc08b4b/idea-gradle-tooling-api.jar
7f9faf9a7000-7f9faf9bb000 r--s 0013d000 08:01 7996869                    /home/quadkastpc/.gradle/caches/jars-3/d1ab99c475b94d1d9aa4be806ce14b44/kotlin-stdlib-1.3.72.jar
7f9faf9bb000-7f9faf9d0000 r--s 00157000 08:01 8127453                    /home/quadkastpc/.gradle/caches/jars-3/7fc840c8fa8837d1fcac745915004484/kotlin-stdlib.jar
7f9faf9d0000-7f9faf9d4000 r--s 0002e000 08:01 8127443                    /home/quadkastpc/.gradle/caches/jars-3/6c21f8dae4968635d862ab0cb0fa5eb8/kotlin-gradle-tooling.jar
7f9faf9d4000-7f9faf9fc000 r--s 004c2000 08:01 10371260                   /home/quadkastpc/.gradle/caches/jars-3/22f09e98a6fceebf7775af624c1eb1f0/util.jar
7f9faf9fc000-7f9faf9ff000 ---p 00000000 00:00 0 
7f9faf9ff000-7f9fafcfd000 rw-p 00000000 00:00 0 
7f9fafcfd000-7f9fafd00000 ---p 00000000 00:00 0 
7f9fafd00000-7f9fafdfe000 rw-p 00000000 00:00 0 
7f9fafdfe000-7f9fafe01000 ---p 00000000 00:00 0 
7f9fafe01000-7f9fafeff000 rw-p 00000000 00:00 0 
7f9fafeff000-7f9faff02000 ---p 00000000 00:00 0 
7f9faff02000-7f9fb0000000 rw-p 00000000 00:00 0 
7f9fb0000000-7f9fb0021000 rw-p 00000000 00:00 0 
7f9fb0021000-7f9fb4000000 ---p 00000000 00:00 0 
7f9fb4000000-7f9fb4021000 rw-p 00000000 00:00 0 
7f9fb4021000-7f9fb8000000 ---p 00000000 00:00 0 
7f9fb8000000-7f9fb8021000 rw-p 00000000 00:00 0 
7f9fb8021000-7f9fbc000000 ---p 00000000 00:00 0 
7f9fbc000000-7f9fbcddb000 rw-p 00000000 00:00 0 
7f9fbcddb000-7f9fc0000000 ---p 00000000 00:00 0 
7f9fc0000000-7f9fc0021000 rw-p 00000000 00:00 0 
7f9fc0021000-7f9fc4000000 ---p 00000000 00:00 0 
7f9fc4000000-7f9fc4021000 rw-p 00000000 00:00 0 
7f9fc4021000-7f9fc8000000 ---p 00000000 00:00 0 
7f9fc8000000-7f9fc8067000 rw-p 00000000 00:00 0 
7f9fc8067000-7f9fcc000000 ---p 00000000 00:00 0 
7f9fcc000000-7f9fcc021000 rw-p 00000000 00:00 0 
7f9fcc021000-7f9fd0000000 ---p 00000000 00:00 0 
7f9fd0000000-7f9fd0021000 rw-p 00000000 00:00 0 
7f9fd0021000-7f9fd4000000 ---p 00000000 00:00 0 
7f9fd4000000-7f9fd4001000 r--s 00000000 08:01 7869188                    /home/quadkastpc/.gradle/caches/jars-3/497c99dc43ce8fece95d0e589f2459bd/gradle-appengine-builder-model-0.1.0.jar
7f9fd4001000-7f9fd4005000 r--s 0004b000 08:01 11035208                   /home/quadkastpc/.gradle/caches/jars-3/ecfffba165da9668423eb04209772a23/android-extensions-ide.jar
7f9fd4005000-7f9fd400c000 r--s 000b4000 08:01 10621290                   /home/quadkastpc/.gradle/caches/jars-3/e435371560d53d4a4214ac92b5ffdeed/gradle-tooling-extension-impl.jar
7f9fd400c000-7f9fd400e000 r--s 00002000 08:01 10490359                   /home/quadkastpc/.gradle/caches/jars-3/4b43f839e5bcd255d29b06b5798326f0/external-system-rt.jar
7f9fd400e000-7f9fd4019000 r--s 000aa000 08:01 7996819                    /home/quadkastpc/.gradle/caches/jars-3/2daa8a88fb68b91149a30998d45aa1f5/ion-java-1.5.2-2.jar
7f9fd4019000-7f9fd4024000 r--s 00081000 08:01 7996815                    /home/quadkastpc/.gradle/caches/jars-3/b60b5dd218cf67e8c7a89e4eb4952e61/trove4j.jar
7f9fd4024000-7f9fd402a000 r--s 00054000 08:01 10230591                   /home/quadkastpc/.gradle/caches/jars-3/b1d2d7d2ab9feecc82013422210ba035/gradle-tooling-extension-api.jar
7f9fd402a000-7f9fd402b000 r--s 00002000 08:01 9848594                    /home/quadkastpc/.gradle/caches/jars-3/e3446e3f7a41b3f0fd7e11ad07f4f1fd/gradle-toolingLoaderRt.jar
7f9fd402b000-7f9fd40a5000 r--s 01104000 08:01 7996528                    /home/quadkastpc/Documents/android-studio/jre/lib/tools.jar
7f9fd40a5000-7f9fd40a8000 ---p 00000000 00:00 0 
7f9fd40a8000-7f9fd41a6000 rw-p 00000000 00:00 0 
7f9fd41a6000-7f9fd41a9000 ---p 00000000 00:00 0 
7f9fd41a9000-7f9fd42a7000 rw-p 00000000 00:00 0 
7f9fd42a7000-7f9fd42aa000 ---p 00000000 00:00 0 
7f9fd42aa000-7f9fd43a8000 rw-p 00000000 00:00 0 
7f9fd43a8000-7f9fd43ab000 ---p 00000000 00:00 0 
7f9fd43ab000-7f9fd44a9000 rw-p 00000000 00:00 0 
7f9fd44a9000-7f9fd44ac000 ---p 00000000 00:00 0 
7f9fd44ac000-7f9fd47aa000 rw-p 00000000 00:00 0 
7f9fd47aa000-7f9fd47ad000 ---p 00000000 00:00 0 
7f9fd47ad000-7f9fd48ab000 rw-p 00000000 00:00 0 
7f9fd48ab000-7f9fd48ae000 ---p 00000000 00:00 0 
7f9fd48ae000-7f9fd49ac000 rw-p 00000000 00:00 0 
7f9fd49ac000-7f9fd49af000 ---p 00000000 00:00 0 
7f9fd49af000-7f9fd4aad000 rw-p 00000000 00:00 0 
7f9fd4aad000-7f9fd4ab4000 r--s 00000000 08:01 10099969                   /usr/lib/x86_64-linux-gnu/gconv/gconv-modules.cache
7f9fd4ab4000-7f9fd4ab7000 ---p 00000000 00:00 0 
7f9fd4ab7000-7f9fd4bb5000 rw-p 00000000 00:00 0 
7f9fd4bb5000-7f9fd4bba000 r--s 000a3000 08:01 7996679                    /home/quadkastpc/Documents/android-studio/jre/jre/lib/jsse.jar
7f9fd4bba000-7f9fd4dba000 rw-p 00000000 00:00 0 
7f9fd4dba000-7f9fd4dbd000 ---p 00000000 00:00 0 
7f9fd4dbd000-7f9fd4ebb000 rw-p 00000000 00:00 0 
7f9fd4ebb000-7f9fd4ec3000 r-xp 00000000 08:01 7996624                    /home/quadkastpc/Documents/android-studio/jre/jre/lib/amd64/libmanagement.so
7f9fd4ec3000-7f9fd4ec4000 r--p 00007000 08:01 7996624                    /home/quadkastpc/Documents/android-studio/jre/jre/lib/amd64/libmanagement.so
7f9fd4ec4000-7f9fd4ec5000 rw-p 00008000 08:01 7996624                    /home/quadkastpc/Documents/android-studio/jre/jre/lib/amd64/libmanagement.so
7f9fd4ec5000-7f9fd4ec7000 r--s 0000f000 08:01 12984377                   /home/quadkastpc/.gradle/wrapper/dists/gradle-5.6.4-all/ankdp27end7byghfw1q2sw75f/gradle-5.6.4/lib/plugins/gradle-tooling-api-builders-5.6.4.jar
7f9fd4ec7000-7f9fd4ec8000 r--s 00005000 08:01 12984397                   /home/quadkastpc/.gradle/wrapper/dists/gradle-5.6.4-all/ankdp27end7byghfw1q2sw75f/gradle-5.6.4/lib/plugins/gradle-build-profile-5.6.4.jar
7f9fd4ec8000-7f9fd4eca000 r--s 00003000 08:01 12984354                   /home/quadkastpc/.gradle/wrapper/dists/gradle-5.6.4-all/ankdp27end7byghfw1q2sw75f/gradle-5.6.4/lib/plugins/gradle-tooling-native-5.6.4.jar
7f9fd4eca000-7f9fd4ece000 r--s 00017000 08:01 12984356                   /home/quadkastpc/.gradle/wrapper/dists/gradle-5.6.4-all/ankdp27end7byghfw1q2sw75f/gradle-5.6.4/lib/plugins/gradle-testing-native-5.6.4.jar
7f9fd4ece000-7f9fd4ed1000 r--s 00011000 08:01 12984470                   /home/quadkastpc/.gradle/wrapper/dists/gradle-5.6.4-all/ankdp27end7byghfw1q2sw75f/gradle-5.6.4/lib/plugins/junit-platform-commons-1.3.1.jar
7f9fd4ed1000-7f9fd4ed2000 r--s 00001000 08:01 12984472                   /home/quadkastpc/.gradle/wrapper/dists/gradle-5.6.4-all/ankdp27end7byghfw1q2sw75f/gradle-5.6.4/lib/plugins/opentest4j-1.1.1.jar
7f9fd4ed2000-7f9fd4ed6000 r--s 0001d000 08:01 12984469                   /home/quadkastpc/.gradle/wrapper/dists/gradle-5.6.4-all/ankdp27end7byghfw1q2sw75f/gradle-5.6.4/lib/plugins/junit-platform-engine-1.3.1.jar
7f9fd4ed6000-7f9fd4ed7000 r--s 00000000 08:01 12984471                   /home/quadkastpc/.gradle/wrapper/dists/gradle-5.6.4-all/ankdp27end7byghfw1q2sw75f/gradle-5.6.4/lib/plugins/apiguardian-api-1.0.0.jar
7f9fd4ed7000-7f9fd4eda000 r--s 00015000 08:01 12984433                   /home/quadkastpc/.gradle/wrapper/dists/gradle-5.6.4-all/ankdp27end7byghfw1q2sw75f/gradle-5.6.4/lib/plugins/junit-platform-launcher-1.3.1.jar
7f9fd4eda000-7f9fd4edb000 r--s 00003000 08:01 12984376                   /home/quadkastpc/.gradle/wrapper/dists/gradle-5.6.4-all/ankdp27end7byghfw1q2sw75f/gradle-5.6.4/lib/plugins/gradle-testing-junit-platform-5.6.4.jar
7f9fd4edb000-7f9fd4ee3000 r--s 00048000 08:01 12984422                   /home/quadkastpc/.gradle/wrapper/dists/gradle-5.6.4-all/ankdp27end7byghfw1q2sw75f/gradle-5.6.4/lib/plugins/bcpg-jdk15on-1.61.jar
7f9fd4ee3000-7f9fd4ee6000 r--s 0000f000 08:01 12984353                   /home/quadkastpc/.gradle/wrapper/dists/gradle-5.6.4-all/ankdp27end7byghfw1q2sw75f/gradle-5.6.4/lib/plugins/gradle-signing-5.6.4.jar
7f9fd4ee6000-7f9fd4ee8000 r--s 00009000 08:01 12984363                   /home/quadkastpc/.gradle/wrapper/dists/gradle-5.6.4-all/ankdp27end7byghfw1q2sw75f/gradle-5.6.4/lib/plugins/gradle-scala-5.6.4.jar
7f9fd4ee8000-7f9fd4ee9000 r--s 00004000 08:01 12984396                   /home/quadkastpc/.gradle/wrapper/dists/gradle-5.6.4-all/ankdp27end7byghfw1q2sw75f/gradle-5.6.4/lib/plugins/gradle-resources-sftp-5.6.4.jar
7f9fd4ee9000-7f9fd4ef2000 r--s 0005b000 08:01 12984403                   /home/quadkastpc/.gradle/wrapper/dists/gradle-5.6.4-all/ankdp27end7byghfw1q2sw75f/gradle-5.6.4/lib/plugins/aws-java-sdk-kms-1.11.407.jar
7f9fd4ef2000-7f9fd4ef4000 r--s 00005000 08:01 12984439                   /home/quadkastpc/.gradle/wrapper/dists/gradle-5.6.4-all/ankdp27end7byghfw1q2sw75f/gradle-5.6.4/lib/plugins/jmespath-java-1.11.407.jar
7f9fd4ef4000-7f9fd4f07000 r--s 000ca000 08:01 12984402                   /home/quadkastpc/.gradle/wrapper/dists/gradle-5.6.4-all/ankdp27end7byghfw1q2sw75f/gradle-5.6.4/lib/plugins/aws-java-sdk-s3-1.11.407.jar
7f9fd4f07000-7f9fd4f11000 r--s 00081000 08:01 12984468                   /home/quadkastpc/.gradle/wrapper/dists/gradle-5.6.4-all/ankdp27end7byghfw1q2sw75f/gradle-5.6.4/lib/plugins/ion-java-1.0.2.jar
7f9fd4f11000-7f9fd4f27000 r--s 000ca000 08:01 12984404                   /home/quadkastpc/.gradle/wrapper/dists/gradle-5.6.4-all/ankdp27end7byghfw1q2sw75f/gradle-5.6.4/lib/plugins/aws-java-sdk-core-1.11.407.jar
7f9fd4f27000-7f9fd4f29000 r--s 00004000 08:01 12984392                   /home/quadkastpc/.gradle/wrapper/dists/gradle-5.6.4-all/ankdp27end7byghfw1q2sw75f/gradle-5.6.4/lib/plugins/gradle-resources-s3-5.6.4.jar
7f9fd4f29000-7f9fd4f3a000 r--s 0008c000 08:01 12984443                   /home/quadkastpc/.gradle/wrapper/dists/gradle-5.6.4-all/ankdp27end7byghfw1q2sw75f/gradle-5.6.4/lib/plugins/joda-time-2.10.jar
7f9fd4f3a000-7f9fd4f4c000 r--s 00137000 08:01 12984440                   /home/quadkastpc/.gradle/wrapper/dists/gradle-5.6.4-all/ankdp27end7byghfw1q2sw75f/gradle-5.6.4/lib/plugins/jackson-databind-2.9.8.jar
7f9fd4f4c000-7f9fd4f4f000 r--s 0000e000 08:01 12984442                   /home/quadkastpc/.gradle/wrapper/dists/gradle-5.6.4-all/ankdp27end7byghfw1q2sw75f/gradle-5.6.4/lib/plugins/jackson-annotations-2.9.8.jar
7f9fd4f4f000-7f9fd4f53000 r--s 0004c000 08:01 12984441                   /home/quadkastpc/.gradle/wrapper/dists/gradle-5.6.4-all/ankdp27end7byghfw1q2sw75f/gradle-5.6.4/lib/plugins/jackson-core-2.9.8.jar
7f9fd4f53000-7f9fd4f54000 r--s 00001000 08:01 12984408                   /home/quadkastpc/.gradle/wrapper/dists/gradle-5.6.4-all/ankdp27end7byghfw1q2sw75f/gradle-5.6.4/lib/plugins/google-http-client-jackson2-1.25.0.jar
7f9fd4f54000-7f9fd4f5e000 r--s 00056000 08:01 12984409                   /home/quadkastpc/.gradle/wrapper/dists/gradle-5.6.4-all/ankdp27end7byghfw1q2sw75f/gradle-5.6.4/lib/plugins/google-http-client-1.25.0.jar
7f9fd4f5e000-7f9fd4f61000 r--s 0000d000 08:01 12984407                   /home/quadkastpc/.gradle/wrapper/dists/gradle-5.6.4-all/ankdp27end7byghfw1q2sw75f/gradle-5.6.4/lib/plugins/google-oauth-client-1.25.0.jar
7f9fd4f61000-7f9fd4f66000 r--s 0002d000 08:01 12984406                   /home/quadkastpc/.gradle/wrapper/dists/gradle-5.6.4-all/ankdp27end7byghfw1q2sw75f/gradle-5.6.4/lib/plugins/google-api-client-1.25.0.jar
7f9fd4f66000-7f9fd4f6a000 r--s 0001d000 08:01 12984405                   /home/quadkastpc/.gradle/wrapper/dists/gradle-5.6.4-all/ankdp27end7byghfw1q2sw75f/gradle-5.6.4/lib/plugins/google-api-services-storage-v1-rev136-1.25.0.jar
7f9fd4f6a000-7f9fd4f6c000 r--s 00003000 08:01 12984393                   /home/quadkastpc/.gradle/wrapper/dists/gradle-5.6.4-all/ankdp27end7byghfw1q2sw75f/gradle-5.6.4/lib/plugins/gradle-resources-gcs-5.6.4.jar
7f9fd4f6c000-7f9fd4f72000 r--s 00031000 08:01 12984366                   /home/quadkastpc/.gradle/wrapper/dists/gradle-5.6.4-all/ankdp27end7byghfw1q2sw75f/gradle-5.6.4/lib/plugins/gradle-platform-play-5.6.4.jar
7f9fd4f72000-7f9fd4f84000 r--s 00078000 08:01 12984382                   /home/quadkastpc/.gradle/wrapper/dists/gradle-5.6.4-all/ankdp27end7byghfw1q2sw75f/gradle-5.6.4/lib/plugins/gradle-platform-native-5.6.4.jar
7f9fd4f84000-7f9fd4fb1000 r--s 0025e000 08:01 12984413                   /home/quadkastpc/.gradle/wrapper/dists/gradle-5.6.4-all/ankdp27end7byghfw1q2sw75f/gradle-5.6.4/lib/plugins/biz.aQute.bndlib-4.0.0.jar
7f9fd4fb1000-7f9fd4fb2000 r--s 00004000 08:01 12984352                   /home/quadkastpc/.gradle/wrapper/dists/gradle-5.6.4-all/ankdp27end7byghfw1q2sw75f/gradle-5.6.4/lib/plugins/gradle-osgi-5.6.4.jar
7f9fd4fb2000-7f9fd4fb5000 r--s 0000c000 08:01 12984375                   /home/quadkastpc/.gradle/wrapper/dists/gradle-5.6.4-all/ankdp27end7byghfw1q2sw75f/gradle-5.6.4/lib/plugins/gradle-language-scala-5.6.4.jar
7f9fd4fb5000-7f9fd4fc1000 r--s 00054000 08:01 12984357                   /home/quadkastpc/.gradle/wrapper/dists/gradle-5.6.4-all/ankdp27end7byghfw1q2sw75f/gradle-5.6.4/lib/plugins/gradle-language-native-5.6.4.jar
7f9fd4fc1000-7f9fd4fc8000 r--s 00035000 08:01 12984425                   /home/quadkastpc/.gradle/wrapper/dists/gradle-5.6.4-all/ankdp27end7byghfw1q2sw75f/gradle-5.6.4/lib/plugins/simple-4.1.21.jar
7f9fd4fc8000-7f9fd4fd5000 r--s 00125000 08:01 12984423                   /home/quadkastpc/.gradle/wrapper/dists/gradle-5.6.4-all/ankdp27end7byghfw1q2sw75f/gradle-5.6.4/lib/plugins/rhino-1.7.10.jar
7f9fd4fd5000-7f9fd4fd9000 r--s 00012000 08:01 12984367                   /home/quadkastpc/.gradle/wrapper/dists/gradle-5.6.4-all/ankdp27end7byghfw1q2sw75f/gradle-5.6.4/lib/plugins/gradle-javascript-5.6.4.jar
7f9fd4fd9000-7f9fd4fdd000 r--s 00011000 08:01 12984369                   /home/quadkastpc/.gradle/wrapper/dists/gradle-5.6.4-all/ankdp27end7byghfw1q2sw75f/gradle-5.6.4/lib/plugins/gradle-jacoco-5.6.4.jar
7f9fd4fdd000-7f9fd4fdf000 r--s 00002000 08:01 12984361                   /home/quadkastpc/.gradle/wrapper/dists/gradle-5.6.4-all/ankdp27end7byghfw1q2sw75f/gradle-5.6.4/lib/plugins/gradle-ide-play-5.6.4.jar
7f9fd4fdf000-7f9fd4fe1000 r--s 00011000 08:01 12984430                   /home/quadkastpc/.gradle/wrapper/dists/gradle-5.6.4-all/ankdp27end7byghfw1q2sw75f/gradle-5.6.4/lib/plugins/dd-plist-1.21.jar
7f9fd4fe1000-7f9fd4fe8000 r--s 00034000 08:01 12984355                   /home/quadkastpc/.gradle/wrapper/dists/gradle-5.6.4-all/ankdp27end7byghfw1q2sw75f/gradle-5.6.4/lib/plugins/gradle-ide-native-5.6.4.jar
7f9fd4fe8000-7f9fd4ff2000 r--s 00063000 08:01 12984362                   /home/quadkastpc/.gradle/wrapper/dists/gradle-5.6.4-all/ankdp27end7byghfw1q2sw75f/gradle-5.6.4/lib/plugins/gradle-ide-5.6.4.jar
7f9fd4ff2000-7f9fd4ff4000 r--s 00008000 08:01 12984365                   /home/quadkastpc/.gradle/wrapper/dists/gradle-5.6.4-all/ankdp27end7byghfw1q2sw75f/gradle-5.6.4/lib/plugins/gradle-ear-5.6.4.jar
7f9fd4ff4000-7f9fd4ff9000 r--s 0002a000 08:01 12984351                   /home/quadkastpc/.gradle/wrapper/dists/gradle-5.6.4-all/ankdp27end7byghfw1q2sw75f/gradle-5.6.4/lib/plugins/gradle-code-quality-5.6.4.jar
7f9fd4ff9000-7f9fd4fff000 r--s 0003f000 08:01 12984415                   /home/quadkastpc/.gradle/wrapper/dists/gradle-5.6.4-all/ankdp27end7byghfw1q2sw75f/gradle-5.6.4/lib/plugins/maven-compat-3.0.4.jar
7f9fd4fff000-7f9fd8000000 rw-p 00000000 00:00 0 
7f9fd8000000-7f9fd8021000 rw-p 00000000 00:00 0 
7f9fd8021000-7f9fdc000000 ---p 00000000 00:00 0 
7f9fdc000000-7f9fdc021000 rw-p 00000000 00:00 0 
7f9fdc021000-7f9fe0000000 ---p 00000000 00:00 0 
7f9fe0000000-7f9fe1b28000 rw-p 00000000 00:00 0 
7f9fe1b28000-7f9fe4000000 ---p 00000000 00:00 0 
7f9fe4000000-7f9fe4547000 rw-p 00000000 00:00 0 
7f9fe4547000-7f9fe8000000 ---p 00000000 00:00 0 
7f9fe8000000-7f9fe8021000 rw-p 00000000 00:00 0 
7f9fe8021000-7f9fec000000 ---p 00000000 00:00 0 
7f9fec000000-7f9fed76b000 rw-p 00000000 00:00 0 
7f9fed76b000-7f9ff0000000 ---p 00000000 00:00 0 
7f9ff0000000-7f9ff0021000 rw-p 00000000 00:00 0 
7f9ff0021000-7f9ff4000000 ---p 00000000 00:00 0 
7f9ff4000000-7f9ff4021000 rw-p 00000000 00:00 0 
7f9ff4021000-7f9ff8000000 ---p 00000000 00:00 0 
7f9ff8000000-7f9ff8021000 rw-p 00000000 00:00 0 
7f9ff8021000-7f9ffc000000 ---p 00000000 00:00 0 
7f9ffc000000-7f9ffc2c2000 rw-p 00000000 00:00 0 
7f9ffc2c2000-7fa000000000 ---p 00000000 00:00 0 
7fa000000000-7fa000021000 rw-p 00000000 00:00 0 
7fa000021000-7fa004000000 ---p 00000000 00:00 0 
7fa004000000-7fa004021000 rw-p 00000000 00:00 0 
7fa004021000-7fa008000000 ---p 00000000 00:00 0 
7fa008000000-7fa008021000 rw-p 00000000 00:00 0 
7fa008021000-7fa00c000000 ---p 00000000 00:00 0 
7fa00c000000-7fa00c002000 r--s 0000b000 08:01 12984427                   /home/quadkastpc/.gradle/wrapper/dists/gradle-5.6.4-all/ankdp27end7byghfw1q2sw75f/gradle-5.6.4/lib/plugins/maven-plugin-api-3.0.4.jar
7fa00c002000-7fa00c00b000 r--s 0003b000 08:01 12984370                   /home/quadkastpc/.gradle/wrapper/dists/gradle-5.6.4-all/ankdp27end7byghfw1q2sw75f/gradle-5.6.4/lib/plugins/gradle-build-init-5.6.4.jar
7fa00c00b000-7fa00c011000 r--s 0002e000 08:01 12984364                   /home/quadkastpc/.gradle/wrapper/dists/gradle-5.6.4-all/ankdp27end7byghfw1q2sw75f/gradle-5.6.4/lib/plugins/gradle-build-comparison-5.6.4.jar
7fa00c011000-7fa00c013000 r--s 00002000 08:01 12984394                   /home/quadkastpc/.gradle/wrapper/dists/gradle-5.6.4-all/ankdp27end7byghfw1q2sw75f/gradle-5.6.4/lib/plugins/gradle-build-cache-http-5.6.4.jar
7fa00c013000-7fa00c015000 r--s 00009000 08:01 12984350                   /home/quadkastpc/.gradle/wrapper/dists/gradle-5.6.4-all/ankdp27end7byghfw1q2sw75f/gradle-5.6.4/lib/plugins/gradle-antlr-5.6.4.jar
7fa00c015000-7fa00c017000 r--s 00005000 08:01 12984349                   /home/quadkastpc/.gradle/wrapper/dists/gradle-5.6.4-all/ankdp27end7byghfw1q2sw75f/gradle-5.6.4/lib/plugins/gradle-announce-5.6.4.jar
7fa00c017000-7fa00c01a000 r--s 00017000 08:01 12984371                   /home/quadkastpc/.gradle/wrapper/dists/gradle-5.6.4-all/ankdp27end7byghfw1q2sw75f/gradle-5.6.4/lib/plugins/gradle-kotlin-dsl-tooling-builders-5.6.4.jar
7fa00c01a000-7fa00c01e000 r--s 00014000 08:01 12984368                   /home/quadkastpc/.gradle/wrapper/dists/gradle-5.6.4-all/ankdp27end7byghfw1q2sw75f/gradle-5.6.4/lib/plugins/gradle-ivy-5.6.4.jar
7fa00c01e000-7fa00c020000 r--s 00009000 08:01 12984384                   /home/quadkastpc/.gradle/wrapper/dists/gradle-5.6.4-all/ankdp27end7byghfw1q2sw75f/gradle-5.6.4/lib/plugins/gradle-publish-5.6.4.jar
7fa00c020000-7fa00c023000 r--s 0000c000 08:01 12984418                   /home/quadkastpc/.gradle/wrapper/dists/gradle-5.6.4-all/ankdp27end7byghfw1q2sw75f/gradle-5.6.4/lib/plugins/pmaven-groovy-0.8-20100325.jar
7fa00c023000-7fa00c024000 r--s 00004000 08:01 12984417                   /home/quadkastpc/.gradle/wrapper/dists/gradle-5.6.4-all/ankdp27end7byghfw1q2sw75f/gradle-5.6.4/lib/plugins/pmaven-common-0.8-20100325.jar
7fa00c024000-7fa00c027000 r--s 0000a000 08:01 12984462                   /home/quadkastpc/.gradle/wrapper/dists/gradle-5.6.4-all/ankdp27end7byghfw1q2sw75f/gradle-5.6.4/lib/plugins/plexus-classworlds-2.5.1.jar
7fa00c027000-7fa00c02b000 r--s 00021000 08:01 12984467                   /home/quadkastpc/.gradle/wrapper/dists/gradle-5.6.4-all/ankdp27end7byghfw1q2sw75f/gradle-5.6.4/lib/plugins/xbean-reflect-3.7.jar
7fa00c02b000-7fa00c032000 r--s 00032000 08:01 12984420                   /home/quadkastpc/.gradle/wrapper/dists/gradle-5.6.4-all/ankdp27end7byghfw1q2sw75f/gradle-5.6.4/lib/plugins/plexus-container-default-1.7.1.jar
7fa00c032000-7fa00c033000 r--s 00008000 08:01 12984401                   /home/quadkastpc/.gradle/wrapper/dists/gradle-5.6.4-all/ankdp27end7byghfw1q2sw75f/gradle-5.6.4/lib/plugins/wagon-http-shared-3.0.0.jar
7fa00c033000-7fa00c034000 r--s 00002000 08:01 12984400                   /home/quadkastpc/.gradle/wrapper/dists/gradle-5.6.4-all/ankdp27end7byghfw1q2sw75f/gradle-5.6.4/lib/plugins/wagon-http-3.0.0.jar
7fa00c034000-7fa00c036000 r--s 0000c000 08:01 12984465                   /home/quadkastpc/.gradle/wrapper/dists/gradle-5.6.4-all/ankdp27end7byghfw1q2sw75f/gradle-5.6.4/lib/plugins/wagon-provider-api-3.0.0.jar
7fa00c036000-7fa00c037000 r--s 00002000 08:01 12984419                   /home/quadkastpc/.gradle/wrapper/dists/gradle-5.6.4-all/ankdp27end7byghfw1q2sw75f/gradle-5.6.4/lib/plugins/wagon-file-3.0.0.jar
7fa00c037000-7fa00c039000 r--s 00006000 08:01 12984421                   /home/quadkastpc/.gradle/wrapper/dists/gradle-5.6.4-all/ankdp27end7byghfw1q2sw75f/gradle-5.6.4/lib/plugins/aether-connector-wagon-1.13.1.jar
7fa00c039000-7fa00c040000 r--s 00031000 08:01 12984360                   /home/quadkastpc/.gradle/wrapper/dists/gradle-5.6.4-all/ankdp27end7byghfw1q2sw75f/gradle-5.6.4/lib/plugins/gradle-maven-5.6.4.jar
7fa00c040000-7fa00c042000 r--s 0000c000 08:01 12984359                   /home/quadkastpc/.gradle/wrapper/dists/gradle-5.6.4-all/ankdp27end7byghfw1q2sw75f/gradle-5.6.4/lib/plugins/gradle-plugin-development-5.6.4.jar
7fa00c042000-7fa00c048000 r--s 0003d000 08:01 12984429                   /home/quadkastpc/.gradle/wrapper/dists/gradle-5.6.4-all/ankdp27end7byghfw1q2sw75f/gradle-5.6.4/lib/plugins/snakeyaml-1.17.jar
7fa00c048000-7fa00c04a000 r--s 0000f000 08:01 12984452                   /home/quadkastpc/.gradle/wrapper/dists/gradle-5.6.4-all/ankdp27end7byghfw1q2sw75f/gradle-5.6.4/lib/plugins/jcommander-1.72.jar
7fa00c04a000-7fa00c053000 r--s 00089000 08:01 12984428                   /home/quadkastpc/.gradle/wrapper/dists/gradle-5.6.4-all/ankdp27end7byghfw1q2sw75f/gradle-5.6.4/lib/plugins/testng-6.3.1.jar
7fa00c053000-7fa00c055000 r--s 00009000 08:01 12984450                   /home/quadkastpc/.gradle/wrapper/dists/gradle-5.6.4-all/ankdp27end7byghfw1q2sw75f/gradle-5.6.4/lib/plugins/hamcrest-core-1.3.jar
7fa00c055000-7fa00c05d000 r--s 00045000 08:01 12984431                   /home/quadkastpc/.gradle/wrapper/dists/gradle-5.6.4-all/ankdp27end7byghfw1q2sw75f/gradle-5.6.4/lib/plugins/junit-4.12.jar
7fa00c05d000-7fa00c062000 r--s 0005a000 08:01 12984432                   /home/quadkastpc/.gradle/wrapper/dists/gradle-5.6.4-all/ankdp27end7byghfw1q2sw75f/gradle-5.6.4/lib/plugins/bsh-2.0b6.jar
7fa00c062000-7fa00c066000 r--s 0001c000 08:01 12984378                   /home/quadkastpc/.gradle/wrapper/dists/gradle-5.6.4-all/ankdp27end7byghfw1q2sw75f/gradle-5.6.4/lib/plugins/gradle-testing-jvm-5.6.4.jar
7fa00c066000-7fa00c06e000 r--s 00034000 08:01 12984385                   /home/quadkastpc/.gradle/wrapper/dists/gradle-5.6.4-all/ankdp27end7byghfw1q2sw75f/gradle-5.6.4/lib/plugins/gradle-testing-base-5.6.4.jar
7fa00c06e000-7fa00c071000 r--s 0000e000 08:01 12984374                   /home/quadkastpc/.gradle/wrapper/dists/gradle-5.6.4-all/ankdp27end7byghfw1q2sw75f/gradle-5.6.4/lib/plugins/gradle-language-groovy-5.6.4.jar
7fa00c071000-7fa00c07a000 r--s 00045000 08:01 12984379                   /home/quadkastpc/.gradle/wrapper/dists/gradle-5.6.4-all/ankdp27end7byghfw1q2sw75f/gradle-5.6.4/lib/plugins/gradle-language-java-5.6.4.jar
7fa00c07a000-7fa00c07c000 r--s 00005000 08:01 12984380                   /home/quadkastpc/.gradle/wrapper/dists/gradle-5.6.4-all/ankdp27end7byghfw1q2sw75f/gradle-5.6.4/lib/plugins/gradle-language-jvm-5.6.4.jar
7fa00c07c000-7fa00c082000 r--s 0003e000 08:01 12984383                   /home/quadkastpc/.gradle/wrapper/dists/gradle-5.6.4-all/ankdp27end7byghfw1q2sw75f/gradle-5.6.4/lib/plugins/gradle-diagnostics-5.6.4.jar
7fa00c082000-7fa00c086000 r--s 0001b000 08:01 12984381                   /home/quadkastpc/.gradle/wrapper/dists/gradle-5.6.4-all/ankdp27end7byghfw1q2sw75f/gradle-5.6.4/lib/plugins/gradle-platform-jvm-5.6.4.jar
7fa00c086000-7fa00c08d000 r--s 0002a000 08:01 12984386                   /home/quadkastpc/.gradle/wrapper/dists/gradle-5.6.4-all/ankdp27end7byghfw1q2sw75f/gradle-5.6.4/lib/plugins/gradle-platform-base-5.6.4.jar
7fa00c08d000-7fa00c08f000 r--s 00006000 08:01 12984426                   /home/quadkastpc/.gradle/wrapper/dists/gradle-5.6.4-all/ankdp27end7byghfw1q2sw75f/gradle-5.6.4/lib/plugins/jatl-0.2.3.jar
7fa00c08f000-7fa00c091000 r--s 00010000 08:01 12984391                   /home/quadkastpc/.gradle/wrapper/dists/gradle-5.6.4-all/ankdp27end7byghfw1q2sw75f/gradle-5.6.4/lib/plugins/gradle-reporting-5.6.4.jar
7fa00c091000-7fa00c099000 r--s 00047000 08:01 12984372                   /home/quadkastpc/.gradle/wrapper/dists/gradle-5.6.4-all/ankdp27end7byghfw1q2sw75f/gradle-5.6.4/lib/plugins/gradle-plugins-5.6.4.jar
7fa00c099000-7fa00c09e000 r--s 0002c000 08:01 12984358                   /home/quadkastpc/.gradle/wrapper/dists/gradle-5.6.4-all/ankdp27end7byghfw1q2sw75f/gradle-5.6.4/lib/plugins/gradle-kotlin-dsl-provider-plugins-5.6.4.jar
7fa00c09e000-7fa00c0a3000 r--s 00040000 08:01 12984437                   /home/quadkastpc/.gradle/wrapper/dists/gradle-5.6.4-all/ankdp27end7byghfw1q2sw75f/gradle-5.6.4/lib/plugins/jsch-0.1.54.jar
7fa00c0a3000-7fa00c0a5000 r--s 00010000 08:01 12984453                   /home/quadkastpc/.gradle/wrapper/dists/gradle-5.6.4-all/ankdp27end7byghfw1q2sw75f/gradle-5.6.4/lib/plugins/jzlib-1.1.3.jar
7fa00c0a5000-7fa00c0ca000 r--s 00265000 08:01 12984399                   /home/quadkastpc/.gradle/wrapper/dists/gradle-5.6.4-all/ankdp27end7byghfw1q2sw75f/gradle-5.6.4/lib/plugins/org.eclipse.jgit-5.0.3.201809091024-r.jar
7fa00c0ca000-7fa00c0cd000 r--s 0000c000 08:01 12984388                   /home/quadkastpc/.gradle/wrapper/dists/gradle-5.6.4-all/ankdp27end7byghfw1q2sw75f/gradle-5.6.4/lib/plugins/gradle-version-control-5.6.4.jar
7fa00c0cd000-7fa00c0cf000 r--s 00006000 08:01 12984457                   /home/quadkastpc/.gradle/wrapper/dists/gradle-5.6.4-all/ankdp27end7byghfw1q2sw75f/gradle-5.6.4/lib/plugins/maven-repository-metadata-3.0.4.jar
7fa00c0cf000-7fa00c0d1000 r--s 0000c000 08:01 12984445                   /home/quadkastpc/.gradle/wrapper/dists/gradle-5.6.4-all/ankdp27end7byghfw1q2sw75f/gradle-5.6.4/lib/plugins/maven-aether-provider-3.0.4.jar
7fa00c0d1000-7fa00c0d2000 r--s 00003000 08:01 12984448                   /home/quadkastpc/.gradle/wrapper/dists/gradle-5.6.4-all/ankdp27end7byghfw1q2sw75f/gradle-5.6.4/lib/plugins/aether-spi-1.13.1.jar
7fa00c0d2000-7fa00c0d5000 r--s 0001d000 08:01 12984446                   /home/quadkastpc/.gradle/wrapper/dists/gradle-5.6.4-all/ankdp27end7byghfw1q2sw75f/gradle-5.6.4/lib/plugins/aether-impl-1.13.1.jar
7fa00c0d5000-7fa00c0d9000 r--s 0001c000 08:01 12984447                   /home/quadkastpc/.gradle/wrapper/dists/gradle-5.6.4-all/ankdp27end7byghfw1q2sw75f/gradle-5.6.4/lib/plugins/aether-util-1.13.1.jar
7fa00c0d9000-7fa00c0dc000 r--s 00013000 08:01 12984449                   /home/quadkastpc/.gradle/wrapper/dists/gradle-5.6.4-all/ankdp27end7byghfw1q2sw75f/gradle-5.6.4/lib/plugins/aether-api-1.13.1.jar
7fa00c0dc000-7fa00c0de000 r--s 0000b000 08:01 12984454                   /home/quadkastpc/.gradle/wrapper/dists/gradle-5.6.4-all/ankdp27end7byghfw1q2sw75f/gradle-5.6.4/lib/plugins/maven-artifact-3.0.4.jar
7fa00c0de000-7fa00c0e0000 r--s 00000000 08:01 12984463                   /home/quadkastpc/.gradle/wrapper/dists/gradle-5.6.4-all/ankdp27end7byghfw1q2sw75f/gradle-5.6.4/lib/plugins/plexus-component-annotations-1.5.5.jar
7fa00c0e0000-7fa00c0e2000 r--s 0000d000 08:01 12984464                   /home/quadkastpc/.gradle/wrapper/dists/gradle-5.6.4-all/ankdp27end7byghfw1q2sw75f/gradle-5.6.4/lib/plugins/plexus-interpolation-1.14.jar
7fa00c0e2000-7fa00c0e6000 r--s 00021000 08:01 12984455                   /home/quadkastpc/.gradle/wrapper/dists/gradle-5.6.4-all/ankdp27end7byghfw1q2sw75f/gradle-5.6.4/lib/plugins/maven-model-builder-3.0.4.jar
7fa00c0e6000-7fa00c0e8000 r--s 00026000 08:01 12984456                   /home/quadkastpc/.gradle/wrapper/dists/gradle-5.6.4-all/ankdp27end7byghfw1q2sw75f/gradle-5.6.4/lib/plugins/maven-model-3.0.4.jar
7fa00c0e8000-7fa00c0ea000 r--s 0000a000 08:01 12984459                   /home/quadkastpc/.gradle/wrapper/dists/gradle-5.6.4-all/ankdp27end7byghfw1q2sw75f/gradle-5.6.4/lib/plugins/maven-settings-3.0.4.jar
7fa00c0ea000-7fa00c0ec000 r--s 00002000 08:01 12984461                   /home/quadkastpc/.gradle/wrapper/dists/gradle-5.6.4-all/ankdp27end7byghfw1q2sw75f/gradle-5.6.4/lib/plugins/plexus-cipher-1.7.jar
7fa00c0ec000-7fa00c0ed000 r--s 00006000 08:01 12984460                   /home/quadkastpc/.gradle/wrapper/dists/gradle-5.6.4-all/ankdp27end7byghfw1q2sw75f/gradle-5.6.4/lib/plugins/plexus-sec-dispatcher-1.3.jar
7fa00c0ed000-7fa00c0f1000 r--s 0003c000 08:01 12984466                   /home/quadkastpc/.gradle/wrapper/dists/gradle-5.6.4-all/ankdp27end7byghfw1q2sw75f/gradle-5.6.4/lib/plugins/plexus-utils-3.1.0.jar
7fa00c0f1000-7fa00c0f4000 r--s 00008000 08:01 12984458                   /home/quadkastpc/.gradle/wrapper/dists/gradle-5.6.4-all/ankdp27end7byghfw1q2sw75f/gradle-5.6.4/lib/plugins/maven-settings-builder-3.0.4.jar
7fa00c0f4000-7fa00c100000 r--s 0007d000 08:01 12984416                   /home/quadkastpc/.gradle/wrapper/dists/gradle-5.6.4-all/ankdp27end7byghfw1q2sw75f/gradle-5.6.4/lib/plugins/maven-core-3.0.4.jar
7fa00c100000-7fa00c115000 r--s 00116000 08:01 12984414                   /home/quadkastpc/.gradle/wrapper/dists/gradle-5.6.4-all/ankdp27end7byghfw1q2sw75f/gradle-5.6.4/lib/plugins/ivy-2.3.0.jar
7fa00c115000-7fa00c11a000 r--s 00036000 08:01 12984424                   /home/quadkastpc/.gradle/wrapper/dists/gradle-5.6.4-all/ankdp27end7byghfw1q2sw75f/gradle-5.6.4/lib/plugins/gson-2.8.5.jar
7fa00c11a000-7fa00c179000 r--s 003f7000 08:01 12984444                   /home/quadkastpc/.gradle/wrapper/dists/gradle-5.6.4-all/ankdp27end7byghfw1q2sw75f/gradle-5.6.4/lib/plugins/bcprov-jdk15on-1.61.jar
7fa00c179000-7fa00c17a000 r--s 00013000 08:01 12984412                   /home/quadkastpc/.gradle/wrapper/dists/gradle-5.6.4-all/ankdp27end7byghfw1q2sw75f/gradle-5.6.4/lib/plugins/asm-util-7.1.jar
7fa00c17a000-7fa00c1b0000 r--s 001d8000 08:01 12984389                   /home/quadkastpc/.gradle/wrapper/dists/gradle-5.6.4-all/ankdp27end7byghfw1q2sw75f/gradle-5.6.4/lib/plugins/gradle-dependency-management-5.6.4.jar
7fa00c1b0000-7fa00c1b2000 r--s 0000d000 08:01 12984387                   /home/quadkastpc/.gradle/wrapper/dists/gradle-5.6.4-all/ankdp27end7byghfw1q2sw75f/gradle-5.6.4/lib/plugins/gradle-plugin-use-5.6.4.jar
7fa00c1b2000-7fa00c1b5000 r--s 0000d000 08:01 12984390                   /home/quadkastpc/.gradle/wrapper/dists/gradle-5.6.4-all/ankdp27end7byghfw1q2sw75f/gradle-5.6.4/lib/plugins/gradle-composite-builds-5.6.4.jar
7fa00c1b5000-7fa00c1ce000 r--s 0013a000 08:01 12984436                   /home/quadkastpc/.gradle/wrapper/dists/gradle-5.6.4-all/ankdp27end7byghfw1q2sw75f/gradle-5.6.4/lib/plugins/xercesImpl-2.12.0.jar
7fa00c1ce000-7fa00c1d4000 r--s 0005b000 08:01 12984434                   /home/quadkastpc/.gradle/wrapper/dists/gradle-5.6.4-all/ankdp27end7byghfw1q2sw75f/gradle-5.6.4/lib/plugins/jcifs-1.3.17.jar
7fa00c1d4000-7fa00c1db000 r--s 0004b000 08:01 12984411                   /home/quadkastpc/.gradle/wrapper/dists/gradle-5.6.4-all/ankdp27end7byghfw1q2sw75f/gradle-5.6.4/lib/plugins/commons-codec-1.11.jar
7fa00c1db000-7fa00c1e2000 r--s 00049000 08:01 12984451                   /home/quadkastpc/.gradle/wrapper/dists/gradle-5.6.4-all/ankdp27end7byghfw1q2sw75f/gradle-5.6.4/lib/plugins/httpcore-4.4.10.jar
7fa00c1e2000-7fa00c1f8000 r-xp 00000000 08:01 3936901                    /lib/x86_64-linux-gnu/libgcc_s.so.1
7fa00c1f8000-7fa00c3f7000 ---p 00016000 08:01 3936901                    /lib/x86_64-linux-gnu/libgcc_s.so.1
7fa00c3f7000-7fa00c3f8000 rw-p 00015000 08:01 3936901                    /lib/x86_64-linux-gnu/libgcc_s.so.1
7fa00c3f8000-7fa00c56a000 r-xp 00000000 08:01 9832582                    /usr/lib/x86_64-linux-gnu/libstdc++.so.6.0.21
7fa00c56a000-7fa00c76a000 ---p 00172000 08:01 9832582                    /usr/lib/x86_64-linux-gnu/libstdc++.so.6.0.21
7fa00c76a000-7fa00c774000 r--p 00172000 08:01 9832582                    /usr/lib/x86_64-linux-gnu/libstdc++.so.6.0.21
7fa00c774000-7fa00c776000 rw-p 0017c000 08:01 9832582                    /usr/lib/x86_64-linux-gnu/libstdc++.so.6.0.21
7fa00c776000-7fa00c77a000 rw-p 00000000 00:00 0 
7fa00c77a000-7fa00c77b000 r--s 00000000 08:01 12977359                   /home/quadkastpc/.gradle/wrapper/dists/gradle-5.6.4-all/ankdp27end7byghfw1q2sw75f/gradle-5.6.4/lib/gradle-runtime-api-info-5.6.4.jar
7fa00c77b000-7fa00c77c000 r--s 00000000 08:01 12977363                   /home/quadkastpc/.gradle/wrapper/dists/gradle-5.6.4-all/ankdp27end7byghfw1q2sw75f/gradle-5.6.4/lib/gradle-installation-beacon-5.6.4.jar
7fa00c77c000-7fa00c77e000 r--s 0001d000 08:01 12984435                   /home/quadkastpc/.gradle/wrapper/dists/gradle-5.6.4-all/ankdp27end7byghfw1q2sw75f/gradle-5.6.4/lib/plugins/nekohtml-1.9.22.jar
7fa00c77e000-7fa00c78b000 r--s 000af000 08:01 12984410                   /home/quadkastpc/.gradle/wrapper/dists/gradle-5.6.4-all/ankdp27end7byghfw1q2sw75f/gradle-5.6.4/lib/plugins/httpclient-4.5.6.jar
7fa00c78b000-7fa00c78e000 r--s 0000e000 08:01 12984395                   /home/quadkastpc/.gradle/wrapper/dists/gradle-5.6.4-all/ankdp27end7byghfw1q2sw75f/gradle-5.6.4/lib/plugins/gradle-resources-http-5.6.4.jar
7fa00c78e000-7fa00c793000 r--s 0001d000 08:01 12984398                   /home/quadkastpc/.gradle/wrapper/dists/gradle-5.6.4-all/ankdp27end7byghfw1q2sw75f/gradle-5.6.4/lib/plugins/gradle-workers-5.6.4.jar
7fa00c793000-7fa00c799000 r-xp 00000000 08:01 7874212                    /home/quadkastpc/.gradle/native/30/linux-amd64/libnative-platform.so
7fa00c799000-7fa00c998000 ---p 00006000 08:01 7874212                    /home/quadkastpc/.gradle/native/30/linux-amd64/libnative-platform.so
7fa00c998000-7fa00c999000 rw-p 00005000 08:01 7874212                    /home/quadkastpc/.gradle/native/30/linux-amd64/libnative-platform.so
7fa00c999000-7fa00c9a4000 r--s 00081000 08:01 12984320                   /home/quadkastpc/.gradle/wrapper/dists/gradle-5.6.4-all/ankdp27end7byghfw1q2sw75f/gradle-5.6.4/lib/trove4j-1.0.20181211.jar
7fa00c9a4000-7fa00c9a6000 r--s 00009000 08:01 12984328                   /home/quadkastpc/.gradle/wrapper/dists/gradle-5.6.4-all/ankdp27end7byghfw1q2sw75f/gradle-5.6.4/lib/kotlin-script-runtime-1.3.41.jar
7fa00c9a6000-7fa00cbcd000 r--s 0204c000 08:01 12984290                   /home/quadkastpc/.gradle/wrapper/dists/gradle-5.6.4-all/ankdp27end7byghfw1q2sw75f/gradle-5.6.4/lib/kotlin-compiler-embeddable-1.3.41-patched-for-gradle-5.6.4.jar
7fa00cbcd000-7fa00cbce000 r--s 00001000 08:01 12984289                   /home/quadkastpc/.gradle/wrapper/dists/gradle-5.6.4-all/ankdp27end7byghfw1q2sw75f/gradle-5.6.4/lib/gradle-kotlin-dsl-tooling-models-5.6.4.jar
7fa00cbce000-7fa00cbd0000 r--s 00006000 08:01 12977362                   /home/quadkastpc/.gradle/wrapper/dists/gradle-5.6.4-all/ankdp27end7byghfw1q2sw75f/gradle-5.6.4/lib/gradle-wrapper-5.6.4.jar
7fa00cbd0000-7fa00cbdf000 r--s 0004d000 08:01 12977361                   /home/quadkastpc/.gradle/wrapper/dists/gradle-5.6.4-all/ankdp27end7byghfw1q2sw75f/gradle-5.6.4/lib/gradle-tooling-api-5.6.4.jar
7fa00cbdf000-7fa00cbef000 r--s 0026b000 08:01 12984312                   /home/quadkastpc/.gradle/wrapper/dists/gradle-5.6.4-all/ankdp27end7byghfw1q2sw75f/gradle-5.6.4/lib/kotlinx-metadata-jvm-0.1.0.jar
7fa00cbef000-7fa00cbf0000 r--s 00002000 08:01 12984311                   /home/quadkastpc/.gradle/wrapper/dists/gradle-5.6.4-all/ankdp27end7byghfw1q2sw75f/gradle-5.6.4/lib/kotlin-sam-with-receiver-compiler-plugin-1.3.41.jar
7fa00cbf0000-7fa00cbf7000 r--s 00047000 08:01 12984310                   /home/quadkastpc/.gradle/wrapper/dists/gradle-5.6.4-all/ankdp27end7byghfw1q2sw75f/gradle-5.6.4/lib/kotlin-scripting-compiler-impl-embeddable-1.3.41.jar
7fa00cbf7000-7fa00cbf8000 r--s 00009000 08:01 12984309                   /home/quadkastpc/.gradle/wrapper/dists/gradle-5.6.4-all/ankdp27end7byghfw1q2sw75f/gradle-5.6.4/lib/kotlin-scripting-compiler-embeddable-1.3.41.jar
7fa00cbf8000-7fa00cc13000 r--s 0015f000 08:01 12977360                   /home/quadkastpc/.gradle/wrapper/dists/gradle-5.6.4-all/ankdp27end7byghfw1q2sw75f/gradle-5.6.4/lib/gradle-kotlin-dsl-5.6.4.jar
7fa00cc13000-7fa00cc15000 r--s 00005000 08:01 12984275                   /home/quadkastpc/.gradle/wrapper/dists/gradle-5.6.4-all/ankdp27end7byghfw1q2sw75f/gradle-5.6.4/lib/gradle-worker-processes-5.6.4.jar
7fa00cc15000-7fa00cc1b000 r--s 00028000 08:01 12977369                   /home/quadkastpc/.gradle/wrapper/dists/gradle-5.6.4-all/ankdp27end7byghfw1q2sw75f/gradle-5.6.4/lib/gradle-execution-5.6.4.jar
7fa00cc1b000-7fa00cc1d000 r--s 00007000 08:01 12977368                   /home/quadkastpc/.gradle/wrapper/dists/gradle-5.6.4-all/ankdp27end7byghfw1q2sw75f/gradle-5.6.4/lib/gradle-model-groovy-5.6.4.jar
7fa00cc1d000-7fa00cc1f000 r--s 00000000 08:01 12984278                   /home/quadkastpc/.gradle/wrapper/dists/gradle-5.6.4-all/ankdp27end7byghfw1q2sw75f/gradle-5.6.4/lib/gradle-jvm-services-5.6.4.jar
7fa00cc1f000-7fa00cc21000 r--s 00006000 08:01 12977371                   /home/quadkastpc/.gradle/wrapper/dists/gradle-5.6.4-all/ankdp27end7byghfw1q2sw75f/gradle-5.6.4/lib/gradle-build-cache-packaging-5.6.4.jar
7fa00cc21000-7fa00cc25000 r--s 0000e000 08:01 12977372                   /home/quadkastpc/.gradle/wrapper/dists/gradle-5.6.4-all/ankdp27end7byghfw1q2sw75f/gradle-5.6.4/lib/gradle-build-cache-5.6.4.jar
7fa00cc25000-7fa00cc26000 r--s 00005000 08:01 12984293                   /home/quadkastpc/.gradle/wrapper/dists/gradle-5.6.4-all/ankdp27end7byghfw1q2sw75f/gradle-5.6.4/lib/gradle-docs-5.6.4.jar
7fa00cc26000-7fa00cc5e000 r--s 00273000 08:01 12984322                   /home/quadkastpc/.gradle/wrapper/dists/gradle-5.6.4-all/ankdp27end7byghfw1q2sw75f/gradle-5.6.4/lib/kotlin-reflect-1.3.41.jar
7fa00cc5e000-7fa00cc5f000 r--s 00000000 08:01 12984323                   /home/quadkastpc/.gradle/wrapper/dists/gradle-5.6.4-all/ankdp27end7byghfw1q2sw75f/gradle-5.6.4/lib/kotlin-stdlib-jdk7-1.3.41.jar
7fa00cc5f000-7fa00cc61000 r--s 00002000 08:01 12984307                   /home/quadkastpc/.gradle/wrapper/dists/gradle-5.6.4-all/ankdp27end7byghfw1q2sw75f/gradle-5.6.4/lib/kotlin-stdlib-jdk8-1.3.41.jar
7fa00cc61000-7fa00cc6a000 r--s 000b3000 08:01 12977365                   /home/quadkastpc/.gradle/wrapper/dists/gradle-5.6.4-all/ankdp27end7byghfw1q2sw75f/gradle-5.6.4/lib/gradle-instant-execution-5.6.4.jar
7fa00cc6a000-7fa00cc73000 r--s 0002d000 08:01 12984321                   /home/quadkastpc/.gradle/wrapper/dists/gradle-5.6.4-all/ankdp27end7byghfw1q2sw75f/gradle-5.6.4/lib/xml-apis-1.4.01.jar
7fa00cc73000-7fa00cc7e000 r--s 00086000 08:01 12984313                   /home/quadkastpc/.gradle/wrapper/dists/gradle-5.6.4-all/ankdp27end7byghfw1q2sw75f/gradle-5.6.4/lib/commons-compress-1.18.jar
7fa00cc7e000-7fa00cc80000 r--s 00007000 08:01 12984303                   /home/quadkastpc/.gradle/wrapper/dists/gradle-5.6.4-all/ankdp27end7byghfw1q2sw75f/gradle-5.6.4/lib/asm-analysis-7.1.jar
7fa00cc80000-7fa00cc82000 r--s 0000b000 08:01 12984304                   /home/quadkastpc/.gradle/wrapper/dists/gradle-5.6.4-all/ankdp27end7byghfw1q2sw75f/gradle-5.6.4/lib/asm-tree-7.1.jar
7fa00cc82000-7fa00cc84000 r--s 00010000 08:01 12984302                   /home/quadkastpc/.gradle/wrapper/dists/gradle-5.6.4-all/ankdp27end7byghfw1q2sw75f/gradle-5.6.4/lib/asm-commons-7.1.jar
7fa00cc84000-7fa00cc88000 r--s 00010000 08:01 12984287                   /home/quadkastpc/.gradle/wrapper/dists/gradle-5.6.4-all/ankdp27end7byghfw1q2sw75f/gradle-5.6.4/lib/gradle-snapshots-5.6.4.jar
7fa00cc88000-7fa00cc8f000 r--s 00021000 08:01 12984330                   /home/quadkastpc/.gradle/wrapper/dists/gradle-5.6.4-all/ankdp27end7byghfw1q2sw75f/gradle-5.6.4/lib/kotlin-stdlib-common-1.3.41.jar
7fa00cc8f000-7fa00cc91000 r--s 00003000 08:01 12984325                   /home/quadkastpc/.gradle/wrapper/dists/gradle-5.6.4-all/ankdp27end7byghfw1q2sw75f/gradle-5.6.4/lib/annotations-13.0.jar
7fa00cc91000-7fa00cca5000 r--s 00128000 08:01 12984324                   /home/quadkastpc/.gradle/wrapper/dists/gradle-5.6.4-all/ankdp27end7byghfw1q2sw75f/gradle-5.6.4/lib/kotlin-stdlib-1.3.41.jar
7fa00cca5000-7fa00ccbc000 r--s 000d6000 08:01 12977370                   /home/quadkastpc/.gradle/wrapper/dists/gradle-5.6.4-all/ankdp27end7byghfw1q2sw75f/gradle-5.6.4/lib/gradle-model-core-5.6.4.jar
7fa00ccbc000-7fa00ccc1000 r--s 00015000 08:01 12984280                   /home/quadkastpc/.gradle/wrapper/dists/gradle-5.6.4-all/ankdp27end7byghfw1q2sw75f/gradle-5.6.4/lib/gradle-resources-5.6.4.jar
7fa00ccc1000-7fa00ccc8000 r--s 00036000 08:01 12977374                   /home/quadkastpc/.gradle/wrapper/dists/gradle-5.6.4-all/ankdp27end7byghfw1q2sw75f/gradle-5.6.4/lib/gradle-persistent-cache-5.6.4.jar
7fa00ccc8000-7fa00ccca000 r--s 00006000 08:01 12984283                   /home/quadkastpc/.gradle/wrapper/dists/gradle-5.6.4-all/ankdp27end7byghfw1q2sw75f/gradle-5.6.4/lib/gradle-base-services-groovy-5.6.4.jar
7fa00ccca000-7fa00cccb000 r--s 00000000 08:01 12984308                   /home/quadkastpc/.gradle/wrapper/dists/gradle-5.6.4-all/ankdp27end7byghfw1q2sw75f/gradle-5.6.4/lib/javax.inject-1.jar
7fa00cccb000-7fa00ccd0000 r--s 0001f000 08:01 12977367                   /home/quadkastpc/.gradle/wrapper/dists/gradle-5.6.4-all/ankdp27end7byghfw1q2sw75f/gradle-5.6.4/lib/gradle-file-collections-5.6.4.jar
7fa00ccd0000-7fa00ccd2000 r--s 00006000 08:01 12984279                   /home/quadkastpc/.gradle/wrapper/dists/gradle-5.6.4-all/ankdp27end7byghfw1q2sw75f/gradle-5.6.4/lib/gradle-process-services-5.6.4.jar
7fa00ccd2000-7fa00ccd4000 r--s 00004000 08:01 12984296                   /home/quadkastpc/.gradle/wrapper/dists/gradle-5.6.4-all/ankdp27end7byghfw1q2sw75f/gradle-5.6.4/lib/log4j-over-slf4j-1.7.25.jar
7fa00ccd4000-7fa00ccd6000 r--s 00000000 08:01 12984295                   /home/quadkastpc/.gradle/wrapper/dists/gradle-5.6.4-all/ankdp27end7byghfw1q2sw75f/gradle-5.6.4/lib/jul-to-slf4j-1.7.25.jar
7fa00ccd6000-7fa00ccd8000 r--s 00003000 08:01 12984297                   /home/quadkastpc/.gradle/wrapper/dists/gradle-5.6.4-all/ankdp27end7byghfw1q2sw75f/gradle-5.6.4/lib/jcl-over-slf4j-1.7.25.jar
7fa00ccd8000-7fa00cce0000 r--s 00038000 08:01 12984277                   /home/quadkastpc/.gradle/wrapper/dists/gradle-5.6.4-all/ankdp27end7byghfw1q2sw75f/gradle-5.6.4/lib/gradle-logging-5.6.4.jar
7fa00cce0000-7fa00cce2000 r--s 00004000 08:01 12984288                   /home/quadkastpc/.gradle/wrapper/dists/gradle-5.6.4-all/ankdp27end7byghfw1q2sw75f/gradle-5.6.4/lib/gradle-files-5.6.4.jar
7fa00cce2000-7fa00cce3000 r--s 00004000 08:01 12984331                   /home/quadkastpc/.gradle/wrapper/dists/gradle-5.6.4-all/ankdp27end7byghfw1q2sw75f/gradle-5.6.4/lib/native-platform-freebsd-amd64-libcpp-0.18.jar
7fa00cce3000-7fa00cce4000 r--s 00004000 08:01 12984332                   /home/quadkastpc/.gradle/wrapper/dists/gradle-5.6.4-all/ankdp27end7byghfw1q2sw75f/gradle-5.6.4/lib/native-platform-freebsd-amd64-libstdcpp-0.18.jar
7fa00cce4000-7fa00cce5000 r--s 00004000 08:01 12984333                   /home/quadkastpc/.gradle/wrapper/dists/gradle-5.6.4-all/ankdp27end7byghfw1q2sw75f/gradle-5.6.4/lib/native-platform-freebsd-i386-libcpp-0.18.jar
7fa00cce5000-7fa00cce6000 r--s 00004000 08:01 12984334                   /home/quadkastpc/.gradle/wrapper/dists/gradle-5.6.4-all/ankdp27end7byghfw1q2sw75f/gradle-5.6.4/lib/native-platform-freebsd-i386-libstdcpp-0.18.jar
7fa00cce6000-7fa00cce7000 r--s 00002000 08:01 12984335                   /home/quadkastpc/.gradle/wrapper/dists/gradle-5.6.4-all/ankdp27end7byghfw1q2sw75f/gradle-5.6.4/lib/native-platform-linux-aarch64-0.18.jar
7fa00cce7000-7fa00cce8000 r--s 00002000 08:01 12984336                   /home/quadkastpc/.gradle/wrapper/dists/gradle-5.6.4-all/ankdp27end7byghfw1q2sw75f/gradle-5.6.4/lib/native-platform-linux-amd64-0.18.jar
7fa00cce8000-7fa00cce9000 r--s 00002000 08:01 12984337                   /home/quadkastpc/.gradle/wrapper/dists/gradle-5.6.4-all/ankdp27end7byghfw1q2sw75f/gradle-5.6.4/lib/native-platform-linux-i386-0.18.jar
7fa00cce9000-7fa00ccea000 r--s 00003000 08:01 12984338                   /home/quadkastpc/.gradle/wrapper/dists/gradle-5.6.4-all/ankdp27end7byghfw1q2sw75f/gradle-5.6.4/lib/native-platform-osx-amd64-0.18.jar
7fa00ccea000-7fa00cceb000 r--s 00011000 08:01 12984339                   /home/quadkastpc/.gradle/wrapper/dists/gradle-5.6.4-all/ankdp27end7byghfw1q2sw75f/gradle-5.6.4/lib/native-platform-windows-amd64-0.18.jar
7fa00cceb000-7fa00cced000 r--s 00010000 08:01 12984340                   /home/quadkastpc/.gradle/wrapper/dists/gradle-5.6.4-all/ankdp27end7byghfw1q2sw75f/gradle-5.6.4/lib/native-platform-windows-amd64-min-0.18.jar
7fa00cced000-7fa00ccee000 r--s 0000f000 08:01 12984341                   /home/quadkastpc/.gradle/wrapper/dists/gradle-5.6.4-all/ankdp27end7byghfw1q2sw75f/gradle-5.6.4/lib/native-platform-windows-i386-0.18.jar
7fa00ccee000-7fa00ccef000 r--s 0000f000 08:01 12984342                   /home/quadkastpc/.gradle/wrapper/dists/gradle-5.6.4-all/ankdp27end7byghfw1q2sw75f/gradle-5.6.4/lib/native-platform-windows-i386-min-0.18.jar
7fa00ccef000-7fa00ccf0000 r--s 00001000 08:01 12984343                   /home/quadkastpc/.gradle/wrapper/dists/gradle-5.6.4-all/ankdp27end7byghfw1q2sw75f/gradle-5.6.4/lib/native-platform-linux-aarch64-ncurses5-0.18.jar
7fa00ccf0000-7fa00ccf2000 r--s 00001000 08:01 12984344                   /home/quadkastpc/.gradle/wrapper/dists/gradle-5.6.4-all/ankdp27end7byghfw1q2sw75f/gradle-5.6.4/lib/native-platform-linux-amd64-ncurses5-0.18.jar
7fa00ccf2000-7fa00ccf3000 r--s 00001000 08:01 12984345                   /home/quadkastpc/.gradle/wrapper/dists/gradle-5.6.4-all/ankdp27end7byghfw1q2sw75f/gradle-5.6.4/lib/native-platform-linux-amd64-ncurses6-0.18.jar
7fa00ccf3000-7fa00ccf4000 r--s 00001000 08:01 12984346                   /home/quadkastpc/.gradle/wrapper/dists/gradle-5.6.4-all/ankdp27end7byghfw1q2sw75f/gradle-5.6.4/lib/native-platform-linux-i386-ncurses5-0.18.jar
7fa00ccf4000-7fa00ccf5000 r--s 00001000 08:01 12984347                   /home/quadkastpc/.gradle/wrapper/dists/gradle-5.6.4-all/ankdp27end7byghfw1q2sw75f/gradle-5.6.4/lib/native-platform-linux-i386-ncurses6-0.18.jar
7fa00ccf5000-7fa00ccfa000 r--s 0001a000 08:01 12984318                   /home/quadkastpc/.gradle/wrapper/dists/gradle-5.6.4-all/ankdp27end7byghfw1q2sw75f/gradle-5.6.4/lib/native-platform-0.18.jar
7fa00ccfa000-7fa00ccfe000 r--s 00042000 08:01 12984315                   /home/quadkastpc/.gradle/wrapper/dists/gradle-5.6.4-all/ankdp27end7byghfw1q2sw75f/gradle-5.6.4/lib/jansi-1.17.1.jar
7fa00ccfe000-7fa00cd01000 r--s 0000c000 08:01 12984282                   /home/quadkastpc/.gradle/wrapper/dists/gradle-5.6.4-all/ankdp27end7byghfw1q2sw75f/gradle-5.6.4/lib/gradle-native-5.6.4.jar
7fa00cd01000-7fa00cd03000 r--s 0000c000 08:01 12984319                   /home/quadkastpc/.gradle/wrapper/dists/gradle-5.6.4-all/ankdp27end7byghfw1q2sw75f/gradle-5.6.4/lib/objenesis-2.6.jar
7fa00cd03000-7fa00cd05000 r--s 00000000 08:01 12984327                   /home/quadkastpc/.gradle/wrapper/dists/gradle-5.6.4-all/ankdp27end7byghfw1q2sw75f/gradle-5.6.4/lib/minlog-1.2.jar
7fa00cd05000-7fa00cd0b000 r--s 0004d000 08:01 12984317                   /home/quadkastpc/.gradle/wrapper/dists/gradle-5.6.4-all/ankdp27end7byghfw1q2sw75f/gradle-5.6.4/lib/kryo-2.24.0.jar
7fa00cd0b000-7fa00cd0e000 r--s 0001c000 08:01 12984314                   /home/quadkastpc/.gradle/wrapper/dists/gradle-5.6.4-all/ankdp27end7byghfw1q2sw75f/gradle-5.6.4/lib/fastutil-8.2.1-min.jar
7fa00cd0e000-7fa00cd3e000 r--s 0024c000 08:01 12984299                   /home/quadkastpc/.gradle/wrapper/dists/gradle-5.6.4-all/ankdp27end7byghfw1q2sw75f/gradle-5.6.4/lib/guava-27.1-android.jar
7fa00cd3e000-7fa00cdbc000 r--s 00759000 08:01 12984294                   /home/quadkastpc/.gradle/wrapper/dists/gradle-5.6.4-all/ankdp27end7byghfw1q2sw75f/gradle-5.6.4/lib/groovy-all-1.3-2.5.4.jar
7fa00cdbc000-7fa00cddb000 r--s 001db000 08:01 12984306                   /home/quadkastpc/.gradle/wrapper/dists/gradle-5.6.4-all/ankdp27end7byghfw1q2sw75f/gradle-5.6.4/lib/ant-1.9.14.jar
7fa00cddb000-7fa00ce19000 r--s 0020d000 08:01 12977366                   /home/quadkastpc/.gradle/wrapper/dists/gradle-5.6.4-all/ankdp27end7byghfw1q2sw75f/gradle-5.6.4/lib/gradle-core-5.6.4.jar
7fa00ce19000-7fa00ce1a000 ---p 00000000 00:00 0 
7fa00ce1a000-7fa00cf1a000 rw-p 00000000 00:00 0 
7fa00cf1a000-7fa00cf1d000 ---p 00000000 00:00 0 
7fa00cf1d000-7fa00d01b000 rw-p 00000000 00:00 0 
7fa00d01b000-7fa00d01e000 ---p 00000000 00:00 0 
7fa00d01e000-7fa00d11c000 rw-p 00000000 00:00 0 
7fa00d11c000-7fa00d11f000 ---p 00000000 00:00 0 
7fa00d11f000-7fa00d21d000 rw-p 00000000 00:00 0 
7fa00d21d000-7fa00d220000 ---p 00000000 00:00 0 
7fa00d220000-7fa00d31e000 rw-p 00000000 00:00 0 
7fa00d31e000-7fa00d321000 ---p 00000000 00:00 0 
7fa00d321000-7fa00d41f000 rw-p 00000000 00:00 0 
7fa00d41f000-7fa00d6f7000 r--p 00000000 08:01 9830667                    /usr/lib/locale/locale-archive
7fa00d6f7000-7fa00d6fa000 ---p 00000000 00:00 0 
7fa00d6fa000-7fa00d7f8000 rw-p 00000000 00:00 0 
7fa00d7f8000-7fa00d7fb000 ---p 00000000 00:00 0 
7fa00d7fb000-7fa00d8f9000 rw-p 00000000 00:00 0 
7fa00d8f9000-7fa00d8fa000 ---p 00000000 00:00 0 
7fa00d8fa000-7fa011000000 rw-p 00000000 00:00 0 
7fa011000000-7fa0115d0000 rwxp 00000000 00:00 0 
7fa0115d0000-7fa020000000 ---p 00000000 00:00 0 
7fa020000000-7fa021257000 rw-p 00000000 00:00 0 
7fa021257000-7fa024000000 ---p 00000000 00:00 0 
7fa024000000-7fa024001000 r--s 00003000 08:01 12984285                   /home/quadkastpc/.gradle/wrapper/dists/gradle-5.6.4-all/ankdp27end7byghfw1q2sw75f/gradle-5.6.4/lib/gradle-build-option-5.6.4.jar
7fa024001000-7fa024008000 r--s 0002f000 08:01 12984281                   /home/quadkastpc/.gradle/wrapper/dists/gradle-5.6.4-all/ankdp27end7byghfw1q2sw75f/gradle-5.6.4/lib/gradle-messaging-5.6.4.jar
7fa024008000-7fa02400a000 r--s 00005000 08:01 12984286                   /home/quadkastpc/.gradle/wrapper/dists/gradle-5.6.4-all/ankdp27end7byghfw1q2sw75f/gradle-5.6.4/lib/gradle-cli-5.6.4.jar
7fa02400a000-7fa02400b000 r--s 00000000 08:01 12984292                   /home/quadkastpc/.gradle/wrapper/dists/gradle-5.6.4-all/ankdp27end7byghfw1q2sw75f/gradle-5.6.4/lib/gradle-pineapple-5.6.4.jar
7fa02400b000-7fa02400d000 r--s 00003000 08:01 12984291                   /home/quadkastpc/.gradle/wrapper/dists/gradle-5.6.4-all/ankdp27end7byghfw1q2sw75f/gradle-5.6.4/lib/gradle-hashing-5.6.4.jar
7fa02400d000-7fa02400f000 r--s 00003000 08:01 12984316                   /home/quadkastpc/.gradle/wrapper/dists/gradle-5.6.4-all/ankdp27end7byghfw1q2sw75f/gradle-5.6.4/lib/jsr305-3.0.2.jar
7fa02400f000-7fa024011000 r--s 00000000 08:01 12984329                   /home/quadkastpc/.gradle/wrapper/dists/gradle-5.6.4-all/ankdp27end7byghfw1q2sw75f/gradle-5.6.4/lib/failureaccess-1.0.1.jar
7fa024011000-7fa024016000 r--s 00041000 08:01 12984301                   /home/quadkastpc/.gradle/wrapper/dists/gradle-5.6.4-all/ankdp27end7byghfw1q2sw75f/gradle-5.6.4/lib/commons-lang-2.6.jar
7fa024016000-7fa024024000 r--s 00043000 08:01 12977373                   /home/quadkastpc/.gradle/wrapper/dists/gradle-5.6.4-all/ankdp27end7byghfw1q2sw75f/gradle-5.6.4/lib/gradle-core-api-5.6.4.jar
7fa024024000-7fa024031000 r--s 00064000 08:01 12984284                   /home/quadkastpc/.gradle/wrapper/dists/gradle-5.6.4-all/ankdp27end7byghfw1q2sw75f/gradle-5.6.4/lib/gradle-base-services-5.6.4.jar
7fa024031000-7fa024048000 r-xp 00000000 08:01 7996627                    /home/quadkastpc/Documents/android-studio/jre/jre/lib/amd64/libnet.so
7fa024048000-7fa024049000 r--p 00016000 08:01 7996627                    /home/quadkastpc/Documents/android-studio/jre/jre/lib/amd64/libnet.so
7fa024049000-7fa02404a000 rw-p 00017000 08:01 7996627                    /home/quadkastpc/Documents/android-studio/jre/jre/lib/amd64/libnet.so
7fa02404a000-7fa02405a000 r-xp 00000000 08:01 7996648                    /home/quadkastpc/Documents/android-studio/jre/jre/lib/amd64/libnio.so
7fa02405a000-7fa02405b000 ---p 00010000 08:01 7996648                    /home/quadkastpc/Documents/android-studio/jre/jre/lib/amd64/libnio.so
7fa02405b000-7fa02405c000 r--p 00010000 08:01 7996648                    /home/quadkastpc/Documents/android-studio/jre/jre/lib/amd64/libnio.so
7fa02405c000-7fa02405d000 rw-p 00011000 08:01 7996648                    /home/quadkastpc/Documents/android-studio/jre/jre/lib/amd64/libnio.so
7fa02405d000-7fa024a38000 rw-p 00000000 00:00 0 
7fa024a38000-7fa024c0b000 r--s 03cdf000 08:01 7996664                    /home/quadkastpc/Documents/android-studio/jre/jre/lib/rt.jar
7fa024c0b000-7fa0257dc000 rw-p 00000000 00:00 0 
7fa0257dc000-7fa0257dd000 ---p 00000000 00:00 0 
7fa0257dd000-7fa0258dd000 rw-p 00000000 00:00 0 
7fa0258dd000-7fa0258de000 ---p 00000000 00:00 0 
7fa0258de000-7fa0259de000 rw-p 00000000 00:00 0 
7fa0259de000-7fa0259df000 ---p 00000000 00:00 0 
7fa0259df000-7fa025adf000 rw-p 00000000 00:00 0 
7fa025adf000-7fa025ae0000 ---p 00000000 00:00 0 
7fa025ae0000-7fa025c08000 rw-p 00000000 00:00 0 
7fa025c08000-7fa025de0000 ---p 00000000 00:00 0 
7fa025de0000-7fa025e08000 rw-p 00000000 00:00 0 
7fa025e08000-7fa025fe0000 ---p 00000000 00:00 0 
7fa025fe0000-7fa026003000 rw-p 00000000 00:00 0 
7fa026003000-7fa0260e0000 ---p 00000000 00:00 0 
7fa0260e0000-7fa0260f9000 rw-p 00000000 00:00 0 
7fa0260f9000-7fa0264a1000 ---p 00000000 00:00 0 
7fa0264a1000-7fa0264ac000 r-xp 00000000 08:01 3936718                    /lib/x86_64-linux-gnu/libnss_files-2.23.so
7fa0264ac000-7fa0266ab000 ---p 0000b000 08:01 3936718                    /lib/x86_64-linux-gnu/libnss_files-2.23.so
7fa0266ab000-7fa0266ac000 r--p 0000a000 08:01 3936718                    /lib/x86_64-linux-gnu/libnss_files-2.23.so
7fa0266ac000-7fa0266ad000 rw-p 0000b000 08:01 3936718                    /lib/x86_64-linux-gnu/libnss_files-2.23.so
7fa0266ad000-7fa0266b3000 rw-p 00000000 00:00 0 
7fa0266b3000-7fa0266be000 r-xp 00000000 08:01 3936722                    /lib/x86_64-linux-gnu/libnss_nis-2.23.so
7fa0266be000-7fa0268bd000 ---p 0000b000 08:01 3936722                    /lib/x86_64-linux-gnu/libnss_nis-2.23.so
7fa0268bd000-7fa0268be000 r--p 0000a000 08:01 3936722                    /lib/x86_64-linux-gnu/libnss_nis-2.23.so
7fa0268be000-7fa0268bf000 rw-p 0000b000 08:01 3936722                    /lib/x86_64-linux-gnu/libnss_nis-2.23.so
7fa0268bf000-7fa0268d5000 r-xp 00000000 08:01 3936708                    /lib/x86_64-linux-gnu/libnsl-2.23.so
7fa0268d5000-7fa026ad4000 ---p 00016000 08:01 3936708                    /lib/x86_64-linux-gnu/libnsl-2.23.so
7fa026ad4000-7fa026ad5000 r--p 00015000 08:01 3936708                    /lib/x86_64-linux-gnu/libnsl-2.23.so
7fa026ad5000-7fa026ad6000 rw-p 00016000 08:01 3936708                    /lib/x86_64-linux-gnu/libnsl-2.23.so
7fa026ad6000-7fa026ad8000 rw-p 00000000 00:00 0 
7fa026ad8000-7fa026ae0000 r-xp 00000000 08:01 3936720                    /lib/x86_64-linux-gnu/libnss_compat-2.23.so
7fa026ae0000-7fa026cdf000 ---p 00008000 08:01 3936720                    /lib/x86_64-linux-gnu/libnss_compat-2.23.so
7fa026cdf000-7fa026ce0000 r--p 00007000 08:01 3936720                    /lib/x86_64-linux-gnu/libnss_compat-2.23.so
7fa026ce0000-7fa026ce1000 rw-p 00008000 08:01 3936720                    /lib/x86_64-linux-gnu/libnss_compat-2.23.so
7fa026ce1000-7fa026ce8000 r-xp 00000000 08:01 3936725                    /lib/x86_64-linux-gnu/librt-2.23.so
7fa026ce8000-7fa026ee7000 ---p 00007000 08:01 3936725                    /lib/x86_64-linux-gnu/librt-2.23.so
7fa026ee7000-7fa026ee8000 r--p 00006000 08:01 3936725                    /lib/x86_64-linux-gnu/librt-2.23.so
7fa026ee8000-7fa026ee9000 rw-p 00007000 08:01 3936725                    /lib/x86_64-linux-gnu/librt-2.23.so
7fa026ee9000-7fa026ff1000 r-xp 00000000 08:01 3936709                    /lib/x86_64-linux-gnu/libm-2.23.so
7fa026ff1000-7fa0271f0000 ---p 00108000 08:01 3936709                    /lib/x86_64-linux-gnu/libm-2.23.so
7fa0271f0000-7fa0271f1000 r--p 00107000 08:01 3936709                    /lib/x86_64-linux-gnu/libm-2.23.so
7fa0271f1000-7fa0271f2000 rw-p 00108000 08:01 3936709                    /lib/x86_64-linux-gnu/libm-2.23.so
7fa0271f2000-7fa027e21000 r-xp 00000000 08:01 7996641                    /home/quadkastpc/Documents/android-studio/jre/jre/lib/amd64/server/libjvm.so
7fa027e21000-7fa027ec9000 r--p 00c2e000 08:01 7996641                    /home/quadkastpc/Documents/android-studio/jre/jre/lib/amd64/server/libjvm.so
7fa027ec9000-7fa027ef2000 rw-p 00cd6000 08:01 7996641                    /home/quadkastpc/Documents/android-studio/jre/jre/lib/amd64/server/libjvm.so
7fa027ef2000-7fa027f36000 rw-p 00000000 00:00 0 
7fa027f36000-7fa0280f6000 r-xp 00000000 08:01 3936705                    /lib/x86_64-linux-gnu/libc-2.23.so
7fa0280f6000-7fa0282f6000 ---p 001c0000 08:01 3936705                    /lib/x86_64-linux-gnu/libc-2.23.so
7fa0282f6000-7fa0282fa000 r--p 001c0000 08:01 3936705                    /lib/x86_64-linux-gnu/libc-2.23.so
7fa0282fa000-7fa0282fc000 rw-p 001c4000 08:01 3936705                    /lib/x86_64-linux-gnu/libc-2.23.so
7fa0282fc000-7fa028300000 rw-p 00000000 00:00 0 
7fa028300000-7fa028303000 r-xp 00000000 08:01 3936703                    /lib/x86_64-linux-gnu/libdl-2.23.so
7fa028303000-7fa028502000 ---p 00003000 08:01 3936703                    /lib/x86_64-linux-gnu/libdl-2.23.so
7fa028502000-7fa028503000 r--p 00002000 08:01 3936703                    /lib/x86_64-linux-gnu/libdl-2.23.so
7fa028503000-7fa028504000 rw-p 00003000 08:01 3936703                    /lib/x86_64-linux-gnu/libdl-2.23.so
7fa028504000-7fa02851c000 r-xp 00000000 08:01 3936706                    /lib/x86_64-linux-gnu/libpthread-2.23.so
7fa02851c000-7fa02871b000 ---p 00018000 08:01 3936706                    /lib/x86_64-linux-gnu/libpthread-2.23.so
7fa02871b000-7fa02871c000 r--p 00017000 08:01 3936706                    /lib/x86_64-linux-gnu/libpthread-2.23.so
7fa02871c000-7fa02871d000 rw-p 00018000 08:01 3936706                    /lib/x86_64-linux-gnu/libpthread-2.23.so
7fa02871d000-7fa028721000 rw-p 00000000 00:00 0 
7fa028721000-7fa028747000 r-xp 00000000 08:01 3936716                    /lib/x86_64-linux-gnu/ld-2.23.so
7fa028747000-7fa02874b000 r--s 00031000 08:01 12984300                   /home/quadkastpc/.gradle/wrapper/dists/gradle-5.6.4-all/ankdp27end7byghfw1q2sw75f/gradle-5.6.4/lib/commons-io-2.6.jar
7fa02874b000-7fa028758000 r--s 0006c000 08:01 12977358                   /home/quadkastpc/.gradle/wrapper/dists/gradle-5.6.4-all/ankdp27end7byghfw1q2sw75f/gradle-5.6.4/lib/gradle-launcher-5.6.4.jar
7fa028758000-7fa0287bf000 rw-p 00000000 00:00 0 
7fa0287bf000-7fa0287da000 r-xp 00000000 08:01 7996623                    /home/quadkastpc/Documents/android-studio/jre/jre/lib/amd64/libzip.so
7fa0287da000-7fa0287db000 r--p 0001a000 08:01 7996623                    /home/quadkastpc/Documents/android-studio/jre/jre/lib/amd64/libzip.so
7fa0287db000-7fa0287dc000 rw-p 0001b000 08:01 7996623                    /home/quadkastpc/Documents/android-studio/jre/jre/lib/amd64/libzip.so
7fa0287dc000-7fa0287e4000 rw-s 00000000 08:01 8263240                    /tmp/hsperfdata_quadkastpc/19500
7fa0287e4000-7fa02880c000 r-xp 00000000 08:01 7996631                    /home/quadkastpc/Documents/android-studio/jre/jre/lib/amd64/libjava.so
7fa02880c000-7fa02880d000 r--p 00027000 08:01 7996631                    /home/quadkastpc/Documents/android-studio/jre/jre/lib/amd64/libjava.so
7fa02880d000-7fa02880f000 rw-p 00028000 08:01 7996631                    /home/quadkastpc/Documents/android-studio/jre/jre/lib/amd64/libjava.so
7fa02880f000-7fa028812000 ---p 00000000 00:00 0 
7fa028812000-7fa028914000 rw-p 00000000 00:00 0 
7fa028914000-7fa02892a000 r-xp 00000000 08:01 7996522                    /home/quadkastpc/Documents/android-studio/jre/lib/amd64/jli/libjli.so
7fa02892a000-7fa02892b000 r--p 00015000 08:01 7996522                    /home/quadkastpc/Documents/android-studio/jre/lib/amd64/jli/libjli.so
7fa02892b000-7fa02892c000 rw-p 00016000 08:01 7996522                    /home/quadkastpc/Documents/android-studio/jre/lib/amd64/jli/libjli.so
7fa02892c000-7fa02892d000 rw-p 00000000 00:00 0 
7fa02892d000-7fa02892f000 r--s 0001b000 08:01 12984305                   /home/quadkastpc/.gradle/wrapper/dists/gradle-5.6.4-all/ankdp27end7byghfw1q2sw75f/gradle-5.6.4/lib/asm-7.1.jar
7fa02892f000-7fa028931000 r--s 00009000 08:01 12984298                   /home/quadkastpc/.gradle/wrapper/dists/gradle-5.6.4-all/ankdp27end7byghfw1q2sw75f/gradle-5.6.4/lib/slf4j-api-1.7.25.jar
7fa028931000-7fa028932000 r--s 00004000 08:01 12984326                   /home/quadkastpc/.gradle/wrapper/dists/gradle-5.6.4-all/ankdp27end7byghfw1q2sw75f/gradle-5.6.4/lib/ant-launcher-1.9.14.jar
7fa028932000-7fa028934000 r--s 00001000 08:01 12977364                   /home/quadkastpc/.gradle/wrapper/dists/gradle-5.6.4-all/ankdp27end7byghfw1q2sw75f/gradle-5.6.4/lib/gradle-bootstrap-5.6.4.jar
7fa028934000-7fa028935000 rw-p 00000000 00:00 0 
7fa028935000-7fa028936000 ---p 00000000 00:00 0 
7fa028936000-7fa028943000 r-xp 00000000 08:01 7996619                    /home/quadkastpc/Documents/android-studio/jre/jre/lib/amd64/libverify.so
7fa028943000-7fa028945000 r--p 0000c000 08:01 7996619                    /home/quadkastpc/Documents/android-studio/jre/jre/lib/amd64/libverify.so
7fa028945000-7fa028946000 rw-p 0000e000 08:01 7996619                    /home/quadkastpc/Documents/android-studio/jre/jre/lib/amd64/libverify.so
7fa028946000-7fa028947000 r--p 00025000 08:01 3936716                    /lib/x86_64-linux-gnu/ld-2.23.so
7fa028947000-7fa028948000 rw-p 00026000 08:01 3936716                    /lib/x86_64-linux-gnu/ld-2.23.so
7fa028948000-7fa028949000 rw-p 00000000 00:00 0 
7ffe248aa000-7ffe248cb000 rw-p 00000000 00:00 0                          [stack]
7ffe249b2000-7ffe249b5000 r--p 00000000 00:00 0                          [vvar]
7ffe249b5000-7ffe249b7000 r-xp 00000000 00:00 0                          [vdso]
ffffffffff600000-ffffffffff601000 r-xp 00000000 00:00 0                  [vsyscall]

VM Arguments:
jvm_args: -Xmx1536m -Dfile.encoding=UTF-8 -Duser.country=IN -Duser.language=en -Duser.variant 
java_command: org.gradle.launcher.daemon.bootstrap.GradleDaemon 5.6.4
java_class_path (initial): /home/quadkastpc/.gradle/wrapper/dists/gradle-5.6.4-all/ankdp27end7byghfw1q2sw75f/gradle-5.6.4/lib/gradle-launcher-5.6.4.jar
Launcher Type: SUN_STANDARD

Environment Variables:
PATH=/home/quadkastpc/bin:/home/quadkastpc/.local/bin:/usr/local/sbin:/usr/local/bin:/usr/sbin:/usr/bin:/sbin:/bin:/usr/games:/usr/local/games:/snap/bin
SHELL=/bin/bash
DISPLAY=:0

Signal Handlers:
SIGSEGV: [libjvm.so+0xa13c80], sa_mask[0]=11111111011111111101111111111110, sa_flags=SA_RESTART|SA_SIGINFO
SIGBUS: [libjvm.so+0xa13c80], sa_mask[0]=11111111011111111101111111111110, sa_flags=SA_RESTART|SA_SIGINFO
SIGFPE: [libjvm.so+0x874670], sa_mask[0]=11111111011111111101111111111110, sa_flags=SA_RESTART|SA_SIGINFO
SIGPIPE: [libjvm.so+0x874670], sa_mask[0]=11111111011111111101111111111110, sa_flags=SA_RESTART|SA_SIGINFO
SIGXFSZ: [libjvm.so+0x874670], sa_mask[0]=11111111011111111101111111111110, sa_flags=SA_RESTART|SA_SIGINFO
SIGILL: [libjvm.so+0x874670], sa_mask[0]=11111111011111111101111111111110, sa_flags=SA_RESTART|SA_SIGINFO
SIGUSR1: SIG_DFL, sa_mask[0]=00000000000000000000000000000000, sa_flags=none
SIGUSR2: [libjvm.so+0x874540], sa_mask[0]=00100000000000000000000000000000, sa_flags=SA_RESTART|SA_SIGINFO
SIGHUP: SIG_IGN, sa_mask[0]=00000000000000000000000000000000, sa_flags=none
SIGINT: [libjvm.so+0x874730], sa_mask[0]=11111111011111111101111111111110, sa_flags=SA_RESTART|SA_SIGINFO
SIGTERM: [libjvm.so+0x874730], sa_mask[0]=11111111011111111101111111111110, sa_flags=SA_RESTART|SA_SIGINFO
SIGQUIT: [libjvm.so+0x874730], sa_mask[0]=11111111011111111101111111111110, sa_flags=SA_RESTART|SA_SIGINFO


---------------  S Y S T E M  ---------------

OS:DISTRIB_ID=Ubuntu
DISTRIB_RELEASE=16.04
DISTRIB_CODENAME=xenial
DISTRIB_DESCRIPTION="Ubuntu 16.04.7 LTS"

uname:Linux 4.15.0-117-generic #118~16.04.1-Ubuntu SMP Sat Sep 5 23:35:06 UTC 2020 x86_64
libc:glibc 2.23 NPTL 2.23 
rlimit: STACK 8192k, CORE 0k, NPROC 30468, NOFILE 1048576, AS infinity
load average:1.59 1.08 3.17

/proc/meminfo:
MemTotal:        7860964 kB
MemFree:          118268 kB
MemAvailable:      22376 kB
Buffers:             568 kB
Cached:           464792 kB
SwapCached:         8012 kB
Active:          6555032 kB
Inactive:         928980 kB
Active(anon):    6548112 kB
Inactive(anon):   917080 kB
Active(file):       6920 kB
Inactive(file):    11900 kB
Unevictable:          96 kB
Mlocked:              96 kB
SwapTotal:        999420 kB
SwapFree:              0 kB
Dirty:               140 kB
Writeback:             0 kB
AnonPages:       7014160 kB
Mapped:           130556 kB
Shmem:            445776 kB
Slab:             116324 kB
SReclaimable:      60860 kB
SUnreclaim:        55464 kB
KernelStack:       14720 kB
PageTables:        70336 kB
NFS_Unstable:          0 kB
Bounce:                0 kB
WritebackTmp:          0 kB
CommitLimit:     4929900 kB
Committed_AS:   15575984 kB
VmallocTotal:   34359738367 kB
VmallocUsed:           0 kB
VmallocChunk:          0 kB
HardwareCorrupted:     0 kB
AnonHugePages:         0 kB
ShmemHugePages:        0 kB
ShmemPmdMapped:        0 kB
CmaTotal:              0 kB
CmaFree:               0 kB
HugePages_Total:       0
HugePages_Free:        0
HugePages_Rsvd:        0
HugePages_Surp:        0
Hugepagesize:       2048 kB
DirectMap4k:      457328 kB
DirectMap2M:     7620608 kB
DirectMap1G:           0 kB

container (cgroup) information:
container_type: cgroupv1
cpu_cpuset_cpus: 0-3
cpu_memory_nodes: 0
active_processor_count: 4
cpu_quota: -1
cpu_period: 100000
cpu_shares: -1
memory_limit_in_bytes: -1
memory_and_swap_limit_in_bytes: -2
memory_soft_limit_in_bytes: -1
memory_usage_in_bytes: 7662858240
memory_max_usage_in_bytes: 4120576


CPU:total 4 (initial active 4) (2 cores per cpu, 2 threads per core) family 6 model 61 stepping 4, cmov, cx8, fxsr, mmx, sse, sse2, sse3, ssse3, sse4.1, sse4.2, popcnt, avx, avx2, aes, clmul, erms, 3dnowpref, lzcnt, ht, tsc, tscinvbit, bmi1, bmi2, adx

/proc/cpuinfo:
processor	: 0
vendor_id	: GenuineIntel
cpu family	: 6
model		: 61
model name	: Intel(R) Core(TM) i5-5200U CPU @ 2.20GHz
stepping	: 4
microcode	: 0x2f
cpu MHz		: 2494.208
cache size	: 3072 KB
physical id	: 0
siblings	: 4
core id		: 0
cpu cores	: 2
apicid		: 0
initial apicid	: 0
fpu		: yes
fpu_exception	: yes
cpuid level	: 20
wp		: yes
flags		: fpu vme de pse tsc msr pae mce cx8 apic sep mtrr pge mca cmov pat pse36 clflush dts acpi mmx fxsr sse sse2 ss ht tm pbe syscall nx pdpe1gb rdtscp lm constant_tsc arch_perfmon pebs bts rep_good nopl xtopology nonstop_tsc cpuid aperfmperf pni pclmulqdq dtes64 monitor ds_cpl vmx est tm2 ssse3 sdbg fma cx16 xtpr pdcm pcid sse4_1 sse4_2 x2apic movbe popcnt tsc_deadline_timer aes xsave avx f16c rdrand lahf_lm abm 3dnowprefetch cpuid_fault epb invpcid_single pti ssbd ibrs ibpb stibp tpr_shadow vnmi flexpriority ept vpid fsgsbase tsc_adjust bmi1 avx2 smep bmi2 erms invpcid rdseed adx smap intel_pt xsaveopt dtherm ida arat pln pts md_clear flush_l1d
bugs		: cpu_meltdown spectre_v1 spectre_v2 spec_store_bypass l1tf mds swapgs itlb_multihit srbds
bogomips	: 4389.79
clflush size	: 64
cache_alignment	: 64
address sizes	: 39 bits physical, 48 bits virtual
power management:

processor	: 1
vendor_id	: GenuineIntel
cpu family	: 6
model		: 61
model name	: Intel(R) Core(TM) i5-5200U CPU @ 2.20GHz
stepping	: 4
microcode	: 0x2f
cpu MHz		: 2494.201
cache size	: 3072 KB
physical id	: 0
siblings	: 4
core id		: 0
cpu cores	: 2
apicid		: 1
initial apicid	: 1
fpu		: yes
fpu_exception	: yes
cpuid level	: 20
wp		: yes
flags		: fpu vme de pse tsc msr pae mce cx8 apic sep mtrr pge mca cmov pat pse36 clflush dts acpi mmx fxsr sse sse2 ss ht tm pbe syscall nx pdpe1gb rdtscp lm constant_tsc arch_perfmon pebs bts rep_good nopl xtopology nonstop_tsc cpuid aperfmperf pni pclmulqdq dtes64 monitor ds_cpl vmx est tm2 ssse3 sdbg fma cx16 xtpr pdcm pcid sse4_1 sse4_2 x2apic movbe popcnt tsc_deadline_timer aes xsave avx f16c rdrand lahf_lm abm 3dnowprefetch cpuid_fault epb invpcid_single pti ssbd ibrs ibpb stibp tpr_shadow vnmi flexpriority ept vpid fsgsbase tsc_adjust bmi1 avx2 smep bmi2 erms invpcid rdseed adx smap intel_pt xsaveopt dtherm ida arat pln pts md_clear flush_l1d
bugs		: cpu_meltdown spectre_v1 spectre_v2 spec_store_bypass l1tf mds swapgs itlb_multihit srbds
bogomips	: 4389.79
clflush size	: 64
cache_alignment	: 64
address sizes	: 39 bits physical, 48 bits virtual
power management:

processor	: 2
vendor_id	: GenuineIntel
cpu family	: 6
model		: 61
model name	: Intel(R) Core(TM) i5-5200U CPU @ 2.20GHz
stepping	: 4
microcode	: 0x2f
cpu MHz		: 2494.209
cache size	: 3072 KB
physical id	: 0
siblings	: 4
core id		: 1
cpu cores	: 2
apicid		: 2
initial apicid	: 2
fpu		: yes
fpu_exception	: yes
cpuid level	: 20
wp		: yes
flags		: fpu vme de pse tsc msr pae mce cx8 apic sep mtrr pge mca cmov pat pse36 clflush dts acpi mmx fxsr sse sse2 ss ht tm pbe syscall nx pdpe1gb rdtscp lm constant_tsc arch_perfmon pebs bts rep_good nopl xtopology nonstop_tsc cpuid aperfmperf pni pclmulqdq dtes64 monitor ds_cpl vmx est tm2 ssse3 sdbg fma cx16 xtpr pdcm pcid sse4_1 sse4_2 x2apic movbe popcnt tsc_deadline_timer aes xsave avx f16c rdrand lahf_lm abm 3dnowprefetch cpuid_fault epb invpcid_single pti ssbd ibrs ibpb stibp tpr_shadow vnmi flexpriority ept vpid fsgsbase tsc_adjust bmi1 avx2 smep bmi2 erms invpcid rdseed adx smap intel_pt xsaveopt dtherm ida arat pln pts md_clear flush_l1d
bugs		: cpu_meltdown spectre_v1 spectre_v2 spec_store_bypass l1tf mds swapgs itlb_multihit srbds
bogomips	: 4389.79
clflush size	: 64
cache_alignment	: 64
address sizes	: 39 bits physical, 48 bits virtual
power management:

processor	: 3
vendor_id	: GenuineIntel
cpu family	: 6
model		: 61
model name	: Intel(R) Core(TM) i5-5200U CPU @ 2.20GHz
stepping	: 4
microcode	: 0x2f
cpu MHz		: 2494.147
cache size	: 3072 KB
physical id	: 0
siblings	: 4
core id		: 1
cpu cores	: 2
apicid		: 3
initial apicid	: 3
fpu		: yes
fpu_exception	: yes
cpuid level	: 20
wp		: yes
flags		: fpu vme de pse tsc msr pae mce cx8 apic sep mtrr pge mca cmov pat pse36 clflush dts acpi mmx fxsr sse sse2 ss ht tm pbe syscall nx pdpe1gb rdtscp lm constant_tsc arch_perfmon pebs bts rep_good nopl xtopology nonstop_tsc cpuid aperfmperf pni pclmulqdq dtes64 monitor ds_cpl vmx est tm2 ssse3 sdbg fma cx16 xtpr pdcm pcid sse4_1 sse4_2 x2apic movbe popcnt tsc_deadline_timer aes xsave avx f16c rdrand lahf_lm abm 3dnowprefetch cpuid_fault epb invpcid_single pti ssbd ibrs ibpb stibp tpr_shadow vnmi flexpriority ept vpid fsgsbase tsc_adjust bmi1 avx2 smep bmi2 erms invpcid rdseed adx smap intel_pt xsaveopt dtherm ida arat pln pts md_clear flush_l1d
bugs		: cpu_meltdown spectre_v1 spectre_v2 spec_store_bypass l1tf mds swapgs itlb_multihit srbds
bogomips	: 4389.79
clflush size	: 64
cache_alignment	: 64
address sizes	: 39 bits physical, 48 bits virtual
power management:



Memory: 4k page, physical 7860964k(115780k free), swap 999420k(0k free)

vm_info: OpenJDK 64-Bit Server VM (25.242-b3-6222593) for linux-amd64 JRE (1.8.0_242-release-1644-b3-6222593), built by "android-build" with gcc 4.8

time: Mon Sep 21 22:32:42 2020
timezone: IST
elapsed time: 5 seconds (0d 0h 0m 5s)

