#
# There is insufficient memory for the Java Runtime Environment to continue.
# Native memory allocation (mmap) failed to map 78643200 bytes for committing reserved memory.
# Possible reasons:
#   The system is out of physical RAM or swap space
#   The process is running with CompressedOops enabled, and the Java Heap may be blocking the growth of the native heap
# Possible solutions:
#   Reduce memory load on the system
#   Increase physical memory or swap space
#   Check if swap backing store is full
#   Decrease Java heap size (-Xmx/-Xms)
#   Decrease number of Java threads
#   Decrease Java thread stack sizes (-Xss)
#   Set larger code cache with -XX:ReservedCodeCacheSize=
#   JVM is running with Unscaled Compressed Oops mode in which the Java heap is
#     placed in the first 4GB address space. The Java Heap base address is the
#     maximum limit for the native heap growth. Please use -XX:HeapBaseMinAddress
#     to set the Java Heap base and to place the Java Heap above 4GB virtual address.
# This output file may be truncated or incomplete.
#
#  Out of Memory Error (os_linux.cpp:2754), pid=19234, tid=0x00007f46077f7700
#
# JRE version: OpenJDK Runtime Environment (8.0_242) (build 1.8.0_242-release-1644-b3-6222593)
# Java VM: OpenJDK 64-Bit Server VM (25.242-b3-6222593 mixed mode linux-amd64 compressed oops)
# Failed to write core dump. Core dumps have been disabled. To enable core dumping, try "ulimit -c unlimited" before starting Java again
#

---------------  T H R E A D  ---------------

Current thread (0x00007f4624078800):  VMThread [stack: 0x00007f46076f7000,0x00007f46077f8000] [id=19243]

Stack: [0x00007f46076f7000,0x00007f46077f8000],  sp=0x00007f46077f64c0,  free space=1021k
Native frames: (J=compiled Java code, j=interpreted, Vv=VM code, C=native code)
V  [libjvm.so+0xa1317d]  VMError::report_and_die()+0x15d
V  [libjvm.so+0x4d7bca]  report_vm_out_of_memory(char const*, int, unsigned long, VMErrorType, char const*)+0x8a
V  [libjvm.so+0x878fb8]  os::pd_commit_memory(char*, unsigned long, unsigned long, bool)+0xd8
V  [libjvm.so+0x87088f]  os::commit_memory(char*, unsigned long, unsigned long, bool)+0x1f
V  [libjvm.so+0x8ea5fb]  PSVirtualSpace::expand_by(unsigned long)+0x5b
V  [libjvm.so+0x8eb250]  PSYoungGen::resize_generation(unsigned long, unsigned long)+0xb0
V  [libjvm.so+0x8eb56b]  PSYoungGen::resize(unsigned long, unsigned long)+0x1b
V  [libjvm.so+0x8e7cc8]  PSScavenge::invoke_no_policy()+0xdb8
V  [libjvm.so+0x8e8458]  PSScavenge::invoke()+0x38
V  [libjvm.so+0x89c9e3]  ParallelScavengeHeap::failed_mem_allocate(unsigned long)+0x63
V  [libjvm.so+0xa14d24]  VM_ParallelGCFailedAllocation::doit()+0x84
V  [libjvm.so+0xa191b7]  VM_Operation::evaluate()+0x47
V  [libjvm.so+0xa17b98]  VMThread::evaluate_operation(VM_Operation*)+0x218
V  [libjvm.so+0xa17ff9]  VMThread::loop()+0x219
V  [libjvm.so+0xa18453]  VMThread::run()+0x83
V  [libjvm.so+0x8760c2]  java_start(Thread*)+0xf2

VM_Operation (0x00007f46053759c0): ParallelGCFailedAllocation, mode: safepoint, requested by thread 0x00007f45c000a800


---------------  P R O C E S S  ---------------

Java Threads: ( => current thread )
  0x00007f45bca4e800 JavaThread "Cache worker for file hash cache (/home/quadkastpc/Documents/Workspace/Andriod Projects/FCM-Sender-Kotlin/.gradle/5.6.4/fileHashes)" [_thread_blocked, id=19269, stack(0x00007f4604545000,0x00007f4604646000)]
  0x00007f45bc14f800 JavaThread "Cache worker for journal cache (/home/quadkastpc/.gradle/caches/journal-1)" [_thread_blocked, id=19267, stack(0x00007f4604c77000,0x00007f4604d78000)]
  0x00007f45bc14d000 JavaThread "File lock request listener" [_thread_in_native, id=19266, stack(0x00007f4604d78000,0x00007f4604e79000)]
  0x00007f45bc147000 JavaThread "Cache worker for file hash cache (/home/quadkastpc/.gradle/caches/5.6.4/fileHashes)" [_thread_blocked, id=19265, stack(0x00007f4604e79000,0x00007f4604f7a000)]
  0x00007f45bc011000 JavaThread "Thread-9" [_thread_blocked, id=19264, stack(0x00007f4604f7a000,0x00007f460507b000)]
  0x00007f45bc00a800 JavaThread "Stdin handler" [_thread_blocked, id=19263, stack(0x00007f460507b000,0x00007f460517c000)]
  0x00007f45bc008800 JavaThread "Asynchronous log dispatcher for DefaultDaemonConnection: socket connection from /127.0.0.1:32879 to /127.0.0.1:55664" [_thread_blocked, id=19262, stack(0x00007f460517c000,0x00007f460527d000)]
  0x00007f45c000a800 JavaThread "Daemon worker" [_thread_blocked, id=19259, stack(0x00007f460527d000,0x00007f460537e000)]
  0x00007f45c0008800 JavaThread "Cancel handler" [_thread_blocked, id=19258, stack(0x00007f460537e000,0x00007f460547f000)]
  0x00007f45c0003800 JavaThread "Handler for socket connection from /127.0.0.1:32879 to /127.0.0.1:55664" [_thread_in_native, id=19257, stack(0x00007f460567f000,0x00007f4605780000)]
  0x00007f45c802b000 JavaThread "Daemon" [_thread_blocked, id=19256, stack(0x00007f4605780000,0x00007f4605881000)]
  0x00007f4625288800 JavaThread "Daemon periodic checks" [_thread_blocked, id=19255, stack(0x00007f4605881000,0x00007f4605982000)]
  0x00007f4624231800 JavaThread "Incoming local TCP Connector on port 32879" [_thread_in_native, id=19254, stack(0x00007f4605989000,0x00007f4605a8a000)]
  0x00007f462411f800 JavaThread "Daemon health stats" [_thread_blocked, id=19253, stack(0x00007f4605c8f000,0x00007f4605d90000)]
  0x00007f46240e3000 JavaThread "Service Thread" daemon [_thread_blocked, id=19251, stack(0x00007f4606d18000,0x00007f4606e19000)]
  0x00007f46240bd800 JavaThread "C1 CompilerThread2" daemon [_thread_blocked, id=19250, stack(0x00007f4606e19000,0x00007f4606f1a000)]
  0x00007f46240bc000 JavaThread "C2 CompilerThread1" daemon [_thread_blocked, id=19249, stack(0x00007f4606f1a000,0x00007f460701b000)]
  0x00007f46240b9000 JavaThread "C2 CompilerThread0" daemon [_thread_blocked, id=19248, stack(0x00007f460701b000,0x00007f460711c000)]
  0x00007f46240b7800 JavaThread "Signal Dispatcher" daemon [_thread_blocked, id=19247, stack(0x00007f460711c000,0x00007f460721d000)]
  0x00007f4624087000 JavaThread "Finalizer" daemon [_thread_blocked, id=19245, stack(0x00007f46074f5000,0x00007f46075f6000)]
  0x00007f4624082000 JavaThread "Reference Handler" daemon [_thread_blocked, id=19244, stack(0x00007f46075f6000,0x00007f46076f7000)]
  0x00007f462400b000 JavaThread "main" [_thread_blocked, id=19238, stack(0x00007f462a6e3000,0x00007f462a7e4000)]

Other Threads:
=>0x00007f4624078800 VMThread [stack: 0x00007f46076f7000,0x00007f46077f8000] [id=19243]
  0x00007f46240e5800 WatcherThread [stack: 0x00007f4606c17000,0x00007f4606d18000] [id=19252]

VM state:at safepoint (normal execution)

VM Mutex/Monitor currently owned by a thread:  ([mutex/lock_event])
[0x00007f46240072f0] Threads_lock - owner thread: 0x00007f4624078800
[0x00007f46240077f0] Heap_lock - owner thread: 0x00007f45c000a800

heap address: 0x00000000a0000000, size: 1536 MB, Compressed Oops mode: 32-bit
Narrow klass base: 0x0000000000000000, Narrow klass shift: 3
Compressed class space size: 1073741824 Address: 0x0000000100000000

Heap:
 PSYoungGen      total 66560K, used 5108K [0x00000000e0000000, 0x00000000e4600000, 0x0000000100000000)
  eden space 61440K, 0% used [0x00000000e0000000,0x00000000e0000000,0x00000000e3c00000)
  from space 5120K, 99% used [0x00000000e3c00000,0x00000000e40fd070,0x00000000e4100000)
  to   space 5120K, 0% used [0x00000000e4100000,0x00000000e4100000,0x00000000e4600000)
 ParOldGen       total 81920K, used 10726K [0x00000000a0000000, 0x00000000a5000000, 0x00000000e0000000)
  object space 81920K, 13% used [0x00000000a0000000,0x00000000a0a79850,0x00000000a5000000)
 Metaspace       used 19919K, capacity 20456K, committed 20864K, reserved 1067008K
  class space    used 2905K, capacity 3076K, committed 3200K, reserved 1048576K

Card table byte_map: [0x00007f4628074000,0x00007f4628375000] byte_map_base: 0x00007f4627b74000

Marking Bits: (ParMarkBitMap*) 0x00007f4629ddb7e0
 Begin Bits: [0x00007f460d000000, 0x00007f460e800000)
 End Bits:   [0x00007f460e800000, 0x00007f4610000000)

Polling page: 0x00007f462a809000

CodeCache: size=245760Kb used=5941Kb max_used=5956Kb free=239818Kb
 bounds [0x00007f4615000000, 0x00007f46155e0000, 0x00007f4624000000]
 total_blobs=2159 nmethods=1754 adapters=319
 compilation: enabled

Compilation events (10 events):
Event: 3.007 Thread 0x00007f46240bd800 1751       3       org.gradle.internal.service.DefaultServiceRegistry$ManagedObjectServiceProvider::<init> (21 bytes)
Event: 3.007 Thread 0x00007f46240bd800 nmethod 1751 0x00007f46155cd590 code [0x00007f46155cd740, 0x00007f46155cdc50]
Event: 3.010 Thread 0x00007f46240bc000 1752       4       sun.security.provider.MD5::HH (29 bytes)
Event: 3.010 Thread 0x00007f46240bc000 nmethod 1752 0x00007f461557dc10 code [0x00007f461557dd40, 0x00007f461557dd98]
Event: 3.016 Thread 0x00007f46240b9000 1753   !   4       java.util.zip.ZipFile$ZipFileInflaterInputStream::close (67 bytes)
Event: 3.020 Thread 0x00007f46240bd800 1754       3       com.google.common.base.Equivalence::hash (12 bytes)
Event: 3.020 Thread 0x00007f46240bd800 nmethod 1754 0x00007f46155cad50 code [0x00007f46155caec0, 0x00007f46155cb128]
Event: 3.024 Thread 0x00007f46240bd800 1755       3       java.lang.Class::arrayContentsEq (70 bytes)
Event: 3.024 Thread 0x00007f46240bd800 nmethod 1755 0x00007f46155cce50 code [0x00007f46155ccfe0, 0x00007f46155cd410]
Event: 3.029 Thread 0x00007f46240b9000 nmethod 1753 0x00007f46155d4ed0 code [0x00007f46155d50e0, 0x00007f46155d60a0]

GC Heap History (9 events):
Event: 0.779 GC heap before
{Heap before GC invocations=1 (full 0):
 PSYoungGen      total 35840K, used 30720K [0x00000000e0000000, 0x00000000e2800000, 0x0000000100000000)
  eden space 30720K, 100% used [0x00000000e0000000,0x00000000e1e00000,0x00000000e1e00000)
  from space 5120K, 0% used [0x00000000e2300000,0x00000000e2300000,0x00000000e2800000)
  to   space 5120K, 0% used [0x00000000e1e00000,0x00000000e1e00000,0x00000000e2300000)
 ParOldGen       total 81920K, used 0K [0x00000000a0000000, 0x00000000a5000000, 0x00000000e0000000)
  object space 81920K, 0% used [0x00000000a0000000,0x00000000a0000000,0x00000000a5000000)
 Metaspace       used 7041K, capacity 7268K, committed 7424K, reserved 1056768K
  class space    used 862K, capacity 940K, committed 1024K, reserved 1048576K
Event: 0.785 GC heap after
Heap after GC invocations=1 (full 0):
 PSYoungGen      total 35840K, used 4155K [0x00000000e0000000, 0x00000000e2800000, 0x0000000100000000)
  eden space 30720K, 0% used [0x00000000e0000000,0x00000000e0000000,0x00000000e1e00000)
  from space 5120K, 81% used [0x00000000e1e00000,0x00000000e220ef68,0x00000000e2300000)
  to   space 5120K, 0% used [0x00000000e2300000,0x00000000e2300000,0x00000000e2800000)
 ParOldGen       total 81920K, used 8K [0x00000000a0000000, 0x00000000a5000000, 0x00000000e0000000)
  object space 81920K, 0% used [0x00000000a0000000,0x00000000a0002000,0x00000000a5000000)
 Metaspace       used 7041K, capacity 7268K, committed 7424K, reserved 1056768K
  class space    used 862K, capacity 940K, committed 1024K, reserved 1048576K
}
Event: 1.095 GC heap before
{Heap before GC invocations=2 (full 0):
 PSYoungGen      total 35840K, used 34875K [0x00000000e0000000, 0x00000000e2800000, 0x0000000100000000)
  eden space 30720K, 100% used [0x00000000e0000000,0x00000000e1e00000,0x00000000e1e00000)
  from space 5120K, 81% used [0x00000000e1e00000,0x00000000e220ef68,0x00000000e2300000)
  to   space 5120K, 0% used [0x00000000e2300000,0x00000000e2300000,0x00000000e2800000)
 ParOldGen       total 81920K, used 8K [0x00000000a0000000, 0x00000000a5000000, 0x00000000e0000000)
  object space 81920K, 0% used [0x00000000a0000000,0x00000000a0002000,0x00000000a5000000)
 Metaspace       used 7536K, capacity 7742K, committed 7936K, reserved 1056768K
  class space    used 945K, capacity 1013K, committed 1024K, reserved 1048576K
Event: 1.099 GC heap after
Heap after GC invocations=2 (full 0):
 PSYoungGen      total 35840K, used 3617K [0x00000000e0000000, 0x00000000e4600000, 0x0000000100000000)
  eden space 30720K, 0% used [0x00000000e0000000,0x00000000e0000000,0x00000000e1e00000)
  from space 5120K, 70% used [0x00000000e2300000,0x00000000e26884f0,0x00000000e2800000)
  to   space 5120K, 0% used [0x00000000e1e00000,0x00000000e1e00000,0x00000000e2300000)
 ParOldGen       total 81920K, used 16K [0x00000000a0000000, 0x00000000a5000000, 0x00000000e0000000)
  object space 81920K, 0% used [0x00000000a0000000,0x00000000a0004000,0x00000000a5000000)
 Metaspace       used 7536K, capacity 7742K, committed 7936K, reserved 1056768K
  class space    used 945K, capacity 1013K, committed 1024K, reserved 1048576K
}
Event: 1.551 GC heap before
{Heap before GC invocations=3 (full 0):
 PSYoungGen      total 35840K, used 34337K [0x00000000e0000000, 0x00000000e4600000, 0x0000000100000000)
  eden space 30720K, 100% used [0x00000000e0000000,0x00000000e1e00000,0x00000000e1e00000)
  from space 5120K, 70% used [0x00000000e2300000,0x00000000e26884f0,0x00000000e2800000)
  to   space 5120K, 0% used [0x00000000e1e00000,0x00000000e1e00000,0x00000000e2300000)
 ParOldGen       total 81920K, used 16K [0x00000000a0000000, 0x00000000a5000000, 0x00000000e0000000)
  object space 81920K, 0% used [0x00000000a0000000,0x00000000a0004000,0x00000000a5000000)
 Metaspace       used 12189K, capacity 12564K, committed 12928K, reserved 1060864K
  class space    used 1658K, capacity 1804K, committed 1920K, reserved 1048576K
Event: 1.561 GC heap after
Heap after GC invocations=3 (full 0):
 PSYoungGen      total 35840K, used 5113K [0x00000000e0000000, 0x00000000e4600000, 0x0000000100000000)
  eden space 30720K, 0% used [0x00000000e0000000,0x00000000e0000000,0x00000000e1e00000)
  from space 5120K, 99% used [0x00000000e1e00000,0x00000000e22fe428,0x00000000e2300000)
  to   space 5120K, 0% used [0x00000000e4100000,0x00000000e4100000,0x00000000e4600000)
 ParOldGen       total 81920K, used 1334K [0x00000000a0000000, 0x00000000a5000000, 0x00000000e0000000)
  object space 81920K, 1% used [0x00000000a0000000,0x00000000a014db78,0x00000000a5000000)
 Metaspace       used 12189K, capacity 12564K, committed 12928K, reserved 1060864K
  class space    used 1658K, capacity 1804K, committed 1920K, reserved 1048576K
}
Event: 1.846 GC heap before
{Heap before GC invocations=4 (full 0):
 PSYoungGen      total 35840K, used 35833K [0x00000000e0000000, 0x00000000e4600000, 0x0000000100000000)
  eden space 30720K, 100% used [0x00000000e0000000,0x00000000e1e00000,0x00000000e1e00000)
  from space 5120K, 99% used [0x00000000e1e00000,0x00000000e22fe428,0x00000000e2300000)
  to   space 5120K, 0% used [0x00000000e4100000,0x00000000e4100000,0x00000000e4600000)
 ParOldGen       total 81920K, used 1334K [0x00000000a0000000, 0x00000000a5000000, 0x00000000e0000000)
  object space 81920K, 1% used [0x00000000a0000000,0x00000000a014db78,0x00000000a5000000)
 Metaspace       used 14430K, capacity 14820K, committed 14976K, reserved 1062912K
  class space    used 2029K, capacity 2130K, committed 2176K, reserved 1048576K
Event: 1.854 GC heap after
Heap after GC invocations=4 (full 0):
 PSYoungGen      total 66560K, used 5104K [0x00000000e0000000, 0x00000000e4600000, 0x0000000100000000)
  eden space 61440K, 0% used [0x00000000e0000000,0x00000000e0000000,0x00000000e3c00000)
  from space 5120K, 99% used [0x00000000e4100000,0x00000000e45fc020,0x00000000e4600000)
  to   space 5120K, 0% used [0x00000000e3c00000,0x00000000e3c00000,0x00000000e4100000)
 ParOldGen       total 81920K, used 3586K [0x00000000a0000000, 0x00000000a5000000, 0x00000000e0000000)
  object space 81920K, 4% used [0x00000000a0000000,0x00000000a0380a78,0x00000000a5000000)
 Metaspace       used 14430K, capacity 14820K, committed 14976K, reserved 1062912K
  class space    used 2029K, capacity 2130K, committed 2176K, reserved 1048576K
}
Event: 3.035 GC heap before
{Heap before GC invocations=5 (full 0):
 PSYoungGen      total 66560K, used 66544K [0x00000000e0000000, 0x00000000e4600000, 0x0000000100000000)
  eden space 61440K, 100% used [0x00000000e0000000,0x00000000e3c00000,0x00000000e3c00000)
  from space 5120K, 99% used [0x00000000e4100000,0x00000000e45fc020,0x00000000e4600000)
  to   space 5120K, 0% used [0x00000000e3c00000,0x00000000e3c00000,0x00000000e4100000)
 ParOldGen       total 81920K, used 3586K [0x00000000a0000000, 0x00000000a5000000, 0x00000000e0000000)
  object space 81920K, 4% used [0x00000000a0000000,0x00000000a0380a78,0x00000000a5000000)
 Metaspace       used 19919K, capacity 20456K, committed 20864K, reserved 1067008K
  class space    used 2905K, capacity 3076K, committed 3200K, reserved 1048576K

Deoptimization events (10 events):
Event: 2.003 Thread 0x00007f45c000a800 Uncommon trap: reason=unstable_if action=reinterpret pc=0x00007f461541d894 method=java.lang.String.lastIndexOf([CII[CIII)I @ 66
Event: 2.164 Thread 0x00007f45c000a800 Uncommon trap: reason=unstable_if action=reinterpret pc=0x00007f4615420a10 method=java.util.HashMap.putVal(ILjava/lang/Object;Ljava/lang/Object;ZZ)Ljava/lang/Object; @ 236
Event: 2.565 Thread 0x00007f45c000a800 Uncommon trap: reason=unstable_if action=reinterpret pc=0x00007f46152a0ca8 method=java.io.File.getName()Ljava/lang/String; @ 16
Event: 2.700 Thread 0x00007f45c000a800 Uncommon trap: reason=bimorphic action=maybe_recompile pc=0x00007f461546284c method=java.lang.ClassLoader.loadClass(Ljava/lang/String;Z)Ljava/lang/Class; @ 38
Event: 2.706 Thread 0x00007f45c000a800 Uncommon trap: reason=bimorphic action=maybe_recompile pc=0x00007f461550ff88 method=java.lang.ClassLoader.getPackage(Ljava/lang/String;)Ljava/lang/Package; @ 47
Event: 2.707 Thread 0x00007f45c000a800 Uncommon trap: reason=bimorphic action=maybe_recompile pc=0x00007f461546284c method=java.lang.ClassLoader.loadClass(Ljava/lang/String;Z)Ljava/lang/Class; @ 38
Event: 2.708 Thread 0x00007f45c000a800 Uncommon trap: reason=bimorphic action=maybe_recompile pc=0x00007f461546284c method=java.lang.ClassLoader.loadClass(Ljava/lang/String;Z)Ljava/lang/Class; @ 38
Event: 2.708 Thread 0x00007f45c000a800 Uncommon trap: reason=bimorphic action=maybe_recompile pc=0x00007f461546284c method=java.lang.ClassLoader.loadClass(Ljava/lang/String;Z)Ljava/lang/Class; @ 38
Event: 2.711 Thread 0x00007f45c000a800 Uncommon trap: reason=unstable_if action=reinterpret pc=0x00007f461550fb7c method=java.net.URLClassLoader.getAndVerifyPackage(Ljava/lang/String;Ljava/util/jar/Manifest;Ljava/net/URL;)Ljava/lang/Package; @ 62
Event: 2.742 Thread 0x00007f45c000a800 Uncommon trap: reason=unstable_if action=reinterpret pc=0x00007f4615564114 method=java.net.URLClassLoader.getAndVerifyPackage(Ljava/lang/String;Ljava/util/jar/Manifest;Ljava/net/URL;)Ljava/lang/Package; @ 62

Classes redefined (0 events):
No events

Internal exceptions (10 events):
Event: 2.823 Thread 0x00007f45c000a800 Exception <a 'java/lang/NoSuchMethodError': <clinit>> (0x00000000e2fec7e8) thrown at [/buildbot/src/googleplex-android/openjdk/out/hotspot/src/share/vm/prims/jni.cpp, line 1615]
Event: 2.823 Thread 0x00007f45c000a800 Exception <a 'java/lang/NoSuchMethodError': <clinit>> (0x00000000e2ff6c10) thrown at [/buildbot/src/googleplex-android/openjdk/out/hotspot/src/share/vm/prims/jni.cpp, line 1615]
Event: 2.824 Thread 0x00007f45c000a800 Exception <a 'java/lang/NoSuchMethodError': <clinit>> (0x00000000e3000440) thrown at [/buildbot/src/googleplex-android/openjdk/out/hotspot/src/share/vm/prims/jni.cpp, line 1615]
Event: 2.831 Thread 0x00007f45c000a800 Exception <a 'java/lang/NoSuchMethodError': <clinit>> (0x00000000e30d3f18) thrown at [/buildbot/src/googleplex-android/openjdk/out/hotspot/src/share/vm/prims/jni.cpp, line 1615]
Event: 2.831 Thread 0x00007f45c000a800 Exception <a 'java/lang/NoSuchMethodError': <clinit>> (0x00000000e30d7fc0) thrown at [/buildbot/src/googleplex-android/openjdk/out/hotspot/src/share/vm/prims/jni.cpp, line 1615]
Event: 2.832 Thread 0x00007f45c000a800 Exception <a 'java/lang/NoSuchMethodError': <clinit>> (0x00000000e30d98f8) thrown at [/buildbot/src/googleplex-android/openjdk/out/hotspot/src/share/vm/prims/jni.cpp, line 1615]
Event: 2.832 Thread 0x00007f45c000a800 Exception <a 'java/lang/NoSuchMethodError': <clinit>> (0x00000000e30daf90) thrown at [/buildbot/src/googleplex-android/openjdk/out/hotspot/src/share/vm/prims/jni.cpp, line 1615]
Event: 2.832 Thread 0x00007f45c000a800 Exception <a 'java/lang/NoSuchMethodError': <clinit>> (0x00000000e30dc878) thrown at [/buildbot/src/googleplex-android/openjdk/out/hotspot/src/share/vm/prims/jni.cpp, line 1615]
Event: 2.832 Thread 0x00007f45c000a800 Exception <a 'java/lang/NoSuchMethodError': <clinit>> (0x00000000e30dde28) thrown at [/buildbot/src/googleplex-android/openjdk/out/hotspot/src/share/vm/prims/jni.cpp, line 1615]
Event: 2.832 Thread 0x00007f45c000a800 Exception <a 'java/lang/NoSuchMethodError': <clinit>> (0x00000000e30df278) thrown at [/buildbot/src/googleplex-android/openjdk/out/hotspot/src/share/vm/prims/jni.cpp, line 1615]

Events (10 events):
Event: 3.029 loading class org/gradle/internal/classloader/ConfigurableClassLoaderHierarchyHasher$Visitor done
Event: 3.030 loading class org/gradle/groovy/scripts/internal/RemappingScriptSource
Event: 3.030 loading class org/gradle/groovy/scripts/internal/RemappingScriptSource done
Event: 3.030 loading class org/gradle/groovy/scripts/internal/FileCacheBackedScriptClassCompiler$ProgressReportingInitializer
Event: 3.030 loading class org/gradle/groovy/scripts/internal/FileCacheBackedScriptClassCompiler$ProgressReportingInitializer done
Event: 3.031 loading class org/gradle/groovy/scripts/internal/FileCacheBackedScriptClassCompiler$RemapBuildScriptsAction
Event: 3.031 loading class org/gradle/groovy/scripts/internal/FileCacheBackedScriptClassCompiler$RemapBuildScriptsAction done
Event: 3.032 loading class org/gradle/groovy/scripts/internal/FileCacheBackedScriptClassCompiler$BuildScriptRemapper
Event: 3.032 loading class org/gradle/groovy/scripts/internal/FileCacheBackedScriptClassCompiler$BuildScriptRemapper done
Event: 3.034 Executing VM operation: ParallelGCFailedAllocation


Dynamic libraries:
00400000-00401000 r-xp 00000000 08:01 7996534                            /home/quadkastpc/Documents/android-studio/jre/bin/java
00401000-00402000 r--p 00000000 08:01 7996534                            /home/quadkastpc/Documents/android-studio/jre/bin/java
00402000-00403000 rw-p 00001000 08:01 7996534                            /home/quadkastpc/Documents/android-studio/jre/bin/java
01954000-01975000 rw-p 00000000 00:00 0                                  [heap]
a0000000-a5000000 rw-p 00000000 00:00 0 
a5000000-e0000000 ---p 00000000 00:00 0 
e0000000-e4600000 rw-p 00000000 00:00 0 
e9100000-100000000 ---p 00000000 00:00 0 
100000000-100320000 rw-p 00000000 00:00 0 
100320000-140000000 ---p 00000000 00:00 0 
7f4598000000-7f4598021000 rw-p 00000000 00:00 0 
7f4598021000-7f459c000000 ---p 00000000 00:00 0 
7f45a0000000-7f45a0021000 rw-p 00000000 00:00 0 
7f45a0021000-7f45a4000000 ---p 00000000 00:00 0 
7f45a4000000-7f45a4021000 rw-p 00000000 00:00 0 
7f45a4021000-7f45a8000000 ---p 00000000 00:00 0 
7f45a8000000-7f45a8021000 rw-p 00000000 00:00 0 
7f45a8021000-7f45ac000000 ---p 00000000 00:00 0 
7f45ac000000-7f45ac021000 rw-p 00000000 00:00 0 
7f45ac021000-7f45b0000000 ---p 00000000 00:00 0 
7f45b0000000-7f45b0021000 rw-p 00000000 00:00 0 
7f45b0021000-7f45b4000000 ---p 00000000 00:00 0 
7f45b4000000-7f45b4021000 rw-p 00000000 00:00 0 
7f45b4021000-7f45b8000000 ---p 00000000 00:00 0 
7f45b8000000-7f45b8021000 rw-p 00000000 00:00 0 
7f45b8021000-7f45bc000000 ---p 00000000 00:00 0 
7f45bc000000-7f45bd2c3000 rw-p 00000000 00:00 0 
7f45bd2c3000-7f45c0000000 ---p 00000000 00:00 0 
7f45c0000000-7f45c0021000 rw-p 00000000 00:00 0 
7f45c0021000-7f45c4000000 ---p 00000000 00:00 0 
7f45c4000000-7f45c4024000 rw-p 00000000 00:00 0 
7f45c4024000-7f45c8000000 ---p 00000000 00:00 0 
7f45c8000000-7f45c8067000 rw-p 00000000 00:00 0 
7f45c8067000-7f45cc000000 ---p 00000000 00:00 0 
7f45cc000000-7f45cc021000 rw-p 00000000 00:00 0 
7f45cc021000-7f45d0000000 ---p 00000000 00:00 0 
7f45d0000000-7f45d0022000 rw-p 00000000 00:00 0 
7f45d0022000-7f45d4000000 ---p 00000000 00:00 0 
7f45d4c92000-7f45d4cc4000 r--s 0026d000 08:01 7996946                    /home/quadkastpc/.gradle/caches/jars-3/009a8bde4a19409138958d32735850a8/guava-27.1-jre.jar
7f45d4cc4000-7f45d4fff000 r--s 04057000 08:01 10761672                   /home/quadkastpc/.gradle/caches/jars-3/d191991b3cd94ca8451af1b567140eb8/android.jar
7f45d4fff000-7f45d8000000 rw-p 00000000 00:00 0 
7f45d8000000-7f45d8021000 rw-p 00000000 00:00 0 
7f45d8021000-7f45dc000000 ---p 00000000 00:00 0 
7f45dc000000-7f45dc021000 rw-p 00000000 00:00 0 
7f45dc021000-7f45e0000000 ---p 00000000 00:00 0 
7f45e0000000-7f45e1d4b000 rw-p 00000000 00:00 0 
7f45e1d4b000-7f45e4000000 ---p 00000000 00:00 0 
7f45e4000000-7f45e46bf000 rw-p 00000000 00:00 0 
7f45e46bf000-7f45e8000000 ---p 00000000 00:00 0 
7f45e8000000-7f45e8021000 rw-p 00000000 00:00 0 
7f45e8021000-7f45ec000000 ---p 00000000 00:00 0 
7f45ec000000-7f45ed7a1000 rw-p 00000000 00:00 0 
7f45ed7a1000-7f45f0000000 ---p 00000000 00:00 0 
7f45f0000000-7f45f0021000 rw-p 00000000 00:00 0 
7f45f0021000-7f45f4000000 ---p 00000000 00:00 0 
7f45f4000000-7f45f4021000 rw-p 00000000 00:00 0 
7f45f4021000-7f45f8000000 ---p 00000000 00:00 0 
7f45f8000000-7f45f8021000 rw-p 00000000 00:00 0 
7f45f8021000-7f45fc000000 ---p 00000000 00:00 0 
7f45fc000000-7f45fc2ba000 rw-p 00000000 00:00 0 
7f45fc2ba000-7f4600000000 ---p 00000000 00:00 0 
7f4600000000-7f4600021000 rw-p 00000000 00:00 0 
7f4600021000-7f4604000000 ---p 00000000 00:00 0 
7f4604016000-7f460401a000 r--s 0004b000 08:01 11035208                   /home/quadkastpc/.gradle/caches/jars-3/ecfffba165da9668423eb04209772a23/android-extensions-ide.jar
7f460401a000-7f4604034000 r--s 002a7000 08:01 10892083                   /home/quadkastpc/.gradle/caches/jars-3/6d4d04ed0764d34dfa852f0785d704fb/sdk-common.jar
7f4604034000-7f460405e000 r--s 02937000 08:01 10890630                   /home/quadkastpc/.gradle/caches/jars-3/7447b098c032a753e0126307ee76a9d9/sdk-tools.jar
7f460405e000-7f4604065000 r--s 000b4000 08:01 10621290                   /home/quadkastpc/.gradle/caches/jars-3/e435371560d53d4a4214ac92b5ffdeed/gradle-tooling-extension-impl.jar
7f4604065000-7f4604079000 r--s 0013d000 08:01 7996869                    /home/quadkastpc/.gradle/caches/jars-3/d1ab99c475b94d1d9aa4be806ce14b44/kotlin-stdlib-1.3.72.jar
7f4604079000-7f460408e000 r--s 00157000 08:01 8127453                    /home/quadkastpc/.gradle/caches/jars-3/7fc840c8fa8837d1fcac745915004484/kotlin-stdlib.jar
7f460408e000-7f46041ce000 rw-p 00000000 00:00 0 
7f46041ce000-7f460428e000 ---p 00000000 00:00 0 
7f460428e000-7f4604545000 r--s 01c2b000 08:01 8004561                    /home/quadkastpc/.gradle/caches/jars-3/e22071f0f647bfca187dcad0e9b116ad/gradle-api-impldep-5.2.1-sp1.jar
7f4604545000-7f4604548000 ---p 00000000 00:00 0 
7f4604548000-7f4604646000 rw-p 00000000 00:00 0 
7f4604646000-7f4604647000 r--s 00000000 08:01 7869188                    /home/quadkastpc/.gradle/caches/jars-3/497c99dc43ce8fece95d0e589f2459bd/gradle-appengine-builder-model-0.1.0.jar
7f4604647000-7f4604649000 r--s 00000000 08:01 8127455                    /home/quadkastpc/.gradle/caches/jars-3/c652b378e165d2dbc2f5847d4fc08b4b/idea-gradle-tooling-api.jar
7f4604649000-7f460464d000 r--s 0002e000 08:01 8127443                    /home/quadkastpc/.gradle/caches/jars-3/6c21f8dae4968635d862ab0cb0fa5eb8/kotlin-gradle-tooling.jar
7f460464d000-7f460464f000 r--s 00002000 08:01 10490359                   /home/quadkastpc/.gradle/caches/jars-3/4b43f839e5bcd255d29b06b5798326f0/external-system-rt.jar
7f460464f000-7f460465a000 r--s 000aa000 08:01 7996819                    /home/quadkastpc/.gradle/caches/jars-3/2daa8a88fb68b91149a30998d45aa1f5/ion-java-1.5.2-2.jar
7f460465a000-7f4604682000 r--s 004c2000 08:01 10371260                   /home/quadkastpc/.gradle/caches/jars-3/22f09e98a6fceebf7775af624c1eb1f0/util.jar
7f4604682000-7f460468d000 r--s 00081000 08:01 7996815                    /home/quadkastpc/.gradle/caches/jars-3/b60b5dd218cf67e8c7a89e4eb4952e61/trove4j.jar
7f460468d000-7f4604693000 r--s 00054000 08:01 10230591                   /home/quadkastpc/.gradle/caches/jars-3/b1d2d7d2ab9feecc82013422210ba035/gradle-tooling-extension-api.jar
7f4604693000-7f4604694000 r--s 00002000 08:01 9848594                    /home/quadkastpc/.gradle/caches/jars-3/e3446e3f7a41b3f0fd7e11ad07f4f1fd/gradle-toolingLoaderRt.jar
7f4604694000-7f46047fd000 r--s 00c5e000 08:01 7872607                    /home/quadkastpc/.gradle/caches/jars-3/e7cf29ee4e9099e5a486424dcaa09cdf/gradle-api-5.2.1-sp1.jar
7f46047fd000-7f4604877000 r--s 01104000 08:01 7996528                    /home/quadkastpc/Documents/android-studio/jre/lib/tools.jar
7f4604877000-7f4604a77000 rw-p 00000000 00:00 0 
7f4604a77000-7f4604c77000 rw-p 00000000 00:00 0 
7f4604c77000-7f4604c7a000 ---p 00000000 00:00 0 
7f4604c7a000-7f4604d78000 rw-p 00000000 00:00 0 
7f4604d78000-7f4604d7b000 ---p 00000000 00:00 0 
7f4604d7b000-7f4604e79000 rw-p 00000000 00:00 0 
7f4604e79000-7f4604e7c000 ---p 00000000 00:00 0 
7f4604e7c000-7f4604f7a000 rw-p 00000000 00:00 0 
7f4604f7a000-7f4604f7d000 ---p 00000000 00:00 0 
7f4604f7d000-7f460507b000 rw-p 00000000 00:00 0 
7f460507b000-7f460507e000 ---p 00000000 00:00 0 
7f460507e000-7f460517c000 rw-p 00000000 00:00 0 
7f460517c000-7f460517f000 ---p 00000000 00:00 0 
7f460517f000-7f460527d000 rw-p 00000000 00:00 0 
7f460527d000-7f4605280000 ---p 00000000 00:00 0 
7f4605280000-7f460537e000 rw-p 00000000 00:00 0 
7f460537e000-7f4605381000 ---p 00000000 00:00 0 
7f4605381000-7f460567f000 rw-p 00000000 00:00 0 
7f460567f000-7f4605682000 ---p 00000000 00:00 0 
7f4605682000-7f4605780000 rw-p 00000000 00:00 0 
7f4605780000-7f4605783000 ---p 00000000 00:00 0 
7f4605783000-7f4605881000 rw-p 00000000 00:00 0 
7f4605881000-7f4605884000 ---p 00000000 00:00 0 
7f4605884000-7f4605982000 rw-p 00000000 00:00 0 
7f4605982000-7f4605989000 r--s 00000000 08:01 10099969                   /usr/lib/x86_64-linux-gnu/gconv/gconv-modules.cache
7f4605989000-7f460598c000 ---p 00000000 00:00 0 
7f460598c000-7f4605a8a000 rw-p 00000000 00:00 0 
7f4605a8a000-7f4605a8f000 r--s 000a3000 08:01 7996679                    /home/quadkastpc/Documents/android-studio/jre/jre/lib/jsse.jar
7f4605a8f000-7f4605c8f000 rw-p 00000000 00:00 0 
7f4605c8f000-7f4605c92000 ---p 00000000 00:00 0 
7f4605c92000-7f4605d90000 rw-p 00000000 00:00 0 
7f4605d90000-7f4605d98000 r-xp 00000000 08:01 7996624                    /home/quadkastpc/Documents/android-studio/jre/jre/lib/amd64/libmanagement.so
7f4605d98000-7f4605d99000 r--p 00007000 08:01 7996624                    /home/quadkastpc/Documents/android-studio/jre/jre/lib/amd64/libmanagement.so
7f4605d99000-7f4605d9a000 rw-p 00008000 08:01 7996624                    /home/quadkastpc/Documents/android-studio/jre/jre/lib/amd64/libmanagement.so
7f4605d9a000-7f4605d9c000 r--s 0000f000 08:01 12984377                   /home/quadkastpc/.gradle/wrapper/dists/gradle-5.6.4-all/ankdp27end7byghfw1q2sw75f/gradle-5.6.4/lib/plugins/gradle-tooling-api-builders-5.6.4.jar
7f4605d9c000-7f4605d9d000 r--s 00005000 08:01 12984397                   /home/quadkastpc/.gradle/wrapper/dists/gradle-5.6.4-all/ankdp27end7byghfw1q2sw75f/gradle-5.6.4/lib/plugins/gradle-build-profile-5.6.4.jar
7f4605d9d000-7f4605d9f000 r--s 00003000 08:01 12984354                   /home/quadkastpc/.gradle/wrapper/dists/gradle-5.6.4-all/ankdp27end7byghfw1q2sw75f/gradle-5.6.4/lib/plugins/gradle-tooling-native-5.6.4.jar
7f4605d9f000-7f4605da3000 r--s 00017000 08:01 12984356                   /home/quadkastpc/.gradle/wrapper/dists/gradle-5.6.4-all/ankdp27end7byghfw1q2sw75f/gradle-5.6.4/lib/plugins/gradle-testing-native-5.6.4.jar
7f4605da3000-7f4605da6000 r--s 00011000 08:01 12984470                   /home/quadkastpc/.gradle/wrapper/dists/gradle-5.6.4-all/ankdp27end7byghfw1q2sw75f/gradle-5.6.4/lib/plugins/junit-platform-commons-1.3.1.jar
7f4605da6000-7f4605da7000 r--s 00001000 08:01 12984472                   /home/quadkastpc/.gradle/wrapper/dists/gradle-5.6.4-all/ankdp27end7byghfw1q2sw75f/gradle-5.6.4/lib/plugins/opentest4j-1.1.1.jar
7f4605da7000-7f4605dab000 r--s 0001d000 08:01 12984469                   /home/quadkastpc/.gradle/wrapper/dists/gradle-5.6.4-all/ankdp27end7byghfw1q2sw75f/gradle-5.6.4/lib/plugins/junit-platform-engine-1.3.1.jar
7f4605dab000-7f4605dac000 r--s 00000000 08:01 12984471                   /home/quadkastpc/.gradle/wrapper/dists/gradle-5.6.4-all/ankdp27end7byghfw1q2sw75f/gradle-5.6.4/lib/plugins/apiguardian-api-1.0.0.jar
7f4605dac000-7f4605daf000 r--s 00015000 08:01 12984433                   /home/quadkastpc/.gradle/wrapper/dists/gradle-5.6.4-all/ankdp27end7byghfw1q2sw75f/gradle-5.6.4/lib/plugins/junit-platform-launcher-1.3.1.jar
7f4605daf000-7f4605db0000 r--s 00003000 08:01 12984376                   /home/quadkastpc/.gradle/wrapper/dists/gradle-5.6.4-all/ankdp27end7byghfw1q2sw75f/gradle-5.6.4/lib/plugins/gradle-testing-junit-platform-5.6.4.jar
7f4605db0000-7f4605db8000 r--s 00048000 08:01 12984422                   /home/quadkastpc/.gradle/wrapper/dists/gradle-5.6.4-all/ankdp27end7byghfw1q2sw75f/gradle-5.6.4/lib/plugins/bcpg-jdk15on-1.61.jar
7f4605db8000-7f4605dbb000 r--s 0000f000 08:01 12984353                   /home/quadkastpc/.gradle/wrapper/dists/gradle-5.6.4-all/ankdp27end7byghfw1q2sw75f/gradle-5.6.4/lib/plugins/gradle-signing-5.6.4.jar
7f4605dbb000-7f4605dbd000 r--s 00009000 08:01 12984363                   /home/quadkastpc/.gradle/wrapper/dists/gradle-5.6.4-all/ankdp27end7byghfw1q2sw75f/gradle-5.6.4/lib/plugins/gradle-scala-5.6.4.jar
7f4605dbd000-7f4605dbe000 r--s 00004000 08:01 12984396                   /home/quadkastpc/.gradle/wrapper/dists/gradle-5.6.4-all/ankdp27end7byghfw1q2sw75f/gradle-5.6.4/lib/plugins/gradle-resources-sftp-5.6.4.jar
7f4605dbe000-7f4605dc7000 r--s 0005b000 08:01 12984403                   /home/quadkastpc/.gradle/wrapper/dists/gradle-5.6.4-all/ankdp27end7byghfw1q2sw75f/gradle-5.6.4/lib/plugins/aws-java-sdk-kms-1.11.407.jar
7f4605dc7000-7f4605dc9000 r--s 00005000 08:01 12984439                   /home/quadkastpc/.gradle/wrapper/dists/gradle-5.6.4-all/ankdp27end7byghfw1q2sw75f/gradle-5.6.4/lib/plugins/jmespath-java-1.11.407.jar
7f4605dc9000-7f4605ddc000 r--s 000ca000 08:01 12984402                   /home/quadkastpc/.gradle/wrapper/dists/gradle-5.6.4-all/ankdp27end7byghfw1q2sw75f/gradle-5.6.4/lib/plugins/aws-java-sdk-s3-1.11.407.jar
7f4605ddc000-7f4605de6000 r--s 00081000 08:01 12984468                   /home/quadkastpc/.gradle/wrapper/dists/gradle-5.6.4-all/ankdp27end7byghfw1q2sw75f/gradle-5.6.4/lib/plugins/ion-java-1.0.2.jar
7f4605de6000-7f4605dfc000 r--s 000ca000 08:01 12984404                   /home/quadkastpc/.gradle/wrapper/dists/gradle-5.6.4-all/ankdp27end7byghfw1q2sw75f/gradle-5.6.4/lib/plugins/aws-java-sdk-core-1.11.407.jar
7f4605dfc000-7f4605dfe000 r--s 00004000 08:01 12984392                   /home/quadkastpc/.gradle/wrapper/dists/gradle-5.6.4-all/ankdp27end7byghfw1q2sw75f/gradle-5.6.4/lib/plugins/gradle-resources-s3-5.6.4.jar
7f4605dfe000-7f4605e0f000 r--s 0008c000 08:01 12984443                   /home/quadkastpc/.gradle/wrapper/dists/gradle-5.6.4-all/ankdp27end7byghfw1q2sw75f/gradle-5.6.4/lib/plugins/joda-time-2.10.jar
7f4605e0f000-7f4605e21000 r--s 00137000 08:01 12984440                   /home/quadkastpc/.gradle/wrapper/dists/gradle-5.6.4-all/ankdp27end7byghfw1q2sw75f/gradle-5.6.4/lib/plugins/jackson-databind-2.9.8.jar
7f4605e21000-7f4605e24000 r--s 0000e000 08:01 12984442                   /home/quadkastpc/.gradle/wrapper/dists/gradle-5.6.4-all/ankdp27end7byghfw1q2sw75f/gradle-5.6.4/lib/plugins/jackson-annotations-2.9.8.jar
7f4605e24000-7f4605e28000 r--s 0004c000 08:01 12984441                   /home/quadkastpc/.gradle/wrapper/dists/gradle-5.6.4-all/ankdp27end7byghfw1q2sw75f/gradle-5.6.4/lib/plugins/jackson-core-2.9.8.jar
7f4605e28000-7f4605e29000 r--s 00001000 08:01 12984408                   /home/quadkastpc/.gradle/wrapper/dists/gradle-5.6.4-all/ankdp27end7byghfw1q2sw75f/gradle-5.6.4/lib/plugins/google-http-client-jackson2-1.25.0.jar
7f4605e29000-7f4605e33000 r--s 00056000 08:01 12984409                   /home/quadkastpc/.gradle/wrapper/dists/gradle-5.6.4-all/ankdp27end7byghfw1q2sw75f/gradle-5.6.4/lib/plugins/google-http-client-1.25.0.jar
7f4605e33000-7f4605e36000 r--s 0000d000 08:01 12984407                   /home/quadkastpc/.gradle/wrapper/dists/gradle-5.6.4-all/ankdp27end7byghfw1q2sw75f/gradle-5.6.4/lib/plugins/google-oauth-client-1.25.0.jar
7f4605e36000-7f4605e3b000 r--s 0002d000 08:01 12984406                   /home/quadkastpc/.gradle/wrapper/dists/gradle-5.6.4-all/ankdp27end7byghfw1q2sw75f/gradle-5.6.4/lib/plugins/google-api-client-1.25.0.jar
7f4605e3b000-7f4605e3f000 r--s 0001d000 08:01 12984405                   /home/quadkastpc/.gradle/wrapper/dists/gradle-5.6.4-all/ankdp27end7byghfw1q2sw75f/gradle-5.6.4/lib/plugins/google-api-services-storage-v1-rev136-1.25.0.jar
7f4605e3f000-7f4605e41000 r--s 00003000 08:01 12984393                   /home/quadkastpc/.gradle/wrapper/dists/gradle-5.6.4-all/ankdp27end7byghfw1q2sw75f/gradle-5.6.4/lib/plugins/gradle-resources-gcs-5.6.4.jar
7f4605e41000-7f4605e47000 r--s 00031000 08:01 12984366                   /home/quadkastpc/.gradle/wrapper/dists/gradle-5.6.4-all/ankdp27end7byghfw1q2sw75f/gradle-5.6.4/lib/plugins/gradle-platform-play-5.6.4.jar
7f4605e47000-7f4605e59000 r--s 00078000 08:01 12984382                   /home/quadkastpc/.gradle/wrapper/dists/gradle-5.6.4-all/ankdp27end7byghfw1q2sw75f/gradle-5.6.4/lib/plugins/gradle-platform-native-5.6.4.jar
7f4605e59000-7f4605e86000 r--s 0025e000 08:01 12984413                   /home/quadkastpc/.gradle/wrapper/dists/gradle-5.6.4-all/ankdp27end7byghfw1q2sw75f/gradle-5.6.4/lib/plugins/biz.aQute.bndlib-4.0.0.jar
7f4605e86000-7f4605e87000 r--s 00004000 08:01 12984352                   /home/quadkastpc/.gradle/wrapper/dists/gradle-5.6.4-all/ankdp27end7byghfw1q2sw75f/gradle-5.6.4/lib/plugins/gradle-osgi-5.6.4.jar
7f4605e87000-7f4605e8a000 r--s 0000c000 08:01 12984375                   /home/quadkastpc/.gradle/wrapper/dists/gradle-5.6.4-all/ankdp27end7byghfw1q2sw75f/gradle-5.6.4/lib/plugins/gradle-language-scala-5.6.4.jar
7f4605e8a000-7f4605e96000 r--s 00054000 08:01 12984357                   /home/quadkastpc/.gradle/wrapper/dists/gradle-5.6.4-all/ankdp27end7byghfw1q2sw75f/gradle-5.6.4/lib/plugins/gradle-language-native-5.6.4.jar
7f4605e96000-7f4605e9d000 r--s 00035000 08:01 12984425                   /home/quadkastpc/.gradle/wrapper/dists/gradle-5.6.4-all/ankdp27end7byghfw1q2sw75f/gradle-5.6.4/lib/plugins/simple-4.1.21.jar
7f4605e9d000-7f4605eaa000 r--s 00125000 08:01 12984423                   /home/quadkastpc/.gradle/wrapper/dists/gradle-5.6.4-all/ankdp27end7byghfw1q2sw75f/gradle-5.6.4/lib/plugins/rhino-1.7.10.jar
7f4605eaa000-7f4605eae000 r--s 00012000 08:01 12984367                   /home/quadkastpc/.gradle/wrapper/dists/gradle-5.6.4-all/ankdp27end7byghfw1q2sw75f/gradle-5.6.4/lib/plugins/gradle-javascript-5.6.4.jar
7f4605eae000-7f4605eb2000 r--s 00011000 08:01 12984369                   /home/quadkastpc/.gradle/wrapper/dists/gradle-5.6.4-all/ankdp27end7byghfw1q2sw75f/gradle-5.6.4/lib/plugins/gradle-jacoco-5.6.4.jar
7f4605eb2000-7f4605eb4000 r--s 00002000 08:01 12984361                   /home/quadkastpc/.gradle/wrapper/dists/gradle-5.6.4-all/ankdp27end7byghfw1q2sw75f/gradle-5.6.4/lib/plugins/gradle-ide-play-5.6.4.jar
7f4605eb4000-7f4605eb6000 r--s 00011000 08:01 12984430                   /home/quadkastpc/.gradle/wrapper/dists/gradle-5.6.4-all/ankdp27end7byghfw1q2sw75f/gradle-5.6.4/lib/plugins/dd-plist-1.21.jar
7f4605eb6000-7f4605ebd000 r--s 00034000 08:01 12984355                   /home/quadkastpc/.gradle/wrapper/dists/gradle-5.6.4-all/ankdp27end7byghfw1q2sw75f/gradle-5.6.4/lib/plugins/gradle-ide-native-5.6.4.jar
7f4605ebd000-7f4605ec7000 r--s 00063000 08:01 12984362                   /home/quadkastpc/.gradle/wrapper/dists/gradle-5.6.4-all/ankdp27end7byghfw1q2sw75f/gradle-5.6.4/lib/plugins/gradle-ide-5.6.4.jar
7f4605ec7000-7f4605ec9000 r--s 00008000 08:01 12984365                   /home/quadkastpc/.gradle/wrapper/dists/gradle-5.6.4-all/ankdp27end7byghfw1q2sw75f/gradle-5.6.4/lib/plugins/gradle-ear-5.6.4.jar
7f4605ec9000-7f4605ece000 r--s 0002a000 08:01 12984351                   /home/quadkastpc/.gradle/wrapper/dists/gradle-5.6.4-all/ankdp27end7byghfw1q2sw75f/gradle-5.6.4/lib/plugins/gradle-code-quality-5.6.4.jar
7f4605ece000-7f4605ed0000 r--s 0000b000 08:01 12984427                   /home/quadkastpc/.gradle/wrapper/dists/gradle-5.6.4-all/ankdp27end7byghfw1q2sw75f/gradle-5.6.4/lib/plugins/maven-plugin-api-3.0.4.jar
7f4605ed0000-7f4605ed6000 r--s 0003f000 08:01 12984415                   /home/quadkastpc/.gradle/wrapper/dists/gradle-5.6.4-all/ankdp27end7byghfw1q2sw75f/gradle-5.6.4/lib/plugins/maven-compat-3.0.4.jar
7f4605ed6000-7f4605edf000 r--s 0003b000 08:01 12984370                   /home/quadkastpc/.gradle/wrapper/dists/gradle-5.6.4-all/ankdp27end7byghfw1q2sw75f/gradle-5.6.4/lib/plugins/gradle-build-init-5.6.4.jar
7f4605edf000-7f4605ee5000 r--s 0002e000 08:01 12984364                   /home/quadkastpc/.gradle/wrapper/dists/gradle-5.6.4-all/ankdp27end7byghfw1q2sw75f/gradle-5.6.4/lib/plugins/gradle-build-comparison-5.6.4.jar
7f4605ee5000-7f4605ee7000 r--s 00002000 08:01 12984394                   /home/quadkastpc/.gradle/wrapper/dists/gradle-5.6.4-all/ankdp27end7byghfw1q2sw75f/gradle-5.6.4/lib/plugins/gradle-build-cache-http-5.6.4.jar
7f4605ee7000-7f4605ee9000 r--s 00009000 08:01 12984350                   /home/quadkastpc/.gradle/wrapper/dists/gradle-5.6.4-all/ankdp27end7byghfw1q2sw75f/gradle-5.6.4/lib/plugins/gradle-antlr-5.6.4.jar
7f4605ee9000-7f4605eeb000 r--s 00005000 08:01 12984349                   /home/quadkastpc/.gradle/wrapper/dists/gradle-5.6.4-all/ankdp27end7byghfw1q2sw75f/gradle-5.6.4/lib/plugins/gradle-announce-5.6.4.jar
7f4605eeb000-7f4605eee000 r--s 00017000 08:01 12984371                   /home/quadkastpc/.gradle/wrapper/dists/gradle-5.6.4-all/ankdp27end7byghfw1q2sw75f/gradle-5.6.4/lib/plugins/gradle-kotlin-dsl-tooling-builders-5.6.4.jar
7f4605eee000-7f4605ef2000 r--s 00014000 08:01 12984368                   /home/quadkastpc/.gradle/wrapper/dists/gradle-5.6.4-all/ankdp27end7byghfw1q2sw75f/gradle-5.6.4/lib/plugins/gradle-ivy-5.6.4.jar
7f4605ef2000-7f4605ef4000 r--s 00009000 08:01 12984384                   /home/quadkastpc/.gradle/wrapper/dists/gradle-5.6.4-all/ankdp27end7byghfw1q2sw75f/gradle-5.6.4/lib/plugins/gradle-publish-5.6.4.jar
7f4605ef4000-7f4605ef7000 r--s 0000c000 08:01 12984418                   /home/quadkastpc/.gradle/wrapper/dists/gradle-5.6.4-all/ankdp27end7byghfw1q2sw75f/gradle-5.6.4/lib/plugins/pmaven-groovy-0.8-20100325.jar
7f4605ef7000-7f4605ef8000 r--s 00004000 08:01 12984417                   /home/quadkastpc/.gradle/wrapper/dists/gradle-5.6.4-all/ankdp27end7byghfw1q2sw75f/gradle-5.6.4/lib/plugins/pmaven-common-0.8-20100325.jar
7f4605ef8000-7f4605efb000 r--s 0000a000 08:01 12984462                   /home/quadkastpc/.gradle/wrapper/dists/gradle-5.6.4-all/ankdp27end7byghfw1q2sw75f/gradle-5.6.4/lib/plugins/plexus-classworlds-2.5.1.jar
7f4605efb000-7f4605eff000 r--s 00021000 08:01 12984467                   /home/quadkastpc/.gradle/wrapper/dists/gradle-5.6.4-all/ankdp27end7byghfw1q2sw75f/gradle-5.6.4/lib/plugins/xbean-reflect-3.7.jar
7f4605eff000-7f4605f06000 r--s 00032000 08:01 12984420                   /home/quadkastpc/.gradle/wrapper/dists/gradle-5.6.4-all/ankdp27end7byghfw1q2sw75f/gradle-5.6.4/lib/plugins/plexus-container-default-1.7.1.jar
7f4605f06000-7f4605f07000 r--s 00008000 08:01 12984401                   /home/quadkastpc/.gradle/wrapper/dists/gradle-5.6.4-all/ankdp27end7byghfw1q2sw75f/gradle-5.6.4/lib/plugins/wagon-http-shared-3.0.0.jar
7f4605f07000-7f4605f08000 r--s 00002000 08:01 12984400                   /home/quadkastpc/.gradle/wrapper/dists/gradle-5.6.4-all/ankdp27end7byghfw1q2sw75f/gradle-5.6.4/lib/plugins/wagon-http-3.0.0.jar
7f4605f08000-7f4605f0a000 r--s 0000c000 08:01 12984465                   /home/quadkastpc/.gradle/wrapper/dists/gradle-5.6.4-all/ankdp27end7byghfw1q2sw75f/gradle-5.6.4/lib/plugins/wagon-provider-api-3.0.0.jar
7f4605f0a000-7f4605f0b000 r--s 00002000 08:01 12984419                   /home/quadkastpc/.gradle/wrapper/dists/gradle-5.6.4-all/ankdp27end7byghfw1q2sw75f/gradle-5.6.4/lib/plugins/wagon-file-3.0.0.jar
7f4605f0b000-7f4605f0d000 r--s 00006000 08:01 12984421                   /home/quadkastpc/.gradle/wrapper/dists/gradle-5.6.4-all/ankdp27end7byghfw1q2sw75f/gradle-5.6.4/lib/plugins/aether-connector-wagon-1.13.1.jar
7f4605f0d000-7f4605f14000 r--s 00031000 08:01 12984360                   /home/quadkastpc/.gradle/wrapper/dists/gradle-5.6.4-all/ankdp27end7byghfw1q2sw75f/gradle-5.6.4/lib/plugins/gradle-maven-5.6.4.jar
7f4605f14000-7f4605f16000 r--s 0000c000 08:01 12984359                   /home/quadkastpc/.gradle/wrapper/dists/gradle-5.6.4-all/ankdp27end7byghfw1q2sw75f/gradle-5.6.4/lib/plugins/gradle-plugin-development-5.6.4.jar
7f4605f16000-7f4605f1c000 r--s 0003d000 08:01 12984429                   /home/quadkastpc/.gradle/wrapper/dists/gradle-5.6.4-all/ankdp27end7byghfw1q2sw75f/gradle-5.6.4/lib/plugins/snakeyaml-1.17.jar
7f4605f1c000-7f4605f1e000 r--s 0000f000 08:01 12984452                   /home/quadkastpc/.gradle/wrapper/dists/gradle-5.6.4-all/ankdp27end7byghfw1q2sw75f/gradle-5.6.4/lib/plugins/jcommander-1.72.jar
7f4605f1e000-7f4605f27000 r--s 00089000 08:01 12984428                   /home/quadkastpc/.gradle/wrapper/dists/gradle-5.6.4-all/ankdp27end7byghfw1q2sw75f/gradle-5.6.4/lib/plugins/testng-6.3.1.jar
7f4605f27000-7f4605f29000 r--s 00009000 08:01 12984450                   /home/quadkastpc/.gradle/wrapper/dists/gradle-5.6.4-all/ankdp27end7byghfw1q2sw75f/gradle-5.6.4/lib/plugins/hamcrest-core-1.3.jar
7f4605f29000-7f4605f31000 r--s 00045000 08:01 12984431                   /home/quadkastpc/.gradle/wrapper/dists/gradle-5.6.4-all/ankdp27end7byghfw1q2sw75f/gradle-5.6.4/lib/plugins/junit-4.12.jar
7f4605f31000-7f4605f36000 r--s 0005a000 08:01 12984432                   /home/quadkastpc/.gradle/wrapper/dists/gradle-5.6.4-all/ankdp27end7byghfw1q2sw75f/gradle-5.6.4/lib/plugins/bsh-2.0b6.jar
7f4605f36000-7f4605f3a000 r--s 0001c000 08:01 12984378                   /home/quadkastpc/.gradle/wrapper/dists/gradle-5.6.4-all/ankdp27end7byghfw1q2sw75f/gradle-5.6.4/lib/plugins/gradle-testing-jvm-5.6.4.jar
7f4605f3a000-7f4605f42000 r--s 00034000 08:01 12984385                   /home/quadkastpc/.gradle/wrapper/dists/gradle-5.6.4-all/ankdp27end7byghfw1q2sw75f/gradle-5.6.4/lib/plugins/gradle-testing-base-5.6.4.jar
7f4605f42000-7f4605f45000 r--s 0000e000 08:01 12984374                   /home/quadkastpc/.gradle/wrapper/dists/gradle-5.6.4-all/ankdp27end7byghfw1q2sw75f/gradle-5.6.4/lib/plugins/gradle-language-groovy-5.6.4.jar
7f4605f45000-7f4605f4e000 r--s 00045000 08:01 12984379                   /home/quadkastpc/.gradle/wrapper/dists/gradle-5.6.4-all/ankdp27end7byghfw1q2sw75f/gradle-5.6.4/lib/plugins/gradle-language-java-5.6.4.jar
7f4605f4e000-7f4605f50000 r--s 00005000 08:01 12984380                   /home/quadkastpc/.gradle/wrapper/dists/gradle-5.6.4-all/ankdp27end7byghfw1q2sw75f/gradle-5.6.4/lib/plugins/gradle-language-jvm-5.6.4.jar
7f4605f50000-7f4605f56000 r--s 0003e000 08:01 12984383                   /home/quadkastpc/.gradle/wrapper/dists/gradle-5.6.4-all/ankdp27end7byghfw1q2sw75f/gradle-5.6.4/lib/plugins/gradle-diagnostics-5.6.4.jar
7f4605f56000-7f4605f5a000 r--s 0001b000 08:01 12984381                   /home/quadkastpc/.gradle/wrapper/dists/gradle-5.6.4-all/ankdp27end7byghfw1q2sw75f/gradle-5.6.4/lib/plugins/gradle-platform-jvm-5.6.4.jar
7f4605f5a000-7f4605f61000 r--s 0002a000 08:01 12984386                   /home/quadkastpc/.gradle/wrapper/dists/gradle-5.6.4-all/ankdp27end7byghfw1q2sw75f/gradle-5.6.4/lib/plugins/gradle-platform-base-5.6.4.jar
7f4605f61000-7f4605f63000 r--s 00006000 08:01 12984426                   /home/quadkastpc/.gradle/wrapper/dists/gradle-5.6.4-all/ankdp27end7byghfw1q2sw75f/gradle-5.6.4/lib/plugins/jatl-0.2.3.jar
7f4605f63000-7f4605f65000 r--s 00010000 08:01 12984391                   /home/quadkastpc/.gradle/wrapper/dists/gradle-5.6.4-all/ankdp27end7byghfw1q2sw75f/gradle-5.6.4/lib/plugins/gradle-reporting-5.6.4.jar
7f4605f65000-7f4605f6d000 r--s 00047000 08:01 12984372                   /home/quadkastpc/.gradle/wrapper/dists/gradle-5.6.4-all/ankdp27end7byghfw1q2sw75f/gradle-5.6.4/lib/plugins/gradle-plugins-5.6.4.jar
7f4605f6d000-7f4605f72000 r--s 0002c000 08:01 12984358                   /home/quadkastpc/.gradle/wrapper/dists/gradle-5.6.4-all/ankdp27end7byghfw1q2sw75f/gradle-5.6.4/lib/plugins/gradle-kotlin-dsl-provider-plugins-5.6.4.jar
7f4605f72000-7f4605f77000 r--s 00040000 08:01 12984437                   /home/quadkastpc/.gradle/wrapper/dists/gradle-5.6.4-all/ankdp27end7byghfw1q2sw75f/gradle-5.6.4/lib/plugins/jsch-0.1.54.jar
7f4605f77000-7f4605f79000 r--s 00010000 08:01 12984453                   /home/quadkastpc/.gradle/wrapper/dists/gradle-5.6.4-all/ankdp27end7byghfw1q2sw75f/gradle-5.6.4/lib/plugins/jzlib-1.1.3.jar
7f4605f79000-7f4605f9e000 r--s 00265000 08:01 12984399                   /home/quadkastpc/.gradle/wrapper/dists/gradle-5.6.4-all/ankdp27end7byghfw1q2sw75f/gradle-5.6.4/lib/plugins/org.eclipse.jgit-5.0.3.201809091024-r.jar
7f4605f9e000-7f4605fa1000 r--s 0000c000 08:01 12984388                   /home/quadkastpc/.gradle/wrapper/dists/gradle-5.6.4-all/ankdp27end7byghfw1q2sw75f/gradle-5.6.4/lib/plugins/gradle-version-control-5.6.4.jar
7f4605fa1000-7f4605fa3000 r--s 00006000 08:01 12984457                   /home/quadkastpc/.gradle/wrapper/dists/gradle-5.6.4-all/ankdp27end7byghfw1q2sw75f/gradle-5.6.4/lib/plugins/maven-repository-metadata-3.0.4.jar
7f4605fa3000-7f4605fa5000 r--s 0000c000 08:01 12984445                   /home/quadkastpc/.gradle/wrapper/dists/gradle-5.6.4-all/ankdp27end7byghfw1q2sw75f/gradle-5.6.4/lib/plugins/maven-aether-provider-3.0.4.jar
7f4605fa5000-7f4605fa6000 r--s 00003000 08:01 12984448                   /home/quadkastpc/.gradle/wrapper/dists/gradle-5.6.4-all/ankdp27end7byghfw1q2sw75f/gradle-5.6.4/lib/plugins/aether-spi-1.13.1.jar
7f4605fa6000-7f4605fa9000 r--s 0001d000 08:01 12984446                   /home/quadkastpc/.gradle/wrapper/dists/gradle-5.6.4-all/ankdp27end7byghfw1q2sw75f/gradle-5.6.4/lib/plugins/aether-impl-1.13.1.jar
7f4605fa9000-7f4605fad000 r--s 0001c000 08:01 12984447                   /home/quadkastpc/.gradle/wrapper/dists/gradle-5.6.4-all/ankdp27end7byghfw1q2sw75f/gradle-5.6.4/lib/plugins/aether-util-1.13.1.jar
7f4605fad000-7f4605fb0000 r--s 00013000 08:01 12984449                   /home/quadkastpc/.gradle/wrapper/dists/gradle-5.6.4-all/ankdp27end7byghfw1q2sw75f/gradle-5.6.4/lib/plugins/aether-api-1.13.1.jar
7f4605fb0000-7f4605fb2000 r--s 0000b000 08:01 12984454                   /home/quadkastpc/.gradle/wrapper/dists/gradle-5.6.4-all/ankdp27end7byghfw1q2sw75f/gradle-5.6.4/lib/plugins/maven-artifact-3.0.4.jar
7f4605fb2000-7f4605fb4000 r--s 00000000 08:01 12984463                   /home/quadkastpc/.gradle/wrapper/dists/gradle-5.6.4-all/ankdp27end7byghfw1q2sw75f/gradle-5.6.4/lib/plugins/plexus-component-annotations-1.5.5.jar
7f4605fb4000-7f4605fb6000 r--s 0000d000 08:01 12984464                   /home/quadkastpc/.gradle/wrapper/dists/gradle-5.6.4-all/ankdp27end7byghfw1q2sw75f/gradle-5.6.4/lib/plugins/plexus-interpolation-1.14.jar
7f4605fb6000-7f4605fba000 r--s 00021000 08:01 12984455                   /home/quadkastpc/.gradle/wrapper/dists/gradle-5.6.4-all/ankdp27end7byghfw1q2sw75f/gradle-5.6.4/lib/plugins/maven-model-builder-3.0.4.jar
7f4605fba000-7f4605fbc000 r--s 00026000 08:01 12984456                   /home/quadkastpc/.gradle/wrapper/dists/gradle-5.6.4-all/ankdp27end7byghfw1q2sw75f/gradle-5.6.4/lib/plugins/maven-model-3.0.4.jar
7f4605fbc000-7f4605fbe000 r--s 0000a000 08:01 12984459                   /home/quadkastpc/.gradle/wrapper/dists/gradle-5.6.4-all/ankdp27end7byghfw1q2sw75f/gradle-5.6.4/lib/plugins/maven-settings-3.0.4.jar
7f4605fbe000-7f4605fc0000 r--s 00002000 08:01 12984461                   /home/quadkastpc/.gradle/wrapper/dists/gradle-5.6.4-all/ankdp27end7byghfw1q2sw75f/gradle-5.6.4/lib/plugins/plexus-cipher-1.7.jar
7f4605fc0000-7f4605fc1000 r--s 00006000 08:01 12984460                   /home/quadkastpc/.gradle/wrapper/dists/gradle-5.6.4-all/ankdp27end7byghfw1q2sw75f/gradle-5.6.4/lib/plugins/plexus-sec-dispatcher-1.3.jar
7f4605fc1000-7f4605fc5000 r--s 0003c000 08:01 12984466                   /home/quadkastpc/.gradle/wrapper/dists/gradle-5.6.4-all/ankdp27end7byghfw1q2sw75f/gradle-5.6.4/lib/plugins/plexus-utils-3.1.0.jar
7f4605fc5000-7f4605fc8000 r--s 00008000 08:01 12984458                   /home/quadkastpc/.gradle/wrapper/dists/gradle-5.6.4-all/ankdp27end7byghfw1q2sw75f/gradle-5.6.4/lib/plugins/maven-settings-builder-3.0.4.jar
7f4605fc8000-7f4605fd4000 r--s 0007d000 08:01 12984416                   /home/quadkastpc/.gradle/wrapper/dists/gradle-5.6.4-all/ankdp27end7byghfw1q2sw75f/gradle-5.6.4/lib/plugins/maven-core-3.0.4.jar
7f4605fd4000-7f4605fe9000 r--s 00116000 08:01 12984414                   /home/quadkastpc/.gradle/wrapper/dists/gradle-5.6.4-all/ankdp27end7byghfw1q2sw75f/gradle-5.6.4/lib/plugins/ivy-2.3.0.jar
7f4605fe9000-7f4605fee000 r--s 00036000 08:01 12984424                   /home/quadkastpc/.gradle/wrapper/dists/gradle-5.6.4-all/ankdp27end7byghfw1q2sw75f/gradle-5.6.4/lib/plugins/gson-2.8.5.jar
7f4605fee000-7f460604d000 r--s 003f7000 08:01 12984444                   /home/quadkastpc/.gradle/wrapper/dists/gradle-5.6.4-all/ankdp27end7byghfw1q2sw75f/gradle-5.6.4/lib/plugins/bcprov-jdk15on-1.61.jar
7f460604d000-7f460604e000 r--s 00013000 08:01 12984412                   /home/quadkastpc/.gradle/wrapper/dists/gradle-5.6.4-all/ankdp27end7byghfw1q2sw75f/gradle-5.6.4/lib/plugins/asm-util-7.1.jar
7f460604e000-7f4606084000 r--s 001d8000 08:01 12984389                   /home/quadkastpc/.gradle/wrapper/dists/gradle-5.6.4-all/ankdp27end7byghfw1q2sw75f/gradle-5.6.4/lib/plugins/gradle-dependency-management-5.6.4.jar
7f4606084000-7f4606086000 r--s 0000d000 08:01 12984387                   /home/quadkastpc/.gradle/wrapper/dists/gradle-5.6.4-all/ankdp27end7byghfw1q2sw75f/gradle-5.6.4/lib/plugins/gradle-plugin-use-5.6.4.jar
7f4606086000-7f4606089000 r--s 0000d000 08:01 12984390                   /home/quadkastpc/.gradle/wrapper/dists/gradle-5.6.4-all/ankdp27end7byghfw1q2sw75f/gradle-5.6.4/lib/plugins/gradle-composite-builds-5.6.4.jar
7f4606089000-7f46060a2000 r--s 0013a000 08:01 12984436                   /home/quadkastpc/.gradle/wrapper/dists/gradle-5.6.4-all/ankdp27end7byghfw1q2sw75f/gradle-5.6.4/lib/plugins/xercesImpl-2.12.0.jar
7f46060a2000-7f46060a8000 r--s 0005b000 08:01 12984434                   /home/quadkastpc/.gradle/wrapper/dists/gradle-5.6.4-all/ankdp27end7byghfw1q2sw75f/gradle-5.6.4/lib/plugins/jcifs-1.3.17.jar
7f46060a8000-7f46060af000 r--s 0004b000 08:01 12984411                   /home/quadkastpc/.gradle/wrapper/dists/gradle-5.6.4-all/ankdp27end7byghfw1q2sw75f/gradle-5.6.4/lib/plugins/commons-codec-1.11.jar
7f46060af000-7f46060b6000 r--s 00049000 08:01 12984451                   /home/quadkastpc/.gradle/wrapper/dists/gradle-5.6.4-all/ankdp27end7byghfw1q2sw75f/gradle-5.6.4/lib/plugins/httpcore-4.4.10.jar
7f46060b6000-7f46060cc000 r-xp 00000000 08:01 3936901                    /lib/x86_64-linux-gnu/libgcc_s.so.1
7f46060cc000-7f46062cb000 ---p 00016000 08:01 3936901                    /lib/x86_64-linux-gnu/libgcc_s.so.1
7f46062cb000-7f46062cc000 rw-p 00015000 08:01 3936901                    /lib/x86_64-linux-gnu/libgcc_s.so.1
7f46062cc000-7f460643e000 r-xp 00000000 08:01 9832582                    /usr/lib/x86_64-linux-gnu/libstdc++.so.6.0.21
7f460643e000-7f460663e000 ---p 00172000 08:01 9832582                    /usr/lib/x86_64-linux-gnu/libstdc++.so.6.0.21
7f460663e000-7f4606648000 r--p 00172000 08:01 9832582                    /usr/lib/x86_64-linux-gnu/libstdc++.so.6.0.21
7f4606648000-7f460664a000 rw-p 0017c000 08:01 9832582                    /usr/lib/x86_64-linux-gnu/libstdc++.so.6.0.21
7f460664a000-7f460664e000 rw-p 00000000 00:00 0 
7f460664e000-7f460664f000 r--s 00000000 08:01 12977359                   /home/quadkastpc/.gradle/wrapper/dists/gradle-5.6.4-all/ankdp27end7byghfw1q2sw75f/gradle-5.6.4/lib/gradle-runtime-api-info-5.6.4.jar
7f460664f000-7f4606650000 r--s 00000000 08:01 12977363                   /home/quadkastpc/.gradle/wrapper/dists/gradle-5.6.4-all/ankdp27end7byghfw1q2sw75f/gradle-5.6.4/lib/gradle-installation-beacon-5.6.4.jar
7f4606650000-7f4606652000 r--s 0001d000 08:01 12984435                   /home/quadkastpc/.gradle/wrapper/dists/gradle-5.6.4-all/ankdp27end7byghfw1q2sw75f/gradle-5.6.4/lib/plugins/nekohtml-1.9.22.jar
7f4606652000-7f460665f000 r--s 000af000 08:01 12984410                   /home/quadkastpc/.gradle/wrapper/dists/gradle-5.6.4-all/ankdp27end7byghfw1q2sw75f/gradle-5.6.4/lib/plugins/httpclient-4.5.6.jar
7f460665f000-7f4606662000 r--s 0000e000 08:01 12984395                   /home/quadkastpc/.gradle/wrapper/dists/gradle-5.6.4-all/ankdp27end7byghfw1q2sw75f/gradle-5.6.4/lib/plugins/gradle-resources-http-5.6.4.jar
7f4606662000-7f4606667000 r--s 0001d000 08:01 12984398                   /home/quadkastpc/.gradle/wrapper/dists/gradle-5.6.4-all/ankdp27end7byghfw1q2sw75f/gradle-5.6.4/lib/plugins/gradle-workers-5.6.4.jar
7f4606667000-7f460666d000 r-xp 00000000 08:01 7874212                    /home/quadkastpc/.gradle/native/30/linux-amd64/libnative-platform.so
7f460666d000-7f460686c000 ---p 00006000 08:01 7874212                    /home/quadkastpc/.gradle/native/30/linux-amd64/libnative-platform.so
7f460686c000-7f460686d000 rw-p 00005000 08:01 7874212                    /home/quadkastpc/.gradle/native/30/linux-amd64/libnative-platform.so
7f460686d000-7f4606878000 r--s 00081000 08:01 12984320                   /home/quadkastpc/.gradle/wrapper/dists/gradle-5.6.4-all/ankdp27end7byghfw1q2sw75f/gradle-5.6.4/lib/trove4j-1.0.20181211.jar
7f4606878000-7f460687a000 r--s 00009000 08:01 12984328                   /home/quadkastpc/.gradle/wrapper/dists/gradle-5.6.4-all/ankdp27end7byghfw1q2sw75f/gradle-5.6.4/lib/kotlin-script-runtime-1.3.41.jar
7f460687a000-7f4606aa1000 r--s 0204c000 08:01 12984290                   /home/quadkastpc/.gradle/wrapper/dists/gradle-5.6.4-all/ankdp27end7byghfw1q2sw75f/gradle-5.6.4/lib/kotlin-compiler-embeddable-1.3.41-patched-for-gradle-5.6.4.jar
7f4606aa1000-7f4606aa2000 r--s 00001000 08:01 12984289                   /home/quadkastpc/.gradle/wrapper/dists/gradle-5.6.4-all/ankdp27end7byghfw1q2sw75f/gradle-5.6.4/lib/gradle-kotlin-dsl-tooling-models-5.6.4.jar
7f4606aa2000-7f4606aa4000 r--s 00006000 08:01 12977362                   /home/quadkastpc/.gradle/wrapper/dists/gradle-5.6.4-all/ankdp27end7byghfw1q2sw75f/gradle-5.6.4/lib/gradle-wrapper-5.6.4.jar
7f4606aa4000-7f4606ab3000 r--s 0004d000 08:01 12977361                   /home/quadkastpc/.gradle/wrapper/dists/gradle-5.6.4-all/ankdp27end7byghfw1q2sw75f/gradle-5.6.4/lib/gradle-tooling-api-5.6.4.jar
7f4606ab3000-7f4606ac3000 r--s 0026b000 08:01 12984312                   /home/quadkastpc/.gradle/wrapper/dists/gradle-5.6.4-all/ankdp27end7byghfw1q2sw75f/gradle-5.6.4/lib/kotlinx-metadata-jvm-0.1.0.jar
7f4606ac3000-7f4606ac4000 r--s 00002000 08:01 12984311                   /home/quadkastpc/.gradle/wrapper/dists/gradle-5.6.4-all/ankdp27end7byghfw1q2sw75f/gradle-5.6.4/lib/kotlin-sam-with-receiver-compiler-plugin-1.3.41.jar
7f4606ac4000-7f4606acb000 r--s 00047000 08:01 12984310                   /home/quadkastpc/.gradle/wrapper/dists/gradle-5.6.4-all/ankdp27end7byghfw1q2sw75f/gradle-5.6.4/lib/kotlin-scripting-compiler-impl-embeddable-1.3.41.jar
7f4606acb000-7f4606acc000 r--s 00009000 08:01 12984309                   /home/quadkastpc/.gradle/wrapper/dists/gradle-5.6.4-all/ankdp27end7byghfw1q2sw75f/gradle-5.6.4/lib/kotlin-scripting-compiler-embeddable-1.3.41.jar
7f4606acc000-7f4606ae7000 r--s 0015f000 08:01 12977360                   /home/quadkastpc/.gradle/wrapper/dists/gradle-5.6.4-all/ankdp27end7byghfw1q2sw75f/gradle-5.6.4/lib/gradle-kotlin-dsl-5.6.4.jar
7f4606ae7000-7f4606ae9000 r--s 00005000 08:01 12984275                   /home/quadkastpc/.gradle/wrapper/dists/gradle-5.6.4-all/ankdp27end7byghfw1q2sw75f/gradle-5.6.4/lib/gradle-worker-processes-5.6.4.jar
7f4606ae9000-7f4606aef000 r--s 00028000 08:01 12977369                   /home/quadkastpc/.gradle/wrapper/dists/gradle-5.6.4-all/ankdp27end7byghfw1q2sw75f/gradle-5.6.4/lib/gradle-execution-5.6.4.jar
7f4606aef000-7f4606af1000 r--s 00007000 08:01 12977368                   /home/quadkastpc/.gradle/wrapper/dists/gradle-5.6.4-all/ankdp27end7byghfw1q2sw75f/gradle-5.6.4/lib/gradle-model-groovy-5.6.4.jar
7f4606af1000-7f4606af3000 r--s 00000000 08:01 12984278                   /home/quadkastpc/.gradle/wrapper/dists/gradle-5.6.4-all/ankdp27end7byghfw1q2sw75f/gradle-5.6.4/lib/gradle-jvm-services-5.6.4.jar
7f4606af3000-7f4606af5000 r--s 00006000 08:01 12977371                   /home/quadkastpc/.gradle/wrapper/dists/gradle-5.6.4-all/ankdp27end7byghfw1q2sw75f/gradle-5.6.4/lib/gradle-build-cache-packaging-5.6.4.jar
7f4606af5000-7f4606af9000 r--s 0000e000 08:01 12977372                   /home/quadkastpc/.gradle/wrapper/dists/gradle-5.6.4-all/ankdp27end7byghfw1q2sw75f/gradle-5.6.4/lib/gradle-build-cache-5.6.4.jar
7f4606af9000-7f4606afa000 r--s 00005000 08:01 12984293                   /home/quadkastpc/.gradle/wrapper/dists/gradle-5.6.4-all/ankdp27end7byghfw1q2sw75f/gradle-5.6.4/lib/gradle-docs-5.6.4.jar
7f4606afa000-7f4606b32000 r--s 00273000 08:01 12984322                   /home/quadkastpc/.gradle/wrapper/dists/gradle-5.6.4-all/ankdp27end7byghfw1q2sw75f/gradle-5.6.4/lib/kotlin-reflect-1.3.41.jar
7f4606b32000-7f4606b33000 r--s 00000000 08:01 12984323                   /home/quadkastpc/.gradle/wrapper/dists/gradle-5.6.4-all/ankdp27end7byghfw1q2sw75f/gradle-5.6.4/lib/kotlin-stdlib-jdk7-1.3.41.jar
7f4606b33000-7f4606b35000 r--s 00002000 08:01 12984307                   /home/quadkastpc/.gradle/wrapper/dists/gradle-5.6.4-all/ankdp27end7byghfw1q2sw75f/gradle-5.6.4/lib/kotlin-stdlib-jdk8-1.3.41.jar
7f4606b35000-7f4606b3e000 r--s 000b3000 08:01 12977365                   /home/quadkastpc/.gradle/wrapper/dists/gradle-5.6.4-all/ankdp27end7byghfw1q2sw75f/gradle-5.6.4/lib/gradle-instant-execution-5.6.4.jar
7f4606b3e000-7f4606b47000 r--s 0002d000 08:01 12984321                   /home/quadkastpc/.gradle/wrapper/dists/gradle-5.6.4-all/ankdp27end7byghfw1q2sw75f/gradle-5.6.4/lib/xml-apis-1.4.01.jar
7f4606b47000-7f4606b52000 r--s 00086000 08:01 12984313                   /home/quadkastpc/.gradle/wrapper/dists/gradle-5.6.4-all/ankdp27end7byghfw1q2sw75f/gradle-5.6.4/lib/commons-compress-1.18.jar
7f4606b52000-7f4606b54000 r--s 00007000 08:01 12984303                   /home/quadkastpc/.gradle/wrapper/dists/gradle-5.6.4-all/ankdp27end7byghfw1q2sw75f/gradle-5.6.4/lib/asm-analysis-7.1.jar
7f4606b54000-7f4606b56000 r--s 0000b000 08:01 12984304                   /home/quadkastpc/.gradle/wrapper/dists/gradle-5.6.4-all/ankdp27end7byghfw1q2sw75f/gradle-5.6.4/lib/asm-tree-7.1.jar
7f4606b56000-7f4606b58000 r--s 00010000 08:01 12984302                   /home/quadkastpc/.gradle/wrapper/dists/gradle-5.6.4-all/ankdp27end7byghfw1q2sw75f/gradle-5.6.4/lib/asm-commons-7.1.jar
7f4606b58000-7f4606b5c000 r--s 00010000 08:01 12984287                   /home/quadkastpc/.gradle/wrapper/dists/gradle-5.6.4-all/ankdp27end7byghfw1q2sw75f/gradle-5.6.4/lib/gradle-snapshots-5.6.4.jar
7f4606b5c000-7f4606b63000 r--s 00021000 08:01 12984330                   /home/quadkastpc/.gradle/wrapper/dists/gradle-5.6.4-all/ankdp27end7byghfw1q2sw75f/gradle-5.6.4/lib/kotlin-stdlib-common-1.3.41.jar
7f4606b63000-7f4606b65000 r--s 00003000 08:01 12984325                   /home/quadkastpc/.gradle/wrapper/dists/gradle-5.6.4-all/ankdp27end7byghfw1q2sw75f/gradle-5.6.4/lib/annotations-13.0.jar
7f4606b65000-7f4606b79000 r--s 00128000 08:01 12984324                   /home/quadkastpc/.gradle/wrapper/dists/gradle-5.6.4-all/ankdp27end7byghfw1q2sw75f/gradle-5.6.4/lib/kotlin-stdlib-1.3.41.jar
7f4606b79000-7f4606b90000 r--s 000d6000 08:01 12977370                   /home/quadkastpc/.gradle/wrapper/dists/gradle-5.6.4-all/ankdp27end7byghfw1q2sw75f/gradle-5.6.4/lib/gradle-model-core-5.6.4.jar
7f4606b90000-7f4606b95000 r--s 00015000 08:01 12984280                   /home/quadkastpc/.gradle/wrapper/dists/gradle-5.6.4-all/ankdp27end7byghfw1q2sw75f/gradle-5.6.4/lib/gradle-resources-5.6.4.jar
7f4606b95000-7f4606b9c000 r--s 00036000 08:01 12977374                   /home/quadkastpc/.gradle/wrapper/dists/gradle-5.6.4-all/ankdp27end7byghfw1q2sw75f/gradle-5.6.4/lib/gradle-persistent-cache-5.6.4.jar
7f4606b9c000-7f4606b9e000 r--s 00006000 08:01 12984283                   /home/quadkastpc/.gradle/wrapper/dists/gradle-5.6.4-all/ankdp27end7byghfw1q2sw75f/gradle-5.6.4/lib/gradle-base-services-groovy-5.6.4.jar
7f4606b9e000-7f4606b9f000 r--s 00000000 08:01 12984308                   /home/quadkastpc/.gradle/wrapper/dists/gradle-5.6.4-all/ankdp27end7byghfw1q2sw75f/gradle-5.6.4/lib/javax.inject-1.jar
7f4606b9f000-7f4606ba4000 r--s 0001f000 08:01 12977367                   /home/quadkastpc/.gradle/wrapper/dists/gradle-5.6.4-all/ankdp27end7byghfw1q2sw75f/gradle-5.6.4/lib/gradle-file-collections-5.6.4.jar
7f4606ba4000-7f4606ba6000 r--s 00006000 08:01 12984279                   /home/quadkastpc/.gradle/wrapper/dists/gradle-5.6.4-all/ankdp27end7byghfw1q2sw75f/gradle-5.6.4/lib/gradle-process-services-5.6.4.jar
7f4606ba6000-7f4606ba8000 r--s 00004000 08:01 12984296                   /home/quadkastpc/.gradle/wrapper/dists/gradle-5.6.4-all/ankdp27end7byghfw1q2sw75f/gradle-5.6.4/lib/log4j-over-slf4j-1.7.25.jar
7f4606ba8000-7f4606baa000 r--s 00000000 08:01 12984295                   /home/quadkastpc/.gradle/wrapper/dists/gradle-5.6.4-all/ankdp27end7byghfw1q2sw75f/gradle-5.6.4/lib/jul-to-slf4j-1.7.25.jar
7f4606baa000-7f4606bac000 r--s 00003000 08:01 12984297                   /home/quadkastpc/.gradle/wrapper/dists/gradle-5.6.4-all/ankdp27end7byghfw1q2sw75f/gradle-5.6.4/lib/jcl-over-slf4j-1.7.25.jar
7f4606bac000-7f4606bb4000 r--s 00038000 08:01 12984277                   /home/quadkastpc/.gradle/wrapper/dists/gradle-5.6.4-all/ankdp27end7byghfw1q2sw75f/gradle-5.6.4/lib/gradle-logging-5.6.4.jar
7f4606bb4000-7f4606bb6000 r--s 00004000 08:01 12984288                   /home/quadkastpc/.gradle/wrapper/dists/gradle-5.6.4-all/ankdp27end7byghfw1q2sw75f/gradle-5.6.4/lib/gradle-files-5.6.4.jar
7f4606bb6000-7f4606bb7000 r--s 00004000 08:01 12984331                   /home/quadkastpc/.gradle/wrapper/dists/gradle-5.6.4-all/ankdp27end7byghfw1q2sw75f/gradle-5.6.4/lib/native-platform-freebsd-amd64-libcpp-0.18.jar
7f4606bb7000-7f4606bb8000 r--s 00004000 08:01 12984332                   /home/quadkastpc/.gradle/wrapper/dists/gradle-5.6.4-all/ankdp27end7byghfw1q2sw75f/gradle-5.6.4/lib/native-platform-freebsd-amd64-libstdcpp-0.18.jar
7f4606bb8000-7f4606bb9000 r--s 00004000 08:01 12984333                   /home/quadkastpc/.gradle/wrapper/dists/gradle-5.6.4-all/ankdp27end7byghfw1q2sw75f/gradle-5.6.4/lib/native-platform-freebsd-i386-libcpp-0.18.jar
7f4606bb9000-7f4606bba000 r--s 00004000 08:01 12984334                   /home/quadkastpc/.gradle/wrapper/dists/gradle-5.6.4-all/ankdp27end7byghfw1q2sw75f/gradle-5.6.4/lib/native-platform-freebsd-i386-libstdcpp-0.18.jar
7f4606bba000-7f4606bbb000 r--s 00002000 08:01 12984335                   /home/quadkastpc/.gradle/wrapper/dists/gradle-5.6.4-all/ankdp27end7byghfw1q2sw75f/gradle-5.6.4/lib/native-platform-linux-aarch64-0.18.jar
7f4606bbb000-7f4606bbc000 r--s 00002000 08:01 12984336                   /home/quadkastpc/.gradle/wrapper/dists/gradle-5.6.4-all/ankdp27end7byghfw1q2sw75f/gradle-5.6.4/lib/native-platform-linux-amd64-0.18.jar
7f4606bbc000-7f4606bbd000 r--s 00002000 08:01 12984337                   /home/quadkastpc/.gradle/wrapper/dists/gradle-5.6.4-all/ankdp27end7byghfw1q2sw75f/gradle-5.6.4/lib/native-platform-linux-i386-0.18.jar
7f4606bbd000-7f4606bbe000 r--s 00003000 08:01 12984338                   /home/quadkastpc/.gradle/wrapper/dists/gradle-5.6.4-all/ankdp27end7byghfw1q2sw75f/gradle-5.6.4/lib/native-platform-osx-amd64-0.18.jar
7f4606bbe000-7f4606bbf000 r--s 00011000 08:01 12984339                   /home/quadkastpc/.gradle/wrapper/dists/gradle-5.6.4-all/ankdp27end7byghfw1q2sw75f/gradle-5.6.4/lib/native-platform-windows-amd64-0.18.jar
7f4606bbf000-7f4606bc1000 r--s 00010000 08:01 12984340                   /home/quadkastpc/.gradle/wrapper/dists/gradle-5.6.4-all/ankdp27end7byghfw1q2sw75f/gradle-5.6.4/lib/native-platform-windows-amd64-min-0.18.jar
7f4606bc1000-7f4606bc2000 r--s 0000f000 08:01 12984341                   /home/quadkastpc/.gradle/wrapper/dists/gradle-5.6.4-all/ankdp27end7byghfw1q2sw75f/gradle-5.6.4/lib/native-platform-windows-i386-0.18.jar
7f4606bc2000-7f4606bc3000 r--s 0000f000 08:01 12984342                   /home/quadkastpc/.gradle/wrapper/dists/gradle-5.6.4-all/ankdp27end7byghfw1q2sw75f/gradle-5.6.4/lib/native-platform-windows-i386-min-0.18.jar
7f4606bc3000-7f4606bc4000 r--s 00001000 08:01 12984343                   /home/quadkastpc/.gradle/wrapper/dists/gradle-5.6.4-all/ankdp27end7byghfw1q2sw75f/gradle-5.6.4/lib/native-platform-linux-aarch64-ncurses5-0.18.jar
7f4606bc4000-7f4606bc6000 r--s 00001000 08:01 12984344                   /home/quadkastpc/.gradle/wrapper/dists/gradle-5.6.4-all/ankdp27end7byghfw1q2sw75f/gradle-5.6.4/lib/native-platform-linux-amd64-ncurses5-0.18.jar
7f4606bc6000-7f4606bc7000 r--s 00001000 08:01 12984345                   /home/quadkastpc/.gradle/wrapper/dists/gradle-5.6.4-all/ankdp27end7byghfw1q2sw75f/gradle-5.6.4/lib/native-platform-linux-amd64-ncurses6-0.18.jar
7f4606bc7000-7f4606bc8000 r--s 00001000 08:01 12984346                   /home/quadkastpc/.gradle/wrapper/dists/gradle-5.6.4-all/ankdp27end7byghfw1q2sw75f/gradle-5.6.4/lib/native-platform-linux-i386-ncurses5-0.18.jar
7f4606bc8000-7f4606bc9000 r--s 00001000 08:01 12984347                   /home/quadkastpc/.gradle/wrapper/dists/gradle-5.6.4-all/ankdp27end7byghfw1q2sw75f/gradle-5.6.4/lib/native-platform-linux-i386-ncurses6-0.18.jar
7f4606bc9000-7f4606bce000 r--s 0001a000 08:01 12984318                   /home/quadkastpc/.gradle/wrapper/dists/gradle-5.6.4-all/ankdp27end7byghfw1q2sw75f/gradle-5.6.4/lib/native-platform-0.18.jar
7f4606bce000-7f4606bd2000 r--s 00042000 08:01 12984315                   /home/quadkastpc/.gradle/wrapper/dists/gradle-5.6.4-all/ankdp27end7byghfw1q2sw75f/gradle-5.6.4/lib/jansi-1.17.1.jar
7f4606bd2000-7f4606bd5000 r--s 0000c000 08:01 12984282                   /home/quadkastpc/.gradle/wrapper/dists/gradle-5.6.4-all/ankdp27end7byghfw1q2sw75f/gradle-5.6.4/lib/gradle-native-5.6.4.jar
7f4606bd5000-7f4606bd6000 r--s 00003000 08:01 12984285                   /home/quadkastpc/.gradle/wrapper/dists/gradle-5.6.4-all/ankdp27end7byghfw1q2sw75f/gradle-5.6.4/lib/gradle-build-option-5.6.4.jar
7f4606bd6000-7f4606bd8000 r--s 0000c000 08:01 12984319                   /home/quadkastpc/.gradle/wrapper/dists/gradle-5.6.4-all/ankdp27end7byghfw1q2sw75f/gradle-5.6.4/lib/objenesis-2.6.jar
7f4606bd8000-7f4606bda000 r--s 00000000 08:01 12984327                   /home/quadkastpc/.gradle/wrapper/dists/gradle-5.6.4-all/ankdp27end7byghfw1q2sw75f/gradle-5.6.4/lib/minlog-1.2.jar
7f4606bda000-7f4606be0000 r--s 0004d000 08:01 12984317                   /home/quadkastpc/.gradle/wrapper/dists/gradle-5.6.4-all/ankdp27end7byghfw1q2sw75f/gradle-5.6.4/lib/kryo-2.24.0.jar
7f4606be0000-7f4606be7000 r--s 0002f000 08:01 12984281                   /home/quadkastpc/.gradle/wrapper/dists/gradle-5.6.4-all/ankdp27end7byghfw1q2sw75f/gradle-5.6.4/lib/gradle-messaging-5.6.4.jar
7f4606be7000-7f4606c17000 r--s 0024c000 08:01 12984299                   /home/quadkastpc/.gradle/wrapper/dists/gradle-5.6.4-all/ankdp27end7byghfw1q2sw75f/gradle-5.6.4/lib/guava-27.1-android.jar
7f4606c17000-7f4606c18000 ---p 00000000 00:00 0 
7f4606c18000-7f4606d18000 rw-p 00000000 00:00 0 
7f4606d18000-7f4606d1b000 ---p 00000000 00:00 0 
7f4606d1b000-7f4606e19000 rw-p 00000000 00:00 0 
7f4606e19000-7f4606e1c000 ---p 00000000 00:00 0 
7f4606e1c000-7f4606f1a000 rw-p 00000000 00:00 0 
7f4606f1a000-7f4606f1d000 ---p 00000000 00:00 0 
7f4606f1d000-7f460701b000 rw-p 00000000 00:00 0 
7f460701b000-7f460701e000 ---p 00000000 00:00 0 
7f460701e000-7f460711c000 rw-p 00000000 00:00 0 
7f460711c000-7f460711f000 ---p 00000000 00:00 0 
7f460711f000-7f460721d000 rw-p 00000000 00:00 0 
7f460721d000-7f46074f5000 r--p 00000000 08:01 9830667                    /usr/lib/locale/locale-archive
7f46074f5000-7f46074f8000 ---p 00000000 00:00 0 
7f46074f8000-7f46075f6000 rw-p 00000000 00:00 0 
7f46075f6000-7f46075f9000 ---p 00000000 00:00 0 
7f46075f9000-7f46076f7000 rw-p 00000000 00:00 0 
7f46076f7000-7f46076f8000 ---p 00000000 00:00 0 
7f46076f8000-7f4608000000 rw-p 00000000 00:00 0 
7f4608000000-7f4608021000 rw-p 00000000 00:00 0 
7f4608021000-7f460c000000 ---p 00000000 00:00 0 
7f460c000000-7f460c003000 r--s 0001c000 08:01 12984314                   /home/quadkastpc/.gradle/wrapper/dists/gradle-5.6.4-all/ankdp27end7byghfw1q2sw75f/gradle-5.6.4/lib/fastutil-8.2.1-min.jar
7f460c003000-7f460c081000 r--s 00759000 08:01 12984294                   /home/quadkastpc/.gradle/wrapper/dists/gradle-5.6.4-all/ankdp27end7byghfw1q2sw75f/gradle-5.6.4/lib/groovy-all-1.3-2.5.4.jar
7f460c081000-7f460c0a0000 r--s 001db000 08:01 12984306                   /home/quadkastpc/.gradle/wrapper/dists/gradle-5.6.4-all/ankdp27end7byghfw1q2sw75f/gradle-5.6.4/lib/ant-1.9.14.jar
7f460c0a0000-7f460c0de000 r--s 0020d000 08:01 12977366                   /home/quadkastpc/.gradle/wrapper/dists/gradle-5.6.4-all/ankdp27end7byghfw1q2sw75f/gradle-5.6.4/lib/gradle-core-5.6.4.jar
7f460c0de000-7f460c0ec000 r--s 00043000 08:01 12977373                   /home/quadkastpc/.gradle/wrapper/dists/gradle-5.6.4-all/ankdp27end7byghfw1q2sw75f/gradle-5.6.4/lib/gradle-core-api-5.6.4.jar
7f460c0ec000-7f460c0f9000 r--s 00064000 08:01 12984284                   /home/quadkastpc/.gradle/wrapper/dists/gradle-5.6.4-all/ankdp27end7byghfw1q2sw75f/gradle-5.6.4/lib/gradle-base-services-5.6.4.jar
7f460c0f9000-7f4610000000 rw-p 00000000 00:00 0 
7f4610000000-7f4610025000 rw-p 00000000 00:00 0 
7f4610025000-7f4614000000 ---p 00000000 00:00 0 
7f4614000000-7f4614002000 r--s 00005000 08:01 12984286                   /home/quadkastpc/.gradle/wrapper/dists/gradle-5.6.4-all/ankdp27end7byghfw1q2sw75f/gradle-5.6.4/lib/gradle-cli-5.6.4.jar
7f4614002000-7f4614004000 r--s 00003000 08:01 12984291                   /home/quadkastpc/.gradle/wrapper/dists/gradle-5.6.4-all/ankdp27end7byghfw1q2sw75f/gradle-5.6.4/lib/gradle-hashing-5.6.4.jar
7f4614004000-7f4614006000 r--s 00003000 08:01 12984316                   /home/quadkastpc/.gradle/wrapper/dists/gradle-5.6.4-all/ankdp27end7byghfw1q2sw75f/gradle-5.6.4/lib/jsr305-3.0.2.jar
7f4614006000-7f4614008000 r--s 00000000 08:01 12984329                   /home/quadkastpc/.gradle/wrapper/dists/gradle-5.6.4-all/ankdp27end7byghfw1q2sw75f/gradle-5.6.4/lib/failureaccess-1.0.1.jar
7f4614008000-7f461401f000 r-xp 00000000 08:01 7996627                    /home/quadkastpc/Documents/android-studio/jre/jre/lib/amd64/libnet.so
7f461401f000-7f4614020000 r--p 00016000 08:01 7996627                    /home/quadkastpc/Documents/android-studio/jre/jre/lib/amd64/libnet.so
7f4614020000-7f4614021000 rw-p 00017000 08:01 7996627                    /home/quadkastpc/Documents/android-studio/jre/jre/lib/amd64/libnet.so
7f4614021000-7f46140f3000 rw-p 00000000 00:00 0 
7f46140f3000-7f46142c6000 r--s 03cdf000 08:01 7996664                    /home/quadkastpc/Documents/android-studio/jre/jre/lib/rt.jar
7f46142c6000-7f461463c000 rw-p 00000000 00:00 0 
7f461463c000-7f461463d000 ---p 00000000 00:00 0 
7f461463d000-7f461473d000 rw-p 00000000 00:00 0 
7f461473d000-7f461473e000 ---p 00000000 00:00 0 
7f461473e000-7f461483e000 rw-p 00000000 00:00 0 
7f461483e000-7f461483f000 ---p 00000000 00:00 0 
7f461483f000-7f461493f000 rw-p 00000000 00:00 0 
7f461493f000-7f4614940000 ---p 00000000 00:00 0 
7f4614940000-7f4614a68000 rw-p 00000000 00:00 0 
7f4614a68000-7f4614c40000 ---p 00000000 00:00 0 
7f4614c40000-7f4614c58000 rw-p 00000000 00:00 0 
7f4614c58000-7f4615000000 ---p 00000000 00:00 0 
7f4615000000-7f46155e0000 rwxp 00000000 00:00 0 
7f46155e0000-7f4624000000 ---p 00000000 00:00 0 
7f4624000000-7f462528a000 rw-p 00000000 00:00 0 
7f462528a000-7f4628000000 ---p 00000000 00:00 0 
7f4628000000-7f4628001000 r--s 00000000 08:01 12984292                   /home/quadkastpc/.gradle/wrapper/dists/gradle-5.6.4-all/ankdp27end7byghfw1q2sw75f/gradle-5.6.4/lib/gradle-pineapple-5.6.4.jar
7f4628001000-7f4628006000 r--s 00041000 08:01 12984301                   /home/quadkastpc/.gradle/wrapper/dists/gradle-5.6.4-all/ankdp27end7byghfw1q2sw75f/gradle-5.6.4/lib/commons-lang-2.6.jar
7f4628006000-7f4628016000 r-xp 00000000 08:01 7996648                    /home/quadkastpc/Documents/android-studio/jre/jre/lib/amd64/libnio.so
7f4628016000-7f4628017000 ---p 00010000 08:01 7996648                    /home/quadkastpc/Documents/android-studio/jre/jre/lib/amd64/libnio.so
7f4628017000-7f4628018000 r--p 00010000 08:01 7996648                    /home/quadkastpc/Documents/android-studio/jre/jre/lib/amd64/libnio.so
7f4628018000-7f4628019000 rw-p 00011000 08:01 7996648                    /home/quadkastpc/Documents/android-studio/jre/jre/lib/amd64/libnio.so
7f4628019000-7f462809c000 rw-p 00000000 00:00 0 
7f462809c000-7f4628274000 ---p 00000000 00:00 0 
7f4628274000-7f4628297000 rw-p 00000000 00:00 0 
7f4628297000-7f4628374000 ---p 00000000 00:00 0 
7f4628374000-7f4628375000 rw-p 00000000 00:00 0 
7f4628375000-7f4628380000 r-xp 00000000 08:01 3936718                    /lib/x86_64-linux-gnu/libnss_files-2.23.so
7f4628380000-7f462857f000 ---p 0000b000 08:01 3936718                    /lib/x86_64-linux-gnu/libnss_files-2.23.so
7f462857f000-7f4628580000 r--p 0000a000 08:01 3936718                    /lib/x86_64-linux-gnu/libnss_files-2.23.so
7f4628580000-7f4628581000 rw-p 0000b000 08:01 3936718                    /lib/x86_64-linux-gnu/libnss_files-2.23.so
7f4628581000-7f4628587000 rw-p 00000000 00:00 0 
7f4628587000-7f4628592000 r-xp 00000000 08:01 3936722                    /lib/x86_64-linux-gnu/libnss_nis-2.23.so
7f4628592000-7f4628791000 ---p 0000b000 08:01 3936722                    /lib/x86_64-linux-gnu/libnss_nis-2.23.so
7f4628791000-7f4628792000 r--p 0000a000 08:01 3936722                    /lib/x86_64-linux-gnu/libnss_nis-2.23.so
7f4628792000-7f4628793000 rw-p 0000b000 08:01 3936722                    /lib/x86_64-linux-gnu/libnss_nis-2.23.so
7f4628793000-7f46287a9000 r-xp 00000000 08:01 3936708                    /lib/x86_64-linux-gnu/libnsl-2.23.so
7f46287a9000-7f46289a8000 ---p 00016000 08:01 3936708                    /lib/x86_64-linux-gnu/libnsl-2.23.so
7f46289a8000-7f46289a9000 r--p 00015000 08:01 3936708                    /lib/x86_64-linux-gnu/libnsl-2.23.so
7f46289a9000-7f46289aa000 rw-p 00016000 08:01 3936708                    /lib/x86_64-linux-gnu/libnsl-2.23.so
7f46289aa000-7f46289ac000 rw-p 00000000 00:00 0 
7f46289ac000-7f46289b4000 r-xp 00000000 08:01 3936720                    /lib/x86_64-linux-gnu/libnss_compat-2.23.so
7f46289b4000-7f4628bb3000 ---p 00008000 08:01 3936720                    /lib/x86_64-linux-gnu/libnss_compat-2.23.so
7f4628bb3000-7f4628bb4000 r--p 00007000 08:01 3936720                    /lib/x86_64-linux-gnu/libnss_compat-2.23.so
7f4628bb4000-7f4628bb5000 rw-p 00008000 08:01 3936720                    /lib/x86_64-linux-gnu/libnss_compat-2.23.so
7f4628bb5000-7f4628bbc000 r-xp 00000000 08:01 3936725                    /lib/x86_64-linux-gnu/librt-2.23.so
7f4628bbc000-7f4628dbb000 ---p 00007000 08:01 3936725                    /lib/x86_64-linux-gnu/librt-2.23.so
7f4628dbb000-7f4628dbc000 r--p 00006000 08:01 3936725                    /lib/x86_64-linux-gnu/librt-2.23.so
7f4628dbc000-7f4628dbd000 rw-p 00007000 08:01 3936725                    /lib/x86_64-linux-gnu/librt-2.23.so
7f4628dbd000-7f4628ec5000 r-xp 00000000 08:01 3936709                    /lib/x86_64-linux-gnu/libm-2.23.so
7f4628ec5000-7f46290c4000 ---p 00108000 08:01 3936709                    /lib/x86_64-linux-gnu/libm-2.23.so
7f46290c4000-7f46290c5000 r--p 00107000 08:01 3936709                    /lib/x86_64-linux-gnu/libm-2.23.so
7f46290c5000-7f46290c6000 rw-p 00108000 08:01 3936709                    /lib/x86_64-linux-gnu/libm-2.23.so
7f46290c6000-7f4629cf5000 r-xp 00000000 08:01 7996641                    /home/quadkastpc/Documents/android-studio/jre/jre/lib/amd64/server/libjvm.so
7f4629cf5000-7f4629d9d000 r--p 00c2e000 08:01 7996641                    /home/quadkastpc/Documents/android-studio/jre/jre/lib/amd64/server/libjvm.so
7f4629d9d000-7f4629dc6000 rw-p 00cd6000 08:01 7996641                    /home/quadkastpc/Documents/android-studio/jre/jre/lib/amd64/server/libjvm.so
7f4629dc6000-7f4629e0a000 rw-p 00000000 00:00 0 
7f4629e0a000-7f4629fca000 r-xp 00000000 08:01 3936705                    /lib/x86_64-linux-gnu/libc-2.23.so
7f4629fca000-7f462a1ca000 ---p 001c0000 08:01 3936705                    /lib/x86_64-linux-gnu/libc-2.23.so
7f462a1ca000-7f462a1ce000 r--p 001c0000 08:01 3936705                    /lib/x86_64-linux-gnu/libc-2.23.so
7f462a1ce000-7f462a1d0000 rw-p 001c4000 08:01 3936705                    /lib/x86_64-linux-gnu/libc-2.23.so
7f462a1d0000-7f462a1d4000 rw-p 00000000 00:00 0 
7f462a1d4000-7f462a1d7000 r-xp 00000000 08:01 3936703                    /lib/x86_64-linux-gnu/libdl-2.23.so
7f462a1d7000-7f462a3d6000 ---p 00003000 08:01 3936703                    /lib/x86_64-linux-gnu/libdl-2.23.so
7f462a3d6000-7f462a3d7000 r--p 00002000 08:01 3936703                    /lib/x86_64-linux-gnu/libdl-2.23.so
7f462a3d7000-7f462a3d8000 rw-p 00003000 08:01 3936703                    /lib/x86_64-linux-gnu/libdl-2.23.so
7f462a3d8000-7f462a3f0000 r-xp 00000000 08:01 3936706                    /lib/x86_64-linux-gnu/libpthread-2.23.so
7f462a3f0000-7f462a5ef000 ---p 00018000 08:01 3936706                    /lib/x86_64-linux-gnu/libpthread-2.23.so
7f462a5ef000-7f462a5f0000 r--p 00017000 08:01 3936706                    /lib/x86_64-linux-gnu/libpthread-2.23.so
7f462a5f0000-7f462a5f1000 rw-p 00018000 08:01 3936706                    /lib/x86_64-linux-gnu/libpthread-2.23.so
7f462a5f1000-7f462a5f5000 rw-p 00000000 00:00 0 
7f462a5f5000-7f462a61b000 r-xp 00000000 08:01 3936716                    /lib/x86_64-linux-gnu/ld-2.23.so
7f462a61b000-7f462a61f000 r--s 00031000 08:01 12984300                   /home/quadkastpc/.gradle/wrapper/dists/gradle-5.6.4-all/ankdp27end7byghfw1q2sw75f/gradle-5.6.4/lib/commons-io-2.6.jar
7f462a61f000-7f462a62c000 r--s 0006c000 08:01 12977358                   /home/quadkastpc/.gradle/wrapper/dists/gradle-5.6.4-all/ankdp27end7byghfw1q2sw75f/gradle-5.6.4/lib/gradle-launcher-5.6.4.jar
7f462a62c000-7f462a693000 rw-p 00000000 00:00 0 
7f462a693000-7f462a6ae000 r-xp 00000000 08:01 7996623                    /home/quadkastpc/Documents/android-studio/jre/jre/lib/amd64/libzip.so
7f462a6ae000-7f462a6af000 r--p 0001a000 08:01 7996623                    /home/quadkastpc/Documents/android-studio/jre/jre/lib/amd64/libzip.so
7f462a6af000-7f462a6b0000 rw-p 0001b000 08:01 7996623                    /home/quadkastpc/Documents/android-studio/jre/jre/lib/amd64/libzip.so
7f462a6b0000-7f462a6b8000 rw-s 00000000 08:01 8263136                    /tmp/hsperfdata_quadkastpc/19234
7f462a6b8000-7f462a6e0000 r-xp 00000000 08:01 7996631                    /home/quadkastpc/Documents/android-studio/jre/jre/lib/amd64/libjava.so
7f462a6e0000-7f462a6e1000 r--p 00027000 08:01 7996631                    /home/quadkastpc/Documents/android-studio/jre/jre/lib/amd64/libjava.so
7f462a6e1000-7f462a6e3000 rw-p 00028000 08:01 7996631                    /home/quadkastpc/Documents/android-studio/jre/jre/lib/amd64/libjava.so
7f462a6e3000-7f462a6e6000 ---p 00000000 00:00 0 
7f462a6e6000-7f462a7e8000 rw-p 00000000 00:00 0 
7f462a7e8000-7f462a7fe000 r-xp 00000000 08:01 7996522                    /home/quadkastpc/Documents/android-studio/jre/lib/amd64/jli/libjli.so
7f462a7fe000-7f462a7ff000 r--p 00015000 08:01 7996522                    /home/quadkastpc/Documents/android-studio/jre/lib/amd64/jli/libjli.so
7f462a7ff000-7f462a800000 rw-p 00016000 08:01 7996522                    /home/quadkastpc/Documents/android-studio/jre/lib/amd64/jli/libjli.so
7f462a800000-7f462a801000 rw-p 00000000 00:00 0 
7f462a801000-7f462a803000 r--s 0001b000 08:01 12984305                   /home/quadkastpc/.gradle/wrapper/dists/gradle-5.6.4-all/ankdp27end7byghfw1q2sw75f/gradle-5.6.4/lib/asm-7.1.jar
7f462a803000-7f462a805000 r--s 00009000 08:01 12984298                   /home/quadkastpc/.gradle/wrapper/dists/gradle-5.6.4-all/ankdp27end7byghfw1q2sw75f/gradle-5.6.4/lib/slf4j-api-1.7.25.jar
7f462a805000-7f462a806000 r--s 00004000 08:01 12984326                   /home/quadkastpc/.gradle/wrapper/dists/gradle-5.6.4-all/ankdp27end7byghfw1q2sw75f/gradle-5.6.4/lib/ant-launcher-1.9.14.jar
7f462a806000-7f462a808000 r--s 00001000 08:01 12977364                   /home/quadkastpc/.gradle/wrapper/dists/gradle-5.6.4-all/ankdp27end7byghfw1q2sw75f/gradle-5.6.4/lib/gradle-bootstrap-5.6.4.jar
7f462a808000-7f462a809000 rw-p 00000000 00:00 0 
7f462a809000-7f462a80a000 ---p 00000000 00:00 0 
7f462a80a000-7f462a817000 r-xp 00000000 08:01 7996619                    /home/quadkastpc/Documents/android-studio/jre/jre/lib/amd64/libverify.so
7f462a817000-7f462a819000 r--p 0000c000 08:01 7996619                    /home/quadkastpc/Documents/android-studio/jre/jre/lib/amd64/libverify.so
7f462a819000-7f462a81a000 rw-p 0000e000 08:01 7996619                    /home/quadkastpc/Documents/android-studio/jre/jre/lib/amd64/libverify.so
7f462a81a000-7f462a81b000 r--p 00025000 08:01 3936716                    /lib/x86_64-linux-gnu/ld-2.23.so
7f462a81b000-7f462a81c000 rw-p 00026000 08:01 3936716                    /lib/x86_64-linux-gnu/ld-2.23.so
7f462a81c000-7f462a81d000 rw-p 00000000 00:00 0 
7ffde81d1000-7ffde81f2000 rw-p 00000000 00:00 0                          [stack]
7ffde81fb000-7ffde81fe000 r--p 00000000 00:00 0                          [vvar]
7ffde81fe000-7ffde8200000 r-xp 00000000 00:00 0                          [vdso]
ffffffffff600000-ffffffffff601000 r-xp 00000000 00:00 0                  [vsyscall]

VM Arguments:
jvm_args: -Xmx1536m -Dfile.encoding=UTF-8 -Duser.country=IN -Duser.language=en -Duser.variant 
java_command: org.gradle.launcher.daemon.bootstrap.GradleDaemon 5.6.4
java_class_path (initial): /home/quadkastpc/.gradle/wrapper/dists/gradle-5.6.4-all/ankdp27end7byghfw1q2sw75f/gradle-5.6.4/lib/gradle-launcher-5.6.4.jar
Launcher Type: SUN_STANDARD

Environment Variables:
PATH=/home/quadkastpc/bin:/home/quadkastpc/.local/bin:/usr/local/sbin:/usr/local/bin:/usr/sbin:/usr/bin:/sbin:/bin:/usr/games:/usr/local/games:/snap/bin
SHELL=/bin/bash
DISPLAY=:0

Signal Handlers:
SIGSEGV: [libjvm.so+0xa13c80], sa_mask[0]=11111111011111111101111111111110, sa_flags=SA_RESTART|SA_SIGINFO
SIGBUS: [libjvm.so+0xa13c80], sa_mask[0]=11111111011111111101111111111110, sa_flags=SA_RESTART|SA_SIGINFO
SIGFPE: [libjvm.so+0x874670], sa_mask[0]=11111111011111111101111111111110, sa_flags=SA_RESTART|SA_SIGINFO
SIGPIPE: [libjvm.so+0x874670], sa_mask[0]=11111111011111111101111111111110, sa_flags=SA_RESTART|SA_SIGINFO
SIGXFSZ: [libjvm.so+0x874670], sa_mask[0]=11111111011111111101111111111110, sa_flags=SA_RESTART|SA_SIGINFO
SIGILL: [libjvm.so+0x874670], sa_mask[0]=11111111011111111101111111111110, sa_flags=SA_RESTART|SA_SIGINFO
SIGUSR1: SIG_DFL, sa_mask[0]=00000000000000000000000000000000, sa_flags=none
SIGUSR2: [libjvm.so+0x874540], sa_mask[0]=00100000000000000000000000000000, sa_flags=SA_RESTART|SA_SIGINFO
SIGHUP: SIG_IGN, sa_mask[0]=00000000000000000000000000000000, sa_flags=none
SIGINT: [libjvm.so+0x874730], sa_mask[0]=11111111011111111101111111111110, sa_flags=SA_RESTART|SA_SIGINFO
SIGTERM: [libjvm.so+0x874730], sa_mask[0]=11111111011111111101111111111110, sa_flags=SA_RESTART|SA_SIGINFO
SIGQUIT: [libjvm.so+0x874730], sa_mask[0]=11111111011111111101111111111110, sa_flags=SA_RESTART|SA_SIGINFO


---------------  S Y S T E M  ---------------

OS:DISTRIB_ID=Ubuntu
DISTRIB_RELEASE=16.04
DISTRIB_CODENAME=xenial
DISTRIB_DESCRIPTION="Ubuntu 16.04.7 LTS"

uname:Linux 4.15.0-117-generic #118~16.04.1-Ubuntu SMP Sat Sep 5 23:35:06 UTC 2020 x86_64
libc:glibc 2.23 NPTL 2.23 
rlimit: STACK 8192k, CORE 0k, NPROC 30468, NOFILE 1048576, AS infinity
load average:0.12 2.66 4.96

/proc/meminfo:
MemTotal:        7860964 kB
MemFree:          124536 kB
MemAvailable:      27228 kB
Buffers:             984 kB
Cached:           461104 kB
SwapCached:         7964 kB
Active:          6569880 kB
Inactive:         908204 kB
Active(anon):    6564172 kB
Inactive(anon):   898108 kB
Active(file):       5708 kB
Inactive(file):    10096 kB
Unevictable:          96 kB
Mlocked:              96 kB
SwapTotal:        999420 kB
SwapFree:             12 kB
Dirty:               568 kB
Writeback:             0 kB
AnonPages:       7011280 kB
Mapped:           127572 kB
Shmem:            445684 kB
Slab:             116456 kB
SReclaimable:      61048 kB
SUnreclaim:        55408 kB
KernelStack:       14432 kB
PageTables:        69732 kB
NFS_Unstable:          0 kB
Bounce:                0 kB
WritebackTmp:          0 kB
CommitLimit:     4929900 kB
Committed_AS:   15513516 kB
VmallocTotal:   34359738367 kB
VmallocUsed:           0 kB
VmallocChunk:          0 kB
HardwareCorrupted:     0 kB
AnonHugePages:         0 kB
ShmemHugePages:        0 kB
ShmemPmdMapped:        0 kB
CmaTotal:              0 kB
CmaFree:               0 kB
HugePages_Total:       0
HugePages_Free:        0
HugePages_Rsvd:        0
HugePages_Surp:        0
Hugepagesize:       2048 kB
DirectMap4k:      457328 kB
DirectMap2M:     7620608 kB
DirectMap1G:           0 kB

container (cgroup) information:
container_type: cgroupv1
cpu_cpuset_cpus: 0-3
cpu_memory_nodes: 0
active_processor_count: 4
cpu_quota: -1
cpu_period: 100000
cpu_shares: -1
memory_limit_in_bytes: -1
memory_and_swap_limit_in_bytes: -2
memory_soft_limit_in_bytes: -1
memory_usage_in_bytes: 7657078784
memory_max_usage_in_bytes: 4120576


CPU:total 4 (initial active 4) (2 cores per cpu, 2 threads per core) family 6 model 61 stepping 4, cmov, cx8, fxsr, mmx, sse, sse2, sse3, ssse3, sse4.1, sse4.2, popcnt, avx, avx2, aes, clmul, erms, 3dnowpref, lzcnt, ht, tsc, tscinvbit, bmi1, bmi2, adx

/proc/cpuinfo:
processor	: 0
vendor_id	: GenuineIntel
cpu family	: 6
model		: 61
model name	: Intel(R) Core(TM) i5-5200U CPU @ 2.20GHz
stepping	: 4
microcode	: 0x2f
cpu MHz		: 2497.579
cache size	: 3072 KB
physical id	: 0
siblings	: 4
core id		: 0
cpu cores	: 2
apicid		: 0
initial apicid	: 0
fpu		: yes
fpu_exception	: yes
cpuid level	: 20
wp		: yes
flags		: fpu vme de pse tsc msr pae mce cx8 apic sep mtrr pge mca cmov pat pse36 clflush dts acpi mmx fxsr sse sse2 ss ht tm pbe syscall nx pdpe1gb rdtscp lm constant_tsc arch_perfmon pebs bts rep_good nopl xtopology nonstop_tsc cpuid aperfmperf pni pclmulqdq dtes64 monitor ds_cpl vmx est tm2 ssse3 sdbg fma cx16 xtpr pdcm pcid sse4_1 sse4_2 x2apic movbe popcnt tsc_deadline_timer aes xsave avx f16c rdrand lahf_lm abm 3dnowprefetch cpuid_fault epb invpcid_single pti ssbd ibrs ibpb stibp tpr_shadow vnmi flexpriority ept vpid fsgsbase tsc_adjust bmi1 avx2 smep bmi2 erms invpcid rdseed adx smap intel_pt xsaveopt dtherm ida arat pln pts md_clear flush_l1d
bugs		: cpu_meltdown spectre_v1 spectre_v2 spec_store_bypass l1tf mds swapgs itlb_multihit srbds
bogomips	: 4389.79
clflush size	: 64
cache_alignment	: 64
address sizes	: 39 bits physical, 48 bits virtual
power management:

processor	: 1
vendor_id	: GenuineIntel
cpu family	: 6
model		: 61
model name	: Intel(R) Core(TM) i5-5200U CPU @ 2.20GHz
stepping	: 4
microcode	: 0x2f
cpu MHz		: 2500.285
cache size	: 3072 KB
physical id	: 0
siblings	: 4
core id		: 0
cpu cores	: 2
apicid		: 1
initial apicid	: 1
fpu		: yes
fpu_exception	: yes
cpuid level	: 20
wp		: yes
flags		: fpu vme de pse tsc msr pae mce cx8 apic sep mtrr pge mca cmov pat pse36 clflush dts acpi mmx fxsr sse sse2 ss ht tm pbe syscall nx pdpe1gb rdtscp lm constant_tsc arch_perfmon pebs bts rep_good nopl xtopology nonstop_tsc cpuid aperfmperf pni pclmulqdq dtes64 monitor ds_cpl vmx est tm2 ssse3 sdbg fma cx16 xtpr pdcm pcid sse4_1 sse4_2 x2apic movbe popcnt tsc_deadline_timer aes xsave avx f16c rdrand lahf_lm abm 3dnowprefetch cpuid_fault epb invpcid_single pti ssbd ibrs ibpb stibp tpr_shadow vnmi flexpriority ept vpid fsgsbase tsc_adjust bmi1 avx2 smep bmi2 erms invpcid rdseed adx smap intel_pt xsaveopt dtherm ida arat pln pts md_clear flush_l1d
bugs		: cpu_meltdown spectre_v1 spectre_v2 spec_store_bypass l1tf mds swapgs itlb_multihit srbds
bogomips	: 4389.79
clflush size	: 64
cache_alignment	: 64
address sizes	: 39 bits physical, 48 bits virtual
power management:

processor	: 2
vendor_id	: GenuineIntel
cpu family	: 6
model		: 61
model name	: Intel(R) Core(TM) i5-5200U CPU @ 2.20GHz
stepping	: 4
microcode	: 0x2f
cpu MHz		: 2494.198
cache size	: 3072 KB
physical id	: 0
siblings	: 4
core id		: 1
cpu cores	: 2
apicid		: 2
initial apicid	: 2
fpu		: yes
fpu_exception	: yes
cpuid level	: 20
wp		: yes
flags		: fpu vme de pse tsc msr pae mce cx8 apic sep mtrr pge mca cmov pat pse36 clflush dts acpi mmx fxsr sse sse2 ss ht tm pbe syscall nx pdpe1gb rdtscp lm constant_tsc arch_perfmon pebs bts rep_good nopl xtopology nonstop_tsc cpuid aperfmperf pni pclmulqdq dtes64 monitor ds_cpl vmx est tm2 ssse3 sdbg fma cx16 xtpr pdcm pcid sse4_1 sse4_2 x2apic movbe popcnt tsc_deadline_timer aes xsave avx f16c rdrand lahf_lm abm 3dnowprefetch cpuid_fault epb invpcid_single pti ssbd ibrs ibpb stibp tpr_shadow vnmi flexpriority ept vpid fsgsbase tsc_adjust bmi1 avx2 smep bmi2 erms invpcid rdseed adx smap intel_pt xsaveopt dtherm ida arat pln pts md_clear flush_l1d
bugs		: cpu_meltdown spectre_v1 spectre_v2 spec_store_bypass l1tf mds swapgs itlb_multihit srbds
bogomips	: 4389.79
clflush size	: 64
cache_alignment	: 64
address sizes	: 39 bits physical, 48 bits virtual
power management:

processor	: 3
vendor_id	: GenuineIntel
cpu family	: 6
model		: 61
model name	: Intel(R) Core(TM) i5-5200U CPU @ 2.20GHz
stepping	: 4
microcode	: 0x2f
cpu MHz		: 2494.197
cache size	: 3072 KB
physical id	: 0
siblings	: 4
core id		: 1
cpu cores	: 2
apicid		: 3
initial apicid	: 3
fpu		: yes
fpu_exception	: yes
cpuid level	: 20
wp		: yes
flags		: fpu vme de pse tsc msr pae mce cx8 apic sep mtrr pge mca cmov pat pse36 clflush dts acpi mmx fxsr sse sse2 ss ht tm pbe syscall nx pdpe1gb rdtscp lm constant_tsc arch_perfmon pebs bts rep_good nopl xtopology nonstop_tsc cpuid aperfmperf pni pclmulqdq dtes64 monitor ds_cpl vmx est tm2 ssse3 sdbg fma cx16 xtpr pdcm pcid sse4_1 sse4_2 x2apic movbe popcnt tsc_deadline_timer aes xsave avx f16c rdrand lahf_lm abm 3dnowprefetch cpuid_fault epb invpcid_single pti ssbd ibrs ibpb stibp tpr_shadow vnmi flexpriority ept vpid fsgsbase tsc_adjust bmi1 avx2 smep bmi2 erms invpcid rdseed adx smap intel_pt xsaveopt dtherm ida arat pln pts md_clear flush_l1d
bugs		: cpu_meltdown spectre_v1 spectre_v2 spec_store_bypass l1tf mds swapgs itlb_multihit srbds
bogomips	: 4389.79
clflush size	: 64
cache_alignment	: 64
address sizes	: 39 bits physical, 48 bits virtual
power management:



Memory: 4k page, physical 7860964k(120656k free), swap 999420k(0k free)

vm_info: OpenJDK 64-Bit Server VM (25.242-b3-6222593) for linux-amd64 JRE (1.8.0_242-release-1644-b3-6222593), built by "android-build" with gcc 4.8

time: Mon Sep 21 22:24:50 2020
timezone: IST
elapsed time: 3 seconds (0d 0h 0m 3s)

